[2024-05-27T07:59:42.800+0000] {local_task_job_runner.py:120} INFO - ::group::Pre task execution logs
[2024-05-27T07:59:42.887+0000] {taskinstance.py:2073} INFO - Dependencies all met for dep_context=non-requeueable deps ti=<TaskInstance: fetch_parse_store_report_weather_data.generate_report scheduled__2024-05-15T08:00:00+00:00 [queued]>
[2024-05-27T07:59:42.916+0000] {taskinstance.py:2073} INFO - Dependencies all met for dep_context=requeueable deps ti=<TaskInstance: fetch_parse_store_report_weather_data.generate_report scheduled__2024-05-15T08:00:00+00:00 [queued]>
[2024-05-27T07:59:42.917+0000] {taskinstance.py:2303} INFO - Starting attempt 1 of 2
[2024-05-27T07:59:42.949+0000] {taskinstance.py:2327} INFO - Executing <Task(PythonOperator): generate_report> on 2024-05-15 08:00:00+00:00
[2024-05-27T07:59:42.972+0000] {warnings.py:110} WARNING - /home/***/.local/lib/python3.12/site-packages/***/task/task_runner/standard_task_runner.py:61: DeprecationWarning: This process (pid=8576) is multi-threaded, use of fork() may lead to deadlocks in the child.
  pid = os.fork()

[2024-05-27T07:59:42.974+0000] {standard_task_runner.py:63} INFO - Started process 8729 to run task
[2024-05-27T07:59:42.979+0000] {standard_task_runner.py:90} INFO - Running: ['***', 'tasks', 'run', 'fetch_parse_store_report_weather_data', 'generate_report', 'scheduled__2024-05-15T08:00:00+00:00', '--job-id', '11401', '--raw', '--subdir', 'DAGS_FOLDER/cris.py', '--cfg-path', '/tmp/tmpgmug0unt']
[2024-05-27T07:59:42.982+0000] {standard_task_runner.py:91} INFO - Job 11401: Subtask generate_report
[2024-05-27T07:59:43.132+0000] {task_command.py:426} INFO - Running <TaskInstance: fetch_parse_store_report_weather_data.generate_report scheduled__2024-05-15T08:00:00+00:00 [running]> on host b151419bfa2a
[2024-05-27T07:59:43.339+0000] {taskinstance.py:2644} INFO - Exporting env vars: AIRFLOW_CTX_DAG_OWNER='***' AIRFLOW_CTX_DAG_ID='fetch_parse_store_report_weather_data' AIRFLOW_CTX_TASK_ID='generate_report' AIRFLOW_CTX_EXECUTION_DATE='2024-05-15T08:00:00+00:00' AIRFLOW_CTX_TRY_NUMBER='1' AIRFLOW_CTX_DAG_RUN_ID='scheduled__2024-05-15T08:00:00+00:00'
[2024-05-27T07:59:43.341+0000] {taskinstance.py:430} INFO - ::endgroup::
[2024-05-27T07:59:43.354+0000] {base.py:84} INFO - Using connection ID 'postgres_default' for task execution.
[2024-05-27T07:59:43.364+0000] {logging_mixin.py:188} INFO - Error connecting to the database or fetching data: connection to server at "postgres" (172.21.0.4), port 5432 failed: FATAL:  database "weather_data" does not exist
[2024-05-27T07:59:43.364+0000] {python.py:237} INFO - Done. Returned value was: None
[2024-05-27T07:59:43.367+0000] {taskinstance.py:441} INFO - ::group::Post task execution logs
[2024-05-27T07:59:43.388+0000] {taskinstance.py:1205} INFO - Marking task as SUCCESS. dag_id=fetch_parse_store_report_weather_data, task_id=generate_report, execution_date=20240515T080000, start_date=20240527T075942, end_date=20240527T075943
[2024-05-27T07:59:43.433+0000] {local_task_job_runner.py:240} INFO - Task exited with return code 0
[2024-05-27T07:59:43.467+0000] {taskinstance.py:3482} INFO - 1 downstream tasks scheduled from follow-on schedule check
[2024-05-27T07:59:43.469+0000] {local_task_job_runner.py:222} INFO - ::endgroup::
