[2024-05-27T07:50:38.649+0000] {local_task_job_runner.py:120} INFO - ::group::Pre task execution logs
[2024-05-27T07:50:38.707+0000] {taskinstance.py:2073} INFO - Dependencies all met for dep_context=non-requeueable deps ti=<TaskInstance: fetch_parse_store_report_weather_data.fetch_and_save_weather_data scheduled__2024-05-11T17:00:00+00:00 [queued]>
[2024-05-27T07:50:38.722+0000] {taskinstance.py:2073} INFO - Dependencies all met for dep_context=requeueable deps ti=<TaskInstance: fetch_parse_store_report_weather_data.fetch_and_save_weather_data scheduled__2024-05-11T17:00:00+00:00 [queued]>
[2024-05-27T07:50:38.723+0000] {taskinstance.py:2303} INFO - Starting attempt 1 of 2
[2024-05-27T07:50:38.746+0000] {taskinstance.py:2327} INFO - Executing <Task(PythonOperator): fetch_and_save_weather_data> on 2024-05-11 17:00:00+00:00
[2024-05-27T07:50:38.766+0000] {warnings.py:110} WARNING - /home/***/.local/lib/python3.12/site-packages/***/task/task_runner/standard_task_runner.py:61: DeprecationWarning: This process (pid=3095) is multi-threaded, use of fork() may lead to deadlocks in the child.
  pid = os.fork()

[2024-05-27T07:50:38.768+0000] {standard_task_runner.py:63} INFO - Started process 3143 to run task
[2024-05-27T07:50:38.770+0000] {standard_task_runner.py:90} INFO - Running: ['***', 'tasks', 'run', 'fetch_parse_store_report_weather_data', 'fetch_and_save_weather_data', 'scheduled__2024-05-11T17:00:00+00:00', '--job-id', '11036', '--raw', '--subdir', 'DAGS_FOLDER/cris.py', '--cfg-path', '/tmp/tmpclwzbg5b']
[2024-05-27T07:50:38.772+0000] {standard_task_runner.py:91} INFO - Job 11036: Subtask fetch_and_save_weather_data
[2024-05-27T07:50:38.844+0000] {task_command.py:426} INFO - Running <TaskInstance: fetch_parse_store_report_weather_data.fetch_and_save_weather_data scheduled__2024-05-11T17:00:00+00:00 [running]> on host b151419bfa2a
[2024-05-27T07:50:39.017+0000] {taskinstance.py:2644} INFO - Exporting env vars: AIRFLOW_CTX_DAG_OWNER='***' AIRFLOW_CTX_DAG_ID='fetch_parse_store_report_weather_data' AIRFLOW_CTX_TASK_ID='fetch_and_save_weather_data' AIRFLOW_CTX_EXECUTION_DATE='2024-05-11T17:00:00+00:00' AIRFLOW_CTX_TRY_NUMBER='1' AIRFLOW_CTX_DAG_RUN_ID='scheduled__2024-05-11T17:00:00+00:00'
[2024-05-27T07:50:39.021+0000] {taskinstance.py:430} INFO - ::endgroup::
[2024-05-27T07:50:41.831+0000] {logging_mixin.py:188} INFO - Data has been successfully saved to the JSON file
[2024-05-27T07:50:41.834+0000] {python.py:237} INFO - Done. Returned value was: None
[2024-05-27T07:50:41.835+0000] {taskinstance.py:441} INFO - ::group::Post task execution logs
[2024-05-27T07:50:41.853+0000] {taskinstance.py:1205} INFO - Marking task as SUCCESS. dag_id=fetch_parse_store_report_weather_data, task_id=fetch_and_save_weather_data, execution_date=20240511T170000, start_date=20240527T075038, end_date=20240527T075041
[2024-05-27T07:50:41.931+0000] {local_task_job_runner.py:240} INFO - Task exited with return code 0
[2024-05-27T07:50:41.980+0000] {taskinstance.py:3482} INFO - 1 downstream tasks scheduled from follow-on schedule check
[2024-05-27T07:50:41.984+0000] {local_task_job_runner.py:222} INFO - ::endgroup::
