[2024-05-19T13:24:36.912+0000] {local_task_job_runner.py:120} INFO - ::group::Pre task execution logs
[2024-05-19T13:24:36.961+0000] {taskinstance.py:2073} INFO - Dependencies all met for dep_context=non-requeueable deps ti=<TaskInstance: fetch_parse_store_report_weather_data.check_files_exist scheduled__2024-05-08T15:00:00+00:00 [queued]>
[2024-05-19T13:24:36.976+0000] {taskinstance.py:2073} INFO - Dependencies all met for dep_context=requeueable deps ti=<TaskInstance: fetch_parse_store_report_weather_data.check_files_exist scheduled__2024-05-08T15:00:00+00:00 [queued]>
[2024-05-19T13:24:37.061+0000] {taskinstance.py:2303} INFO - Starting attempt 1 of 2
[2024-05-19T13:24:37.113+0000] {taskinstance.py:2327} INFO - Executing <Task(PythonOperator): check_files_exist> on 2024-05-08 15:00:00+00:00
[2024-05-19T13:24:37.130+0000] {warnings.py:110} WARNING - /home/***/.local/lib/python3.12/site-packages/***/task/task_runner/standard_task_runner.py:61: DeprecationWarning: This process (pid=3207) is multi-threaded, use of fork() may lead to deadlocks in the child.
  pid = os.fork()

[2024-05-19T13:24:37.134+0000] {standard_task_runner.py:90} INFO - Running: ['***', 'tasks', 'run', 'fetch_parse_store_report_weather_data', 'check_files_exist', 'scheduled__2024-05-08T15:00:00+00:00', '--job-id', '6038', '--raw', '--subdir', 'DAGS_FOLDER/cris.py', '--cfg-path', '/tmp/tmpe_nv292n']
[2024-05-19T13:24:37.143+0000] {standard_task_runner.py:91} INFO - Job 6038: Subtask check_files_exist
[2024-05-19T13:24:37.142+0000] {standard_task_runner.py:63} INFO - Started process 3235 to run task
[2024-05-19T13:24:37.344+0000] {task_command.py:426} INFO - Running <TaskInstance: fetch_parse_store_report_weather_data.check_files_exist scheduled__2024-05-08T15:00:00+00:00 [running]> on host d2eb9883ca8d
[2024-05-19T13:24:40.361+0000] {taskinstance.py:2644} INFO - Exporting env vars: AIRFLOW_CTX_DAG_OWNER='***' AIRFLOW_CTX_DAG_ID='fetch_parse_store_report_weather_data' AIRFLOW_CTX_TASK_ID='check_files_exist' AIRFLOW_CTX_EXECUTION_DATE='2024-05-08T15:00:00+00:00' AIRFLOW_CTX_TRY_NUMBER='1' AIRFLOW_CTX_DAG_RUN_ID='scheduled__2024-05-08T15:00:00+00:00'
[2024-05-19T13:24:40.366+0000] {taskinstance.py:430} INFO - ::endgroup::
[2024-05-19T13:24:40.375+0000] {taskinstance.py:441} INFO - ::group::Post task execution logs
[2024-05-19T13:24:40.381+0000] {taskinstance.py:2890} ERROR - Task failed with exception
Traceback (most recent call last):
  File "/home/airflow/.local/lib/python3.12/site-packages/airflow/models/taskinstance.py", line 465, in _execute_task
    result = _execute_callable(context=context, **execute_callable_kwargs)
             ^^^^^^^^^^^^^^^^^^^^^^^^^^^^^^^^^^^^^^^^^^^^^^^^^^^^^^^^^^^^^
  File "/home/airflow/.local/lib/python3.12/site-packages/airflow/models/taskinstance.py", line 432, in _execute_callable
    return execute_callable(context=context, **execute_callable_kwargs)
           ^^^^^^^^^^^^^^^^^^^^^^^^^^^^^^^^^^^^^^^^^^^^^^^^^^^^^^^^^^^^
  File "/home/airflow/.local/lib/python3.12/site-packages/airflow/models/baseoperator.py", line 400, in wrapper
    return func(self, *args, **kwargs)
           ^^^^^^^^^^^^^^^^^^^^^^^^^^^
  File "/home/airflow/.local/lib/python3.12/site-packages/airflow/operators/python.py", line 235, in execute
    return_value = self.execute_callable()
                   ^^^^^^^^^^^^^^^^^^^^^^^
  File "/home/airflow/.local/lib/python3.12/site-packages/airflow/operators/python.py", line 252, in execute_callable
    return self.python_callable(*self.op_args, **self.op_kwargs)
           ^^^^^^^^^^^^^^^^^^^^^^^^^^^^^^^^^^^^^^^^^^^^^^^^^^^^^
  File "/opt/airflow/dags/cris.py", line 166, in check_files_exist
    raise FileNotFoundError(f"File {file} does not exist")
FileNotFoundError: File /tmp/report.txt does not exist
[2024-05-19T13:24:40.442+0000] {taskinstance.py:1205} INFO - Marking task as UP_FOR_RETRY. dag_id=fetch_parse_store_report_weather_data, task_id=check_files_exist, execution_date=20240508T150000, start_date=20240519T132436, end_date=20240519T132440
[2024-05-19T13:24:40.554+0000] {standard_task_runner.py:110} ERROR - Failed to execute job 6038 for task check_files_exist (File /tmp/report.txt does not exist; 3235)
[2024-05-19T13:24:40.708+0000] {local_task_job_runner.py:240} INFO - Task exited with return code 1
[2024-05-19T13:24:40.763+0000] {taskinstance.py:3482} INFO - 0 downstream tasks scheduled from follow-on schedule check
[2024-05-19T13:24:40.769+0000] {local_task_job_runner.py:222} INFO - ::endgroup::
