[2024-05-27T08:20:30.268+0000] {local_task_job_runner.py:120} INFO - ::group::Pre task execution logs
[2024-05-27T08:20:30.318+0000] {taskinstance.py:2073} INFO - Dependencies all met for dep_context=non-requeueable deps ti=<TaskInstance: fetch_parse_store_report_weather_data.generate_report scheduled__2024-05-23T01:00:00+00:00 [queued]>
[2024-05-27T08:20:30.334+0000] {taskinstance.py:2073} INFO - Dependencies all met for dep_context=requeueable deps ti=<TaskInstance: fetch_parse_store_report_weather_data.generate_report scheduled__2024-05-23T01:00:00+00:00 [queued]>
[2024-05-27T08:20:30.335+0000] {taskinstance.py:2303} INFO - Starting attempt 1 of 2
[2024-05-27T08:20:30.368+0000] {taskinstance.py:2327} INFO - Executing <Task(PythonOperator): generate_report> on 2024-05-23 01:00:00+00:00
[2024-05-27T08:20:30.392+0000] {warnings.py:110} WARNING - /home/***/.local/lib/python3.12/site-packages/***/task/task_runner/standard_task_runner.py:61: DeprecationWarning: This process (pid=19744) is multi-threaded, use of fork() may lead to deadlocks in the child.
  pid = os.fork()

[2024-05-27T08:20:30.394+0000] {standard_task_runner.py:63} INFO - Started process 19861 to run task
[2024-05-27T08:20:30.395+0000] {standard_task_runner.py:90} INFO - Running: ['***', 'tasks', 'run', 'fetch_parse_store_report_weather_data', 'generate_report', 'scheduled__2024-05-23T01:00:00+00:00', '--job-id', '12108', '--raw', '--subdir', 'DAGS_FOLDER/cris.py', '--cfg-path', '/tmp/tmpi7c_ysdi']
[2024-05-27T08:20:30.397+0000] {standard_task_runner.py:91} INFO - Job 12108: Subtask generate_report
[2024-05-27T08:20:30.525+0000] {task_command.py:426} INFO - Running <TaskInstance: fetch_parse_store_report_weather_data.generate_report scheduled__2024-05-23T01:00:00+00:00 [running]> on host b151419bfa2a
[2024-05-27T08:20:30.752+0000] {taskinstance.py:2644} INFO - Exporting env vars: AIRFLOW_CTX_DAG_OWNER='***' AIRFLOW_CTX_DAG_ID='fetch_parse_store_report_weather_data' AIRFLOW_CTX_TASK_ID='generate_report' AIRFLOW_CTX_EXECUTION_DATE='2024-05-23T01:00:00+00:00' AIRFLOW_CTX_TRY_NUMBER='1' AIRFLOW_CTX_DAG_RUN_ID='scheduled__2024-05-23T01:00:00+00:00'
[2024-05-27T08:20:30.761+0000] {taskinstance.py:430} INFO - ::endgroup::
[2024-05-27T08:20:30.788+0000] {base.py:84} INFO - Using connection ID 'postgres_default' for task execution.
[2024-05-27T08:20:30.803+0000] {logging_mixin.py:188} INFO - Error connecting to the database or fetching data: connection to server at "postgres" (172.21.0.4), port 5432 failed: FATAL:  database "weather_data" does not exist
[2024-05-27T08:20:30.808+0000] {python.py:237} INFO - Done. Returned value was: None
[2024-05-27T08:20:30.812+0000] {taskinstance.py:441} INFO - ::group::Post task execution logs
[2024-05-27T08:20:30.838+0000] {taskinstance.py:1205} INFO - Marking task as SUCCESS. dag_id=fetch_parse_store_report_weather_data, task_id=generate_report, execution_date=20240523T010000, start_date=20240527T082030, end_date=20240527T082030
[2024-05-27T08:20:30.933+0000] {local_task_job_runner.py:240} INFO - Task exited with return code 0
[2024-05-27T08:20:30.968+0000] {taskinstance.py:3482} INFO - 1 downstream tasks scheduled from follow-on schedule check
[2024-05-27T08:20:30.984+0000] {local_task_job_runner.py:222} INFO - ::endgroup::
