[2024-05-28T13:00:08.536+0000] {local_task_job_runner.py:120} INFO - ::group::Pre task execution logs
[2024-05-28T13:00:08.559+0000] {taskinstance.py:2073} INFO - Dependencies all met for dep_context=non-requeueable deps ti=<TaskInstance: fetch_parse_store_report_weather_data.fetch_and_save_weather_data scheduled__2024-05-28T12:00:00+00:00 [queued]>
[2024-05-28T13:00:08.567+0000] {taskinstance.py:2073} INFO - Dependencies all met for dep_context=requeueable deps ti=<TaskInstance: fetch_parse_store_report_weather_data.fetch_and_save_weather_data scheduled__2024-05-28T12:00:00+00:00 [queued]>
[2024-05-28T13:00:08.569+0000] {taskinstance.py:2303} INFO - Starting attempt 1 of 2
[2024-05-28T13:00:08.583+0000] {taskinstance.py:2327} INFO - Executing <Task(PythonOperator): fetch_and_save_weather_data> on 2024-05-28 12:00:00+00:00
[2024-05-28T13:00:08.608+0000] {warnings.py:110} WARNING - /home/***/.local/lib/python3.12/site-packages/***/task/task_runner/standard_task_runner.py:61: DeprecationWarning: This process (pid=36216) is multi-threaded, use of fork() may lead to deadlocks in the child.
  pid = os.fork()

[2024-05-28T13:00:08.609+0000] {standard_task_runner.py:90} INFO - Running: ['***', 'tasks', 'run', 'fetch_parse_store_report_weather_data', 'fetch_and_save_weather_data', 'scheduled__2024-05-28T12:00:00+00:00', '--job-id', '12696', '--raw', '--subdir', 'DAGS_FOLDER/cris.py', '--cfg-path', '/tmp/tmps_firl8c']
[2024-05-28T13:00:08.610+0000] {standard_task_runner.py:91} INFO - Job 12696: Subtask fetch_and_save_weather_data
[2024-05-28T13:00:08.610+0000] {standard_task_runner.py:63} INFO - Started process 36233 to run task
[2024-05-28T13:00:08.660+0000] {task_command.py:426} INFO - Running <TaskInstance: fetch_parse_store_report_weather_data.fetch_and_save_weather_data scheduled__2024-05-28T12:00:00+00:00 [running]> on host b151419bfa2a
[2024-05-28T13:00:08.764+0000] {taskinstance.py:2644} INFO - Exporting env vars: AIRFLOW_CTX_DAG_OWNER='***' AIRFLOW_CTX_DAG_ID='fetch_parse_store_report_weather_data' AIRFLOW_CTX_TASK_ID='fetch_and_save_weather_data' AIRFLOW_CTX_EXECUTION_DATE='2024-05-28T12:00:00+00:00' AIRFLOW_CTX_TRY_NUMBER='1' AIRFLOW_CTX_DAG_RUN_ID='scheduled__2024-05-28T12:00:00+00:00'
[2024-05-28T13:00:08.766+0000] {taskinstance.py:430} INFO - ::endgroup::
[2024-05-28T13:00:10.324+0000] {logging_mixin.py:188} INFO - Data has been successfully saved to the JSON file
[2024-05-28T13:00:10.325+0000] {python.py:237} INFO - Done. Returned value was: None
[2024-05-28T13:00:10.325+0000] {taskinstance.py:441} INFO - ::group::Post task execution logs
[2024-05-28T13:00:10.336+0000] {taskinstance.py:1205} INFO - Marking task as SUCCESS. dag_id=fetch_parse_store_report_weather_data, task_id=fetch_and_save_weather_data, execution_date=20240528T120000, start_date=20240528T130008, end_date=20240528T130010
[2024-05-28T13:00:10.391+0000] {local_task_job_runner.py:240} INFO - Task exited with return code 0
[2024-05-28T13:00:10.421+0000] {taskinstance.py:3482} INFO - 1 downstream tasks scheduled from follow-on schedule check
[2024-05-28T13:00:10.423+0000] {local_task_job_runner.py:222} INFO - ::endgroup::
