[2024-05-19T11:51:21.262+0000] {local_task_job_runner.py:120} INFO - ::group::Pre task execution logs
[2024-05-19T11:51:21.289+0000] {taskinstance.py:2073} INFO - Dependencies all met for dep_context=non-requeueable deps ti=<TaskInstance: fetch_parse_store_report_weather_data.generate_report scheduled__2024-04-28T11:00:00+00:00 [queued]>
[2024-05-19T11:51:21.300+0000] {taskinstance.py:2073} INFO - Dependencies all met for dep_context=requeueable deps ti=<TaskInstance: fetch_parse_store_report_weather_data.generate_report scheduled__2024-04-28T11:00:00+00:00 [queued]>
[2024-05-19T11:51:21.302+0000] {taskinstance.py:2303} INFO - Starting attempt 1 of 2
[2024-05-19T11:51:21.322+0000] {taskinstance.py:2327} INFO - Executing <Task(PythonOperator): generate_report> on 2024-04-28 11:00:00+00:00
[2024-05-19T11:51:21.332+0000] {warnings.py:110} WARNING - /home/***/.local/lib/python3.12/site-packages/***/task/task_runner/standard_task_runner.py:61: DeprecationWarning: This process (pid=769) is multi-threaded, use of fork() may lead to deadlocks in the child.
  pid = os.fork()

[2024-05-19T11:51:21.334+0000] {standard_task_runner.py:63} INFO - Started process 783 to run task
[2024-05-19T11:51:21.334+0000] {standard_task_runner.py:90} INFO - Running: ['***', 'tasks', 'run', 'fetch_parse_store_report_weather_data', 'generate_report', 'scheduled__2024-04-28T11:00:00+00:00', '--job-id', '4762', '--raw', '--subdir', 'DAGS_FOLDER/cris.py', '--cfg-path', '/tmp/tmpichw4vwb']
[2024-05-19T11:51:21.335+0000] {standard_task_runner.py:91} INFO - Job 4762: Subtask generate_report
[2024-05-19T11:51:21.397+0000] {task_command.py:426} INFO - Running <TaskInstance: fetch_parse_store_report_weather_data.generate_report scheduled__2024-04-28T11:00:00+00:00 [running]> on host d2eb9883ca8d
[2024-05-19T11:51:21.784+0000] {taskinstance.py:2644} INFO - Exporting env vars: AIRFLOW_CTX_DAG_OWNER='***' AIRFLOW_CTX_DAG_ID='fetch_parse_store_report_weather_data' AIRFLOW_CTX_TASK_ID='generate_report' AIRFLOW_CTX_EXECUTION_DATE='2024-04-28T11:00:00+00:00' AIRFLOW_CTX_TRY_NUMBER='1' AIRFLOW_CTX_DAG_RUN_ID='scheduled__2024-04-28T11:00:00+00:00'
[2024-05-19T11:51:21.786+0000] {taskinstance.py:430} INFO - ::endgroup::
[2024-05-19T11:51:21.797+0000] {base.py:84} INFO - Using connection ID 'postgres_default' for task execution.
[2024-05-19T11:51:21.801+0000] {logging_mixin.py:188} INFO - Error connecting to the database or fetching data: connection to server at "postgres" (172.18.0.5), port 5432 failed: FATAL:  database "weather_data" does not exist
[2024-05-19T11:51:21.802+0000] {python.py:237} INFO - Done. Returned value was: None
[2024-05-19T11:51:21.803+0000] {taskinstance.py:441} INFO - ::group::Post task execution logs
[2024-05-19T11:51:21.815+0000] {taskinstance.py:1205} INFO - Marking task as SUCCESS. dag_id=fetch_parse_store_report_weather_data, task_id=generate_report, execution_date=20240428T110000, start_date=20240519T115121, end_date=20240519T115121
[2024-05-19T11:51:21.870+0000] {local_task_job_runner.py:240} INFO - Task exited with return code 0
[2024-05-19T11:51:21.914+0000] {taskinstance.py:3482} INFO - 1 downstream tasks scheduled from follow-on schedule check
[2024-05-19T11:51:21.918+0000] {local_task_job_runner.py:222} INFO - ::endgroup::
