[2024-05-27T07:47:52.028+0000] {local_task_job_runner.py:120} INFO - ::group::Pre task execution logs
[2024-05-27T07:47:52.115+0000] {taskinstance.py:2073} INFO - Dependencies all met for dep_context=non-requeueable deps ti=<TaskInstance: fetch_parse_store_report_weather_data.generate_report scheduled__2024-05-10T16:00:00+00:00 [queued]>
[2024-05-27T07:47:52.131+0000] {taskinstance.py:2073} INFO - Dependencies all met for dep_context=requeueable deps ti=<TaskInstance: fetch_parse_store_report_weather_data.generate_report scheduled__2024-05-10T16:00:00+00:00 [queued]>
[2024-05-27T07:47:52.132+0000] {taskinstance.py:2303} INFO - Starting attempt 1 of 2
[2024-05-27T07:47:52.168+0000] {taskinstance.py:2327} INFO - Executing <Task(PythonOperator): generate_report> on 2024-05-10 16:00:00+00:00
[2024-05-27T07:47:52.189+0000] {warnings.py:110} WARNING - /home/***/.local/lib/python3.12/site-packages/***/task/task_runner/standard_task_runner.py:61: DeprecationWarning: This process (pid=1785) is multi-threaded, use of fork() may lead to deadlocks in the child.
  pid = os.fork()

[2024-05-27T07:47:52.191+0000] {standard_task_runner.py:63} INFO - Started process 1961 to run task
[2024-05-27T07:47:52.216+0000] {standard_task_runner.py:90} INFO - Running: ['***', 'tasks', 'run', 'fetch_parse_store_report_weather_data', 'generate_report', 'scheduled__2024-05-10T16:00:00+00:00', '--job-id', '10961', '--raw', '--subdir', 'DAGS_FOLDER/cris.py', '--cfg-path', '/tmp/tmpujerhmas']
[2024-05-27T07:47:52.217+0000] {standard_task_runner.py:91} INFO - Job 10961: Subtask generate_report
[2024-05-27T07:47:52.302+0000] {task_command.py:426} INFO - Running <TaskInstance: fetch_parse_store_report_weather_data.generate_report scheduled__2024-05-10T16:00:00+00:00 [running]> on host b151419bfa2a
[2024-05-27T07:47:52.511+0000] {taskinstance.py:2644} INFO - Exporting env vars: AIRFLOW_CTX_DAG_OWNER='***' AIRFLOW_CTX_DAG_ID='fetch_parse_store_report_weather_data' AIRFLOW_CTX_TASK_ID='generate_report' AIRFLOW_CTX_EXECUTION_DATE='2024-05-10T16:00:00+00:00' AIRFLOW_CTX_TRY_NUMBER='1' AIRFLOW_CTX_DAG_RUN_ID='scheduled__2024-05-10T16:00:00+00:00'
[2024-05-27T07:47:52.513+0000] {taskinstance.py:430} INFO - ::endgroup::
[2024-05-27T07:47:52.551+0000] {base.py:84} INFO - Using connection ID 'postgres_default' for task execution.
[2024-05-27T07:47:52.560+0000] {logging_mixin.py:188} INFO - Error connecting to the database or fetching data: connection to server at "postgres" (172.21.0.4), port 5432 failed: FATAL:  database "weather_data" does not exist
[2024-05-27T07:47:52.560+0000] {python.py:237} INFO - Done. Returned value was: None
[2024-05-27T07:47:52.561+0000] {taskinstance.py:441} INFO - ::group::Post task execution logs
[2024-05-27T07:47:52.578+0000] {taskinstance.py:1205} INFO - Marking task as SUCCESS. dag_id=fetch_parse_store_report_weather_data, task_id=generate_report, execution_date=20240510T160000, start_date=20240527T074752, end_date=20240527T074752
[2024-05-27T07:47:52.647+0000] {local_task_job_runner.py:240} INFO - Task exited with return code 0
[2024-05-27T07:47:52.699+0000] {taskinstance.py:3482} INFO - 1 downstream tasks scheduled from follow-on schedule check
[2024-05-27T07:47:52.706+0000] {local_task_job_runner.py:222} INFO - ::endgroup::
