[2024-05-15T07:20:25.273+0000] {local_task_job_runner.py:120} INFO - ::group::Pre task execution logs
[2024-05-15T07:20:25.302+0000] {taskinstance.py:2073} INFO - Dependencies all met for dep_context=non-requeueable deps ti=<TaskInstance: fetch_and_parse_weather_data.fetch_and_save_weather_data scheduled__2024-05-13T06:00:00+00:00 [queued]>
[2024-05-15T07:20:25.315+0000] {taskinstance.py:2073} INFO - Dependencies all met for dep_context=requeueable deps ti=<TaskInstance: fetch_and_parse_weather_data.fetch_and_save_weather_data scheduled__2024-05-13T06:00:00+00:00 [queued]>
[2024-05-15T07:20:25.317+0000] {taskinstance.py:2303} INFO - Starting attempt 1 of 2
[2024-05-15T07:20:25.335+0000] {taskinstance.py:2327} INFO - Executing <Task(PythonOperator): fetch_and_save_weather_data> on 2024-05-13 06:00:00+00:00
[2024-05-15T07:20:25.344+0000] {warnings.py:110} WARNING - /home/***/.local/lib/python3.12/site-packages/***/task/task_runner/standard_task_runner.py:61: DeprecationWarning: This process (pid=595) is multi-threaded, use of fork() may lead to deadlocks in the child.
  pid = os.fork()

[2024-05-15T07:20:25.346+0000] {standard_task_runner.py:63} INFO - Started process 612 to run task
[2024-05-15T07:20:25.346+0000] {standard_task_runner.py:90} INFO - Running: ['***', 'tasks', 'run', 'fetch_and_parse_weather_data', 'fetch_and_save_weather_data', 'scheduled__2024-05-13T06:00:00+00:00', '--job-id', '2086', '--raw', '--subdir', 'DAGS_FOLDER/json_dag.py', '--cfg-path', '/tmp/tmpavts8f9m']
[2024-05-15T07:20:25.349+0000] {standard_task_runner.py:91} INFO - Job 2086: Subtask fetch_and_save_weather_data
[2024-05-15T07:20:25.411+0000] {task_command.py:426} INFO - Running <TaskInstance: fetch_and_parse_weather_data.fetch_and_save_weather_data scheduled__2024-05-13T06:00:00+00:00 [running]> on host e8691f41e037
[2024-05-15T07:20:25.553+0000] {taskinstance.py:2644} INFO - Exporting env vars: AIRFLOW_CTX_DAG_OWNER='***' AIRFLOW_CTX_DAG_ID='fetch_and_parse_weather_data' AIRFLOW_CTX_TASK_ID='fetch_and_save_weather_data' AIRFLOW_CTX_EXECUTION_DATE='2024-05-13T06:00:00+00:00' AIRFLOW_CTX_TRY_NUMBER='1' AIRFLOW_CTX_DAG_RUN_ID='scheduled__2024-05-13T06:00:00+00:00'
[2024-05-15T07:20:25.560+0000] {taskinstance.py:430} INFO - ::endgroup::
[2024-05-15T07:20:35.133+0000] {logging_mixin.py:188} INFO - Data has been successfully saved to the JSON file
[2024-05-15T07:20:35.134+0000] {python.py:237} INFO - Done. Returned value was: None
[2024-05-15T07:20:35.135+0000] {taskinstance.py:441} INFO - ::group::Post task execution logs
[2024-05-15T07:20:35.149+0000] {taskinstance.py:1205} INFO - Marking task as SUCCESS. dag_id=fetch_and_parse_weather_data, task_id=fetch_and_save_weather_data, execution_date=20240513T060000, start_date=20240515T072025, end_date=20240515T072035
[2024-05-15T07:20:35.186+0000] {local_task_job_runner.py:240} INFO - Task exited with return code 0
[2024-05-15T07:20:35.223+0000] {taskinstance.py:3482} INFO - 0 downstream tasks scheduled from follow-on schedule check
[2024-05-15T07:20:35.225+0000] {local_task_job_runner.py:222} INFO - ::endgroup::
