[2024-05-27T08:14:21.050+0000] {local_task_job_runner.py:120} INFO - ::group::Pre task execution logs
[2024-05-27T08:14:21.089+0000] {taskinstance.py:2073} INFO - Dependencies all met for dep_context=non-requeueable deps ti=<TaskInstance: fetch_parse_store_report_weather_data.generate_report scheduled__2024-05-20T18:00:00+00:00 [queued]>
[2024-05-27T08:14:21.102+0000] {taskinstance.py:2073} INFO - Dependencies all met for dep_context=requeueable deps ti=<TaskInstance: fetch_parse_store_report_weather_data.generate_report scheduled__2024-05-20T18:00:00+00:00 [queued]>
[2024-05-27T08:14:21.103+0000] {taskinstance.py:2303} INFO - Starting attempt 1 of 2
[2024-05-27T08:14:21.124+0000] {taskinstance.py:2327} INFO - Executing <Task(PythonOperator): generate_report> on 2024-05-20 18:00:00+00:00
[2024-05-27T08:14:21.144+0000] {warnings.py:110} WARNING - /home/***/.local/lib/python3.12/site-packages/***/task/task_runner/standard_task_runner.py:61: DeprecationWarning: This process (pid=16386) is multi-threaded, use of fork() may lead to deadlocks in the child.
  pid = os.fork()

[2024-05-27T08:14:21.146+0000] {standard_task_runner.py:63} INFO - Started process 16488 to run task
[2024-05-27T08:14:21.146+0000] {standard_task_runner.py:90} INFO - Running: ['***', 'tasks', 'run', 'fetch_parse_store_report_weather_data', 'generate_report', 'scheduled__2024-05-20T18:00:00+00:00', '--job-id', '11896', '--raw', '--subdir', 'DAGS_FOLDER/cris.py', '--cfg-path', '/tmp/tmp6g60q_sf']
[2024-05-27T08:14:21.147+0000] {standard_task_runner.py:91} INFO - Job 11896: Subtask generate_report
[2024-05-27T08:14:21.211+0000] {task_command.py:426} INFO - Running <TaskInstance: fetch_parse_store_report_weather_data.generate_report scheduled__2024-05-20T18:00:00+00:00 [running]> on host b151419bfa2a
[2024-05-27T08:14:21.346+0000] {taskinstance.py:2644} INFO - Exporting env vars: AIRFLOW_CTX_DAG_OWNER='***' AIRFLOW_CTX_DAG_ID='fetch_parse_store_report_weather_data' AIRFLOW_CTX_TASK_ID='generate_report' AIRFLOW_CTX_EXECUTION_DATE='2024-05-20T18:00:00+00:00' AIRFLOW_CTX_TRY_NUMBER='1' AIRFLOW_CTX_DAG_RUN_ID='scheduled__2024-05-20T18:00:00+00:00'
[2024-05-27T08:14:21.348+0000] {taskinstance.py:430} INFO - ::endgroup::
[2024-05-27T08:14:21.361+0000] {base.py:84} INFO - Using connection ID 'postgres_default' for task execution.
[2024-05-27T08:14:21.368+0000] {logging_mixin.py:188} INFO - Error connecting to the database or fetching data: connection to server at "postgres" (172.21.0.4), port 5432 failed: FATAL:  database "weather_data" does not exist
[2024-05-27T08:14:21.369+0000] {python.py:237} INFO - Done. Returned value was: None
[2024-05-27T08:14:21.370+0000] {taskinstance.py:441} INFO - ::group::Post task execution logs
[2024-05-27T08:14:21.383+0000] {taskinstance.py:1205} INFO - Marking task as SUCCESS. dag_id=fetch_parse_store_report_weather_data, task_id=generate_report, execution_date=20240520T180000, start_date=20240527T081421, end_date=20240527T081421
[2024-05-27T08:14:21.441+0000] {local_task_job_runner.py:240} INFO - Task exited with return code 0
[2024-05-27T08:14:21.642+0000] {taskinstance.py:3482} INFO - 0 downstream tasks scheduled from follow-on schedule check
[2024-05-27T08:14:21.647+0000] {local_task_job_runner.py:222} INFO - ::endgroup::
