[2024-05-27T06:18:12.024+0000] {local_task_job_runner.py:120} INFO - ::group::Pre task execution logs
[2024-05-27T06:18:12.069+0000] {taskinstance.py:2073} INFO - Dependencies all met for dep_context=non-requeueable deps ti=<TaskInstance: fetch_parse_store_report_forecast_weather_data.fetch_and_save_weather_data scheduled__2024-05-20T20:00:00+00:00 [queued]>
[2024-05-27T06:18:12.086+0000] {taskinstance.py:2073} INFO - Dependencies all met for dep_context=requeueable deps ti=<TaskInstance: fetch_parse_store_report_forecast_weather_data.fetch_and_save_weather_data scheduled__2024-05-20T20:00:00+00:00 [queued]>
[2024-05-27T06:18:12.088+0000] {taskinstance.py:2303} INFO - Starting attempt 1 of 2
[2024-05-27T06:18:12.112+0000] {taskinstance.py:2327} INFO - Executing <Task(PythonOperator): fetch_and_save_weather_data> on 2024-05-20 20:00:00+00:00
[2024-05-27T06:18:12.130+0000] {warnings.py:110} WARNING - /home/***/.local/lib/python3.12/site-packages/***/task/task_runner/standard_task_runner.py:61: DeprecationWarning: This process (pid=7871) is multi-threaded, use of fork() may lead to deadlocks in the child.
  pid = os.fork()

[2024-05-27T06:18:12.133+0000] {standard_task_runner.py:63} INFO - Started process 7993 to run task
[2024-05-27T06:18:12.139+0000] {standard_task_runner.py:90} INFO - Running: ['***', 'tasks', 'run', 'fetch_parse_store_report_forecast_weather_data', 'fetch_and_save_weather_data', 'scheduled__2024-05-20T20:00:00+00:00', '--job-id', '10201', '--raw', '--subdir', 'DAGS_FOLDER/cris.py', '--cfg-path', '/tmp/tmpec2u_02t']
[2024-05-27T06:18:12.140+0000] {standard_task_runner.py:91} INFO - Job 10201: Subtask fetch_and_save_weather_data
[2024-05-27T06:18:12.217+0000] {task_command.py:426} INFO - Running <TaskInstance: fetch_parse_store_report_forecast_weather_data.fetch_and_save_weather_data scheduled__2024-05-20T20:00:00+00:00 [running]> on host b151419bfa2a
[2024-05-27T06:18:12.358+0000] {taskinstance.py:2644} INFO - Exporting env vars: AIRFLOW_CTX_DAG_OWNER='***' AIRFLOW_CTX_DAG_ID='fetch_parse_store_report_forecast_weather_data' AIRFLOW_CTX_TASK_ID='fetch_and_save_weather_data' AIRFLOW_CTX_EXECUTION_DATE='2024-05-20T20:00:00+00:00' AIRFLOW_CTX_TRY_NUMBER='1' AIRFLOW_CTX_DAG_RUN_ID='scheduled__2024-05-20T20:00:00+00:00'
[2024-05-27T06:18:12.360+0000] {taskinstance.py:430} INFO - ::endgroup::
[2024-05-27T06:18:13.784+0000] {logging_mixin.py:188} INFO - Data has been successfully saved to the JSON file
[2024-05-27T06:18:13.785+0000] {python.py:237} INFO - Done. Returned value was: None
[2024-05-27T06:18:13.785+0000] {taskinstance.py:441} INFO - ::group::Post task execution logs
[2024-05-27T06:18:13.795+0000] {taskinstance.py:1205} INFO - Marking task as SUCCESS. dag_id=fetch_parse_store_report_forecast_weather_data, task_id=fetch_and_save_weather_data, execution_date=20240520T200000, start_date=20240527T061812, end_date=20240527T061813
[2024-05-27T06:18:13.834+0000] {local_task_job_runner.py:240} INFO - Task exited with return code 0
[2024-05-27T06:18:13.860+0000] {taskinstance.py:3482} INFO - 1 downstream tasks scheduled from follow-on schedule check
[2024-05-27T06:18:13.862+0000] {local_task_job_runner.py:222} INFO - ::endgroup::
