[2024-05-07T08:09:21.553+0000] {local_task_job_runner.py:120} INFO - ::group::Pre task execution logs
[2024-05-07T08:09:21.577+0000] {taskinstance.py:2073} INFO - Dependencies all met for dep_context=non-requeueable deps ti=<TaskInstance: fetch_and_parse_weather_data.fetch_and_save_weather_data scheduled__2024-05-07T07:00:00+00:00 [queued]>
[2024-05-07T08:09:21.585+0000] {taskinstance.py:2073} INFO - Dependencies all met for dep_context=requeueable deps ti=<TaskInstance: fetch_and_parse_weather_data.fetch_and_save_weather_data scheduled__2024-05-07T07:00:00+00:00 [queued]>
[2024-05-07T08:09:21.586+0000] {taskinstance.py:2303} INFO - Starting attempt 1 of 2
[2024-05-07T08:09:21.599+0000] {taskinstance.py:2327} INFO - Executing <Task(PythonOperator): fetch_and_save_weather_data> on 2024-05-07 07:00:00+00:00
[2024-05-07T08:09:21.607+0000] {warnings.py:110} WARNING - /home/***/.local/lib/python3.12/site-packages/***/task/task_runner/standard_task_runner.py:61: DeprecationWarning: This process (pid=403) is multi-threaded, use of fork() may lead to deadlocks in the child.
  pid = os.fork()

[2024-05-07T08:09:21.609+0000] {standard_task_runner.py:63} INFO - Started process 413 to run task
[2024-05-07T08:09:21.609+0000] {standard_task_runner.py:90} INFO - Running: ['***', 'tasks', 'run', 'fetch_and_parse_weather_data', 'fetch_and_save_weather_data', 'scheduled__2024-05-07T07:00:00+00:00', '--job-id', '663', '--raw', '--subdir', 'DAGS_FOLDER/json_dag.py', '--cfg-path', '/tmp/tmpuij9xbo3']
[2024-05-07T08:09:21.611+0000] {standard_task_runner.py:91} INFO - Job 663: Subtask fetch_and_save_weather_data
[2024-05-07T08:09:21.657+0000] {task_command.py:426} INFO - Running <TaskInstance: fetch_and_parse_weather_data.fetch_and_save_weather_data scheduled__2024-05-07T07:00:00+00:00 [running]> on host e8691f41e037
[2024-05-07T08:09:21.763+0000] {taskinstance.py:2644} INFO - Exporting env vars: AIRFLOW_CTX_DAG_OWNER='***' AIRFLOW_CTX_DAG_ID='fetch_and_parse_weather_data' AIRFLOW_CTX_TASK_ID='fetch_and_save_weather_data' AIRFLOW_CTX_EXECUTION_DATE='2024-05-07T07:00:00+00:00' AIRFLOW_CTX_TRY_NUMBER='1' AIRFLOW_CTX_DAG_RUN_ID='scheduled__2024-05-07T07:00:00+00:00'
[2024-05-07T08:09:21.765+0000] {taskinstance.py:430} INFO - ::endgroup::
[2024-05-07T08:09:24.592+0000] {logging_mixin.py:188} INFO - Data has been successfully saved to the JSON file
[2024-05-07T08:09:24.593+0000] {python.py:237} INFO - Done. Returned value was: None
[2024-05-07T08:09:24.594+0000] {taskinstance.py:441} INFO - ::group::Post task execution logs
[2024-05-07T08:09:24.608+0000] {taskinstance.py:1205} INFO - Marking task as SUCCESS. dag_id=fetch_and_parse_weather_data, task_id=fetch_and_save_weather_data, execution_date=20240507T070000, start_date=20240507T080921, end_date=20240507T080924
[2024-05-07T08:09:24.633+0000] {local_task_job_runner.py:240} INFO - Task exited with return code 0
[2024-05-07T08:09:24.649+0000] {taskinstance.py:3482} INFO - 0 downstream tasks scheduled from follow-on schedule check
[2024-05-07T08:09:24.652+0000] {local_task_job_runner.py:222} INFO - ::endgroup::
