[2024-05-25T12:11:11.037+0000] {local_task_job_runner.py:120} INFO - ::group::Pre task execution logs
[2024-05-25T12:11:11.062+0000] {taskinstance.py:2073} INFO - Dependencies all met for dep_context=non-requeueable deps ti=<TaskInstance: fetch_parse_store_report_forecast_weather_data.fetch_and_save_weather_data scheduled__2024-04-25T22:00:00+00:00 [queued]>
[2024-05-25T12:11:11.072+0000] {taskinstance.py:2073} INFO - Dependencies all met for dep_context=requeueable deps ti=<TaskInstance: fetch_parse_store_report_forecast_weather_data.fetch_and_save_weather_data scheduled__2024-04-25T22:00:00+00:00 [queued]>
[2024-05-25T12:11:11.073+0000] {taskinstance.py:2303} INFO - Starting attempt 1 of 2
[2024-05-25T12:11:11.088+0000] {taskinstance.py:2327} INFO - Executing <Task(PythonOperator): fetch_and_save_weather_data> on 2024-04-25 22:00:00+00:00
[2024-05-25T12:11:11.102+0000] {warnings.py:110} WARNING - /home/***/.local/lib/python3.12/site-packages/***/task/task_runner/standard_task_runner.py:61: DeprecationWarning: This process (pid=3842) is multi-threaded, use of fork() may lead to deadlocks in the child.
  pid = os.fork()

[2024-05-25T12:11:11.104+0000] {standard_task_runner.py:63} INFO - Started process 3938 to run task
[2024-05-25T12:11:11.105+0000] {standard_task_runner.py:90} INFO - Running: ['***', 'tasks', 'run', 'fetch_parse_store_report_forecast_weather_data', 'fetch_and_save_weather_data', 'scheduled__2024-04-25T22:00:00+00:00', '--job-id', '7715', '--raw', '--subdir', 'DAGS_FOLDER/cris.py', '--cfg-path', '/tmp/tmp4ta3_s_0']
[2024-05-25T12:11:11.106+0000] {standard_task_runner.py:91} INFO - Job 7715: Subtask fetch_and_save_weather_data
[2024-05-25T12:11:11.159+0000] {task_command.py:426} INFO - Running <TaskInstance: fetch_parse_store_report_forecast_weather_data.fetch_and_save_weather_data scheduled__2024-04-25T22:00:00+00:00 [running]> on host b151419bfa2a
[2024-05-25T12:11:11.256+0000] {taskinstance.py:2644} INFO - Exporting env vars: AIRFLOW_CTX_DAG_OWNER='***' AIRFLOW_CTX_DAG_ID='fetch_parse_store_report_forecast_weather_data' AIRFLOW_CTX_TASK_ID='fetch_and_save_weather_data' AIRFLOW_CTX_EXECUTION_DATE='2024-04-25T22:00:00+00:00' AIRFLOW_CTX_TRY_NUMBER='1' AIRFLOW_CTX_DAG_RUN_ID='scheduled__2024-04-25T22:00:00+00:00'
[2024-05-25T12:11:11.257+0000] {taskinstance.py:430} INFO - ::endgroup::
[2024-05-25T12:11:12.398+0000] {logging_mixin.py:188} INFO - Data has been successfully saved to the JSON file
[2024-05-25T12:11:12.399+0000] {python.py:237} INFO - Done. Returned value was: None
[2024-05-25T12:11:12.400+0000] {taskinstance.py:441} INFO - ::group::Post task execution logs
[2024-05-25T12:11:12.409+0000] {taskinstance.py:1205} INFO - Marking task as SUCCESS. dag_id=fetch_parse_store_report_forecast_weather_data, task_id=fetch_and_save_weather_data, execution_date=20240425T220000, start_date=20240525T121111, end_date=20240525T121112
[2024-05-25T12:11:12.441+0000] {local_task_job_runner.py:240} INFO - Task exited with return code 0
[2024-05-25T12:11:12.469+0000] {taskinstance.py:3482} INFO - 1 downstream tasks scheduled from follow-on schedule check
[2024-05-25T12:11:12.472+0000] {local_task_job_runner.py:222} INFO - ::endgroup::
