[2024-05-18T13:23:32.628+0000] {local_task_job_runner.py:120} INFO - ::group::Pre task execution logs
[2024-05-18T13:23:32.654+0000] {taskinstance.py:2073} INFO - Dependencies all met for dep_context=non-requeueable deps ti=<TaskInstance: fetch_parse_store_report_weather_data.fetch_and_save_weather_data scheduled__2024-04-17T17:00:00+00:00 [queued]>
[2024-05-18T13:23:32.664+0000] {taskinstance.py:2073} INFO - Dependencies all met for dep_context=requeueable deps ti=<TaskInstance: fetch_parse_store_report_weather_data.fetch_and_save_weather_data scheduled__2024-04-17T17:00:00+00:00 [queued]>
[2024-05-18T13:23:32.665+0000] {taskinstance.py:2303} INFO - Starting attempt 1 of 2
[2024-05-18T13:23:32.681+0000] {taskinstance.py:2327} INFO - Executing <Task(PythonOperator): fetch_and_save_weather_data> on 2024-04-17 17:00:00+00:00
[2024-05-18T13:23:32.691+0000] {warnings.py:110} WARNING - /home/***/.local/lib/python3.12/site-packages/***/task/task_runner/standard_task_runner.py:61: DeprecationWarning: This process (pid=1448) is multi-threaded, use of fork() may lead to deadlocks in the child.
  pid = os.fork()

[2024-05-18T13:23:32.692+0000] {standard_task_runner.py:63} INFO - Started process 1459 to run task
[2024-05-18T13:23:32.693+0000] {standard_task_runner.py:90} INFO - Running: ['***', 'tasks', 'run', 'fetch_parse_store_report_weather_data', 'fetch_and_save_weather_data', 'scheduled__2024-04-17T17:00:00+00:00', '--job-id', '3449', '--raw', '--subdir', 'DAGS_FOLDER/cris.py', '--cfg-path', '/tmp/tmpspt1ape8']
[2024-05-18T13:23:32.694+0000] {standard_task_runner.py:91} INFO - Job 3449: Subtask fetch_and_save_weather_data
[2024-05-18T13:23:32.748+0000] {task_command.py:426} INFO - Running <TaskInstance: fetch_parse_store_report_weather_data.fetch_and_save_weather_data scheduled__2024-04-17T17:00:00+00:00 [running]> on host d2eb9883ca8d
[2024-05-18T13:23:33.070+0000] {taskinstance.py:2644} INFO - Exporting env vars: AIRFLOW_CTX_DAG_OWNER='***' AIRFLOW_CTX_DAG_ID='fetch_parse_store_report_weather_data' AIRFLOW_CTX_TASK_ID='fetch_and_save_weather_data' AIRFLOW_CTX_EXECUTION_DATE='2024-04-17T17:00:00+00:00' AIRFLOW_CTX_TRY_NUMBER='1' AIRFLOW_CTX_DAG_RUN_ID='scheduled__2024-04-17T17:00:00+00:00'
[2024-05-18T13:23:33.071+0000] {taskinstance.py:430} INFO - ::endgroup::
[2024-05-18T13:23:34.111+0000] {logging_mixin.py:188} INFO - Data has been successfully saved to the JSON file
[2024-05-18T13:23:34.112+0000] {python.py:237} INFO - Done. Returned value was: None
[2024-05-18T13:23:34.113+0000] {taskinstance.py:441} INFO - ::group::Post task execution logs
[2024-05-18T13:23:34.124+0000] {taskinstance.py:1205} INFO - Marking task as SUCCESS. dag_id=fetch_parse_store_report_weather_data, task_id=fetch_and_save_weather_data, execution_date=20240417T170000, start_date=20240518T132332, end_date=20240518T132334
[2024-05-18T13:23:34.312+0000] {local_task_job_runner.py:240} INFO - Task exited with return code 0
[2024-05-18T13:23:34.348+0000] {taskinstance.py:3482} INFO - 1 downstream tasks scheduled from follow-on schedule check
[2024-05-18T13:23:34.350+0000] {local_task_job_runner.py:222} INFO - ::endgroup::
