[2024-05-19T11:21:51.554+0000] {local_task_job_runner.py:120} INFO - ::group::Pre task execution logs
[2024-05-19T11:21:51.606+0000] {taskinstance.py:2073} INFO - Dependencies all met for dep_context=non-requeueable deps ti=<TaskInstance: fetch_parse_store_report_weather_data.send_email scheduled__2024-04-25T14:00:00+00:00 [queued]>
[2024-05-19T11:21:51.630+0000] {taskinstance.py:2073} INFO - Dependencies all met for dep_context=requeueable deps ti=<TaskInstance: fetch_parse_store_report_weather_data.send_email scheduled__2024-04-25T14:00:00+00:00 [queued]>
[2024-05-19T11:21:51.631+0000] {taskinstance.py:2303} INFO - Starting attempt 2 of 2
[2024-05-19T11:21:51.828+0000] {taskinstance.py:2327} INFO - Executing <Task(EmailOperator): send_email> on 2024-04-25 14:00:00+00:00
[2024-05-19T11:21:51.853+0000] {warnings.py:110} WARNING - /home/***/.local/lib/python3.12/site-packages/***/task/task_runner/standard_task_runner.py:61: DeprecationWarning: This process (pid=800) is multi-threaded, use of fork() may lead to deadlocks in the child.
  pid = os.fork()

[2024-05-19T11:21:51.863+0000] {standard_task_runner.py:63} INFO - Started process 827 to run task
[2024-05-19T11:21:51.866+0000] {standard_task_runner.py:90} INFO - Running: ['***', 'tasks', 'run', 'fetch_parse_store_report_weather_data', 'send_email', 'scheduled__2024-04-25T14:00:00+00:00', '--job-id', '4441', '--raw', '--subdir', 'DAGS_FOLDER/cris.py', '--cfg-path', '/tmp/tmpfg6de3qv']
[2024-05-19T11:21:51.868+0000] {standard_task_runner.py:91} INFO - Job 4441: Subtask send_email
[2024-05-19T11:21:51.978+0000] {task_command.py:426} INFO - Running <TaskInstance: fetch_parse_store_report_weather_data.send_email scheduled__2024-04-25T14:00:00+00:00 [running]> on host d2eb9883ca8d
[2024-05-19T11:21:52.607+0000] {taskinstance.py:2644} INFO - Exporting env vars: AIRFLOW_CTX_DAG_OWNER='***' AIRFLOW_CTX_DAG_ID='fetch_parse_store_report_weather_data' AIRFLOW_CTX_TASK_ID='send_email' AIRFLOW_CTX_EXECUTION_DATE='2024-04-25T14:00:00+00:00' AIRFLOW_CTX_TRY_NUMBER='2' AIRFLOW_CTX_DAG_RUN_ID='scheduled__2024-04-25T14:00:00+00:00'
[2024-05-19T11:21:52.610+0000] {taskinstance.py:430} INFO - ::endgroup::
[2024-05-19T11:21:52.614+0000] {taskinstance.py:441} INFO - ::group::Post task execution logs
[2024-05-19T11:21:52.617+0000] {taskinstance.py:2890} ERROR - Task failed with exception
Traceback (most recent call last):
  File "/home/airflow/.local/lib/python3.12/site-packages/airflow/models/taskinstance.py", line 465, in _execute_task
    result = _execute_callable(context=context, **execute_callable_kwargs)
             ^^^^^^^^^^^^^^^^^^^^^^^^^^^^^^^^^^^^^^^^^^^^^^^^^^^^^^^^^^^^^
  File "/home/airflow/.local/lib/python3.12/site-packages/airflow/models/taskinstance.py", line 432, in _execute_callable
    return execute_callable(context=context, **execute_callable_kwargs)
           ^^^^^^^^^^^^^^^^^^^^^^^^^^^^^^^^^^^^^^^^^^^^^^^^^^^^^^^^^^^^
  File "/home/airflow/.local/lib/python3.12/site-packages/airflow/models/baseoperator.py", line 400, in wrapper
    return func(self, *args, **kwargs)
           ^^^^^^^^^^^^^^^^^^^^^^^^^^^
  File "/home/airflow/.local/lib/python3.12/site-packages/airflow/operators/email.py", line 79, in execute
    send_email(
  File "/home/airflow/.local/lib/python3.12/site-packages/airflow/utils/email.py", line 80, in send_email
    return backend(
           ^^^^^^^^
  File "/home/airflow/.local/lib/python3.12/site-packages/airflow/utils/email.py", line 141, in send_email_smtp
    msg, recipients = build_mime_message(
                      ^^^^^^^^^^^^^^^^^^^
  File "/home/airflow/.local/lib/python3.12/site-packages/airflow/utils/email.py", line 209, in build_mime_message
    with open(fname, "rb") as file:
         ^^^^^^^^^^^^^^^^^
FileNotFoundError: [Errno 2] No such file or directory: '/tmp/report.txt'
[2024-05-19T11:21:52.636+0000] {taskinstance.py:1205} INFO - Marking task as FAILED. dag_id=fetch_parse_store_report_weather_data, task_id=send_email, execution_date=20240425T140000, start_date=20240519T112151, end_date=20240519T112152
[2024-05-19T11:21:52.658+0000] {standard_task_runner.py:110} ERROR - Failed to execute job 4441 for task send_email ([Errno 2] No such file or directory: '/tmp/report.txt'; 827)
[2024-05-19T11:21:52.730+0000] {local_task_job_runner.py:240} INFO - Task exited with return code 1
[2024-05-19T11:21:52.762+0000] {taskinstance.py:3482} INFO - 0 downstream tasks scheduled from follow-on schedule check
[2024-05-19T11:21:52.766+0000] {local_task_job_runner.py:222} INFO - ::endgroup::
