[2024-05-18T13:34:34.869+0000] {local_task_job_runner.py:120} INFO - ::group::Pre task execution logs
[2024-05-18T13:34:34.895+0000] {taskinstance.py:2073} INFO - Dependencies all met for dep_context=non-requeueable deps ti=<TaskInstance: fetch_parse_store_report_weather_data.save_data_to_db scheduled__2024-04-18T22:00:00+00:00 [queued]>
[2024-05-18T13:34:34.906+0000] {taskinstance.py:2073} INFO - Dependencies all met for dep_context=requeueable deps ti=<TaskInstance: fetch_parse_store_report_weather_data.save_data_to_db scheduled__2024-04-18T22:00:00+00:00 [queued]>
[2024-05-18T13:34:34.907+0000] {taskinstance.py:2303} INFO - Starting attempt 1 of 2
[2024-05-18T13:34:34.923+0000] {taskinstance.py:2327} INFO - Executing <Task(PythonOperator): save_data_to_db> on 2024-04-18 22:00:00+00:00
[2024-05-18T13:34:34.933+0000] {warnings.py:110} WARNING - /home/***/.local/lib/python3.12/site-packages/***/task/task_runner/standard_task_runner.py:61: DeprecationWarning: This process (pid=1963) is multi-threaded, use of fork() may lead to deadlocks in the child.
  pid = os.fork()

[2024-05-18T13:34:34.935+0000] {standard_task_runner.py:90} INFO - Running: ['***', 'tasks', 'run', 'fetch_parse_store_report_weather_data', 'save_data_to_db', 'scheduled__2024-04-18T22:00:00+00:00', '--job-id', '3575', '--raw', '--subdir', 'DAGS_FOLDER/cris.py', '--cfg-path', '/tmp/tmp2vzw1y2z']
[2024-05-18T13:34:34.937+0000] {standard_task_runner.py:91} INFO - Job 3575: Subtask save_data_to_db
[2024-05-18T13:34:34.935+0000] {standard_task_runner.py:63} INFO - Started process 1972 to run task
[2024-05-18T13:34:34.993+0000] {task_command.py:426} INFO - Running <TaskInstance: fetch_parse_store_report_weather_data.save_data_to_db scheduled__2024-04-18T22:00:00+00:00 [running]> on host d2eb9883ca8d
[2024-05-18T13:34:35.314+0000] {taskinstance.py:2644} INFO - Exporting env vars: AIRFLOW_CTX_DAG_OWNER='***' AIRFLOW_CTX_DAG_ID='fetch_parse_store_report_weather_data' AIRFLOW_CTX_TASK_ID='save_data_to_db' AIRFLOW_CTX_EXECUTION_DATE='2024-04-18T22:00:00+00:00' AIRFLOW_CTX_TRY_NUMBER='1' AIRFLOW_CTX_DAG_RUN_ID='scheduled__2024-04-18T22:00:00+00:00'
[2024-05-18T13:34:35.315+0000] {taskinstance.py:430} INFO - ::endgroup::
[2024-05-18T13:34:35.325+0000] {base.py:84} INFO - Using connection ID 'postgres_default' for task execution.
[2024-05-18T13:34:35.329+0000] {logging_mixin.py:188} INFO - Error connecting to the database: connection to server at "postgres" (172.18.0.3), port 5432 failed: FATAL:  database "weather_data" does not exist
[2024-05-18T13:34:35.330+0000] {python.py:237} INFO - Done. Returned value was: None
[2024-05-18T13:34:35.331+0000] {taskinstance.py:441} INFO - ::group::Post task execution logs
[2024-05-18T13:34:35.340+0000] {taskinstance.py:1205} INFO - Marking task as SUCCESS. dag_id=fetch_parse_store_report_weather_data, task_id=save_data_to_db, execution_date=20240418T220000, start_date=20240518T133434, end_date=20240518T133435
[2024-05-18T13:34:35.393+0000] {local_task_job_runner.py:240} INFO - Task exited with return code 0
[2024-05-18T13:34:35.424+0000] {taskinstance.py:3482} INFO - 1 downstream tasks scheduled from follow-on schedule check
[2024-05-18T13:34:35.427+0000] {local_task_job_runner.py:222} INFO - ::endgroup::
