[2024-05-18T14:18:42.819+0000] {local_task_job_runner.py:120} INFO - ::group::Pre task execution logs
[2024-05-18T14:18:42.841+0000] {taskinstance.py:2073} INFO - Dependencies all met for dep_context=non-requeueable deps ti=<TaskInstance: fetch_parse_store_report_weather_data.fetch_and_save_weather_data scheduled__2024-04-24T01:00:00+00:00 [queued]>
[2024-05-18T14:18:42.850+0000] {taskinstance.py:2073} INFO - Dependencies all met for dep_context=requeueable deps ti=<TaskInstance: fetch_parse_store_report_weather_data.fetch_and_save_weather_data scheduled__2024-04-24T01:00:00+00:00 [queued]>
[2024-05-18T14:18:42.851+0000] {taskinstance.py:2303} INFO - Starting attempt 1 of 2
[2024-05-18T14:18:42.865+0000] {taskinstance.py:2327} INFO - Executing <Task(PythonOperator): fetch_and_save_weather_data> on 2024-04-24 01:00:00+00:00
[2024-05-18T14:18:42.874+0000] {warnings.py:110} WARNING - /home/***/.local/lib/python3.12/site-packages/***/task/task_runner/standard_task_runner.py:61: DeprecationWarning: This process (pid=4293) is multi-threaded, use of fork() may lead to deadlocks in the child.
  pid = os.fork()

[2024-05-18T14:18:42.875+0000] {standard_task_runner.py:63} INFO - Started process 4300 to run task
[2024-05-18T14:18:42.876+0000] {standard_task_runner.py:90} INFO - Running: ['***', 'tasks', 'run', 'fetch_parse_store_report_weather_data', 'fetch_and_save_weather_data', 'scheduled__2024-04-24T01:00:00+00:00', '--job-id', '4166', '--raw', '--subdir', 'DAGS_FOLDER/cris.py', '--cfg-path', '/tmp/tmpak39ijt6']
[2024-05-18T14:18:42.877+0000] {standard_task_runner.py:91} INFO - Job 4166: Subtask fetch_and_save_weather_data
[2024-05-18T14:18:42.927+0000] {task_command.py:426} INFO - Running <TaskInstance: fetch_parse_store_report_weather_data.fetch_and_save_weather_data scheduled__2024-04-24T01:00:00+00:00 [running]> on host d2eb9883ca8d
[2024-05-18T14:18:43.171+0000] {taskinstance.py:2644} INFO - Exporting env vars: AIRFLOW_CTX_DAG_OWNER='***' AIRFLOW_CTX_DAG_ID='fetch_parse_store_report_weather_data' AIRFLOW_CTX_TASK_ID='fetch_and_save_weather_data' AIRFLOW_CTX_EXECUTION_DATE='2024-04-24T01:00:00+00:00' AIRFLOW_CTX_TRY_NUMBER='1' AIRFLOW_CTX_DAG_RUN_ID='scheduled__2024-04-24T01:00:00+00:00'
[2024-05-18T14:18:43.172+0000] {taskinstance.py:430} INFO - ::endgroup::
[2024-05-18T14:18:44.222+0000] {logging_mixin.py:188} INFO - Data has been successfully saved to the JSON file
[2024-05-18T14:18:44.223+0000] {python.py:237} INFO - Done. Returned value was: None
[2024-05-18T14:18:44.223+0000] {taskinstance.py:441} INFO - ::group::Post task execution logs
[2024-05-18T14:18:44.233+0000] {taskinstance.py:1205} INFO - Marking task as SUCCESS. dag_id=fetch_parse_store_report_weather_data, task_id=fetch_and_save_weather_data, execution_date=20240424T010000, start_date=20240518T141842, end_date=20240518T141844
[2024-05-18T14:18:44.293+0000] {local_task_job_runner.py:240} INFO - Task exited with return code 0
[2024-05-18T14:18:44.319+0000] {taskinstance.py:3482} INFO - 1 downstream tasks scheduled from follow-on schedule check
[2024-05-18T14:18:44.321+0000] {local_task_job_runner.py:222} INFO - ::endgroup::
