[2024-05-25T13:38:17.288+0000] {local_task_job_runner.py:120} INFO - ::group::Pre task execution logs
[2024-05-25T13:38:17.339+0000] {taskinstance.py:2073} INFO - Dependencies all met for dep_context=non-requeueable deps ti=<TaskInstance: fetch_parse_store_report_forecast_weather_data.save_data_to_db scheduled__2024-05-05T23:00:00+00:00 [queued]>
[2024-05-25T13:38:17.356+0000] {taskinstance.py:2073} INFO - Dependencies all met for dep_context=requeueable deps ti=<TaskInstance: fetch_parse_store_report_forecast_weather_data.save_data_to_db scheduled__2024-05-05T23:00:00+00:00 [queued]>
[2024-05-25T13:38:17.358+0000] {taskinstance.py:2303} INFO - Starting attempt 1 of 2
[2024-05-25T13:38:17.391+0000] {taskinstance.py:2327} INFO - Executing <Task(PythonOperator): save_data_to_db> on 2024-05-05 23:00:00+00:00
[2024-05-25T13:38:17.416+0000] {warnings.py:110} WARNING - /home/***/.local/lib/python3.12/site-packages/***/task/task_runner/standard_task_runner.py:61: DeprecationWarning: This process (pid=9145) is multi-threaded, use of fork() may lead to deadlocks in the child.
  pid = os.fork()

[2024-05-25T13:38:17.420+0000] {standard_task_runner.py:63} INFO - Started process 9244 to run task
[2024-05-25T13:38:17.420+0000] {standard_task_runner.py:90} INFO - Running: ['***', 'tasks', 'run', 'fetch_parse_store_report_forecast_weather_data', 'save_data_to_db', 'scheduled__2024-05-05T23:00:00+00:00', '--job-id', '8690', '--raw', '--subdir', 'DAGS_FOLDER/cris.py', '--cfg-path', '/tmp/tmphs_jt5yi']
[2024-05-25T13:38:17.426+0000] {standard_task_runner.py:91} INFO - Job 8690: Subtask save_data_to_db
[2024-05-25T13:38:17.604+0000] {task_command.py:426} INFO - Running <TaskInstance: fetch_parse_store_report_forecast_weather_data.save_data_to_db scheduled__2024-05-05T23:00:00+00:00 [running]> on host b151419bfa2a
[2024-05-25T13:38:17.992+0000] {taskinstance.py:2644} INFO - Exporting env vars: AIRFLOW_CTX_DAG_OWNER='***' AIRFLOW_CTX_DAG_ID='fetch_parse_store_report_forecast_weather_data' AIRFLOW_CTX_TASK_ID='save_data_to_db' AIRFLOW_CTX_EXECUTION_DATE='2024-05-05T23:00:00+00:00' AIRFLOW_CTX_TRY_NUMBER='1' AIRFLOW_CTX_DAG_RUN_ID='scheduled__2024-05-05T23:00:00+00:00'
[2024-05-25T13:38:17.994+0000] {taskinstance.py:430} INFO - ::endgroup::
[2024-05-25T13:38:18.031+0000] {base.py:84} INFO - Using connection ID 'postgres_default' for task execution.
[2024-05-25T13:38:18.053+0000] {logging_mixin.py:188} INFO - Error connecting to the database: connection to server at "postgres" (172.21.0.2), port 5432 failed: FATAL:  database "weather_data" does not exist
[2024-05-25T13:38:18.055+0000] {python.py:237} INFO - Done. Returned value was: None
[2024-05-25T13:38:18.057+0000] {taskinstance.py:441} INFO - ::group::Post task execution logs
[2024-05-25T13:38:18.085+0000] {taskinstance.py:1205} INFO - Marking task as SUCCESS. dag_id=fetch_parse_store_report_forecast_weather_data, task_id=save_data_to_db, execution_date=20240505T230000, start_date=20240525T133817, end_date=20240525T133818
[2024-05-25T13:38:18.173+0000] {local_task_job_runner.py:240} INFO - Task exited with return code 0
[2024-05-25T13:38:18.479+0000] {taskinstance.py:3482} INFO - 1 downstream tasks scheduled from follow-on schedule check
[2024-05-25T13:38:18.484+0000] {local_task_job_runner.py:222} INFO - ::endgroup::
