[2024-05-29T00:30:46.346+0000] {local_task_job_runner.py:120} INFO - ::group::Pre task execution logs
[2024-05-29T00:30:46.478+0000] {taskinstance.py:2073} INFO - Dependencies all met for dep_context=non-requeueable deps ti=<TaskInstance: train_lstm_model.train_model scheduled__2024-05-28T00:00:00+00:00 [queued]>
[2024-05-29T00:30:46.543+0000] {taskinstance.py:2073} INFO - Dependencies all met for dep_context=requeueable deps ti=<TaskInstance: train_lstm_model.train_model scheduled__2024-05-28T00:00:00+00:00 [queued]>
[2024-05-29T00:30:46.545+0000] {taskinstance.py:2303} INFO - Starting attempt 1 of 2
[2024-05-29T00:30:46.664+0000] {taskinstance.py:2327} INFO - Executing <Task(PythonOperator): train_model> on 2024-05-28 00:00:00+00:00
[2024-05-29T00:30:46.734+0000] {warnings.py:110} WARNING - /home/***/.local/lib/python3.12/site-packages/***/task/task_runner/standard_task_runner.py:61: DeprecationWarning: This process (pid=36975) is multi-threaded, use of fork() may lead to deadlocks in the child.
  pid = os.fork()

[2024-05-29T00:30:46.742+0000] {standard_task_runner.py:63} INFO - Started process 37120 to run task
[2024-05-29T00:30:46.785+0000] {standard_task_runner.py:90} INFO - Running: ['***', 'tasks', 'run', 'train_lstm_model', 'train_model', 'scheduled__2024-05-28T00:00:00+00:00', '--job-id', '12710', '--raw', '--subdir', 'DAGS_FOLDER/model_dag.py', '--cfg-path', '/tmp/tmp75il16v6']
[2024-05-29T00:30:46.787+0000] {standard_task_runner.py:91} INFO - Job 12710: Subtask train_model
[2024-05-29T00:30:47.084+0000] {task_command.py:426} INFO - Running <TaskInstance: train_lstm_model.train_model scheduled__2024-05-28T00:00:00+00:00 [running]> on host b151419bfa2a
[2024-05-29T00:30:47.593+0000] {taskinstance.py:2644} INFO - Exporting env vars: AIRFLOW_CTX_DAG_OWNER='***' AIRFLOW_CTX_DAG_ID='train_lstm_model' AIRFLOW_CTX_TASK_ID='train_model' AIRFLOW_CTX_EXECUTION_DATE='2024-05-28T00:00:00+00:00' AIRFLOW_CTX_TRY_NUMBER='1' AIRFLOW_CTX_DAG_RUN_ID='scheduled__2024-05-28T00:00:00+00:00'
[2024-05-29T00:30:47.602+0000] {taskinstance.py:430} INFO - ::endgroup::
[2024-05-29T00:30:47.620+0000] {logging_mixin.py:188} INFO - An error occurred: [Errno 13] Permission denied: '/path'
[2024-05-29T00:30:47.622+0000] {python.py:237} INFO - Done. Returned value was: None
[2024-05-29T00:30:47.627+0000] {taskinstance.py:441} INFO - ::group::Post task execution logs
[2024-05-29T00:30:47.722+0000] {taskinstance.py:1205} INFO - Marking task as SUCCESS. dag_id=train_lstm_model, task_id=train_model, execution_date=20240528T000000, start_date=20240529T003046, end_date=20240529T003047
[2024-05-29T00:30:47.891+0000] {local_task_job_runner.py:240} INFO - Task exited with return code 0
[2024-05-29T00:30:48.303+0000] {taskinstance.py:3482} INFO - 0 downstream tasks scheduled from follow-on schedule check
[2024-05-29T00:30:48.321+0000] {local_task_job_runner.py:222} INFO - ::endgroup::
