[2024-05-19T12:35:22.205+0000] {local_task_job_runner.py:120} INFO - ::group::Pre task execution logs
[2024-05-19T12:35:22.254+0000] {taskinstance.py:2073} INFO - Dependencies all met for dep_context=non-requeueable deps ti=<TaskInstance: fetch_parse_store_report_weather_data.fetch_and_save_weather_data scheduled__2024-05-03T06:00:00+00:00 [queued]>
[2024-05-19T12:35:22.283+0000] {taskinstance.py:2073} INFO - Dependencies all met for dep_context=requeueable deps ti=<TaskInstance: fetch_parse_store_report_weather_data.fetch_and_save_weather_data scheduled__2024-05-03T06:00:00+00:00 [queued]>
[2024-05-19T12:35:22.284+0000] {taskinstance.py:2303} INFO - Starting attempt 1 of 2
[2024-05-19T12:35:22.335+0000] {taskinstance.py:2327} INFO - Executing <Task(PythonOperator): fetch_and_save_weather_data> on 2024-05-03 06:00:00+00:00
[2024-05-19T12:35:22.347+0000] {warnings.py:110} WARNING - /home/***/.local/lib/python3.12/site-packages/***/task/task_runner/standard_task_runner.py:61: DeprecationWarning: This process (pid=498) is multi-threaded, use of fork() may lead to deadlocks in the child.
  pid = os.fork()

[2024-05-19T12:35:22.351+0000] {standard_task_runner.py:90} INFO - Running: ['***', 'tasks', 'run', 'fetch_parse_store_report_weather_data', 'fetch_and_save_weather_data', 'scheduled__2024-05-03T06:00:00+00:00', '--job-id', '5339', '--raw', '--subdir', 'DAGS_FOLDER/cris.py', '--cfg-path', '/tmp/tmp4mcne9j3']
[2024-05-19T12:35:22.356+0000] {standard_task_runner.py:91} INFO - Job 5339: Subtask fetch_and_save_weather_data
[2024-05-19T12:35:22.354+0000] {standard_task_runner.py:63} INFO - Started process 522 to run task
[2024-05-19T12:35:22.469+0000] {task_command.py:426} INFO - Running <TaskInstance: fetch_parse_store_report_weather_data.fetch_and_save_weather_data scheduled__2024-05-03T06:00:00+00:00 [running]> on host d2eb9883ca8d
[2024-05-19T12:35:22.989+0000] {taskinstance.py:2644} INFO - Exporting env vars: AIRFLOW_CTX_DAG_OWNER='***' AIRFLOW_CTX_DAG_ID='fetch_parse_store_report_weather_data' AIRFLOW_CTX_TASK_ID='fetch_and_save_weather_data' AIRFLOW_CTX_EXECUTION_DATE='2024-05-03T06:00:00+00:00' AIRFLOW_CTX_TRY_NUMBER='1' AIRFLOW_CTX_DAG_RUN_ID='scheduled__2024-05-03T06:00:00+00:00'
[2024-05-19T12:35:22.992+0000] {taskinstance.py:430} INFO - ::endgroup::
[2024-05-19T12:35:30.104+0000] {logging_mixin.py:188} INFO - Data has been successfully saved to the JSON file
[2024-05-19T12:35:30.105+0000] {python.py:237} INFO - Done. Returned value was: None
[2024-05-19T12:35:30.105+0000] {taskinstance.py:441} INFO - ::group::Post task execution logs
[2024-05-19T12:35:30.119+0000] {taskinstance.py:1205} INFO - Marking task as SUCCESS. dag_id=fetch_parse_store_report_weather_data, task_id=fetch_and_save_weather_data, execution_date=20240503T060000, start_date=20240519T123522, end_date=20240519T123530
[2024-05-19T12:35:30.199+0000] {local_task_job_runner.py:240} INFO - Task exited with return code 0
[2024-05-19T12:35:30.245+0000] {taskinstance.py:3482} INFO - 1 downstream tasks scheduled from follow-on schedule check
[2024-05-19T12:35:30.248+0000] {local_task_job_runner.py:222} INFO - ::endgroup::
