[2024-05-03T02:07:34.549+0000] {processor.py:161} INFO - Started process (PID=69) to work on /home/airflow/.local/lib/python3.12/site-packages/airflow/example_dags/example_sensors.py
[2024-05-03T02:07:34.550+0000] {processor.py:830} INFO - Processing file /home/airflow/.local/lib/python3.12/site-packages/airflow/example_dags/example_sensors.py for tasks to queue
[2024-05-03T02:07:34.553+0000] {logging_mixin.py:188} INFO - [2024-05-03T02:07:34.553+0000] {dagbag.py:540} INFO - Filling up the DagBag from /home/airflow/.local/lib/python3.12/site-packages/airflow/example_dags/example_sensors.py
[2024-05-03T02:07:34.568+0000] {processor.py:840} INFO - DAG(s) 'example_sensors' retrieved from /home/airflow/.local/lib/python3.12/site-packages/airflow/example_dags/example_sensors.py
[2024-05-03T02:07:34.608+0000] {logging_mixin.py:188} INFO - [2024-05-03T02:07:34.608+0000] {dag.py:3096} INFO - Sync 1 DAGs
[2024-05-03T02:07:34.627+0000] {logging_mixin.py:188} INFO - [2024-05-03T02:07:34.627+0000] {dag.py:3954} INFO - Setting next_dagrun for example_sensors to None, run_after=None
[2024-05-03T02:07:34.662+0000] {processor.py:183} INFO - Processing /home/airflow/.local/lib/python3.12/site-packages/airflow/example_dags/example_sensors.py took 0.120 seconds
[2024-05-03T02:08:05.209+0000] {processor.py:161} INFO - Started process (PID=128) to work on /home/airflow/.local/lib/python3.12/site-packages/airflow/example_dags/example_sensors.py
[2024-05-03T02:08:05.210+0000] {processor.py:830} INFO - Processing file /home/airflow/.local/lib/python3.12/site-packages/airflow/example_dags/example_sensors.py for tasks to queue
[2024-05-03T02:08:05.213+0000] {logging_mixin.py:188} INFO - [2024-05-03T02:08:05.213+0000] {dagbag.py:540} INFO - Filling up the DagBag from /home/airflow/.local/lib/python3.12/site-packages/airflow/example_dags/example_sensors.py
[2024-05-03T02:08:05.233+0000] {processor.py:840} INFO - DAG(s) 'example_sensors' retrieved from /home/airflow/.local/lib/python3.12/site-packages/airflow/example_dags/example_sensors.py
[2024-05-03T02:08:05.273+0000] {logging_mixin.py:188} INFO - [2024-05-03T02:08:05.272+0000] {dag.py:3096} INFO - Sync 1 DAGs
[2024-05-03T02:08:05.293+0000] {logging_mixin.py:188} INFO - [2024-05-03T02:08:05.293+0000] {dag.py:3954} INFO - Setting next_dagrun for example_sensors to None, run_after=None
[2024-05-03T02:08:05.320+0000] {processor.py:183} INFO - Processing /home/airflow/.local/lib/python3.12/site-packages/airflow/example_dags/example_sensors.py took 0.123 seconds
[2024-05-03T02:08:35.681+0000] {processor.py:161} INFO - Started process (PID=187) to work on /home/airflow/.local/lib/python3.12/site-packages/airflow/example_dags/example_sensors.py
[2024-05-03T02:08:35.684+0000] {processor.py:830} INFO - Processing file /home/airflow/.local/lib/python3.12/site-packages/airflow/example_dags/example_sensors.py for tasks to queue
[2024-05-03T02:08:35.689+0000] {logging_mixin.py:188} INFO - [2024-05-03T02:08:35.689+0000] {dagbag.py:540} INFO - Filling up the DagBag from /home/airflow/.local/lib/python3.12/site-packages/airflow/example_dags/example_sensors.py
[2024-05-03T02:08:35.706+0000] {processor.py:840} INFO - DAG(s) 'example_sensors' retrieved from /home/airflow/.local/lib/python3.12/site-packages/airflow/example_dags/example_sensors.py
[2024-05-03T02:08:35.765+0000] {logging_mixin.py:188} INFO - [2024-05-03T02:08:35.764+0000] {dag.py:3096} INFO - Sync 1 DAGs
[2024-05-03T02:08:35.796+0000] {logging_mixin.py:188} INFO - [2024-05-03T02:08:35.796+0000] {dag.py:3954} INFO - Setting next_dagrun for example_sensors to None, run_after=None
[2024-05-03T02:08:35.830+0000] {processor.py:183} INFO - Processing /home/airflow/.local/lib/python3.12/site-packages/airflow/example_dags/example_sensors.py took 0.160 seconds
[2024-05-03T02:09:06.090+0000] {processor.py:161} INFO - Started process (PID=246) to work on /home/airflow/.local/lib/python3.12/site-packages/airflow/example_dags/example_sensors.py
[2024-05-03T02:09:06.091+0000] {processor.py:830} INFO - Processing file /home/airflow/.local/lib/python3.12/site-packages/airflow/example_dags/example_sensors.py for tasks to queue
[2024-05-03T02:09:06.095+0000] {logging_mixin.py:188} INFO - [2024-05-03T02:09:06.094+0000] {dagbag.py:540} INFO - Filling up the DagBag from /home/airflow/.local/lib/python3.12/site-packages/airflow/example_dags/example_sensors.py
[2024-05-03T02:09:06.115+0000] {processor.py:840} INFO - DAG(s) 'example_sensors' retrieved from /home/airflow/.local/lib/python3.12/site-packages/airflow/example_dags/example_sensors.py
[2024-05-03T02:09:06.166+0000] {logging_mixin.py:188} INFO - [2024-05-03T02:09:06.166+0000] {dag.py:3096} INFO - Sync 1 DAGs
[2024-05-03T02:09:06.193+0000] {logging_mixin.py:188} INFO - [2024-05-03T02:09:06.193+0000] {dag.py:3954} INFO - Setting next_dagrun for example_sensors to None, run_after=None
[2024-05-03T02:09:06.236+0000] {processor.py:183} INFO - Processing /home/airflow/.local/lib/python3.12/site-packages/airflow/example_dags/example_sensors.py took 0.157 seconds
[2024-05-03T02:09:36.676+0000] {processor.py:161} INFO - Started process (PID=306) to work on /home/airflow/.local/lib/python3.12/site-packages/airflow/example_dags/example_sensors.py
[2024-05-03T02:09:36.677+0000] {processor.py:830} INFO - Processing file /home/airflow/.local/lib/python3.12/site-packages/airflow/example_dags/example_sensors.py for tasks to queue
[2024-05-03T02:09:36.679+0000] {logging_mixin.py:188} INFO - [2024-05-03T02:09:36.678+0000] {dagbag.py:540} INFO - Filling up the DagBag from /home/airflow/.local/lib/python3.12/site-packages/airflow/example_dags/example_sensors.py
[2024-05-03T02:09:36.690+0000] {processor.py:840} INFO - DAG(s) 'example_sensors' retrieved from /home/airflow/.local/lib/python3.12/site-packages/airflow/example_dags/example_sensors.py
[2024-05-03T02:09:36.720+0000] {logging_mixin.py:188} INFO - [2024-05-03T02:09:36.720+0000] {dag.py:3096} INFO - Sync 1 DAGs
[2024-05-03T02:09:36.736+0000] {logging_mixin.py:188} INFO - [2024-05-03T02:09:36.736+0000] {dag.py:3954} INFO - Setting next_dagrun for example_sensors to None, run_after=None
[2024-05-03T02:09:36.758+0000] {processor.py:183} INFO - Processing /home/airflow/.local/lib/python3.12/site-packages/airflow/example_dags/example_sensors.py took 0.088 seconds
[2024-05-03T02:10:07.697+0000] {processor.py:161} INFO - Started process (PID=365) to work on /home/airflow/.local/lib/python3.12/site-packages/airflow/example_dags/example_sensors.py
[2024-05-03T02:10:07.699+0000] {processor.py:830} INFO - Processing file /home/airflow/.local/lib/python3.12/site-packages/airflow/example_dags/example_sensors.py for tasks to queue
[2024-05-03T02:10:07.702+0000] {logging_mixin.py:188} INFO - [2024-05-03T02:10:07.701+0000] {dagbag.py:540} INFO - Filling up the DagBag from /home/airflow/.local/lib/python3.12/site-packages/airflow/example_dags/example_sensors.py
[2024-05-03T02:10:07.717+0000] {processor.py:840} INFO - DAG(s) 'example_sensors' retrieved from /home/airflow/.local/lib/python3.12/site-packages/airflow/example_dags/example_sensors.py
[2024-05-03T02:10:07.766+0000] {logging_mixin.py:188} INFO - [2024-05-03T02:10:07.765+0000] {dag.py:3096} INFO - Sync 1 DAGs
[2024-05-03T02:10:07.790+0000] {logging_mixin.py:188} INFO - [2024-05-03T02:10:07.789+0000] {dag.py:3954} INFO - Setting next_dagrun for example_sensors to None, run_after=None
[2024-05-03T02:10:07.819+0000] {processor.py:183} INFO - Processing /home/airflow/.local/lib/python3.12/site-packages/airflow/example_dags/example_sensors.py took 0.131 seconds
[2024-05-03T02:10:40.796+0000] {processor.py:161} INFO - Started process (PID=424) to work on /home/airflow/.local/lib/python3.12/site-packages/airflow/example_dags/example_sensors.py
[2024-05-03T02:10:40.800+0000] {processor.py:830} INFO - Processing file /home/airflow/.local/lib/python3.12/site-packages/airflow/example_dags/example_sensors.py for tasks to queue
[2024-05-03T02:10:40.804+0000] {logging_mixin.py:188} INFO - [2024-05-03T02:10:40.803+0000] {dagbag.py:540} INFO - Filling up the DagBag from /home/airflow/.local/lib/python3.12/site-packages/airflow/example_dags/example_sensors.py
[2024-05-03T02:10:40.831+0000] {processor.py:840} INFO - DAG(s) 'example_sensors' retrieved from /home/airflow/.local/lib/python3.12/site-packages/airflow/example_dags/example_sensors.py
[2024-05-03T02:10:40.884+0000] {logging_mixin.py:188} INFO - [2024-05-03T02:10:40.884+0000] {dag.py:3096} INFO - Sync 1 DAGs
[2024-05-03T02:10:40.909+0000] {logging_mixin.py:188} INFO - [2024-05-03T02:10:40.908+0000] {dag.py:3954} INFO - Setting next_dagrun for example_sensors to None, run_after=None
[2024-05-03T02:10:40.984+0000] {processor.py:183} INFO - Processing /home/airflow/.local/lib/python3.12/site-packages/airflow/example_dags/example_sensors.py took 0.202 seconds
[2024-05-03T02:11:11.954+0000] {processor.py:161} INFO - Started process (PID=483) to work on /home/airflow/.local/lib/python3.12/site-packages/airflow/example_dags/example_sensors.py
[2024-05-03T02:11:11.956+0000] {processor.py:830} INFO - Processing file /home/airflow/.local/lib/python3.12/site-packages/airflow/example_dags/example_sensors.py for tasks to queue
[2024-05-03T02:11:11.960+0000] {logging_mixin.py:188} INFO - [2024-05-03T02:11:11.959+0000] {dagbag.py:540} INFO - Filling up the DagBag from /home/airflow/.local/lib/python3.12/site-packages/airflow/example_dags/example_sensors.py
[2024-05-03T02:11:11.977+0000] {processor.py:840} INFO - DAG(s) 'example_sensors' retrieved from /home/airflow/.local/lib/python3.12/site-packages/airflow/example_dags/example_sensors.py
[2024-05-03T02:11:12.040+0000] {logging_mixin.py:188} INFO - [2024-05-03T02:11:12.039+0000] {dag.py:3096} INFO - Sync 1 DAGs
[2024-05-03T02:11:12.070+0000] {logging_mixin.py:188} INFO - [2024-05-03T02:11:12.069+0000] {dag.py:3954} INFO - Setting next_dagrun for example_sensors to None, run_after=None
[2024-05-03T02:11:12.119+0000] {processor.py:183} INFO - Processing /home/airflow/.local/lib/python3.12/site-packages/airflow/example_dags/example_sensors.py took 0.178 seconds
[2024-05-03T02:11:42.534+0000] {processor.py:161} INFO - Started process (PID=541) to work on /home/airflow/.local/lib/python3.12/site-packages/airflow/example_dags/example_sensors.py
[2024-05-03T02:11:42.535+0000] {processor.py:830} INFO - Processing file /home/airflow/.local/lib/python3.12/site-packages/airflow/example_dags/example_sensors.py for tasks to queue
[2024-05-03T02:11:42.538+0000] {logging_mixin.py:188} INFO - [2024-05-03T02:11:42.538+0000] {dagbag.py:540} INFO - Filling up the DagBag from /home/airflow/.local/lib/python3.12/site-packages/airflow/example_dags/example_sensors.py
[2024-05-03T02:11:42.552+0000] {processor.py:840} INFO - DAG(s) 'example_sensors' retrieved from /home/airflow/.local/lib/python3.12/site-packages/airflow/example_dags/example_sensors.py
[2024-05-03T02:11:42.592+0000] {logging_mixin.py:188} INFO - [2024-05-03T02:11:42.592+0000] {dag.py:3096} INFO - Sync 1 DAGs
[2024-05-03T02:11:42.611+0000] {logging_mixin.py:188} INFO - [2024-05-03T02:11:42.611+0000] {dag.py:3954} INFO - Setting next_dagrun for example_sensors to None, run_after=None
[2024-05-03T02:11:42.639+0000] {processor.py:183} INFO - Processing /home/airflow/.local/lib/python3.12/site-packages/airflow/example_dags/example_sensors.py took 0.114 seconds
[2024-05-03T02:12:13.147+0000] {processor.py:161} INFO - Started process (PID=600) to work on /home/airflow/.local/lib/python3.12/site-packages/airflow/example_dags/example_sensors.py
[2024-05-03T02:12:13.149+0000] {processor.py:830} INFO - Processing file /home/airflow/.local/lib/python3.12/site-packages/airflow/example_dags/example_sensors.py for tasks to queue
[2024-05-03T02:12:13.151+0000] {logging_mixin.py:188} INFO - [2024-05-03T02:12:13.150+0000] {dagbag.py:540} INFO - Filling up the DagBag from /home/airflow/.local/lib/python3.12/site-packages/airflow/example_dags/example_sensors.py
[2024-05-03T02:12:13.164+0000] {processor.py:840} INFO - DAG(s) 'example_sensors' retrieved from /home/airflow/.local/lib/python3.12/site-packages/airflow/example_dags/example_sensors.py
[2024-05-03T02:12:13.207+0000] {logging_mixin.py:188} INFO - [2024-05-03T02:12:13.207+0000] {dag.py:3096} INFO - Sync 1 DAGs
[2024-05-03T02:12:13.227+0000] {logging_mixin.py:188} INFO - [2024-05-03T02:12:13.226+0000] {dag.py:3954} INFO - Setting next_dagrun for example_sensors to None, run_after=None
[2024-05-03T02:12:13.261+0000] {processor.py:183} INFO - Processing /home/airflow/.local/lib/python3.12/site-packages/airflow/example_dags/example_sensors.py took 0.121 seconds
