[2024-05-03T02:07:34.715+0000] {processor.py:161} INFO - Started process (PID=71) to work on /home/airflow/.local/lib/python3.12/site-packages/airflow/example_dags/example_subdag_operator.py
[2024-05-03T02:07:34.716+0000] {processor.py:830} INFO - Processing file /home/airflow/.local/lib/python3.12/site-packages/airflow/example_dags/example_subdag_operator.py for tasks to queue
[2024-05-03T02:07:34.719+0000] {logging_mixin.py:188} INFO - [2024-05-03T02:07:34.718+0000] {dagbag.py:540} INFO - Filling up the DagBag from /home/airflow/.local/lib/python3.12/site-packages/airflow/example_dags/example_subdag_operator.py
[2024-05-03T02:07:34.754+0000] {processor.py:840} INFO - DAG(s) 'example_subdag_operator.section-1', 'example_subdag_operator.section-2', 'example_subdag_operator' retrieved from /home/airflow/.local/lib/python3.12/site-packages/airflow/example_dags/example_subdag_operator.py
[2024-05-03T02:07:34.784+0000] {logging_mixin.py:188} INFO - [2024-05-03T02:07:34.783+0000] {dag.py:3096} INFO - Sync 3 DAGs
[2024-05-03T02:07:34.813+0000] {logging_mixin.py:188} INFO - [2024-05-03T02:07:34.812+0000] {dag.py:3954} INFO - Setting next_dagrun for example_subdag_operator to 2022-01-01 00:00:00+00:00, run_after=2022-01-01 00:00:00+00:00
[2024-05-03T02:07:34.818+0000] {logging_mixin.py:188} INFO - [2024-05-03T02:07:34.818+0000] {dag.py:3954} INFO - Setting next_dagrun for example_subdag_operator.section-1 to None, run_after=None
[2024-05-03T02:07:34.821+0000] {logging_mixin.py:188} INFO - [2024-05-03T02:07:34.821+0000] {dag.py:3954} INFO - Setting next_dagrun for example_subdag_operator.section-2 to None, run_after=None
[2024-05-03T02:07:34.833+0000] {logging_mixin.py:188} INFO - [2024-05-03T02:07:34.833+0000] {dag.py:3096} INFO - Sync 2 DAGs
[2024-05-03T02:07:34.842+0000] {logging_mixin.py:188} INFO - [2024-05-03T02:07:34.842+0000] {dag.py:3954} INFO - Setting next_dagrun for example_subdag_operator.section-1 to None, run_after=None
[2024-05-03T02:07:34.843+0000] {logging_mixin.py:188} INFO - [2024-05-03T02:07:34.843+0000] {dag.py:3954} INFO - Setting next_dagrun for example_subdag_operator.section-2 to None, run_after=None
[2024-05-03T02:07:34.858+0000] {processor.py:183} INFO - Processing /home/airflow/.local/lib/python3.12/site-packages/airflow/example_dags/example_subdag_operator.py took 0.151 seconds
[2024-05-03T02:08:05.353+0000] {processor.py:161} INFO - Started process (PID=130) to work on /home/airflow/.local/lib/python3.12/site-packages/airflow/example_dags/example_subdag_operator.py
[2024-05-03T02:08:05.354+0000] {processor.py:830} INFO - Processing file /home/airflow/.local/lib/python3.12/site-packages/airflow/example_dags/example_subdag_operator.py for tasks to queue
[2024-05-03T02:08:05.356+0000] {logging_mixin.py:188} INFO - [2024-05-03T02:08:05.356+0000] {dagbag.py:540} INFO - Filling up the DagBag from /home/airflow/.local/lib/python3.12/site-packages/airflow/example_dags/example_subdag_operator.py
[2024-05-03T02:08:05.390+0000] {processor.py:840} INFO - DAG(s) 'example_subdag_operator.section-1', 'example_subdag_operator.section-2', 'example_subdag_operator' retrieved from /home/airflow/.local/lib/python3.12/site-packages/airflow/example_dags/example_subdag_operator.py
[2024-05-03T02:08:05.425+0000] {logging_mixin.py:188} INFO - [2024-05-03T02:08:05.425+0000] {dag.py:3096} INFO - Sync 3 DAGs
[2024-05-03T02:08:05.466+0000] {logging_mixin.py:188} INFO - [2024-05-03T02:08:05.466+0000] {dag.py:3954} INFO - Setting next_dagrun for example_subdag_operator to 2022-01-01 00:00:00+00:00, run_after=2022-01-01 00:00:00+00:00
[2024-05-03T02:08:05.474+0000] {logging_mixin.py:188} INFO - [2024-05-03T02:08:05.474+0000] {dag.py:3954} INFO - Setting next_dagrun for example_subdag_operator.section-1 to None, run_after=None
[2024-05-03T02:08:05.477+0000] {logging_mixin.py:188} INFO - [2024-05-03T02:08:05.477+0000] {dag.py:3954} INFO - Setting next_dagrun for example_subdag_operator.section-2 to None, run_after=None
[2024-05-03T02:08:05.492+0000] {logging_mixin.py:188} INFO - [2024-05-03T02:08:05.492+0000] {dag.py:3096} INFO - Sync 2 DAGs
[2024-05-03T02:08:05.504+0000] {logging_mixin.py:188} INFO - [2024-05-03T02:08:05.504+0000] {dag.py:3954} INFO - Setting next_dagrun for example_subdag_operator.section-1 to None, run_after=None
[2024-05-03T02:08:05.505+0000] {logging_mixin.py:188} INFO - [2024-05-03T02:08:05.505+0000] {dag.py:3954} INFO - Setting next_dagrun for example_subdag_operator.section-2 to None, run_after=None
[2024-05-03T02:08:05.530+0000] {processor.py:183} INFO - Processing /home/airflow/.local/lib/python3.12/site-packages/airflow/example_dags/example_subdag_operator.py took 0.184 seconds
[2024-05-03T02:08:35.885+0000] {processor.py:161} INFO - Started process (PID=189) to work on /home/airflow/.local/lib/python3.12/site-packages/airflow/example_dags/example_subdag_operator.py
[2024-05-03T02:08:35.887+0000] {processor.py:830} INFO - Processing file /home/airflow/.local/lib/python3.12/site-packages/airflow/example_dags/example_subdag_operator.py for tasks to queue
[2024-05-03T02:08:35.890+0000] {logging_mixin.py:188} INFO - [2024-05-03T02:08:35.890+0000] {dagbag.py:540} INFO - Filling up the DagBag from /home/airflow/.local/lib/python3.12/site-packages/airflow/example_dags/example_subdag_operator.py
[2024-05-03T02:08:35.937+0000] {processor.py:840} INFO - DAG(s) 'example_subdag_operator.section-1', 'example_subdag_operator.section-2', 'example_subdag_operator' retrieved from /home/airflow/.local/lib/python3.12/site-packages/airflow/example_dags/example_subdag_operator.py
[2024-05-03T02:08:35.977+0000] {logging_mixin.py:188} INFO - [2024-05-03T02:08:35.976+0000] {dag.py:3096} INFO - Sync 3 DAGs
[2024-05-03T02:08:36.029+0000] {logging_mixin.py:188} INFO - [2024-05-03T02:08:36.028+0000] {dag.py:3954} INFO - Setting next_dagrun for example_subdag_operator to 2022-01-01 00:00:00+00:00, run_after=2022-01-01 00:00:00+00:00
[2024-05-03T02:08:36.041+0000] {logging_mixin.py:188} INFO - [2024-05-03T02:08:36.041+0000] {dag.py:3954} INFO - Setting next_dagrun for example_subdag_operator.section-1 to None, run_after=None
[2024-05-03T02:08:36.044+0000] {logging_mixin.py:188} INFO - [2024-05-03T02:08:36.044+0000] {dag.py:3954} INFO - Setting next_dagrun for example_subdag_operator.section-2 to None, run_after=None
[2024-05-03T02:08:36.059+0000] {logging_mixin.py:188} INFO - [2024-05-03T02:08:36.058+0000] {dag.py:3096} INFO - Sync 2 DAGs
[2024-05-03T02:08:36.071+0000] {logging_mixin.py:188} INFO - [2024-05-03T02:08:36.070+0000] {dag.py:3954} INFO - Setting next_dagrun for example_subdag_operator.section-1 to None, run_after=None
[2024-05-03T02:08:36.072+0000] {logging_mixin.py:188} INFO - [2024-05-03T02:08:36.071+0000] {dag.py:3954} INFO - Setting next_dagrun for example_subdag_operator.section-2 to None, run_after=None
[2024-05-03T02:08:36.096+0000] {processor.py:183} INFO - Processing /home/airflow/.local/lib/python3.12/site-packages/airflow/example_dags/example_subdag_operator.py took 0.219 seconds
[2024-05-03T02:09:06.295+0000] {processor.py:161} INFO - Started process (PID=248) to work on /home/airflow/.local/lib/python3.12/site-packages/airflow/example_dags/example_subdag_operator.py
[2024-05-03T02:09:06.296+0000] {processor.py:830} INFO - Processing file /home/airflow/.local/lib/python3.12/site-packages/airflow/example_dags/example_subdag_operator.py for tasks to queue
[2024-05-03T02:09:06.300+0000] {logging_mixin.py:188} INFO - [2024-05-03T02:09:06.300+0000] {dagbag.py:540} INFO - Filling up the DagBag from /home/airflow/.local/lib/python3.12/site-packages/airflow/example_dags/example_subdag_operator.py
[2024-05-03T02:09:06.347+0000] {processor.py:840} INFO - DAG(s) 'example_subdag_operator.section-1', 'example_subdag_operator.section-2', 'example_subdag_operator' retrieved from /home/airflow/.local/lib/python3.12/site-packages/airflow/example_dags/example_subdag_operator.py
[2024-05-03T02:09:06.386+0000] {logging_mixin.py:188} INFO - [2024-05-03T02:09:06.385+0000] {dag.py:3096} INFO - Sync 3 DAGs
[2024-05-03T02:09:06.433+0000] {logging_mixin.py:188} INFO - [2024-05-03T02:09:06.432+0000] {dag.py:3954} INFO - Setting next_dagrun for example_subdag_operator to 2022-01-01 00:00:00+00:00, run_after=2022-01-01 00:00:00+00:00
[2024-05-03T02:09:06.441+0000] {logging_mixin.py:188} INFO - [2024-05-03T02:09:06.440+0000] {dag.py:3954} INFO - Setting next_dagrun for example_subdag_operator.section-1 to None, run_after=None
[2024-05-03T02:09:06.444+0000] {logging_mixin.py:188} INFO - [2024-05-03T02:09:06.443+0000] {dag.py:3954} INFO - Setting next_dagrun for example_subdag_operator.section-2 to None, run_after=None
[2024-05-03T02:09:06.459+0000] {logging_mixin.py:188} INFO - [2024-05-03T02:09:06.459+0000] {dag.py:3096} INFO - Sync 2 DAGs
[2024-05-03T02:09:06.471+0000] {logging_mixin.py:188} INFO - [2024-05-03T02:09:06.470+0000] {dag.py:3954} INFO - Setting next_dagrun for example_subdag_operator.section-1 to None, run_after=None
[2024-05-03T02:09:06.472+0000] {logging_mixin.py:188} INFO - [2024-05-03T02:09:06.472+0000] {dag.py:3954} INFO - Setting next_dagrun for example_subdag_operator.section-2 to None, run_after=None
[2024-05-03T02:09:06.491+0000] {processor.py:183} INFO - Processing /home/airflow/.local/lib/python3.12/site-packages/airflow/example_dags/example_subdag_operator.py took 0.205 seconds
[2024-05-03T02:09:36.788+0000] {processor.py:161} INFO - Started process (PID=308) to work on /home/airflow/.local/lib/python3.12/site-packages/airflow/example_dags/example_subdag_operator.py
[2024-05-03T02:09:36.789+0000] {processor.py:830} INFO - Processing file /home/airflow/.local/lib/python3.12/site-packages/airflow/example_dags/example_subdag_operator.py for tasks to queue
[2024-05-03T02:09:36.791+0000] {logging_mixin.py:188} INFO - [2024-05-03T02:09:36.791+0000] {dagbag.py:540} INFO - Filling up the DagBag from /home/airflow/.local/lib/python3.12/site-packages/airflow/example_dags/example_subdag_operator.py
[2024-05-03T02:09:36.815+0000] {processor.py:840} INFO - DAG(s) 'example_subdag_operator.section-1', 'example_subdag_operator.section-2', 'example_subdag_operator' retrieved from /home/airflow/.local/lib/python3.12/site-packages/airflow/example_dags/example_subdag_operator.py
[2024-05-03T02:09:36.835+0000] {logging_mixin.py:188} INFO - [2024-05-03T02:09:36.835+0000] {dag.py:3096} INFO - Sync 3 DAGs
[2024-05-03T02:09:36.868+0000] {logging_mixin.py:188} INFO - [2024-05-03T02:09:36.868+0000] {dag.py:3954} INFO - Setting next_dagrun for example_subdag_operator to 2022-01-01 00:00:00+00:00, run_after=2022-01-01 00:00:00+00:00
[2024-05-03T02:09:36.875+0000] {logging_mixin.py:188} INFO - [2024-05-03T02:09:36.875+0000] {dag.py:3954} INFO - Setting next_dagrun for example_subdag_operator.section-1 to None, run_after=None
[2024-05-03T02:09:36.878+0000] {logging_mixin.py:188} INFO - [2024-05-03T02:09:36.877+0000] {dag.py:3954} INFO - Setting next_dagrun for example_subdag_operator.section-2 to None, run_after=None
[2024-05-03T02:09:36.889+0000] {logging_mixin.py:188} INFO - [2024-05-03T02:09:36.889+0000] {dag.py:3096} INFO - Sync 2 DAGs
[2024-05-03T02:09:36.897+0000] {logging_mixin.py:188} INFO - [2024-05-03T02:09:36.897+0000] {dag.py:3954} INFO - Setting next_dagrun for example_subdag_operator.section-1 to None, run_after=None
[2024-05-03T02:09:36.898+0000] {logging_mixin.py:188} INFO - [2024-05-03T02:09:36.897+0000] {dag.py:3954} INFO - Setting next_dagrun for example_subdag_operator.section-2 to None, run_after=None
[2024-05-03T02:09:36.916+0000] {processor.py:183} INFO - Processing /home/airflow/.local/lib/python3.12/site-packages/airflow/example_dags/example_subdag_operator.py took 0.133 seconds
[2024-05-03T02:10:07.863+0000] {processor.py:161} INFO - Started process (PID=367) to work on /home/airflow/.local/lib/python3.12/site-packages/airflow/example_dags/example_subdag_operator.py
[2024-05-03T02:10:07.865+0000] {processor.py:830} INFO - Processing file /home/airflow/.local/lib/python3.12/site-packages/airflow/example_dags/example_subdag_operator.py for tasks to queue
[2024-05-03T02:10:07.867+0000] {logging_mixin.py:188} INFO - [2024-05-03T02:10:07.867+0000] {dagbag.py:540} INFO - Filling up the DagBag from /home/airflow/.local/lib/python3.12/site-packages/airflow/example_dags/example_subdag_operator.py
[2024-05-03T02:10:07.905+0000] {processor.py:840} INFO - DAG(s) 'example_subdag_operator.section-1', 'example_subdag_operator.section-2', 'example_subdag_operator' retrieved from /home/airflow/.local/lib/python3.12/site-packages/airflow/example_dags/example_subdag_operator.py
[2024-05-03T02:10:07.939+0000] {logging_mixin.py:188} INFO - [2024-05-03T02:10:07.938+0000] {dag.py:3096} INFO - Sync 3 DAGs
[2024-05-03T02:10:07.990+0000] {logging_mixin.py:188} INFO - [2024-05-03T02:10:07.989+0000] {dag.py:3954} INFO - Setting next_dagrun for example_subdag_operator to 2022-01-01 00:00:00+00:00, run_after=2022-01-01 00:00:00+00:00
[2024-05-03T02:10:08.006+0000] {logging_mixin.py:188} INFO - [2024-05-03T02:10:08.006+0000] {dag.py:3954} INFO - Setting next_dagrun for example_subdag_operator.section-1 to None, run_after=None
[2024-05-03T02:10:08.011+0000] {logging_mixin.py:188} INFO - [2024-05-03T02:10:08.010+0000] {dag.py:3954} INFO - Setting next_dagrun for example_subdag_operator.section-2 to None, run_after=None
[2024-05-03T02:10:08.033+0000] {logging_mixin.py:188} INFO - [2024-05-03T02:10:08.033+0000] {dag.py:3096} INFO - Sync 2 DAGs
[2024-05-03T02:10:08.047+0000] {logging_mixin.py:188} INFO - [2024-05-03T02:10:08.047+0000] {dag.py:3954} INFO - Setting next_dagrun for example_subdag_operator.section-1 to None, run_after=None
[2024-05-03T02:10:08.048+0000] {logging_mixin.py:188} INFO - [2024-05-03T02:10:08.048+0000] {dag.py:3954} INFO - Setting next_dagrun for example_subdag_operator.section-2 to None, run_after=None
[2024-05-03T02:10:08.075+0000] {processor.py:183} INFO - Processing /home/airflow/.local/lib/python3.12/site-packages/airflow/example_dags/example_subdag_operator.py took 0.220 seconds
[2024-05-03T02:10:41.064+0000] {processor.py:161} INFO - Started process (PID=426) to work on /home/airflow/.local/lib/python3.12/site-packages/airflow/example_dags/example_subdag_operator.py
[2024-05-03T02:10:41.066+0000] {processor.py:830} INFO - Processing file /home/airflow/.local/lib/python3.12/site-packages/airflow/example_dags/example_subdag_operator.py for tasks to queue
[2024-05-03T02:10:41.070+0000] {logging_mixin.py:188} INFO - [2024-05-03T02:10:41.070+0000] {dagbag.py:540} INFO - Filling up the DagBag from /home/airflow/.local/lib/python3.12/site-packages/airflow/example_dags/example_subdag_operator.py
[2024-05-03T02:10:41.145+0000] {processor.py:840} INFO - DAG(s) 'example_subdag_operator.section-1', 'example_subdag_operator.section-2', 'example_subdag_operator' retrieved from /home/airflow/.local/lib/python3.12/site-packages/airflow/example_dags/example_subdag_operator.py
[2024-05-03T02:10:41.181+0000] {logging_mixin.py:188} INFO - [2024-05-03T02:10:41.181+0000] {dag.py:3096} INFO - Sync 3 DAGs
[2024-05-03T02:10:41.226+0000] {logging_mixin.py:188} INFO - [2024-05-03T02:10:41.225+0000] {dag.py:3954} INFO - Setting next_dagrun for example_subdag_operator to 2022-01-01 00:00:00+00:00, run_after=2022-01-01 00:00:00+00:00
[2024-05-03T02:10:41.239+0000] {logging_mixin.py:188} INFO - [2024-05-03T02:10:41.237+0000] {dag.py:3954} INFO - Setting next_dagrun for example_subdag_operator.section-1 to None, run_after=None
[2024-05-03T02:10:41.243+0000] {logging_mixin.py:188} INFO - [2024-05-03T02:10:41.243+0000] {dag.py:3954} INFO - Setting next_dagrun for example_subdag_operator.section-2 to None, run_after=None
[2024-05-03T02:10:41.259+0000] {logging_mixin.py:188} INFO - [2024-05-03T02:10:41.258+0000] {dag.py:3096} INFO - Sync 2 DAGs
[2024-05-03T02:10:41.273+0000] {logging_mixin.py:188} INFO - [2024-05-03T02:10:41.273+0000] {dag.py:3954} INFO - Setting next_dagrun for example_subdag_operator.section-1 to None, run_after=None
[2024-05-03T02:10:41.278+0000] {logging_mixin.py:188} INFO - [2024-05-03T02:10:41.276+0000] {dag.py:3954} INFO - Setting next_dagrun for example_subdag_operator.section-2 to None, run_after=None
[2024-05-03T02:10:41.321+0000] {processor.py:183} INFO - Processing /home/airflow/.local/lib/python3.12/site-packages/airflow/example_dags/example_subdag_operator.py took 0.273 seconds
[2024-05-03T02:11:12.197+0000] {processor.py:161} INFO - Started process (PID=485) to work on /home/airflow/.local/lib/python3.12/site-packages/airflow/example_dags/example_subdag_operator.py
[2024-05-03T02:11:12.201+0000] {processor.py:830} INFO - Processing file /home/airflow/.local/lib/python3.12/site-packages/airflow/example_dags/example_subdag_operator.py for tasks to queue
[2024-05-03T02:11:12.204+0000] {logging_mixin.py:188} INFO - [2024-05-03T02:11:12.203+0000] {dagbag.py:540} INFO - Filling up the DagBag from /home/airflow/.local/lib/python3.12/site-packages/airflow/example_dags/example_subdag_operator.py
[2024-05-03T02:11:12.260+0000] {processor.py:840} INFO - DAG(s) 'example_subdag_operator.section-1', 'example_subdag_operator.section-2', 'example_subdag_operator' retrieved from /home/airflow/.local/lib/python3.12/site-packages/airflow/example_dags/example_subdag_operator.py
[2024-05-03T02:11:12.293+0000] {logging_mixin.py:188} INFO - [2024-05-03T02:11:12.292+0000] {dag.py:3096} INFO - Sync 3 DAGs
[2024-05-03T02:11:12.335+0000] {logging_mixin.py:188} INFO - [2024-05-03T02:11:12.335+0000] {dag.py:3954} INFO - Setting next_dagrun for example_subdag_operator to 2022-01-01 00:00:00+00:00, run_after=2022-01-01 00:00:00+00:00
[2024-05-03T02:11:12.344+0000] {logging_mixin.py:188} INFO - [2024-05-03T02:11:12.344+0000] {dag.py:3954} INFO - Setting next_dagrun for example_subdag_operator.section-1 to None, run_after=None
[2024-05-03T02:11:12.348+0000] {logging_mixin.py:188} INFO - [2024-05-03T02:11:12.347+0000] {dag.py:3954} INFO - Setting next_dagrun for example_subdag_operator.section-2 to None, run_after=None
[2024-05-03T02:11:12.362+0000] {logging_mixin.py:188} INFO - [2024-05-03T02:11:12.362+0000] {dag.py:3096} INFO - Sync 2 DAGs
[2024-05-03T02:11:12.371+0000] {logging_mixin.py:188} INFO - [2024-05-03T02:11:12.371+0000] {dag.py:3954} INFO - Setting next_dagrun for example_subdag_operator.section-1 to None, run_after=None
[2024-05-03T02:11:12.372+0000] {logging_mixin.py:188} INFO - [2024-05-03T02:11:12.372+0000] {dag.py:3954} INFO - Setting next_dagrun for example_subdag_operator.section-2 to None, run_after=None
[2024-05-03T02:11:12.392+0000] {processor.py:183} INFO - Processing /home/airflow/.local/lib/python3.12/site-packages/airflow/example_dags/example_subdag_operator.py took 0.205 seconds
[2024-05-03T02:11:42.825+0000] {processor.py:161} INFO - Started process (PID=543) to work on /home/airflow/.local/lib/python3.12/site-packages/airflow/example_dags/example_subdag_operator.py
[2024-05-03T02:11:42.826+0000] {processor.py:830} INFO - Processing file /home/airflow/.local/lib/python3.12/site-packages/airflow/example_dags/example_subdag_operator.py for tasks to queue
[2024-05-03T02:11:42.828+0000] {logging_mixin.py:188} INFO - [2024-05-03T02:11:42.828+0000] {dagbag.py:540} INFO - Filling up the DagBag from /home/airflow/.local/lib/python3.12/site-packages/airflow/example_dags/example_subdag_operator.py
[2024-05-03T02:11:42.854+0000] {processor.py:840} INFO - DAG(s) 'example_subdag_operator.section-1', 'example_subdag_operator.section-2', 'example_subdag_operator' retrieved from /home/airflow/.local/lib/python3.12/site-packages/airflow/example_dags/example_subdag_operator.py
[2024-05-03T02:11:42.876+0000] {logging_mixin.py:188} INFO - [2024-05-03T02:11:42.876+0000] {dag.py:3096} INFO - Sync 3 DAGs
[2024-05-03T02:11:42.902+0000] {logging_mixin.py:188} INFO - [2024-05-03T02:11:42.902+0000] {dag.py:3954} INFO - Setting next_dagrun for example_subdag_operator to 2022-01-01 00:00:00+00:00, run_after=2022-01-01 00:00:00+00:00
[2024-05-03T02:11:42.907+0000] {logging_mixin.py:188} INFO - [2024-05-03T02:11:42.907+0000] {dag.py:3954} INFO - Setting next_dagrun for example_subdag_operator.section-1 to None, run_after=None
[2024-05-03T02:11:42.909+0000] {logging_mixin.py:188} INFO - [2024-05-03T02:11:42.909+0000] {dag.py:3954} INFO - Setting next_dagrun for example_subdag_operator.section-2 to None, run_after=None
[2024-05-03T02:11:42.918+0000] {logging_mixin.py:188} INFO - [2024-05-03T02:11:42.917+0000] {dag.py:3096} INFO - Sync 2 DAGs
[2024-05-03T02:11:42.923+0000] {logging_mixin.py:188} INFO - [2024-05-03T02:11:42.923+0000] {dag.py:3954} INFO - Setting next_dagrun for example_subdag_operator.section-1 to None, run_after=None
[2024-05-03T02:11:42.924+0000] {logging_mixin.py:188} INFO - [2024-05-03T02:11:42.924+0000] {dag.py:3954} INFO - Setting next_dagrun for example_subdag_operator.section-2 to None, run_after=None
[2024-05-03T02:11:42.936+0000] {processor.py:183} INFO - Processing /home/airflow/.local/lib/python3.12/site-packages/airflow/example_dags/example_subdag_operator.py took 0.116 seconds
[2024-05-03T02:12:13.303+0000] {processor.py:161} INFO - Started process (PID=602) to work on /home/airflow/.local/lib/python3.12/site-packages/airflow/example_dags/example_subdag_operator.py
[2024-05-03T02:12:13.305+0000] {processor.py:830} INFO - Processing file /home/airflow/.local/lib/python3.12/site-packages/airflow/example_dags/example_subdag_operator.py for tasks to queue
[2024-05-03T02:12:13.308+0000] {logging_mixin.py:188} INFO - [2024-05-03T02:12:13.307+0000] {dagbag.py:540} INFO - Filling up the DagBag from /home/airflow/.local/lib/python3.12/site-packages/airflow/example_dags/example_subdag_operator.py
[2024-05-03T02:12:13.338+0000] {processor.py:840} INFO - DAG(s) 'example_subdag_operator.section-1', 'example_subdag_operator.section-2', 'example_subdag_operator' retrieved from /home/airflow/.local/lib/python3.12/site-packages/airflow/example_dags/example_subdag_operator.py
[2024-05-03T02:12:13.358+0000] {logging_mixin.py:188} INFO - [2024-05-03T02:12:13.357+0000] {dag.py:3096} INFO - Sync 3 DAGs
[2024-05-03T02:12:13.392+0000] {logging_mixin.py:188} INFO - [2024-05-03T02:12:13.391+0000] {dag.py:3954} INFO - Setting next_dagrun for example_subdag_operator to 2022-01-01 00:00:00+00:00, run_after=2022-01-01 00:00:00+00:00
[2024-05-03T02:12:13.398+0000] {logging_mixin.py:188} INFO - [2024-05-03T02:12:13.398+0000] {dag.py:3954} INFO - Setting next_dagrun for example_subdag_operator.section-1 to None, run_after=None
[2024-05-03T02:12:13.401+0000] {logging_mixin.py:188} INFO - [2024-05-03T02:12:13.401+0000] {dag.py:3954} INFO - Setting next_dagrun for example_subdag_operator.section-2 to None, run_after=None
[2024-05-03T02:12:13.411+0000] {logging_mixin.py:188} INFO - [2024-05-03T02:12:13.411+0000] {dag.py:3096} INFO - Sync 2 DAGs
[2024-05-03T02:12:13.419+0000] {logging_mixin.py:188} INFO - [2024-05-03T02:12:13.418+0000] {dag.py:3954} INFO - Setting next_dagrun for example_subdag_operator.section-1 to None, run_after=None
[2024-05-03T02:12:13.419+0000] {logging_mixin.py:188} INFO - [2024-05-03T02:12:13.419+0000] {dag.py:3954} INFO - Setting next_dagrun for example_subdag_operator.section-2 to None, run_after=None
[2024-05-03T02:12:13.436+0000] {processor.py:183} INFO - Processing /home/airflow/.local/lib/python3.12/site-packages/airflow/example_dags/example_subdag_operator.py took 0.141 seconds
