[2024-05-03T02:07:35.534+0000] {processor.py:161} INFO - Started process (PID=81) to work on /home/airflow/.local/lib/python3.12/site-packages/airflow/example_dags/example_short_circuit_operator.py
[2024-05-03T02:07:35.535+0000] {processor.py:830} INFO - Processing file /home/airflow/.local/lib/python3.12/site-packages/airflow/example_dags/example_short_circuit_operator.py for tasks to queue
[2024-05-03T02:07:35.536+0000] {logging_mixin.py:188} INFO - [2024-05-03T02:07:35.536+0000] {dagbag.py:540} INFO - Filling up the DagBag from /home/airflow/.local/lib/python3.12/site-packages/airflow/example_dags/example_short_circuit_operator.py
[2024-05-03T02:07:35.545+0000] {processor.py:840} INFO - DAG(s) 'example_short_circuit_operator' retrieved from /home/airflow/.local/lib/python3.12/site-packages/airflow/example_dags/example_short_circuit_operator.py
[2024-05-03T02:07:35.572+0000] {logging_mixin.py:188} INFO - [2024-05-03T02:07:35.572+0000] {dag.py:3096} INFO - Sync 1 DAGs
[2024-05-03T02:07:35.597+0000] {logging_mixin.py:188} INFO - [2024-05-03T02:07:35.597+0000] {dag.py:3954} INFO - Setting next_dagrun for example_short_circuit_operator to 2024-05-02 00:00:00+00:00, run_after=2024-05-03 00:00:00+00:00
[2024-05-03T02:07:35.618+0000] {processor.py:183} INFO - Processing /home/airflow/.local/lib/python3.12/site-packages/airflow/example_dags/example_short_circuit_operator.py took 0.090 seconds
[2024-05-03T02:08:06.390+0000] {processor.py:161} INFO - Started process (PID=140) to work on /home/airflow/.local/lib/python3.12/site-packages/airflow/example_dags/example_short_circuit_operator.py
[2024-05-03T02:08:06.391+0000] {processor.py:830} INFO - Processing file /home/airflow/.local/lib/python3.12/site-packages/airflow/example_dags/example_short_circuit_operator.py for tasks to queue
[2024-05-03T02:08:06.393+0000] {logging_mixin.py:188} INFO - [2024-05-03T02:08:06.393+0000] {dagbag.py:540} INFO - Filling up the DagBag from /home/airflow/.local/lib/python3.12/site-packages/airflow/example_dags/example_short_circuit_operator.py
[2024-05-03T02:08:06.402+0000] {processor.py:840} INFO - DAG(s) 'example_short_circuit_operator' retrieved from /home/airflow/.local/lib/python3.12/site-packages/airflow/example_dags/example_short_circuit_operator.py
[2024-05-03T02:08:06.440+0000] {logging_mixin.py:188} INFO - [2024-05-03T02:08:06.439+0000] {dag.py:3096} INFO - Sync 1 DAGs
[2024-05-03T02:08:06.471+0000] {logging_mixin.py:188} INFO - [2024-05-03T02:08:06.471+0000] {dag.py:3954} INFO - Setting next_dagrun for example_short_circuit_operator to 2024-05-02 00:00:00+00:00, run_after=2024-05-03 00:00:00+00:00
[2024-05-03T02:08:06.497+0000] {processor.py:183} INFO - Processing /home/airflow/.local/lib/python3.12/site-packages/airflow/example_dags/example_short_circuit_operator.py took 0.113 seconds
[2024-05-03T02:08:37.453+0000] {processor.py:161} INFO - Started process (PID=199) to work on /home/airflow/.local/lib/python3.12/site-packages/airflow/example_dags/example_short_circuit_operator.py
[2024-05-03T02:08:37.455+0000] {processor.py:830} INFO - Processing file /home/airflow/.local/lib/python3.12/site-packages/airflow/example_dags/example_short_circuit_operator.py for tasks to queue
[2024-05-03T02:08:37.458+0000] {logging_mixin.py:188} INFO - [2024-05-03T02:08:37.458+0000] {dagbag.py:540} INFO - Filling up the DagBag from /home/airflow/.local/lib/python3.12/site-packages/airflow/example_dags/example_short_circuit_operator.py
[2024-05-03T02:08:37.472+0000] {processor.py:840} INFO - DAG(s) 'example_short_circuit_operator' retrieved from /home/airflow/.local/lib/python3.12/site-packages/airflow/example_dags/example_short_circuit_operator.py
[2024-05-03T02:08:37.521+0000] {logging_mixin.py:188} INFO - [2024-05-03T02:08:37.521+0000] {dag.py:3096} INFO - Sync 1 DAGs
[2024-05-03T02:08:37.585+0000] {logging_mixin.py:188} INFO - [2024-05-03T02:08:37.584+0000] {dag.py:3954} INFO - Setting next_dagrun for example_short_circuit_operator to 2024-05-02 00:00:00+00:00, run_after=2024-05-03 00:00:00+00:00
[2024-05-03T02:08:37.630+0000] {processor.py:183} INFO - Processing /home/airflow/.local/lib/python3.12/site-packages/airflow/example_dags/example_short_circuit_operator.py took 0.191 seconds
[2024-05-03T02:09:08.112+0000] {processor.py:161} INFO - Started process (PID=258) to work on /home/airflow/.local/lib/python3.12/site-packages/airflow/example_dags/example_short_circuit_operator.py
[2024-05-03T02:09:08.118+0000] {processor.py:830} INFO - Processing file /home/airflow/.local/lib/python3.12/site-packages/airflow/example_dags/example_short_circuit_operator.py for tasks to queue
[2024-05-03T02:09:08.128+0000] {logging_mixin.py:188} INFO - [2024-05-03T02:09:08.126+0000] {dagbag.py:540} INFO - Filling up the DagBag from /home/airflow/.local/lib/python3.12/site-packages/airflow/example_dags/example_short_circuit_operator.py
[2024-05-03T02:09:08.146+0000] {processor.py:840} INFO - DAG(s) 'example_short_circuit_operator' retrieved from /home/airflow/.local/lib/python3.12/site-packages/airflow/example_dags/example_short_circuit_operator.py
[2024-05-03T02:09:08.209+0000] {logging_mixin.py:188} INFO - [2024-05-03T02:09:08.208+0000] {dag.py:3096} INFO - Sync 1 DAGs
[2024-05-03T02:09:08.265+0000] {logging_mixin.py:188} INFO - [2024-05-03T02:09:08.264+0000] {dag.py:3954} INFO - Setting next_dagrun for example_short_circuit_operator to 2024-05-02 00:00:00+00:00, run_after=2024-05-03 00:00:00+00:00
[2024-05-03T02:09:08.319+0000] {processor.py:183} INFO - Processing /home/airflow/.local/lib/python3.12/site-packages/airflow/example_dags/example_short_circuit_operator.py took 0.218 seconds
[2024-05-03T02:09:38.566+0000] {processor.py:161} INFO - Started process (PID=318) to work on /home/airflow/.local/lib/python3.12/site-packages/airflow/example_dags/example_short_circuit_operator.py
[2024-05-03T02:09:38.567+0000] {processor.py:830} INFO - Processing file /home/airflow/.local/lib/python3.12/site-packages/airflow/example_dags/example_short_circuit_operator.py for tasks to queue
[2024-05-03T02:09:38.569+0000] {logging_mixin.py:188} INFO - [2024-05-03T02:09:38.569+0000] {dagbag.py:540} INFO - Filling up the DagBag from /home/airflow/.local/lib/python3.12/site-packages/airflow/example_dags/example_short_circuit_operator.py
[2024-05-03T02:09:38.576+0000] {processor.py:840} INFO - DAG(s) 'example_short_circuit_operator' retrieved from /home/airflow/.local/lib/python3.12/site-packages/airflow/example_dags/example_short_circuit_operator.py
[2024-05-03T02:09:38.600+0000] {logging_mixin.py:188} INFO - [2024-05-03T02:09:38.600+0000] {dag.py:3096} INFO - Sync 1 DAGs
[2024-05-03T02:09:38.623+0000] {logging_mixin.py:188} INFO - [2024-05-03T02:09:38.623+0000] {dag.py:3954} INFO - Setting next_dagrun for example_short_circuit_operator to 2024-05-02 00:00:00+00:00, run_after=2024-05-03 00:00:00+00:00
[2024-05-03T02:09:38.641+0000] {processor.py:183} INFO - Processing /home/airflow/.local/lib/python3.12/site-packages/airflow/example_dags/example_short_circuit_operator.py took 0.081 seconds
[2024-05-03T02:10:09.289+0000] {processor.py:161} INFO - Started process (PID=377) to work on /home/airflow/.local/lib/python3.12/site-packages/airflow/example_dags/example_short_circuit_operator.py
[2024-05-03T02:10:09.290+0000] {processor.py:830} INFO - Processing file /home/airflow/.local/lib/python3.12/site-packages/airflow/example_dags/example_short_circuit_operator.py for tasks to queue
[2024-05-03T02:10:09.293+0000] {logging_mixin.py:188} INFO - [2024-05-03T02:10:09.292+0000] {dagbag.py:540} INFO - Filling up the DagBag from /home/airflow/.local/lib/python3.12/site-packages/airflow/example_dags/example_short_circuit_operator.py
[2024-05-03T02:10:09.308+0000] {processor.py:840} INFO - DAG(s) 'example_short_circuit_operator' retrieved from /home/airflow/.local/lib/python3.12/site-packages/airflow/example_dags/example_short_circuit_operator.py
[2024-05-03T02:10:09.346+0000] {logging_mixin.py:188} INFO - [2024-05-03T02:10:09.345+0000] {dag.py:3096} INFO - Sync 1 DAGs
[2024-05-03T02:10:09.395+0000] {logging_mixin.py:188} INFO - [2024-05-03T02:10:09.395+0000] {dag.py:3954} INFO - Setting next_dagrun for example_short_circuit_operator to 2024-05-02 00:00:00+00:00, run_after=2024-05-03 00:00:00+00:00
[2024-05-03T02:10:09.438+0000] {processor.py:183} INFO - Processing /home/airflow/.local/lib/python3.12/site-packages/airflow/example_dags/example_short_circuit_operator.py took 0.158 seconds
[2024-05-03T02:10:42.512+0000] {processor.py:161} INFO - Started process (PID=436) to work on /home/airflow/.local/lib/python3.12/site-packages/airflow/example_dags/example_short_circuit_operator.py
[2024-05-03T02:10:42.514+0000] {processor.py:830} INFO - Processing file /home/airflow/.local/lib/python3.12/site-packages/airflow/example_dags/example_short_circuit_operator.py for tasks to queue
[2024-05-03T02:10:42.522+0000] {logging_mixin.py:188} INFO - [2024-05-03T02:10:42.519+0000] {dagbag.py:540} INFO - Filling up the DagBag from /home/airflow/.local/lib/python3.12/site-packages/airflow/example_dags/example_short_circuit_operator.py
[2024-05-03T02:10:42.539+0000] {processor.py:840} INFO - DAG(s) 'example_short_circuit_operator' retrieved from /home/airflow/.local/lib/python3.12/site-packages/airflow/example_dags/example_short_circuit_operator.py
[2024-05-03T02:10:42.582+0000] {logging_mixin.py:188} INFO - [2024-05-03T02:10:42.582+0000] {dag.py:3096} INFO - Sync 1 DAGs
[2024-05-03T02:10:42.621+0000] {logging_mixin.py:188} INFO - [2024-05-03T02:10:42.620+0000] {dag.py:3954} INFO - Setting next_dagrun for example_short_circuit_operator to 2024-05-02 00:00:00+00:00, run_after=2024-05-03 00:00:00+00:00
[2024-05-03T02:10:42.657+0000] {processor.py:183} INFO - Processing /home/airflow/.local/lib/python3.12/site-packages/airflow/example_dags/example_short_circuit_operator.py took 0.160 seconds
[2024-05-03T02:11:13.382+0000] {processor.py:161} INFO - Started process (PID=495) to work on /home/airflow/.local/lib/python3.12/site-packages/airflow/example_dags/example_short_circuit_operator.py
[2024-05-03T02:11:13.384+0000] {processor.py:830} INFO - Processing file /home/airflow/.local/lib/python3.12/site-packages/airflow/example_dags/example_short_circuit_operator.py for tasks to queue
[2024-05-03T02:11:13.386+0000] {logging_mixin.py:188} INFO - [2024-05-03T02:11:13.386+0000] {dagbag.py:540} INFO - Filling up the DagBag from /home/airflow/.local/lib/python3.12/site-packages/airflow/example_dags/example_short_circuit_operator.py
[2024-05-03T02:11:13.395+0000] {processor.py:840} INFO - DAG(s) 'example_short_circuit_operator' retrieved from /home/airflow/.local/lib/python3.12/site-packages/airflow/example_dags/example_short_circuit_operator.py
[2024-05-03T02:11:13.425+0000] {logging_mixin.py:188} INFO - [2024-05-03T02:11:13.424+0000] {dag.py:3096} INFO - Sync 1 DAGs
[2024-05-03T02:11:13.454+0000] {logging_mixin.py:188} INFO - [2024-05-03T02:11:13.454+0000] {dag.py:3954} INFO - Setting next_dagrun for example_short_circuit_operator to 2024-05-02 00:00:00+00:00, run_after=2024-05-03 00:00:00+00:00
[2024-05-03T02:11:13.480+0000] {processor.py:183} INFO - Processing /home/airflow/.local/lib/python3.12/site-packages/airflow/example_dags/example_short_circuit_operator.py took 0.106 seconds
[2024-05-03T02:11:43.560+0000] {processor.py:161} INFO - Started process (PID=554) to work on /home/airflow/.local/lib/python3.12/site-packages/airflow/example_dags/example_short_circuit_operator.py
[2024-05-03T02:11:43.561+0000] {processor.py:830} INFO - Processing file /home/airflow/.local/lib/python3.12/site-packages/airflow/example_dags/example_short_circuit_operator.py for tasks to queue
[2024-05-03T02:11:43.563+0000] {logging_mixin.py:188} INFO - [2024-05-03T02:11:43.562+0000] {dagbag.py:540} INFO - Filling up the DagBag from /home/airflow/.local/lib/python3.12/site-packages/airflow/example_dags/example_short_circuit_operator.py
[2024-05-03T02:11:43.570+0000] {processor.py:840} INFO - DAG(s) 'example_short_circuit_operator' retrieved from /home/airflow/.local/lib/python3.12/site-packages/airflow/example_dags/example_short_circuit_operator.py
[2024-05-03T02:11:43.595+0000] {logging_mixin.py:188} INFO - [2024-05-03T02:11:43.595+0000] {dag.py:3096} INFO - Sync 1 DAGs
[2024-05-03T02:11:43.618+0000] {logging_mixin.py:188} INFO - [2024-05-03T02:11:43.618+0000] {dag.py:3954} INFO - Setting next_dagrun for example_short_circuit_operator to 2024-05-02 00:00:00+00:00, run_after=2024-05-03 00:00:00+00:00
[2024-05-03T02:11:43.636+0000] {processor.py:183} INFO - Processing /home/airflow/.local/lib/python3.12/site-packages/airflow/example_dags/example_short_circuit_operator.py took 0.082 seconds
[2024-05-03T02:12:14.255+0000] {processor.py:161} INFO - Started process (PID=612) to work on /home/airflow/.local/lib/python3.12/site-packages/airflow/example_dags/example_short_circuit_operator.py
[2024-05-03T02:12:14.257+0000] {processor.py:830} INFO - Processing file /home/airflow/.local/lib/python3.12/site-packages/airflow/example_dags/example_short_circuit_operator.py for tasks to queue
[2024-05-03T02:12:14.258+0000] {logging_mixin.py:188} INFO - [2024-05-03T02:12:14.258+0000] {dagbag.py:540} INFO - Filling up the DagBag from /home/airflow/.local/lib/python3.12/site-packages/airflow/example_dags/example_short_circuit_operator.py
[2024-05-03T02:12:14.267+0000] {processor.py:840} INFO - DAG(s) 'example_short_circuit_operator' retrieved from /home/airflow/.local/lib/python3.12/site-packages/airflow/example_dags/example_short_circuit_operator.py
[2024-05-03T02:12:14.298+0000] {logging_mixin.py:188} INFO - [2024-05-03T02:12:14.298+0000] {dag.py:3096} INFO - Sync 1 DAGs
[2024-05-03T02:12:14.325+0000] {logging_mixin.py:188} INFO - [2024-05-03T02:12:14.325+0000] {dag.py:3954} INFO - Setting next_dagrun for example_short_circuit_operator to 2024-05-02 00:00:00+00:00, run_after=2024-05-03 00:00:00+00:00
[2024-05-03T02:12:14.345+0000] {processor.py:183} INFO - Processing /home/airflow/.local/lib/python3.12/site-packages/airflow/example_dags/example_short_circuit_operator.py took 0.096 seconds
