[2024-05-03T02:07:34.286+0000] {processor.py:161} INFO - Started process (PID=66) to work on /home/airflow/.local/lib/python3.12/site-packages/airflow/example_dags/example_params_trigger_ui.py
[2024-05-03T02:07:34.288+0000] {processor.py:830} INFO - Processing file /home/airflow/.local/lib/python3.12/site-packages/airflow/example_dags/example_params_trigger_ui.py for tasks to queue
[2024-05-03T02:07:34.290+0000] {logging_mixin.py:188} INFO - [2024-05-03T02:07:34.290+0000] {dagbag.py:540} INFO - Filling up the DagBag from /home/airflow/.local/lib/python3.12/site-packages/airflow/example_dags/example_params_trigger_ui.py
[2024-05-03T02:07:34.312+0000] {processor.py:840} INFO - DAG(s) 'example_params_trigger_ui' retrieved from /home/airflow/.local/lib/python3.12/site-packages/airflow/example_dags/example_params_trigger_ui.py
[2024-05-03T02:07:34.395+0000] {logging_mixin.py:188} INFO - [2024-05-03T02:07:34.394+0000] {dag.py:3096} INFO - Sync 1 DAGs
[2024-05-03T02:07:34.413+0000] {logging_mixin.py:188} INFO - [2024-05-03T02:07:34.412+0000] {dag.py:3954} INFO - Setting next_dagrun for example_params_trigger_ui to None, run_after=None
[2024-05-03T02:07:34.437+0000] {processor.py:183} INFO - Processing /home/airflow/.local/lib/python3.12/site-packages/airflow/example_dags/example_params_trigger_ui.py took 0.156 seconds
[2024-05-03T02:08:04.691+0000] {processor.py:161} INFO - Started process (PID=125) to work on /home/airflow/.local/lib/python3.12/site-packages/airflow/example_dags/example_params_trigger_ui.py
[2024-05-03T02:08:04.695+0000] {processor.py:830} INFO - Processing file /home/airflow/.local/lib/python3.12/site-packages/airflow/example_dags/example_params_trigger_ui.py for tasks to queue
[2024-05-03T02:08:04.701+0000] {logging_mixin.py:188} INFO - [2024-05-03T02:08:04.700+0000] {dagbag.py:540} INFO - Filling up the DagBag from /home/airflow/.local/lib/python3.12/site-packages/airflow/example_dags/example_params_trigger_ui.py
[2024-05-03T02:08:04.769+0000] {processor.py:840} INFO - DAG(s) 'example_params_trigger_ui' retrieved from /home/airflow/.local/lib/python3.12/site-packages/airflow/example_dags/example_params_trigger_ui.py
[2024-05-03T02:08:04.874+0000] {logging_mixin.py:188} INFO - [2024-05-03T02:08:04.873+0000] {dag.py:3096} INFO - Sync 1 DAGs
[2024-05-03T02:08:04.929+0000] {logging_mixin.py:188} INFO - [2024-05-03T02:08:04.928+0000] {dag.py:3954} INFO - Setting next_dagrun for example_params_trigger_ui to None, run_after=None
[2024-05-03T02:08:04.961+0000] {processor.py:183} INFO - Processing /home/airflow/.local/lib/python3.12/site-packages/airflow/example_dags/example_params_trigger_ui.py took 0.282 seconds
[2024-05-03T02:08:35.301+0000] {processor.py:161} INFO - Started process (PID=184) to work on /home/airflow/.local/lib/python3.12/site-packages/airflow/example_dags/example_params_trigger_ui.py
[2024-05-03T02:08:35.303+0000] {processor.py:830} INFO - Processing file /home/airflow/.local/lib/python3.12/site-packages/airflow/example_dags/example_params_trigger_ui.py for tasks to queue
[2024-05-03T02:08:35.306+0000] {logging_mixin.py:188} INFO - [2024-05-03T02:08:35.306+0000] {dagbag.py:540} INFO - Filling up the DagBag from /home/airflow/.local/lib/python3.12/site-packages/airflow/example_dags/example_params_trigger_ui.py
[2024-05-03T02:08:35.330+0000] {processor.py:840} INFO - DAG(s) 'example_params_trigger_ui' retrieved from /home/airflow/.local/lib/python3.12/site-packages/airflow/example_dags/example_params_trigger_ui.py
[2024-05-03T02:08:35.439+0000] {logging_mixin.py:188} INFO - [2024-05-03T02:08:35.438+0000] {dag.py:3096} INFO - Sync 1 DAGs
[2024-05-03T02:08:35.469+0000] {logging_mixin.py:188} INFO - [2024-05-03T02:08:35.469+0000] {dag.py:3954} INFO - Setting next_dagrun for example_params_trigger_ui to None, run_after=None
[2024-05-03T02:08:35.505+0000] {processor.py:183} INFO - Processing /home/airflow/.local/lib/python3.12/site-packages/airflow/example_dags/example_params_trigger_ui.py took 0.216 seconds
[2024-05-03T02:09:05.671+0000] {processor.py:161} INFO - Started process (PID=243) to work on /home/airflow/.local/lib/python3.12/site-packages/airflow/example_dags/example_params_trigger_ui.py
[2024-05-03T02:09:05.673+0000] {processor.py:830} INFO - Processing file /home/airflow/.local/lib/python3.12/site-packages/airflow/example_dags/example_params_trigger_ui.py for tasks to queue
[2024-05-03T02:09:05.676+0000] {logging_mixin.py:188} INFO - [2024-05-03T02:09:05.675+0000] {dagbag.py:540} INFO - Filling up the DagBag from /home/airflow/.local/lib/python3.12/site-packages/airflow/example_dags/example_params_trigger_ui.py
[2024-05-03T02:09:05.699+0000] {processor.py:840} INFO - DAG(s) 'example_params_trigger_ui' retrieved from /home/airflow/.local/lib/python3.12/site-packages/airflow/example_dags/example_params_trigger_ui.py
[2024-05-03T02:09:05.796+0000] {logging_mixin.py:188} INFO - [2024-05-03T02:09:05.796+0000] {dag.py:3096} INFO - Sync 1 DAGs
[2024-05-03T02:09:05.820+0000] {logging_mixin.py:188} INFO - [2024-05-03T02:09:05.820+0000] {dag.py:3954} INFO - Setting next_dagrun for example_params_trigger_ui to None, run_after=None
[2024-05-03T02:09:05.858+0000] {processor.py:183} INFO - Processing /home/airflow/.local/lib/python3.12/site-packages/airflow/example_dags/example_params_trigger_ui.py took 0.197 seconds
[2024-05-03T02:09:36.448+0000] {processor.py:161} INFO - Started process (PID=303) to work on /home/airflow/.local/lib/python3.12/site-packages/airflow/example_dags/example_params_trigger_ui.py
[2024-05-03T02:09:36.449+0000] {processor.py:830} INFO - Processing file /home/airflow/.local/lib/python3.12/site-packages/airflow/example_dags/example_params_trigger_ui.py for tasks to queue
[2024-05-03T02:09:36.451+0000] {logging_mixin.py:188} INFO - [2024-05-03T02:09:36.450+0000] {dagbag.py:540} INFO - Filling up the DagBag from /home/airflow/.local/lib/python3.12/site-packages/airflow/example_dags/example_params_trigger_ui.py
[2024-05-03T02:09:36.464+0000] {processor.py:840} INFO - DAG(s) 'example_params_trigger_ui' retrieved from /home/airflow/.local/lib/python3.12/site-packages/airflow/example_dags/example_params_trigger_ui.py
[2024-05-03T02:09:36.527+0000] {logging_mixin.py:188} INFO - [2024-05-03T02:09:36.527+0000] {dag.py:3096} INFO - Sync 1 DAGs
[2024-05-03T02:09:36.550+0000] {logging_mixin.py:188} INFO - [2024-05-03T02:09:36.549+0000] {dag.py:3954} INFO - Setting next_dagrun for example_params_trigger_ui to None, run_after=None
[2024-05-03T02:09:36.574+0000] {processor.py:183} INFO - Processing /home/airflow/.local/lib/python3.12/site-packages/airflow/example_dags/example_params_trigger_ui.py took 0.132 seconds
[2024-05-03T02:10:07.405+0000] {processor.py:161} INFO - Started process (PID=362) to work on /home/airflow/.local/lib/python3.12/site-packages/airflow/example_dags/example_params_trigger_ui.py
[2024-05-03T02:10:07.407+0000] {processor.py:830} INFO - Processing file /home/airflow/.local/lib/python3.12/site-packages/airflow/example_dags/example_params_trigger_ui.py for tasks to queue
[2024-05-03T02:10:07.411+0000] {logging_mixin.py:188} INFO - [2024-05-03T02:10:07.411+0000] {dagbag.py:540} INFO - Filling up the DagBag from /home/airflow/.local/lib/python3.12/site-packages/airflow/example_dags/example_params_trigger_ui.py
[2024-05-03T02:10:07.440+0000] {processor.py:840} INFO - DAG(s) 'example_params_trigger_ui' retrieved from /home/airflow/.local/lib/python3.12/site-packages/airflow/example_dags/example_params_trigger_ui.py
[2024-05-03T02:10:07.531+0000] {logging_mixin.py:188} INFO - [2024-05-03T02:10:07.531+0000] {dag.py:3096} INFO - Sync 1 DAGs
[2024-05-03T02:10:07.560+0000] {logging_mixin.py:188} INFO - [2024-05-03T02:10:07.559+0000] {dag.py:3954} INFO - Setting next_dagrun for example_params_trigger_ui to None, run_after=None
[2024-05-03T02:10:07.592+0000] {processor.py:183} INFO - Processing /home/airflow/.local/lib/python3.12/site-packages/airflow/example_dags/example_params_trigger_ui.py took 0.196 seconds
[2024-05-03T02:10:39.982+0000] {processor.py:161} INFO - Started process (PID=421) to work on /home/airflow/.local/lib/python3.12/site-packages/airflow/example_dags/example_params_trigger_ui.py
[2024-05-03T02:10:39.984+0000] {processor.py:830} INFO - Processing file /home/airflow/.local/lib/python3.12/site-packages/airflow/example_dags/example_params_trigger_ui.py for tasks to queue
[2024-05-03T02:10:39.989+0000] {logging_mixin.py:188} INFO - [2024-05-03T02:10:39.989+0000] {dagbag.py:540} INFO - Filling up the DagBag from /home/airflow/.local/lib/python3.12/site-packages/airflow/example_dags/example_params_trigger_ui.py
[2024-05-03T02:10:40.036+0000] {processor.py:840} INFO - DAG(s) 'example_params_trigger_ui' retrieved from /home/airflow/.local/lib/python3.12/site-packages/airflow/example_dags/example_params_trigger_ui.py
[2024-05-03T02:10:40.208+0000] {logging_mixin.py:188} INFO - [2024-05-03T02:10:40.207+0000] {dag.py:3096} INFO - Sync 1 DAGs
[2024-05-03T02:10:40.277+0000] {logging_mixin.py:188} INFO - [2024-05-03T02:10:40.276+0000] {dag.py:3954} INFO - Setting next_dagrun for example_params_trigger_ui to None, run_after=None
[2024-05-03T02:10:40.362+0000] {processor.py:183} INFO - Processing /home/airflow/.local/lib/python3.12/site-packages/airflow/example_dags/example_params_trigger_ui.py took 0.394 seconds
[2024-05-03T02:11:11.267+0000] {processor.py:161} INFO - Started process (PID=480) to work on /home/airflow/.local/lib/python3.12/site-packages/airflow/example_dags/example_params_trigger_ui.py
[2024-05-03T02:11:11.270+0000] {processor.py:830} INFO - Processing file /home/airflow/.local/lib/python3.12/site-packages/airflow/example_dags/example_params_trigger_ui.py for tasks to queue
[2024-05-03T02:11:11.273+0000] {logging_mixin.py:188} INFO - [2024-05-03T02:11:11.273+0000] {dagbag.py:540} INFO - Filling up the DagBag from /home/airflow/.local/lib/python3.12/site-packages/airflow/example_dags/example_params_trigger_ui.py
[2024-05-03T02:11:11.310+0000] {processor.py:840} INFO - DAG(s) 'example_params_trigger_ui' retrieved from /home/airflow/.local/lib/python3.12/site-packages/airflow/example_dags/example_params_trigger_ui.py
[2024-05-03T02:11:11.439+0000] {logging_mixin.py:188} INFO - [2024-05-03T02:11:11.438+0000] {dag.py:3096} INFO - Sync 1 DAGs
[2024-05-03T02:11:11.464+0000] {logging_mixin.py:188} INFO - [2024-05-03T02:11:11.463+0000] {dag.py:3954} INFO - Setting next_dagrun for example_params_trigger_ui to None, run_after=None
[2024-05-03T02:11:11.503+0000] {processor.py:183} INFO - Processing /home/airflow/.local/lib/python3.12/site-packages/airflow/example_dags/example_params_trigger_ui.py took 0.248 seconds
[2024-05-03T02:11:42.142+0000] {processor.py:161} INFO - Started process (PID=538) to work on /home/airflow/.local/lib/python3.12/site-packages/airflow/example_dags/example_params_trigger_ui.py
[2024-05-03T02:11:42.143+0000] {processor.py:830} INFO - Processing file /home/airflow/.local/lib/python3.12/site-packages/airflow/example_dags/example_params_trigger_ui.py for tasks to queue
[2024-05-03T02:11:42.148+0000] {logging_mixin.py:188} INFO - [2024-05-03T02:11:42.147+0000] {dagbag.py:540} INFO - Filling up the DagBag from /home/airflow/.local/lib/python3.12/site-packages/airflow/example_dags/example_params_trigger_ui.py
[2024-05-03T02:11:42.170+0000] {processor.py:840} INFO - DAG(s) 'example_params_trigger_ui' retrieved from /home/airflow/.local/lib/python3.12/site-packages/airflow/example_dags/example_params_trigger_ui.py
[2024-05-03T02:11:42.254+0000] {logging_mixin.py:188} INFO - [2024-05-03T02:11:42.253+0000] {dag.py:3096} INFO - Sync 1 DAGs
[2024-05-03T02:11:42.273+0000] {logging_mixin.py:188} INFO - [2024-05-03T02:11:42.273+0000] {dag.py:3954} INFO - Setting next_dagrun for example_params_trigger_ui to None, run_after=None
[2024-05-03T02:11:42.307+0000] {processor.py:183} INFO - Processing /home/airflow/.local/lib/python3.12/site-packages/airflow/example_dags/example_params_trigger_ui.py took 0.173 seconds
[2024-05-03T02:12:12.768+0000] {processor.py:161} INFO - Started process (PID=597) to work on /home/airflow/.local/lib/python3.12/site-packages/airflow/example_dags/example_params_trigger_ui.py
[2024-05-03T02:12:12.769+0000] {processor.py:830} INFO - Processing file /home/airflow/.local/lib/python3.12/site-packages/airflow/example_dags/example_params_trigger_ui.py for tasks to queue
[2024-05-03T02:12:12.773+0000] {logging_mixin.py:188} INFO - [2024-05-03T02:12:12.772+0000] {dagbag.py:540} INFO - Filling up the DagBag from /home/airflow/.local/lib/python3.12/site-packages/airflow/example_dags/example_params_trigger_ui.py
[2024-05-03T02:12:12.794+0000] {processor.py:840} INFO - DAG(s) 'example_params_trigger_ui' retrieved from /home/airflow/.local/lib/python3.12/site-packages/airflow/example_dags/example_params_trigger_ui.py
[2024-05-03T02:12:12.880+0000] {logging_mixin.py:188} INFO - [2024-05-03T02:12:12.880+0000] {dag.py:3096} INFO - Sync 1 DAGs
[2024-05-03T02:12:12.909+0000] {logging_mixin.py:188} INFO - [2024-05-03T02:12:12.909+0000] {dag.py:3954} INFO - Setting next_dagrun for example_params_trigger_ui to None, run_after=None
[2024-05-03T02:12:12.937+0000] {processor.py:183} INFO - Processing /home/airflow/.local/lib/python3.12/site-packages/airflow/example_dags/example_params_trigger_ui.py took 0.178 seconds
