[2024-05-03T02:07:33.946+0000] {processor.py:161} INFO - Started process (PID=61) to work on /home/airflow/.local/lib/python3.12/site-packages/airflow/example_dags/example_sla_dag.py
[2024-05-03T02:07:33.947+0000] {processor.py:830} INFO - Processing file /home/airflow/.local/lib/python3.12/site-packages/airflow/example_dags/example_sla_dag.py for tasks to queue
[2024-05-03T02:07:33.950+0000] {logging_mixin.py:188} INFO - [2024-05-03T02:07:33.950+0000] {dagbag.py:540} INFO - Filling up the DagBag from /home/airflow/.local/lib/python3.12/site-packages/airflow/example_dags/example_sla_dag.py
[2024-05-03T02:07:33.963+0000] {processor.py:840} INFO - DAG(s) 'example_sla_dag' retrieved from /home/airflow/.local/lib/python3.12/site-packages/airflow/example_dags/example_sla_dag.py
[2024-05-03T02:07:33.998+0000] {logging_mixin.py:188} INFO - [2024-05-03T02:07:33.997+0000] {dag.py:3096} INFO - Sync 1 DAGs
[2024-05-03T02:07:34.033+0000] {logging_mixin.py:188} INFO - [2024-05-03T02:07:34.033+0000] {dag.py:3954} INFO - Setting next_dagrun for example_sla_dag to 2024-05-03 02:04:00+00:00, run_after=2024-05-03 02:06:00+00:00
[2024-05-03T02:07:34.059+0000] {processor.py:183} INFO - Processing /home/airflow/.local/lib/python3.12/site-packages/airflow/example_dags/example_sla_dag.py took 0.119 seconds
[2024-05-03T02:08:04.104+0000] {processor.py:161} INFO - Started process (PID=120) to work on /home/airflow/.local/lib/python3.12/site-packages/airflow/example_dags/example_sla_dag.py
[2024-05-03T02:08:04.106+0000] {processor.py:830} INFO - Processing file /home/airflow/.local/lib/python3.12/site-packages/airflow/example_dags/example_sla_dag.py for tasks to queue
[2024-05-03T02:08:04.108+0000] {logging_mixin.py:188} INFO - [2024-05-03T02:08:04.108+0000] {dagbag.py:540} INFO - Filling up the DagBag from /home/airflow/.local/lib/python3.12/site-packages/airflow/example_dags/example_sla_dag.py
[2024-05-03T02:08:04.121+0000] {processor.py:840} INFO - DAG(s) 'example_sla_dag' retrieved from /home/airflow/.local/lib/python3.12/site-packages/airflow/example_dags/example_sla_dag.py
[2024-05-03T02:08:04.143+0000] {logging_mixin.py:188} INFO - [2024-05-03T02:08:04.143+0000] {dag.py:3096} INFO - Sync 1 DAGs
[2024-05-03T02:08:04.179+0000] {logging_mixin.py:188} INFO - [2024-05-03T02:08:04.179+0000] {dag.py:3954} INFO - Setting next_dagrun for example_sla_dag to 2024-05-03 02:06:00+00:00, run_after=2024-05-03 02:08:00+00:00
[2024-05-03T02:08:04.206+0000] {processor.py:183} INFO - Processing /home/airflow/.local/lib/python3.12/site-packages/airflow/example_dags/example_sla_dag.py took 0.108 seconds
[2024-05-03T02:08:34.745+0000] {processor.py:161} INFO - Started process (PID=179) to work on /home/airflow/.local/lib/python3.12/site-packages/airflow/example_dags/example_sla_dag.py
[2024-05-03T02:08:34.746+0000] {processor.py:830} INFO - Processing file /home/airflow/.local/lib/python3.12/site-packages/airflow/example_dags/example_sla_dag.py for tasks to queue
[2024-05-03T02:08:34.750+0000] {logging_mixin.py:188} INFO - [2024-05-03T02:08:34.749+0000] {dagbag.py:540} INFO - Filling up the DagBag from /home/airflow/.local/lib/python3.12/site-packages/airflow/example_dags/example_sla_dag.py
[2024-05-03T02:08:34.766+0000] {processor.py:840} INFO - DAG(s) 'example_sla_dag' retrieved from /home/airflow/.local/lib/python3.12/site-packages/airflow/example_dags/example_sla_dag.py
[2024-05-03T02:08:34.795+0000] {logging_mixin.py:188} INFO - [2024-05-03T02:08:34.795+0000] {dag.py:3096} INFO - Sync 1 DAGs
[2024-05-03T02:08:34.839+0000] {logging_mixin.py:188} INFO - [2024-05-03T02:08:34.838+0000] {dag.py:3954} INFO - Setting next_dagrun for example_sla_dag to 2024-05-03 02:06:00+00:00, run_after=2024-05-03 02:08:00+00:00
[2024-05-03T02:08:34.866+0000] {processor.py:183} INFO - Processing /home/airflow/.local/lib/python3.12/site-packages/airflow/example_dags/example_sla_dag.py took 0.132 seconds
[2024-05-03T02:09:04.991+0000] {processor.py:161} INFO - Started process (PID=238) to work on /home/airflow/.local/lib/python3.12/site-packages/airflow/example_dags/example_sla_dag.py
[2024-05-03T02:09:04.992+0000] {processor.py:830} INFO - Processing file /home/airflow/.local/lib/python3.12/site-packages/airflow/example_dags/example_sla_dag.py for tasks to queue
[2024-05-03T02:09:04.994+0000] {logging_mixin.py:188} INFO - [2024-05-03T02:09:04.993+0000] {dagbag.py:540} INFO - Filling up the DagBag from /home/airflow/.local/lib/python3.12/site-packages/airflow/example_dags/example_sla_dag.py
[2024-05-03T02:09:05.003+0000] {processor.py:840} INFO - DAG(s) 'example_sla_dag' retrieved from /home/airflow/.local/lib/python3.12/site-packages/airflow/example_dags/example_sla_dag.py
[2024-05-03T02:09:05.031+0000] {logging_mixin.py:188} INFO - [2024-05-03T02:09:05.030+0000] {dag.py:3096} INFO - Sync 1 DAGs
[2024-05-03T02:09:05.068+0000] {logging_mixin.py:188} INFO - [2024-05-03T02:09:05.067+0000] {dag.py:3954} INFO - Setting next_dagrun for example_sla_dag to 2024-05-03 02:06:00+00:00, run_after=2024-05-03 02:08:00+00:00
[2024-05-03T02:09:05.105+0000] {processor.py:183} INFO - Processing /home/airflow/.local/lib/python3.12/site-packages/airflow/example_dags/example_sla_dag.py took 0.122 seconds
[2024-05-03T02:09:35.174+0000] {processor.py:161} INFO - Started process (PID=298) to work on /home/airflow/.local/lib/python3.12/site-packages/airflow/example_dags/example_sla_dag.py
[2024-05-03T02:09:35.175+0000] {processor.py:830} INFO - Processing file /home/airflow/.local/lib/python3.12/site-packages/airflow/example_dags/example_sla_dag.py for tasks to queue
[2024-05-03T02:09:35.179+0000] {logging_mixin.py:188} INFO - [2024-05-03T02:09:35.178+0000] {dagbag.py:540} INFO - Filling up the DagBag from /home/airflow/.local/lib/python3.12/site-packages/airflow/example_dags/example_sla_dag.py
[2024-05-03T02:09:35.189+0000] {processor.py:840} INFO - DAG(s) 'example_sla_dag' retrieved from /home/airflow/.local/lib/python3.12/site-packages/airflow/example_dags/example_sla_dag.py
[2024-05-03T02:09:35.211+0000] {logging_mixin.py:188} INFO - [2024-05-03T02:09:35.211+0000] {dag.py:3096} INFO - Sync 1 DAGs
[2024-05-03T02:09:35.244+0000] {logging_mixin.py:188} INFO - [2024-05-03T02:09:35.243+0000] {dag.py:3954} INFO - Setting next_dagrun for example_sla_dag to 2024-05-03 02:06:00+00:00, run_after=2024-05-03 02:08:00+00:00
[2024-05-03T02:09:35.269+0000] {processor.py:183} INFO - Processing /home/airflow/.local/lib/python3.12/site-packages/airflow/example_dags/example_sla_dag.py took 0.103 seconds
[2024-05-03T02:10:05.941+0000] {processor.py:161} INFO - Started process (PID=357) to work on /home/airflow/.local/lib/python3.12/site-packages/airflow/example_dags/example_sla_dag.py
[2024-05-03T02:10:05.942+0000] {processor.py:830} INFO - Processing file /home/airflow/.local/lib/python3.12/site-packages/airflow/example_dags/example_sla_dag.py for tasks to queue
[2024-05-03T02:10:05.945+0000] {logging_mixin.py:188} INFO - [2024-05-03T02:10:05.945+0000] {dagbag.py:540} INFO - Filling up the DagBag from /home/airflow/.local/lib/python3.12/site-packages/airflow/example_dags/example_sla_dag.py
[2024-05-03T02:10:05.958+0000] {processor.py:840} INFO - DAG(s) 'example_sla_dag' retrieved from /home/airflow/.local/lib/python3.12/site-packages/airflow/example_dags/example_sla_dag.py
[2024-05-03T02:10:05.986+0000] {logging_mixin.py:188} INFO - [2024-05-03T02:10:05.986+0000] {dag.py:3096} INFO - Sync 1 DAGs
[2024-05-03T02:10:06.018+0000] {logging_mixin.py:188} INFO - [2024-05-03T02:10:06.018+0000] {dag.py:3954} INFO - Setting next_dagrun for example_sla_dag to 2024-05-03 02:08:00+00:00, run_after=2024-05-03 02:10:00+00:00
[2024-05-03T02:10:06.044+0000] {processor.py:183} INFO - Processing /home/airflow/.local/lib/python3.12/site-packages/airflow/example_dags/example_sla_dag.py took 0.109 seconds
[2024-05-03T02:10:39.239+0000] {processor.py:161} INFO - Started process (PID=416) to work on /home/airflow/.local/lib/python3.12/site-packages/airflow/example_dags/example_sla_dag.py
[2024-05-03T02:10:39.240+0000] {processor.py:830} INFO - Processing file /home/airflow/.local/lib/python3.12/site-packages/airflow/example_dags/example_sla_dag.py for tasks to queue
[2024-05-03T02:10:39.245+0000] {logging_mixin.py:188} INFO - [2024-05-03T02:10:39.244+0000] {dagbag.py:540} INFO - Filling up the DagBag from /home/airflow/.local/lib/python3.12/site-packages/airflow/example_dags/example_sla_dag.py
[2024-05-03T02:10:39.267+0000] {processor.py:840} INFO - DAG(s) 'example_sla_dag' retrieved from /home/airflow/.local/lib/python3.12/site-packages/airflow/example_dags/example_sla_dag.py
[2024-05-03T02:10:39.309+0000] {logging_mixin.py:188} INFO - [2024-05-03T02:10:39.309+0000] {dag.py:3096} INFO - Sync 1 DAGs
[2024-05-03T02:10:39.359+0000] {logging_mixin.py:188} INFO - [2024-05-03T02:10:39.358+0000] {dag.py:3954} INFO - Setting next_dagrun for example_sla_dag to 2024-05-03 02:08:00+00:00, run_after=2024-05-03 02:10:00+00:00
[2024-05-03T02:10:39.420+0000] {processor.py:183} INFO - Processing /home/airflow/.local/lib/python3.12/site-packages/airflow/example_dags/example_sla_dag.py took 0.192 seconds
[2024-05-03T02:11:10.216+0000] {processor.py:161} INFO - Started process (PID=475) to work on /home/airflow/.local/lib/python3.12/site-packages/airflow/example_dags/example_sla_dag.py
[2024-05-03T02:11:10.223+0000] {processor.py:830} INFO - Processing file /home/airflow/.local/lib/python3.12/site-packages/airflow/example_dags/example_sla_dag.py for tasks to queue
[2024-05-03T02:11:10.237+0000] {logging_mixin.py:188} INFO - [2024-05-03T02:11:10.236+0000] {dagbag.py:540} INFO - Filling up the DagBag from /home/airflow/.local/lib/python3.12/site-packages/airflow/example_dags/example_sla_dag.py
[2024-05-03T02:11:10.300+0000] {processor.py:840} INFO - DAG(s) 'example_sla_dag' retrieved from /home/airflow/.local/lib/python3.12/site-packages/airflow/example_dags/example_sla_dag.py
[2024-05-03T02:11:10.398+0000] {logging_mixin.py:188} INFO - [2024-05-03T02:11:10.397+0000] {dag.py:3096} INFO - Sync 1 DAGs
[2024-05-03T02:11:10.477+0000] {logging_mixin.py:188} INFO - [2024-05-03T02:11:10.477+0000] {dag.py:3954} INFO - Setting next_dagrun for example_sla_dag to 2024-05-03 02:08:00+00:00, run_after=2024-05-03 02:10:00+00:00
[2024-05-03T02:11:10.546+0000] {processor.py:183} INFO - Processing /home/airflow/.local/lib/python3.12/site-packages/airflow/example_dags/example_sla_dag.py took 0.343 seconds
[2024-05-03T02:11:40.647+0000] {processor.py:161} INFO - Started process (PID=533) to work on /home/airflow/.local/lib/python3.12/site-packages/airflow/example_dags/example_sla_dag.py
[2024-05-03T02:11:40.649+0000] {processor.py:830} INFO - Processing file /home/airflow/.local/lib/python3.12/site-packages/airflow/example_dags/example_sla_dag.py for tasks to queue
[2024-05-03T02:11:40.652+0000] {logging_mixin.py:188} INFO - [2024-05-03T02:11:40.652+0000] {dagbag.py:540} INFO - Filling up the DagBag from /home/airflow/.local/lib/python3.12/site-packages/airflow/example_dags/example_sla_dag.py
[2024-05-03T02:11:40.674+0000] {processor.py:840} INFO - DAG(s) 'example_sla_dag' retrieved from /home/airflow/.local/lib/python3.12/site-packages/airflow/example_dags/example_sla_dag.py
[2024-05-03T02:11:40.730+0000] {logging_mixin.py:188} INFO - [2024-05-03T02:11:40.730+0000] {dag.py:3096} INFO - Sync 1 DAGs
[2024-05-03T02:11:40.802+0000] {logging_mixin.py:188} INFO - [2024-05-03T02:11:40.802+0000] {dag.py:3954} INFO - Setting next_dagrun for example_sla_dag to 2024-05-03 02:08:00+00:00, run_after=2024-05-03 02:10:00+00:00
[2024-05-03T02:11:40.841+0000] {processor.py:183} INFO - Processing /home/airflow/.local/lib/python3.12/site-packages/airflow/example_dags/example_sla_dag.py took 0.203 seconds
[2024-05-03T02:12:11.237+0000] {processor.py:161} INFO - Started process (PID=592) to work on /home/airflow/.local/lib/python3.12/site-packages/airflow/example_dags/example_sla_dag.py
[2024-05-03T02:12:11.240+0000] {processor.py:830} INFO - Processing file /home/airflow/.local/lib/python3.12/site-packages/airflow/example_dags/example_sla_dag.py for tasks to queue
[2024-05-03T02:12:11.244+0000] {logging_mixin.py:188} INFO - [2024-05-03T02:12:11.244+0000] {dagbag.py:540} INFO - Filling up the DagBag from /home/airflow/.local/lib/python3.12/site-packages/airflow/example_dags/example_sla_dag.py
[2024-05-03T02:12:11.264+0000] {processor.py:840} INFO - DAG(s) 'example_sla_dag' retrieved from /home/airflow/.local/lib/python3.12/site-packages/airflow/example_dags/example_sla_dag.py
[2024-05-03T02:12:11.314+0000] {logging_mixin.py:188} INFO - [2024-05-03T02:12:11.313+0000] {dag.py:3096} INFO - Sync 1 DAGs
[2024-05-03T02:12:11.381+0000] {logging_mixin.py:188} INFO - [2024-05-03T02:12:11.381+0000] {dag.py:3954} INFO - Setting next_dagrun for example_sla_dag to 2024-05-03 02:10:00+00:00, run_after=2024-05-03 02:12:00+00:00
[2024-05-03T02:12:11.463+0000] {processor.py:183} INFO - Processing /home/airflow/.local/lib/python3.12/site-packages/airflow/example_dags/example_sla_dag.py took 0.238 seconds
