[2024-05-03T02:07:34.387+0000] {processor.py:161} INFO - Started process (PID=67) to work on /home/airflow/.local/lib/python3.12/site-packages/airflow/example_dags/example_skip_dag.py
[2024-05-03T02:07:34.388+0000] {processor.py:830} INFO - Processing file /home/airflow/.local/lib/python3.12/site-packages/airflow/example_dags/example_skip_dag.py for tasks to queue
[2024-05-03T02:07:34.390+0000] {logging_mixin.py:188} INFO - [2024-05-03T02:07:34.390+0000] {dagbag.py:540} INFO - Filling up the DagBag from /home/airflow/.local/lib/python3.12/site-packages/airflow/example_dags/example_skip_dag.py
[2024-05-03T02:07:34.401+0000] {processor.py:840} INFO - DAG(s) 'example_skip_dag' retrieved from /home/airflow/.local/lib/python3.12/site-packages/airflow/example_dags/example_skip_dag.py
[2024-05-03T02:07:34.439+0000] {logging_mixin.py:188} INFO - [2024-05-03T02:07:34.439+0000] {dag.py:3096} INFO - Sync 1 DAGs
[2024-05-03T02:07:34.477+0000] {logging_mixin.py:188} INFO - [2024-05-03T02:07:34.476+0000] {dag.py:3954} INFO - Setting next_dagrun for example_skip_dag to 2024-05-02 00:00:00+00:00, run_after=2024-05-03 00:00:00+00:00
[2024-05-03T02:07:34.508+0000] {processor.py:183} INFO - Processing /home/airflow/.local/lib/python3.12/site-packages/airflow/example_dags/example_skip_dag.py took 0.129 seconds
[2024-05-03T02:08:04.948+0000] {processor.py:161} INFO - Started process (PID=126) to work on /home/airflow/.local/lib/python3.12/site-packages/airflow/example_dags/example_skip_dag.py
[2024-05-03T02:08:04.950+0000] {processor.py:830} INFO - Processing file /home/airflow/.local/lib/python3.12/site-packages/airflow/example_dags/example_skip_dag.py for tasks to queue
[2024-05-03T02:08:04.955+0000] {logging_mixin.py:188} INFO - [2024-05-03T02:08:04.955+0000] {dagbag.py:540} INFO - Filling up the DagBag from /home/airflow/.local/lib/python3.12/site-packages/airflow/example_dags/example_skip_dag.py
[2024-05-03T02:08:04.965+0000] {processor.py:840} INFO - DAG(s) 'example_skip_dag' retrieved from /home/airflow/.local/lib/python3.12/site-packages/airflow/example_dags/example_skip_dag.py
[2024-05-03T02:08:05.007+0000] {logging_mixin.py:188} INFO - [2024-05-03T02:08:05.007+0000] {dag.py:3096} INFO - Sync 1 DAGs
[2024-05-03T02:08:05.052+0000] {logging_mixin.py:188} INFO - [2024-05-03T02:08:05.051+0000] {dag.py:3954} INFO - Setting next_dagrun for example_skip_dag to 2024-05-02 00:00:00+00:00, run_after=2024-05-03 00:00:00+00:00
[2024-05-03T02:08:05.086+0000] {processor.py:183} INFO - Processing /home/airflow/.local/lib/python3.12/site-packages/airflow/example_dags/example_skip_dag.py took 0.149 seconds
[2024-05-03T02:08:35.496+0000] {processor.py:161} INFO - Started process (PID=185) to work on /home/airflow/.local/lib/python3.12/site-packages/airflow/example_dags/example_skip_dag.py
[2024-05-03T02:08:35.499+0000] {processor.py:830} INFO - Processing file /home/airflow/.local/lib/python3.12/site-packages/airflow/example_dags/example_skip_dag.py for tasks to queue
[2024-05-03T02:08:35.502+0000] {logging_mixin.py:188} INFO - [2024-05-03T02:08:35.501+0000] {dagbag.py:540} INFO - Filling up the DagBag from /home/airflow/.local/lib/python3.12/site-packages/airflow/example_dags/example_skip_dag.py
[2024-05-03T02:08:35.517+0000] {processor.py:840} INFO - DAG(s) 'example_skip_dag' retrieved from /home/airflow/.local/lib/python3.12/site-packages/airflow/example_dags/example_skip_dag.py
[2024-05-03T02:08:35.554+0000] {logging_mixin.py:188} INFO - [2024-05-03T02:08:35.553+0000] {dag.py:3096} INFO - Sync 1 DAGs
[2024-05-03T02:08:35.597+0000] {logging_mixin.py:188} INFO - [2024-05-03T02:08:35.596+0000] {dag.py:3954} INFO - Setting next_dagrun for example_skip_dag to 2024-05-02 00:00:00+00:00, run_after=2024-05-03 00:00:00+00:00
[2024-05-03T02:08:35.631+0000] {processor.py:183} INFO - Processing /home/airflow/.local/lib/python3.12/site-packages/airflow/example_dags/example_skip_dag.py took 0.148 seconds
[2024-05-03T02:09:05.854+0000] {processor.py:161} INFO - Started process (PID=244) to work on /home/airflow/.local/lib/python3.12/site-packages/airflow/example_dags/example_skip_dag.py
[2024-05-03T02:09:05.856+0000] {processor.py:830} INFO - Processing file /home/airflow/.local/lib/python3.12/site-packages/airflow/example_dags/example_skip_dag.py for tasks to queue
[2024-05-03T02:09:05.859+0000] {logging_mixin.py:188} INFO - [2024-05-03T02:09:05.858+0000] {dagbag.py:540} INFO - Filling up the DagBag from /home/airflow/.local/lib/python3.12/site-packages/airflow/example_dags/example_skip_dag.py
[2024-05-03T02:09:05.871+0000] {processor.py:840} INFO - DAG(s) 'example_skip_dag' retrieved from /home/airflow/.local/lib/python3.12/site-packages/airflow/example_dags/example_skip_dag.py
[2024-05-03T02:09:05.913+0000] {logging_mixin.py:188} INFO - [2024-05-03T02:09:05.913+0000] {dag.py:3096} INFO - Sync 1 DAGs
[2024-05-03T02:09:05.965+0000] {logging_mixin.py:188} INFO - [2024-05-03T02:09:05.965+0000] {dag.py:3954} INFO - Setting next_dagrun for example_skip_dag to 2024-05-02 00:00:00+00:00, run_after=2024-05-03 00:00:00+00:00
[2024-05-03T02:09:06.018+0000] {processor.py:183} INFO - Processing /home/airflow/.local/lib/python3.12/site-packages/airflow/example_dags/example_skip_dag.py took 0.174 seconds
[2024-05-03T02:09:36.551+0000] {processor.py:161} INFO - Started process (PID=304) to work on /home/airflow/.local/lib/python3.12/site-packages/airflow/example_dags/example_skip_dag.py
[2024-05-03T02:09:36.552+0000] {processor.py:830} INFO - Processing file /home/airflow/.local/lib/python3.12/site-packages/airflow/example_dags/example_skip_dag.py for tasks to queue
[2024-05-03T02:09:36.554+0000] {logging_mixin.py:188} INFO - [2024-05-03T02:09:36.554+0000] {dagbag.py:540} INFO - Filling up the DagBag from /home/airflow/.local/lib/python3.12/site-packages/airflow/example_dags/example_skip_dag.py
[2024-05-03T02:09:36.561+0000] {processor.py:840} INFO - DAG(s) 'example_skip_dag' retrieved from /home/airflow/.local/lib/python3.12/site-packages/airflow/example_dags/example_skip_dag.py
[2024-05-03T02:09:36.586+0000] {logging_mixin.py:188} INFO - [2024-05-03T02:09:36.585+0000] {dag.py:3096} INFO - Sync 1 DAGs
[2024-05-03T02:09:36.618+0000] {logging_mixin.py:188} INFO - [2024-05-03T02:09:36.618+0000] {dag.py:3954} INFO - Setting next_dagrun for example_skip_dag to 2024-05-02 00:00:00+00:00, run_after=2024-05-03 00:00:00+00:00
[2024-05-03T02:09:36.642+0000] {processor.py:183} INFO - Processing /home/airflow/.local/lib/python3.12/site-packages/airflow/example_dags/example_skip_dag.py took 0.098 seconds
[2024-05-03T02:10:07.533+0000] {processor.py:161} INFO - Started process (PID=363) to work on /home/airflow/.local/lib/python3.12/site-packages/airflow/example_dags/example_skip_dag.py
[2024-05-03T02:10:07.535+0000] {processor.py:830} INFO - Processing file /home/airflow/.local/lib/python3.12/site-packages/airflow/example_dags/example_skip_dag.py for tasks to queue
[2024-05-03T02:10:07.537+0000] {logging_mixin.py:188} INFO - [2024-05-03T02:10:07.537+0000] {dagbag.py:540} INFO - Filling up the DagBag from /home/airflow/.local/lib/python3.12/site-packages/airflow/example_dags/example_skip_dag.py
[2024-05-03T02:10:07.547+0000] {processor.py:840} INFO - DAG(s) 'example_skip_dag' retrieved from /home/airflow/.local/lib/python3.12/site-packages/airflow/example_dags/example_skip_dag.py
[2024-05-03T02:10:07.582+0000] {logging_mixin.py:188} INFO - [2024-05-03T02:10:07.581+0000] {dag.py:3096} INFO - Sync 1 DAGs
[2024-05-03T02:10:07.623+0000] {logging_mixin.py:188} INFO - [2024-05-03T02:10:07.622+0000] {dag.py:3954} INFO - Setting next_dagrun for example_skip_dag to 2024-05-02 00:00:00+00:00, run_after=2024-05-03 00:00:00+00:00
[2024-05-03T02:10:07.655+0000] {processor.py:183} INFO - Processing /home/airflow/.local/lib/python3.12/site-packages/airflow/example_dags/example_skip_dag.py took 0.131 seconds
[2024-05-03T02:10:40.391+0000] {processor.py:161} INFO - Started process (PID=422) to work on /home/airflow/.local/lib/python3.12/site-packages/airflow/example_dags/example_skip_dag.py
[2024-05-03T02:10:40.399+0000] {processor.py:830} INFO - Processing file /home/airflow/.local/lib/python3.12/site-packages/airflow/example_dags/example_skip_dag.py for tasks to queue
[2024-05-03T02:10:40.403+0000] {logging_mixin.py:188} INFO - [2024-05-03T02:10:40.402+0000] {dagbag.py:540} INFO - Filling up the DagBag from /home/airflow/.local/lib/python3.12/site-packages/airflow/example_dags/example_skip_dag.py
[2024-05-03T02:10:40.420+0000] {processor.py:840} INFO - DAG(s) 'example_skip_dag' retrieved from /home/airflow/.local/lib/python3.12/site-packages/airflow/example_dags/example_skip_dag.py
[2024-05-03T02:10:40.528+0000] {logging_mixin.py:188} INFO - [2024-05-03T02:10:40.528+0000] {dag.py:3096} INFO - Sync 1 DAGs
[2024-05-03T02:10:40.614+0000] {logging_mixin.py:188} INFO - [2024-05-03T02:10:40.611+0000] {dag.py:3954} INFO - Setting next_dagrun for example_skip_dag to 2024-05-02 00:00:00+00:00, run_after=2024-05-03 00:00:00+00:00
[2024-05-03T02:10:40.663+0000] {processor.py:183} INFO - Processing /home/airflow/.local/lib/python3.12/site-packages/airflow/example_dags/example_skip_dag.py took 0.285 seconds
[2024-05-03T02:11:11.589+0000] {processor.py:161} INFO - Started process (PID=481) to work on /home/airflow/.local/lib/python3.12/site-packages/airflow/example_dags/example_skip_dag.py
[2024-05-03T02:11:11.590+0000] {processor.py:830} INFO - Processing file /home/airflow/.local/lib/python3.12/site-packages/airflow/example_dags/example_skip_dag.py for tasks to queue
[2024-05-03T02:11:11.601+0000] {logging_mixin.py:188} INFO - [2024-05-03T02:11:11.599+0000] {dagbag.py:540} INFO - Filling up the DagBag from /home/airflow/.local/lib/python3.12/site-packages/airflow/example_dags/example_skip_dag.py
[2024-05-03T02:11:11.633+0000] {processor.py:840} INFO - DAG(s) 'example_skip_dag' retrieved from /home/airflow/.local/lib/python3.12/site-packages/airflow/example_dags/example_skip_dag.py
[2024-05-03T02:11:11.745+0000] {logging_mixin.py:188} INFO - [2024-05-03T02:11:11.744+0000] {dag.py:3096} INFO - Sync 1 DAGs
[2024-05-03T02:11:11.810+0000] {logging_mixin.py:188} INFO - [2024-05-03T02:11:11.809+0000] {dag.py:3954} INFO - Setting next_dagrun for example_skip_dag to 2024-05-02 00:00:00+00:00, run_after=2024-05-03 00:00:00+00:00
[2024-05-03T02:11:11.855+0000] {processor.py:183} INFO - Processing /home/airflow/.local/lib/python3.12/site-packages/airflow/example_dags/example_skip_dag.py took 0.277 seconds
[2024-05-03T02:11:42.362+0000] {processor.py:161} INFO - Started process (PID=539) to work on /home/airflow/.local/lib/python3.12/site-packages/airflow/example_dags/example_skip_dag.py
[2024-05-03T02:11:42.363+0000] {processor.py:830} INFO - Processing file /home/airflow/.local/lib/python3.12/site-packages/airflow/example_dags/example_skip_dag.py for tasks to queue
[2024-05-03T02:11:42.366+0000] {logging_mixin.py:188} INFO - [2024-05-03T02:11:42.365+0000] {dagbag.py:540} INFO - Filling up the DagBag from /home/airflow/.local/lib/python3.12/site-packages/airflow/example_dags/example_skip_dag.py
[2024-05-03T02:11:42.375+0000] {processor.py:840} INFO - DAG(s) 'example_skip_dag' retrieved from /home/airflow/.local/lib/python3.12/site-packages/airflow/example_dags/example_skip_dag.py
[2024-05-03T02:11:42.412+0000] {logging_mixin.py:188} INFO - [2024-05-03T02:11:42.412+0000] {dag.py:3096} INFO - Sync 1 DAGs
[2024-05-03T02:11:42.447+0000] {logging_mixin.py:188} INFO - [2024-05-03T02:11:42.447+0000] {dag.py:3954} INFO - Setting next_dagrun for example_skip_dag to 2024-05-02 00:00:00+00:00, run_after=2024-05-03 00:00:00+00:00
[2024-05-03T02:11:42.476+0000] {processor.py:183} INFO - Processing /home/airflow/.local/lib/python3.12/site-packages/airflow/example_dags/example_skip_dag.py took 0.121 seconds
[2024-05-03T02:12:12.989+0000] {processor.py:161} INFO - Started process (PID=598) to work on /home/airflow/.local/lib/python3.12/site-packages/airflow/example_dags/example_skip_dag.py
[2024-05-03T02:12:12.991+0000] {processor.py:830} INFO - Processing file /home/airflow/.local/lib/python3.12/site-packages/airflow/example_dags/example_skip_dag.py for tasks to queue
[2024-05-03T02:12:12.993+0000] {logging_mixin.py:188} INFO - [2024-05-03T02:12:12.992+0000] {dagbag.py:540} INFO - Filling up the DagBag from /home/airflow/.local/lib/python3.12/site-packages/airflow/example_dags/example_skip_dag.py
[2024-05-03T02:12:13.002+0000] {processor.py:840} INFO - DAG(s) 'example_skip_dag' retrieved from /home/airflow/.local/lib/python3.12/site-packages/airflow/example_dags/example_skip_dag.py
[2024-05-03T02:12:13.031+0000] {logging_mixin.py:188} INFO - [2024-05-03T02:12:13.031+0000] {dag.py:3096} INFO - Sync 1 DAGs
[2024-05-03T02:12:13.066+0000] {logging_mixin.py:188} INFO - [2024-05-03T02:12:13.066+0000] {dag.py:3954} INFO - Setting next_dagrun for example_skip_dag to 2024-05-02 00:00:00+00:00, run_after=2024-05-03 00:00:00+00:00
[2024-05-03T02:12:13.096+0000] {processor.py:183} INFO - Processing /home/airflow/.local/lib/python3.12/site-packages/airflow/example_dags/example_skip_dag.py took 0.113 seconds
