[2024-05-03T02:07:37.370+0000] {processor.py:161} INFO - Started process (PID=93) to work on /home/airflow/.local/lib/python3.12/site-packages/airflow/example_dags/example_branch_python_dop_operator_3.py
[2024-05-03T02:07:37.373+0000] {processor.py:830} INFO - Processing file /home/airflow/.local/lib/python3.12/site-packages/airflow/example_dags/example_branch_python_dop_operator_3.py for tasks to queue
[2024-05-03T02:07:37.378+0000] {logging_mixin.py:188} INFO - [2024-05-03T02:07:37.377+0000] {dagbag.py:540} INFO - Filling up the DagBag from /home/airflow/.local/lib/python3.12/site-packages/airflow/example_dags/example_branch_python_dop_operator_3.py
[2024-05-03T02:07:37.397+0000] {processor.py:840} INFO - DAG(s) 'example_branch_dop_operator_v3' retrieved from /home/airflow/.local/lib/python3.12/site-packages/airflow/example_dags/example_branch_python_dop_operator_3.py
[2024-05-03T02:07:37.453+0000] {logging_mixin.py:188} INFO - [2024-05-03T02:07:37.453+0000] {dag.py:3096} INFO - Sync 1 DAGs
[2024-05-03T02:07:37.502+0000] {logging_mixin.py:188} INFO - [2024-05-03T02:07:37.502+0000] {dag.py:3954} INFO - Setting next_dagrun for example_branch_dop_operator_v3 to 2024-05-03 02:06:00+00:00, run_after=2024-05-03 02:07:00+00:00
[2024-05-03T02:07:37.544+0000] {processor.py:183} INFO - Processing /home/airflow/.local/lib/python3.12/site-packages/airflow/example_dags/example_branch_python_dop_operator_3.py took 0.184 seconds
[2024-05-03T02:08:07.625+0000] {processor.py:161} INFO - Started process (PID=152) to work on /home/airflow/.local/lib/python3.12/site-packages/airflow/example_dags/example_branch_python_dop_operator_3.py
[2024-05-03T02:08:07.626+0000] {processor.py:830} INFO - Processing file /home/airflow/.local/lib/python3.12/site-packages/airflow/example_dags/example_branch_python_dop_operator_3.py for tasks to queue
[2024-05-03T02:08:07.628+0000] {logging_mixin.py:188} INFO - [2024-05-03T02:08:07.627+0000] {dagbag.py:540} INFO - Filling up the DagBag from /home/airflow/.local/lib/python3.12/site-packages/airflow/example_dags/example_branch_python_dop_operator_3.py
[2024-05-03T02:08:07.638+0000] {processor.py:840} INFO - DAG(s) 'example_branch_dop_operator_v3' retrieved from /home/airflow/.local/lib/python3.12/site-packages/airflow/example_dags/example_branch_python_dop_operator_3.py
[2024-05-03T02:08:07.660+0000] {logging_mixin.py:188} INFO - [2024-05-03T02:08:07.660+0000] {dag.py:3096} INFO - Sync 1 DAGs
[2024-05-03T02:08:07.688+0000] {logging_mixin.py:188} INFO - [2024-05-03T02:08:07.688+0000] {dag.py:3954} INFO - Setting next_dagrun for example_branch_dop_operator_v3 to 2024-05-03 02:07:00+00:00, run_after=2024-05-03 02:08:00+00:00
[2024-05-03T02:08:07.707+0000] {processor.py:183} INFO - Processing /home/airflow/.local/lib/python3.12/site-packages/airflow/example_dags/example_branch_python_dop_operator_3.py took 0.088 seconds
[2024-05-03T02:08:39.146+0000] {processor.py:161} INFO - Started process (PID=211) to work on /home/airflow/.local/lib/python3.12/site-packages/airflow/example_dags/example_branch_python_dop_operator_3.py
[2024-05-03T02:08:39.147+0000] {processor.py:830} INFO - Processing file /home/airflow/.local/lib/python3.12/site-packages/airflow/example_dags/example_branch_python_dop_operator_3.py for tasks to queue
[2024-05-03T02:08:39.149+0000] {logging_mixin.py:188} INFO - [2024-05-03T02:08:39.149+0000] {dagbag.py:540} INFO - Filling up the DagBag from /home/airflow/.local/lib/python3.12/site-packages/airflow/example_dags/example_branch_python_dop_operator_3.py
[2024-05-03T02:08:39.163+0000] {processor.py:840} INFO - DAG(s) 'example_branch_dop_operator_v3' retrieved from /home/airflow/.local/lib/python3.12/site-packages/airflow/example_dags/example_branch_python_dop_operator_3.py
[2024-05-03T02:08:39.191+0000] {logging_mixin.py:188} INFO - [2024-05-03T02:08:39.190+0000] {dag.py:3096} INFO - Sync 1 DAGs
[2024-05-03T02:08:39.240+0000] {logging_mixin.py:188} INFO - [2024-05-03T02:08:39.239+0000] {dag.py:3954} INFO - Setting next_dagrun for example_branch_dop_operator_v3 to 2024-05-03 02:07:00+00:00, run_after=2024-05-03 02:08:00+00:00
[2024-05-03T02:08:39.272+0000] {processor.py:183} INFO - Processing /home/airflow/.local/lib/python3.12/site-packages/airflow/example_dags/example_branch_python_dop_operator_3.py took 0.135 seconds
[2024-05-03T02:09:10.130+0000] {processor.py:161} INFO - Started process (PID=270) to work on /home/airflow/.local/lib/python3.12/site-packages/airflow/example_dags/example_branch_python_dop_operator_3.py
[2024-05-03T02:09:10.131+0000] {processor.py:830} INFO - Processing file /home/airflow/.local/lib/python3.12/site-packages/airflow/example_dags/example_branch_python_dop_operator_3.py for tasks to queue
[2024-05-03T02:09:10.134+0000] {logging_mixin.py:188} INFO - [2024-05-03T02:09:10.134+0000] {dagbag.py:540} INFO - Filling up the DagBag from /home/airflow/.local/lib/python3.12/site-packages/airflow/example_dags/example_branch_python_dop_operator_3.py
[2024-05-03T02:09:10.149+0000] {processor.py:840} INFO - DAG(s) 'example_branch_dop_operator_v3' retrieved from /home/airflow/.local/lib/python3.12/site-packages/airflow/example_dags/example_branch_python_dop_operator_3.py
[2024-05-03T02:09:10.182+0000] {logging_mixin.py:188} INFO - [2024-05-03T02:09:10.181+0000] {dag.py:3096} INFO - Sync 1 DAGs
[2024-05-03T02:09:10.224+0000] {logging_mixin.py:188} INFO - [2024-05-03T02:09:10.224+0000] {dag.py:3954} INFO - Setting next_dagrun for example_branch_dop_operator_v3 to 2024-05-03 02:08:00+00:00, run_after=2024-05-03 02:09:00+00:00
[2024-05-03T02:09:10.263+0000] {processor.py:183} INFO - Processing /home/airflow/.local/lib/python3.12/site-packages/airflow/example_dags/example_branch_python_dop_operator_3.py took 0.143 seconds
[2024-05-03T02:09:40.752+0000] {processor.py:161} INFO - Started process (PID=330) to work on /home/airflow/.local/lib/python3.12/site-packages/airflow/example_dags/example_branch_python_dop_operator_3.py
[2024-05-03T02:09:40.753+0000] {processor.py:830} INFO - Processing file /home/airflow/.local/lib/python3.12/site-packages/airflow/example_dags/example_branch_python_dop_operator_3.py for tasks to queue
[2024-05-03T02:09:40.755+0000] {logging_mixin.py:188} INFO - [2024-05-03T02:09:40.754+0000] {dagbag.py:540} INFO - Filling up the DagBag from /home/airflow/.local/lib/python3.12/site-packages/airflow/example_dags/example_branch_python_dop_operator_3.py
[2024-05-03T02:09:40.763+0000] {processor.py:840} INFO - DAG(s) 'example_branch_dop_operator_v3' retrieved from /home/airflow/.local/lib/python3.12/site-packages/airflow/example_dags/example_branch_python_dop_operator_3.py
[2024-05-03T02:09:40.786+0000] {logging_mixin.py:188} INFO - [2024-05-03T02:09:40.786+0000] {dag.py:3096} INFO - Sync 1 DAGs
[2024-05-03T02:09:40.830+0000] {logging_mixin.py:188} INFO - [2024-05-03T02:09:40.829+0000] {dag.py:3954} INFO - Setting next_dagrun for example_branch_dop_operator_v3 to 2024-05-03 02:08:00+00:00, run_after=2024-05-03 02:09:00+00:00
[2024-05-03T02:09:40.857+0000] {processor.py:183} INFO - Processing /home/airflow/.local/lib/python3.12/site-packages/airflow/example_dags/example_branch_python_dop_operator_3.py took 0.110 seconds
[2024-05-03T02:10:11.542+0000] {processor.py:161} INFO - Started process (PID=389) to work on /home/airflow/.local/lib/python3.12/site-packages/airflow/example_dags/example_branch_python_dop_operator_3.py
[2024-05-03T02:10:11.543+0000] {processor.py:830} INFO - Processing file /home/airflow/.local/lib/python3.12/site-packages/airflow/example_dags/example_branch_python_dop_operator_3.py for tasks to queue
[2024-05-03T02:10:11.545+0000] {logging_mixin.py:188} INFO - [2024-05-03T02:10:11.544+0000] {dagbag.py:540} INFO - Filling up the DagBag from /home/airflow/.local/lib/python3.12/site-packages/airflow/example_dags/example_branch_python_dop_operator_3.py
[2024-05-03T02:10:11.553+0000] {processor.py:840} INFO - DAG(s) 'example_branch_dop_operator_v3' retrieved from /home/airflow/.local/lib/python3.12/site-packages/airflow/example_dags/example_branch_python_dop_operator_3.py
[2024-05-03T02:10:11.577+0000] {logging_mixin.py:188} INFO - [2024-05-03T02:10:11.577+0000] {dag.py:3096} INFO - Sync 1 DAGs
[2024-05-03T02:10:11.606+0000] {logging_mixin.py:188} INFO - [2024-05-03T02:10:11.606+0000] {dag.py:3954} INFO - Setting next_dagrun for example_branch_dop_operator_v3 to 2024-05-03 02:09:00+00:00, run_after=2024-05-03 02:10:00+00:00
[2024-05-03T02:10:11.628+0000] {processor.py:183} INFO - Processing /home/airflow/.local/lib/python3.12/site-packages/airflow/example_dags/example_branch_python_dop_operator_3.py took 0.092 seconds
[2024-05-03T02:10:43.584+0000] {processor.py:161} INFO - Started process (PID=448) to work on /home/airflow/.local/lib/python3.12/site-packages/airflow/example_dags/example_branch_python_dop_operator_3.py
[2024-05-03T02:10:43.585+0000] {processor.py:830} INFO - Processing file /home/airflow/.local/lib/python3.12/site-packages/airflow/example_dags/example_branch_python_dop_operator_3.py for tasks to queue
[2024-05-03T02:10:43.588+0000] {logging_mixin.py:188} INFO - [2024-05-03T02:10:43.587+0000] {dagbag.py:540} INFO - Filling up the DagBag from /home/airflow/.local/lib/python3.12/site-packages/airflow/example_dags/example_branch_python_dop_operator_3.py
[2024-05-03T02:10:43.598+0000] {processor.py:840} INFO - DAG(s) 'example_branch_dop_operator_v3' retrieved from /home/airflow/.local/lib/python3.12/site-packages/airflow/example_dags/example_branch_python_dop_operator_3.py
[2024-05-03T02:10:43.619+0000] {logging_mixin.py:188} INFO - [2024-05-03T02:10:43.619+0000] {dag.py:3096} INFO - Sync 1 DAGs
[2024-05-03T02:10:43.656+0000] {logging_mixin.py:188} INFO - [2024-05-03T02:10:43.656+0000] {dag.py:3954} INFO - Setting next_dagrun for example_branch_dop_operator_v3 to 2024-05-03 02:09:00+00:00, run_after=2024-05-03 02:10:00+00:00
[2024-05-03T02:10:43.681+0000] {processor.py:183} INFO - Processing /home/airflow/.local/lib/python3.12/site-packages/airflow/example_dags/example_branch_python_dop_operator_3.py took 0.104 seconds
[2024-05-03T02:11:14.562+0000] {processor.py:161} INFO - Started process (PID=507) to work on /home/airflow/.local/lib/python3.12/site-packages/airflow/example_dags/example_branch_python_dop_operator_3.py
[2024-05-03T02:11:14.563+0000] {processor.py:830} INFO - Processing file /home/airflow/.local/lib/python3.12/site-packages/airflow/example_dags/example_branch_python_dop_operator_3.py for tasks to queue
[2024-05-03T02:11:14.565+0000] {logging_mixin.py:188} INFO - [2024-05-03T02:11:14.565+0000] {dagbag.py:540} INFO - Filling up the DagBag from /home/airflow/.local/lib/python3.12/site-packages/airflow/example_dags/example_branch_python_dop_operator_3.py
[2024-05-03T02:11:14.577+0000] {processor.py:840} INFO - DAG(s) 'example_branch_dop_operator_v3' retrieved from /home/airflow/.local/lib/python3.12/site-packages/airflow/example_dags/example_branch_python_dop_operator_3.py
[2024-05-03T02:11:14.606+0000] {logging_mixin.py:188} INFO - [2024-05-03T02:11:14.605+0000] {dag.py:3096} INFO - Sync 1 DAGs
[2024-05-03T02:11:14.641+0000] {logging_mixin.py:188} INFO - [2024-05-03T02:11:14.641+0000] {dag.py:3954} INFO - Setting next_dagrun for example_branch_dop_operator_v3 to 2024-05-03 02:10:00+00:00, run_after=2024-05-03 02:11:00+00:00
[2024-05-03T02:11:14.673+0000] {processor.py:183} INFO - Processing /home/airflow/.local/lib/python3.12/site-packages/airflow/example_dags/example_branch_python_dop_operator_3.py took 0.121 seconds
[2024-05-03T02:11:45.265+0000] {processor.py:161} INFO - Started process (PID=565) to work on /home/airflow/.local/lib/python3.12/site-packages/airflow/example_dags/example_branch_python_dop_operator_3.py
[2024-05-03T02:11:45.266+0000] {processor.py:830} INFO - Processing file /home/airflow/.local/lib/python3.12/site-packages/airflow/example_dags/example_branch_python_dop_operator_3.py for tasks to queue
[2024-05-03T02:11:45.268+0000] {logging_mixin.py:188} INFO - [2024-05-03T02:11:45.268+0000] {dagbag.py:540} INFO - Filling up the DagBag from /home/airflow/.local/lib/python3.12/site-packages/airflow/example_dags/example_branch_python_dop_operator_3.py
[2024-05-03T02:11:45.277+0000] {processor.py:840} INFO - DAG(s) 'example_branch_dop_operator_v3' retrieved from /home/airflow/.local/lib/python3.12/site-packages/airflow/example_dags/example_branch_python_dop_operator_3.py
[2024-05-03T02:11:45.298+0000] {logging_mixin.py:188} INFO - [2024-05-03T02:11:45.298+0000] {dag.py:3096} INFO - Sync 1 DAGs
[2024-05-03T02:11:45.329+0000] {logging_mixin.py:188} INFO - [2024-05-03T02:11:45.328+0000] {dag.py:3954} INFO - Setting next_dagrun for example_branch_dop_operator_v3 to 2024-05-03 02:10:00+00:00, run_after=2024-05-03 02:11:00+00:00
[2024-05-03T02:11:45.349+0000] {processor.py:183} INFO - Processing /home/airflow/.local/lib/python3.12/site-packages/airflow/example_dags/example_branch_python_dop_operator_3.py took 0.089 seconds
[2024-05-03T02:12:16.080+0000] {processor.py:161} INFO - Started process (PID=630) to work on /home/airflow/.local/lib/python3.12/site-packages/airflow/example_dags/example_branch_python_dop_operator_3.py
[2024-05-03T02:12:16.081+0000] {processor.py:830} INFO - Processing file /home/airflow/.local/lib/python3.12/site-packages/airflow/example_dags/example_branch_python_dop_operator_3.py for tasks to queue
[2024-05-03T02:12:16.083+0000] {logging_mixin.py:188} INFO - [2024-05-03T02:12:16.083+0000] {dagbag.py:540} INFO - Filling up the DagBag from /home/airflow/.local/lib/python3.12/site-packages/airflow/example_dags/example_branch_python_dop_operator_3.py
[2024-05-03T02:12:16.091+0000] {processor.py:840} INFO - DAG(s) 'example_branch_dop_operator_v3' retrieved from /home/airflow/.local/lib/python3.12/site-packages/airflow/example_dags/example_branch_python_dop_operator_3.py
[2024-05-03T02:12:16.111+0000] {logging_mixin.py:188} INFO - [2024-05-03T02:12:16.110+0000] {dag.py:3096} INFO - Sync 1 DAGs
[2024-05-03T02:12:16.139+0000] {logging_mixin.py:188} INFO - [2024-05-03T02:12:16.138+0000] {dag.py:3954} INFO - Setting next_dagrun for example_branch_dop_operator_v3 to 2024-05-03 02:11:00+00:00, run_after=2024-05-03 02:12:00+00:00
[2024-05-03T02:12:16.158+0000] {processor.py:183} INFO - Processing /home/airflow/.local/lib/python3.12/site-packages/airflow/example_dags/example_branch_python_dop_operator_3.py took 0.084 seconds
