[2024-05-03T02:07:35.584+0000] {processor.py:161} INFO - Started process (PID=82) to work on /home/airflow/.local/lib/python3.12/site-packages/airflow/example_dags/example_setup_teardown.py
[2024-05-03T02:07:35.585+0000] {processor.py:830} INFO - Processing file /home/airflow/.local/lib/python3.12/site-packages/airflow/example_dags/example_setup_teardown.py for tasks to queue
[2024-05-03T02:07:35.587+0000] {logging_mixin.py:188} INFO - [2024-05-03T02:07:35.587+0000] {dagbag.py:540} INFO - Filling up the DagBag from /home/airflow/.local/lib/python3.12/site-packages/airflow/example_dags/example_setup_teardown.py
[2024-05-03T02:07:35.593+0000] {processor.py:840} INFO - DAG(s) 'example_setup_teardown' retrieved from /home/airflow/.local/lib/python3.12/site-packages/airflow/example_dags/example_setup_teardown.py
[2024-05-03T02:07:35.615+0000] {logging_mixin.py:188} INFO - [2024-05-03T02:07:35.614+0000] {dag.py:3096} INFO - Sync 1 DAGs
[2024-05-03T02:07:35.646+0000] {logging_mixin.py:188} INFO - [2024-05-03T02:07:35.645+0000] {dag.py:3954} INFO - Setting next_dagrun for example_setup_teardown to 2024-05-02 00:00:00+00:00, run_after=2024-05-03 00:00:00+00:00
[2024-05-03T02:07:35.673+0000] {processor.py:183} INFO - Processing /home/airflow/.local/lib/python3.12/site-packages/airflow/example_dags/example_setup_teardown.py took 0.094 seconds
[2024-05-03T02:08:06.439+0000] {processor.py:161} INFO - Started process (PID=141) to work on /home/airflow/.local/lib/python3.12/site-packages/airflow/example_dags/example_setup_teardown.py
[2024-05-03T02:08:06.440+0000] {processor.py:830} INFO - Processing file /home/airflow/.local/lib/python3.12/site-packages/airflow/example_dags/example_setup_teardown.py for tasks to queue
[2024-05-03T02:08:06.443+0000] {logging_mixin.py:188} INFO - [2024-05-03T02:08:06.443+0000] {dagbag.py:540} INFO - Filling up the DagBag from /home/airflow/.local/lib/python3.12/site-packages/airflow/example_dags/example_setup_teardown.py
[2024-05-03T02:08:06.454+0000] {processor.py:840} INFO - DAG(s) 'example_setup_teardown' retrieved from /home/airflow/.local/lib/python3.12/site-packages/airflow/example_dags/example_setup_teardown.py
[2024-05-03T02:08:06.483+0000] {logging_mixin.py:188} INFO - [2024-05-03T02:08:06.482+0000] {dag.py:3096} INFO - Sync 1 DAGs
[2024-05-03T02:08:06.516+0000] {logging_mixin.py:188} INFO - [2024-05-03T02:08:06.516+0000] {dag.py:3954} INFO - Setting next_dagrun for example_setup_teardown to 2024-05-02 00:00:00+00:00, run_after=2024-05-03 00:00:00+00:00
[2024-05-03T02:08:06.541+0000] {processor.py:183} INFO - Processing /home/airflow/.local/lib/python3.12/site-packages/airflow/example_dags/example_setup_teardown.py took 0.108 seconds
[2024-05-03T02:08:37.680+0000] {processor.py:161} INFO - Started process (PID=200) to work on /home/airflow/.local/lib/python3.12/site-packages/airflow/example_dags/example_setup_teardown.py
[2024-05-03T02:08:37.682+0000] {processor.py:830} INFO - Processing file /home/airflow/.local/lib/python3.12/site-packages/airflow/example_dags/example_setup_teardown.py for tasks to queue
[2024-05-03T02:08:37.693+0000] {logging_mixin.py:188} INFO - [2024-05-03T02:08:37.692+0000] {dagbag.py:540} INFO - Filling up the DagBag from /home/airflow/.local/lib/python3.12/site-packages/airflow/example_dags/example_setup_teardown.py
[2024-05-03T02:08:37.713+0000] {processor.py:840} INFO - DAG(s) 'example_setup_teardown' retrieved from /home/airflow/.local/lib/python3.12/site-packages/airflow/example_dags/example_setup_teardown.py
[2024-05-03T02:08:37.754+0000] {logging_mixin.py:188} INFO - [2024-05-03T02:08:37.754+0000] {dag.py:3096} INFO - Sync 1 DAGs
[2024-05-03T02:08:37.795+0000] {logging_mixin.py:188} INFO - [2024-05-03T02:08:37.794+0000] {dag.py:3954} INFO - Setting next_dagrun for example_setup_teardown to 2024-05-02 00:00:00+00:00, run_after=2024-05-03 00:00:00+00:00
[2024-05-03T02:08:37.830+0000] {processor.py:183} INFO - Processing /home/airflow/.local/lib/python3.12/site-packages/airflow/example_dags/example_setup_teardown.py took 0.159 seconds
[2024-05-03T02:09:08.406+0000] {processor.py:161} INFO - Started process (PID=259) to work on /home/airflow/.local/lib/python3.12/site-packages/airflow/example_dags/example_setup_teardown.py
[2024-05-03T02:09:08.409+0000] {processor.py:830} INFO - Processing file /home/airflow/.local/lib/python3.12/site-packages/airflow/example_dags/example_setup_teardown.py for tasks to queue
[2024-05-03T02:09:08.423+0000] {logging_mixin.py:188} INFO - [2024-05-03T02:09:08.423+0000] {dagbag.py:540} INFO - Filling up the DagBag from /home/airflow/.local/lib/python3.12/site-packages/airflow/example_dags/example_setup_teardown.py
[2024-05-03T02:09:08.444+0000] {processor.py:840} INFO - DAG(s) 'example_setup_teardown' retrieved from /home/airflow/.local/lib/python3.12/site-packages/airflow/example_dags/example_setup_teardown.py
[2024-05-03T02:09:08.482+0000] {logging_mixin.py:188} INFO - [2024-05-03T02:09:08.482+0000] {dag.py:3096} INFO - Sync 1 DAGs
[2024-05-03T02:09:08.545+0000] {logging_mixin.py:188} INFO - [2024-05-03T02:09:08.545+0000] {dag.py:3954} INFO - Setting next_dagrun for example_setup_teardown to 2024-05-02 00:00:00+00:00, run_after=2024-05-03 00:00:00+00:00
[2024-05-03T02:09:08.583+0000] {processor.py:183} INFO - Processing /home/airflow/.local/lib/python3.12/site-packages/airflow/example_dags/example_setup_teardown.py took 0.189 seconds
[2024-05-03T02:09:38.676+0000] {processor.py:161} INFO - Started process (PID=319) to work on /home/airflow/.local/lib/python3.12/site-packages/airflow/example_dags/example_setup_teardown.py
[2024-05-03T02:09:38.677+0000] {processor.py:830} INFO - Processing file /home/airflow/.local/lib/python3.12/site-packages/airflow/example_dags/example_setup_teardown.py for tasks to queue
[2024-05-03T02:09:38.679+0000] {logging_mixin.py:188} INFO - [2024-05-03T02:09:38.679+0000] {dagbag.py:540} INFO - Filling up the DagBag from /home/airflow/.local/lib/python3.12/site-packages/airflow/example_dags/example_setup_teardown.py
[2024-05-03T02:09:38.686+0000] {processor.py:840} INFO - DAG(s) 'example_setup_teardown' retrieved from /home/airflow/.local/lib/python3.12/site-packages/airflow/example_dags/example_setup_teardown.py
[2024-05-03T02:09:38.711+0000] {logging_mixin.py:188} INFO - [2024-05-03T02:09:38.711+0000] {dag.py:3096} INFO - Sync 1 DAGs
[2024-05-03T02:09:38.739+0000] {logging_mixin.py:188} INFO - [2024-05-03T02:09:38.739+0000] {dag.py:3954} INFO - Setting next_dagrun for example_setup_teardown to 2024-05-02 00:00:00+00:00, run_after=2024-05-03 00:00:00+00:00
[2024-05-03T02:09:38.761+0000] {processor.py:183} INFO - Processing /home/airflow/.local/lib/python3.12/site-packages/airflow/example_dags/example_setup_teardown.py took 0.091 seconds
[2024-05-03T02:10:09.491+0000] {processor.py:161} INFO - Started process (PID=378) to work on /home/airflow/.local/lib/python3.12/site-packages/airflow/example_dags/example_setup_teardown.py
[2024-05-03T02:10:09.493+0000] {processor.py:830} INFO - Processing file /home/airflow/.local/lib/python3.12/site-packages/airflow/example_dags/example_setup_teardown.py for tasks to queue
[2024-05-03T02:10:09.495+0000] {logging_mixin.py:188} INFO - [2024-05-03T02:10:09.495+0000] {dagbag.py:540} INFO - Filling up the DagBag from /home/airflow/.local/lib/python3.12/site-packages/airflow/example_dags/example_setup_teardown.py
[2024-05-03T02:10:09.521+0000] {processor.py:840} INFO - DAG(s) 'example_setup_teardown' retrieved from /home/airflow/.local/lib/python3.12/site-packages/airflow/example_dags/example_setup_teardown.py
[2024-05-03T02:10:09.554+0000] {logging_mixin.py:188} INFO - [2024-05-03T02:10:09.553+0000] {dag.py:3096} INFO - Sync 1 DAGs
[2024-05-03T02:10:09.596+0000] {logging_mixin.py:188} INFO - [2024-05-03T02:10:09.596+0000] {dag.py:3954} INFO - Setting next_dagrun for example_setup_teardown to 2024-05-02 00:00:00+00:00, run_after=2024-05-03 00:00:00+00:00
[2024-05-03T02:10:09.630+0000] {processor.py:183} INFO - Processing /home/airflow/.local/lib/python3.12/site-packages/airflow/example_dags/example_setup_teardown.py took 0.147 seconds
[2024-05-03T02:10:42.566+0000] {processor.py:161} INFO - Started process (PID=437) to work on /home/airflow/.local/lib/python3.12/site-packages/airflow/example_dags/example_setup_teardown.py
[2024-05-03T02:10:42.568+0000] {processor.py:830} INFO - Processing file /home/airflow/.local/lib/python3.12/site-packages/airflow/example_dags/example_setup_teardown.py for tasks to queue
[2024-05-03T02:10:42.570+0000] {logging_mixin.py:188} INFO - [2024-05-03T02:10:42.570+0000] {dagbag.py:540} INFO - Filling up the DagBag from /home/airflow/.local/lib/python3.12/site-packages/airflow/example_dags/example_setup_teardown.py
[2024-05-03T02:10:42.581+0000] {processor.py:840} INFO - DAG(s) 'example_setup_teardown' retrieved from /home/airflow/.local/lib/python3.12/site-packages/airflow/example_dags/example_setup_teardown.py
[2024-05-03T02:10:42.614+0000] {logging_mixin.py:188} INFO - [2024-05-03T02:10:42.614+0000] {dag.py:3096} INFO - Sync 1 DAGs
[2024-05-03T02:10:42.652+0000] {logging_mixin.py:188} INFO - [2024-05-03T02:10:42.652+0000] {dag.py:3954} INFO - Setting next_dagrun for example_setup_teardown to 2024-05-02 00:00:00+00:00, run_after=2024-05-03 00:00:00+00:00
[2024-05-03T02:10:42.686+0000] {processor.py:183} INFO - Processing /home/airflow/.local/lib/python3.12/site-packages/airflow/example_dags/example_setup_teardown.py took 0.129 seconds
[2024-05-03T02:11:13.385+0000] {processor.py:161} INFO - Started process (PID=496) to work on /home/airflow/.local/lib/python3.12/site-packages/airflow/example_dags/example_setup_teardown.py
[2024-05-03T02:11:13.387+0000] {processor.py:830} INFO - Processing file /home/airflow/.local/lib/python3.12/site-packages/airflow/example_dags/example_setup_teardown.py for tasks to queue
[2024-05-03T02:11:13.389+0000] {logging_mixin.py:188} INFO - [2024-05-03T02:11:13.389+0000] {dagbag.py:540} INFO - Filling up the DagBag from /home/airflow/.local/lib/python3.12/site-packages/airflow/example_dags/example_setup_teardown.py
[2024-05-03T02:11:13.396+0000] {processor.py:840} INFO - DAG(s) 'example_setup_teardown' retrieved from /home/airflow/.local/lib/python3.12/site-packages/airflow/example_dags/example_setup_teardown.py
[2024-05-03T02:11:13.419+0000] {logging_mixin.py:188} INFO - [2024-05-03T02:11:13.419+0000] {dag.py:3096} INFO - Sync 1 DAGs
[2024-05-03T02:11:13.446+0000] {logging_mixin.py:188} INFO - [2024-05-03T02:11:13.446+0000] {dag.py:3954} INFO - Setting next_dagrun for example_setup_teardown to 2024-05-02 00:00:00+00:00, run_after=2024-05-03 00:00:00+00:00
[2024-05-03T02:11:13.471+0000] {processor.py:183} INFO - Processing /home/airflow/.local/lib/python3.12/site-packages/airflow/example_dags/example_setup_teardown.py took 0.096 seconds
[2024-05-03T02:11:43.499+0000] {processor.py:161} INFO - Started process (PID=553) to work on /home/airflow/.local/lib/python3.12/site-packages/airflow/example_dags/example_setup_teardown.py
[2024-05-03T02:11:43.500+0000] {processor.py:830} INFO - Processing file /home/airflow/.local/lib/python3.12/site-packages/airflow/example_dags/example_setup_teardown.py for tasks to queue
[2024-05-03T02:11:43.501+0000] {logging_mixin.py:188} INFO - [2024-05-03T02:11:43.501+0000] {dagbag.py:540} INFO - Filling up the DagBag from /home/airflow/.local/lib/python3.12/site-packages/airflow/example_dags/example_setup_teardown.py
[2024-05-03T02:11:43.508+0000] {processor.py:840} INFO - DAG(s) 'example_setup_teardown' retrieved from /home/airflow/.local/lib/python3.12/site-packages/airflow/example_dags/example_setup_teardown.py
[2024-05-03T02:11:43.528+0000] {logging_mixin.py:188} INFO - [2024-05-03T02:11:43.527+0000] {dag.py:3096} INFO - Sync 1 DAGs
[2024-05-03T02:11:43.553+0000] {logging_mixin.py:188} INFO - [2024-05-03T02:11:43.553+0000] {dag.py:3954} INFO - Setting next_dagrun for example_setup_teardown to 2024-05-02 00:00:00+00:00, run_after=2024-05-03 00:00:00+00:00
[2024-05-03T02:11:43.573+0000] {processor.py:183} INFO - Processing /home/airflow/.local/lib/python3.12/site-packages/airflow/example_dags/example_setup_teardown.py took 0.080 seconds
[2024-05-03T02:12:14.288+0000] {processor.py:161} INFO - Started process (PID=613) to work on /home/airflow/.local/lib/python3.12/site-packages/airflow/example_dags/example_setup_teardown.py
[2024-05-03T02:12:14.289+0000] {processor.py:830} INFO - Processing file /home/airflow/.local/lib/python3.12/site-packages/airflow/example_dags/example_setup_teardown.py for tasks to queue
[2024-05-03T02:12:14.293+0000] {logging_mixin.py:188} INFO - [2024-05-03T02:12:14.292+0000] {dagbag.py:540} INFO - Filling up the DagBag from /home/airflow/.local/lib/python3.12/site-packages/airflow/example_dags/example_setup_teardown.py
[2024-05-03T02:12:14.300+0000] {processor.py:840} INFO - DAG(s) 'example_setup_teardown' retrieved from /home/airflow/.local/lib/python3.12/site-packages/airflow/example_dags/example_setup_teardown.py
[2024-05-03T02:12:14.324+0000] {logging_mixin.py:188} INFO - [2024-05-03T02:12:14.324+0000] {dag.py:3096} INFO - Sync 1 DAGs
[2024-05-03T02:12:14.350+0000] {logging_mixin.py:188} INFO - [2024-05-03T02:12:14.349+0000] {dag.py:3954} INFO - Setting next_dagrun for example_setup_teardown to 2024-05-02 00:00:00+00:00, run_after=2024-05-03 00:00:00+00:00
[2024-05-03T02:12:14.371+0000] {processor.py:183} INFO - Processing /home/airflow/.local/lib/python3.12/site-packages/airflow/example_dags/example_setup_teardown.py took 0.089 seconds
