[2024-05-03T02:07:33.813+0000] {processor.py:161} INFO - Started process (PID=59) to work on /home/airflow/.local/lib/python3.12/site-packages/airflow/example_dags/example_branch_labels.py
[2024-05-03T02:07:33.814+0000] {processor.py:830} INFO - Processing file /home/airflow/.local/lib/python3.12/site-packages/airflow/example_dags/example_branch_labels.py for tasks to queue
[2024-05-03T02:07:33.816+0000] {logging_mixin.py:188} INFO - [2024-05-03T02:07:33.816+0000] {dagbag.py:540} INFO - Filling up the DagBag from /home/airflow/.local/lib/python3.12/site-packages/airflow/example_dags/example_branch_labels.py
[2024-05-03T02:07:33.830+0000] {processor.py:840} INFO - DAG(s) 'example_branch_labels' retrieved from /home/airflow/.local/lib/python3.12/site-packages/airflow/example_dags/example_branch_labels.py
[2024-05-03T02:07:33.864+0000] {logging_mixin.py:188} INFO - [2024-05-03T02:07:33.863+0000] {dag.py:3096} INFO - Sync 1 DAGs
[2024-05-03T02:07:33.893+0000] {logging_mixin.py:188} INFO - [2024-05-03T02:07:33.893+0000] {dag.py:3954} INFO - Setting next_dagrun for example_branch_labels to 2024-05-02 00:00:00+00:00, run_after=2024-05-03 00:00:00+00:00
[2024-05-03T02:07:33.914+0000] {processor.py:183} INFO - Processing /home/airflow/.local/lib/python3.12/site-packages/airflow/example_dags/example_branch_labels.py took 0.106 seconds
[2024-05-03T02:08:03.975+0000] {processor.py:161} INFO - Started process (PID=118) to work on /home/airflow/.local/lib/python3.12/site-packages/airflow/example_dags/example_branch_labels.py
[2024-05-03T02:08:03.977+0000] {processor.py:830} INFO - Processing file /home/airflow/.local/lib/python3.12/site-packages/airflow/example_dags/example_branch_labels.py for tasks to queue
[2024-05-03T02:08:03.979+0000] {logging_mixin.py:188} INFO - [2024-05-03T02:08:03.979+0000] {dagbag.py:540} INFO - Filling up the DagBag from /home/airflow/.local/lib/python3.12/site-packages/airflow/example_dags/example_branch_labels.py
[2024-05-03T02:08:03.987+0000] {processor.py:840} INFO - DAG(s) 'example_branch_labels' retrieved from /home/airflow/.local/lib/python3.12/site-packages/airflow/example_dags/example_branch_labels.py
[2024-05-03T02:08:04.019+0000] {logging_mixin.py:188} INFO - [2024-05-03T02:08:04.018+0000] {dag.py:3096} INFO - Sync 1 DAGs
[2024-05-03T02:08:04.047+0000] {logging_mixin.py:188} INFO - [2024-05-03T02:08:04.046+0000] {dag.py:3954} INFO - Setting next_dagrun for example_branch_labels to 2024-05-02 00:00:00+00:00, run_after=2024-05-03 00:00:00+00:00
[2024-05-03T02:08:04.069+0000] {processor.py:183} INFO - Processing /home/airflow/.local/lib/python3.12/site-packages/airflow/example_dags/example_branch_labels.py took 0.100 seconds
[2024-05-03T02:08:34.588+0000] {processor.py:161} INFO - Started process (PID=177) to work on /home/airflow/.local/lib/python3.12/site-packages/airflow/example_dags/example_branch_labels.py
[2024-05-03T02:08:34.590+0000] {processor.py:830} INFO - Processing file /home/airflow/.local/lib/python3.12/site-packages/airflow/example_dags/example_branch_labels.py for tasks to queue
[2024-05-03T02:08:34.593+0000] {logging_mixin.py:188} INFO - [2024-05-03T02:08:34.592+0000] {dagbag.py:540} INFO - Filling up the DagBag from /home/airflow/.local/lib/python3.12/site-packages/airflow/example_dags/example_branch_labels.py
[2024-05-03T02:08:34.603+0000] {processor.py:840} INFO - DAG(s) 'example_branch_labels' retrieved from /home/airflow/.local/lib/python3.12/site-packages/airflow/example_dags/example_branch_labels.py
[2024-05-03T02:08:34.640+0000] {logging_mixin.py:188} INFO - [2024-05-03T02:08:34.640+0000] {dag.py:3096} INFO - Sync 1 DAGs
[2024-05-03T02:08:34.684+0000] {logging_mixin.py:188} INFO - [2024-05-03T02:08:34.683+0000] {dag.py:3954} INFO - Setting next_dagrun for example_branch_labels to 2024-05-02 00:00:00+00:00, run_after=2024-05-03 00:00:00+00:00
[2024-05-03T02:08:34.725+0000] {processor.py:183} INFO - Processing /home/airflow/.local/lib/python3.12/site-packages/airflow/example_dags/example_branch_labels.py took 0.144 seconds
[2024-05-03T02:09:04.989+0000] {processor.py:161} INFO - Started process (PID=237) to work on /home/airflow/.local/lib/python3.12/site-packages/airflow/example_dags/example_branch_labels.py
[2024-05-03T02:09:04.991+0000] {processor.py:830} INFO - Processing file /home/airflow/.local/lib/python3.12/site-packages/airflow/example_dags/example_branch_labels.py for tasks to queue
[2024-05-03T02:09:04.993+0000] {logging_mixin.py:188} INFO - [2024-05-03T02:09:04.992+0000] {dagbag.py:540} INFO - Filling up the DagBag from /home/airflow/.local/lib/python3.12/site-packages/airflow/example_dags/example_branch_labels.py
[2024-05-03T02:09:05.004+0000] {processor.py:840} INFO - DAG(s) 'example_branch_labels' retrieved from /home/airflow/.local/lib/python3.12/site-packages/airflow/example_dags/example_branch_labels.py
[2024-05-03T02:09:05.033+0000] {logging_mixin.py:188} INFO - [2024-05-03T02:09:05.032+0000] {dag.py:3096} INFO - Sync 1 DAGs
[2024-05-03T02:09:05.069+0000] {logging_mixin.py:188} INFO - [2024-05-03T02:09:05.069+0000] {dag.py:3954} INFO - Setting next_dagrun for example_branch_labels to 2024-05-02 00:00:00+00:00, run_after=2024-05-03 00:00:00+00:00
[2024-05-03T02:09:05.099+0000] {processor.py:183} INFO - Processing /home/airflow/.local/lib/python3.12/site-packages/airflow/example_dags/example_branch_labels.py took 0.115 seconds
[2024-05-03T02:09:35.174+0000] {processor.py:161} INFO - Started process (PID=297) to work on /home/airflow/.local/lib/python3.12/site-packages/airflow/example_dags/example_branch_labels.py
[2024-05-03T02:09:35.175+0000] {processor.py:830} INFO - Processing file /home/airflow/.local/lib/python3.12/site-packages/airflow/example_dags/example_branch_labels.py for tasks to queue
[2024-05-03T02:09:35.179+0000] {logging_mixin.py:188} INFO - [2024-05-03T02:09:35.178+0000] {dagbag.py:540} INFO - Filling up the DagBag from /home/airflow/.local/lib/python3.12/site-packages/airflow/example_dags/example_branch_labels.py
[2024-05-03T02:09:35.188+0000] {processor.py:840} INFO - DAG(s) 'example_branch_labels' retrieved from /home/airflow/.local/lib/python3.12/site-packages/airflow/example_dags/example_branch_labels.py
[2024-05-03T02:09:35.213+0000] {logging_mixin.py:188} INFO - [2024-05-03T02:09:35.212+0000] {dag.py:3096} INFO - Sync 1 DAGs
[2024-05-03T02:09:35.243+0000] {logging_mixin.py:188} INFO - [2024-05-03T02:09:35.243+0000] {dag.py:3954} INFO - Setting next_dagrun for example_branch_labels to 2024-05-02 00:00:00+00:00, run_after=2024-05-03 00:00:00+00:00
[2024-05-03T02:09:35.269+0000] {processor.py:183} INFO - Processing /home/airflow/.local/lib/python3.12/site-packages/airflow/example_dags/example_branch_labels.py took 0.103 seconds
[2024-05-03T02:10:05.817+0000] {processor.py:161} INFO - Started process (PID=355) to work on /home/airflow/.local/lib/python3.12/site-packages/airflow/example_dags/example_branch_labels.py
[2024-05-03T02:10:05.818+0000] {processor.py:830} INFO - Processing file /home/airflow/.local/lib/python3.12/site-packages/airflow/example_dags/example_branch_labels.py for tasks to queue
[2024-05-03T02:10:05.820+0000] {logging_mixin.py:188} INFO - [2024-05-03T02:10:05.820+0000] {dagbag.py:540} INFO - Filling up the DagBag from /home/airflow/.local/lib/python3.12/site-packages/airflow/example_dags/example_branch_labels.py
[2024-05-03T02:10:05.828+0000] {processor.py:840} INFO - DAG(s) 'example_branch_labels' retrieved from /home/airflow/.local/lib/python3.12/site-packages/airflow/example_dags/example_branch_labels.py
[2024-05-03T02:10:05.854+0000] {logging_mixin.py:188} INFO - [2024-05-03T02:10:05.854+0000] {dag.py:3096} INFO - Sync 1 DAGs
[2024-05-03T02:10:05.886+0000] {logging_mixin.py:188} INFO - [2024-05-03T02:10:05.885+0000] {dag.py:3954} INFO - Setting next_dagrun for example_branch_labels to 2024-05-02 00:00:00+00:00, run_after=2024-05-03 00:00:00+00:00
[2024-05-03T02:10:05.910+0000] {processor.py:183} INFO - Processing /home/airflow/.local/lib/python3.12/site-packages/airflow/example_dags/example_branch_labels.py took 0.098 seconds
[2024-05-03T02:10:38.806+0000] {processor.py:161} INFO - Started process (PID=414) to work on /home/airflow/.local/lib/python3.12/site-packages/airflow/example_dags/example_branch_labels.py
[2024-05-03T02:10:38.809+0000] {processor.py:830} INFO - Processing file /home/airflow/.local/lib/python3.12/site-packages/airflow/example_dags/example_branch_labels.py for tasks to queue
[2024-05-03T02:10:38.813+0000] {logging_mixin.py:188} INFO - [2024-05-03T02:10:38.812+0000] {dagbag.py:540} INFO - Filling up the DagBag from /home/airflow/.local/lib/python3.12/site-packages/airflow/example_dags/example_branch_labels.py
[2024-05-03T02:10:38.835+0000] {processor.py:840} INFO - DAG(s) 'example_branch_labels' retrieved from /home/airflow/.local/lib/python3.12/site-packages/airflow/example_dags/example_branch_labels.py
[2024-05-03T02:10:38.894+0000] {logging_mixin.py:188} INFO - [2024-05-03T02:10:38.894+0000] {dag.py:3096} INFO - Sync 1 DAGs
[2024-05-03T02:10:38.993+0000] {logging_mixin.py:188} INFO - [2024-05-03T02:10:38.991+0000] {dag.py:3954} INFO - Setting next_dagrun for example_branch_labels to 2024-05-02 00:00:00+00:00, run_after=2024-05-03 00:00:00+00:00
[2024-05-03T02:10:39.078+0000] {processor.py:183} INFO - Processing /home/airflow/.local/lib/python3.12/site-packages/airflow/example_dags/example_branch_labels.py took 0.284 seconds
[2024-05-03T02:11:09.761+0000] {processor.py:161} INFO - Started process (PID=473) to work on /home/airflow/.local/lib/python3.12/site-packages/airflow/example_dags/example_branch_labels.py
[2024-05-03T02:11:09.763+0000] {processor.py:830} INFO - Processing file /home/airflow/.local/lib/python3.12/site-packages/airflow/example_dags/example_branch_labels.py for tasks to queue
[2024-05-03T02:11:09.767+0000] {logging_mixin.py:188} INFO - [2024-05-03T02:11:09.767+0000] {dagbag.py:540} INFO - Filling up the DagBag from /home/airflow/.local/lib/python3.12/site-packages/airflow/example_dags/example_branch_labels.py
[2024-05-03T02:11:09.790+0000] {processor.py:840} INFO - DAG(s) 'example_branch_labels' retrieved from /home/airflow/.local/lib/python3.12/site-packages/airflow/example_dags/example_branch_labels.py
[2024-05-03T02:11:09.949+0000] {logging_mixin.py:188} INFO - [2024-05-03T02:11:09.948+0000] {dag.py:3096} INFO - Sync 1 DAGs
[2024-05-03T02:11:10.075+0000] {logging_mixin.py:188} INFO - [2024-05-03T02:11:10.074+0000] {dag.py:3954} INFO - Setting next_dagrun for example_branch_labels to 2024-05-02 00:00:00+00:00, run_after=2024-05-03 00:00:00+00:00
[2024-05-03T02:11:10.137+0000] {processor.py:183} INFO - Processing /home/airflow/.local/lib/python3.12/site-packages/airflow/example_dags/example_branch_labels.py took 0.390 seconds
[2024-05-03T02:11:40.440+0000] {processor.py:161} INFO - Started process (PID=531) to work on /home/airflow/.local/lib/python3.12/site-packages/airflow/example_dags/example_branch_labels.py
[2024-05-03T02:11:40.441+0000] {processor.py:830} INFO - Processing file /home/airflow/.local/lib/python3.12/site-packages/airflow/example_dags/example_branch_labels.py for tasks to queue
[2024-05-03T02:11:40.444+0000] {logging_mixin.py:188} INFO - [2024-05-03T02:11:40.443+0000] {dagbag.py:540} INFO - Filling up the DagBag from /home/airflow/.local/lib/python3.12/site-packages/airflow/example_dags/example_branch_labels.py
[2024-05-03T02:11:40.457+0000] {processor.py:840} INFO - DAG(s) 'example_branch_labels' retrieved from /home/airflow/.local/lib/python3.12/site-packages/airflow/example_dags/example_branch_labels.py
[2024-05-03T02:11:40.499+0000] {logging_mixin.py:188} INFO - [2024-05-03T02:11:40.499+0000] {dag.py:3096} INFO - Sync 1 DAGs
[2024-05-03T02:11:40.550+0000] {logging_mixin.py:188} INFO - [2024-05-03T02:11:40.549+0000] {dag.py:3954} INFO - Setting next_dagrun for example_branch_labels to 2024-05-02 00:00:00+00:00, run_after=2024-05-03 00:00:00+00:00
[2024-05-03T02:11:40.589+0000] {processor.py:183} INFO - Processing /home/airflow/.local/lib/python3.12/site-packages/airflow/example_dags/example_branch_labels.py took 0.158 seconds
[2024-05-03T02:12:10.982+0000] {processor.py:161} INFO - Started process (PID=590) to work on /home/airflow/.local/lib/python3.12/site-packages/airflow/example_dags/example_branch_labels.py
[2024-05-03T02:12:10.984+0000] {processor.py:830} INFO - Processing file /home/airflow/.local/lib/python3.12/site-packages/airflow/example_dags/example_branch_labels.py for tasks to queue
[2024-05-03T02:12:10.988+0000] {logging_mixin.py:188} INFO - [2024-05-03T02:12:10.987+0000] {dagbag.py:540} INFO - Filling up the DagBag from /home/airflow/.local/lib/python3.12/site-packages/airflow/example_dags/example_branch_labels.py
[2024-05-03T02:12:11.003+0000] {processor.py:840} INFO - DAG(s) 'example_branch_labels' retrieved from /home/airflow/.local/lib/python3.12/site-packages/airflow/example_dags/example_branch_labels.py
[2024-05-03T02:12:11.072+0000] {logging_mixin.py:188} INFO - [2024-05-03T02:12:11.068+0000] {dag.py:3096} INFO - Sync 1 DAGs
[2024-05-03T02:12:11.120+0000] {logging_mixin.py:188} INFO - [2024-05-03T02:12:11.120+0000] {dag.py:3954} INFO - Setting next_dagrun for example_branch_labels to 2024-05-02 00:00:00+00:00, run_after=2024-05-03 00:00:00+00:00
[2024-05-03T02:12:11.158+0000] {processor.py:183} INFO - Processing /home/airflow/.local/lib/python3.12/site-packages/airflow/example_dags/example_branch_labels.py took 0.190 seconds
