[2024-05-03T02:07:37.101+0000] {processor.py:161} INFO - Started process (PID=92) to work on /home/airflow/.local/lib/python3.12/site-packages/airflow/example_dags/example_complex.py
[2024-05-03T02:07:37.104+0000] {processor.py:830} INFO - Processing file /home/airflow/.local/lib/python3.12/site-packages/airflow/example_dags/example_complex.py for tasks to queue
[2024-05-03T02:07:37.107+0000] {logging_mixin.py:188} INFO - [2024-05-03T02:07:37.107+0000] {dagbag.py:540} INFO - Filling up the DagBag from /home/airflow/.local/lib/python3.12/site-packages/airflow/example_dags/example_complex.py
[2024-05-03T02:07:37.144+0000] {processor.py:840} INFO - DAG(s) 'example_complex' retrieved from /home/airflow/.local/lib/python3.12/site-packages/airflow/example_dags/example_complex.py
[2024-05-03T02:07:37.233+0000] {logging_mixin.py:188} INFO - [2024-05-03T02:07:37.233+0000] {dag.py:3096} INFO - Sync 1 DAGs
[2024-05-03T02:07:37.278+0000] {logging_mixin.py:188} INFO - [2024-05-03T02:07:37.278+0000] {dag.py:3954} INFO - Setting next_dagrun for example_complex to None, run_after=None
[2024-05-03T02:07:37.352+0000] {processor.py:183} INFO - Processing /home/airflow/.local/lib/python3.12/site-packages/airflow/example_dags/example_complex.py took 0.262 seconds
[2024-05-03T02:08:07.504+0000] {processor.py:161} INFO - Started process (PID=151) to work on /home/airflow/.local/lib/python3.12/site-packages/airflow/example_dags/example_complex.py
[2024-05-03T02:08:07.505+0000] {processor.py:830} INFO - Processing file /home/airflow/.local/lib/python3.12/site-packages/airflow/example_dags/example_complex.py for tasks to queue
[2024-05-03T02:08:07.507+0000] {logging_mixin.py:188} INFO - [2024-05-03T02:08:07.507+0000] {dagbag.py:540} INFO - Filling up the DagBag from /home/airflow/.local/lib/python3.12/site-packages/airflow/example_dags/example_complex.py
[2024-05-03T02:08:07.518+0000] {processor.py:840} INFO - DAG(s) 'example_complex' retrieved from /home/airflow/.local/lib/python3.12/site-packages/airflow/example_dags/example_complex.py
[2024-05-03T02:08:07.554+0000] {logging_mixin.py:188} INFO - [2024-05-03T02:08:07.553+0000] {dag.py:3096} INFO - Sync 1 DAGs
[2024-05-03T02:08:07.569+0000] {logging_mixin.py:188} INFO - [2024-05-03T02:08:07.569+0000] {dag.py:3954} INFO - Setting next_dagrun for example_complex to None, run_after=None
[2024-05-03T02:08:07.591+0000] {processor.py:183} INFO - Processing /home/airflow/.local/lib/python3.12/site-packages/airflow/example_dags/example_complex.py took 0.092 seconds
[2024-05-03T02:08:38.983+0000] {processor.py:161} INFO - Started process (PID=210) to work on /home/airflow/.local/lib/python3.12/site-packages/airflow/example_dags/example_complex.py
[2024-05-03T02:08:38.985+0000] {processor.py:830} INFO - Processing file /home/airflow/.local/lib/python3.12/site-packages/airflow/example_dags/example_complex.py for tasks to queue
[2024-05-03T02:08:38.988+0000] {logging_mixin.py:188} INFO - [2024-05-03T02:08:38.987+0000] {dagbag.py:540} INFO - Filling up the DagBag from /home/airflow/.local/lib/python3.12/site-packages/airflow/example_dags/example_complex.py
[2024-05-03T02:08:39.008+0000] {processor.py:840} INFO - DAG(s) 'example_complex' retrieved from /home/airflow/.local/lib/python3.12/site-packages/airflow/example_dags/example_complex.py
[2024-05-03T02:08:39.075+0000] {logging_mixin.py:188} INFO - [2024-05-03T02:08:39.075+0000] {dag.py:3096} INFO - Sync 1 DAGs
[2024-05-03T02:08:39.093+0000] {logging_mixin.py:188} INFO - [2024-05-03T02:08:39.093+0000] {dag.py:3954} INFO - Setting next_dagrun for example_complex to None, run_after=None
[2024-05-03T02:08:39.124+0000] {processor.py:183} INFO - Processing /home/airflow/.local/lib/python3.12/site-packages/airflow/example_dags/example_complex.py took 0.150 seconds
[2024-05-03T02:09:09.927+0000] {processor.py:161} INFO - Started process (PID=269) to work on /home/airflow/.local/lib/python3.12/site-packages/airflow/example_dags/example_complex.py
[2024-05-03T02:09:09.928+0000] {processor.py:830} INFO - Processing file /home/airflow/.local/lib/python3.12/site-packages/airflow/example_dags/example_complex.py for tasks to queue
[2024-05-03T02:09:09.931+0000] {logging_mixin.py:188} INFO - [2024-05-03T02:09:09.931+0000] {dagbag.py:540} INFO - Filling up the DagBag from /home/airflow/.local/lib/python3.12/site-packages/airflow/example_dags/example_complex.py
[2024-05-03T02:09:09.952+0000] {processor.py:840} INFO - DAG(s) 'example_complex' retrieved from /home/airflow/.local/lib/python3.12/site-packages/airflow/example_dags/example_complex.py
[2024-05-03T02:09:10.015+0000] {logging_mixin.py:188} INFO - [2024-05-03T02:09:10.015+0000] {dag.py:3096} INFO - Sync 1 DAGs
[2024-05-03T02:09:10.038+0000] {logging_mixin.py:188} INFO - [2024-05-03T02:09:10.038+0000] {dag.py:3954} INFO - Setting next_dagrun for example_complex to None, run_after=None
[2024-05-03T02:09:10.072+0000] {processor.py:183} INFO - Processing /home/airflow/.local/lib/python3.12/site-packages/airflow/example_dags/example_complex.py took 0.156 seconds
[2024-05-03T02:09:40.703+0000] {processor.py:161} INFO - Started process (PID=329) to work on /home/airflow/.local/lib/python3.12/site-packages/airflow/example_dags/example_complex.py
[2024-05-03T02:09:40.704+0000] {processor.py:830} INFO - Processing file /home/airflow/.local/lib/python3.12/site-packages/airflow/example_dags/example_complex.py for tasks to queue
[2024-05-03T02:09:40.706+0000] {logging_mixin.py:188} INFO - [2024-05-03T02:09:40.705+0000] {dagbag.py:540} INFO - Filling up the DagBag from /home/airflow/.local/lib/python3.12/site-packages/airflow/example_dags/example_complex.py
[2024-05-03T02:09:40.717+0000] {processor.py:840} INFO - DAG(s) 'example_complex' retrieved from /home/airflow/.local/lib/python3.12/site-packages/airflow/example_dags/example_complex.py
[2024-05-03T02:09:40.754+0000] {logging_mixin.py:188} INFO - [2024-05-03T02:09:40.754+0000] {dag.py:3096} INFO - Sync 1 DAGs
[2024-05-03T02:09:40.770+0000] {logging_mixin.py:188} INFO - [2024-05-03T02:09:40.769+0000] {dag.py:3954} INFO - Setting next_dagrun for example_complex to None, run_after=None
[2024-05-03T02:09:40.798+0000] {processor.py:183} INFO - Processing /home/airflow/.local/lib/python3.12/site-packages/airflow/example_dags/example_complex.py took 0.100 seconds
[2024-05-03T02:10:11.497+0000] {processor.py:161} INFO - Started process (PID=388) to work on /home/airflow/.local/lib/python3.12/site-packages/airflow/example_dags/example_complex.py
[2024-05-03T02:10:11.498+0000] {processor.py:830} INFO - Processing file /home/airflow/.local/lib/python3.12/site-packages/airflow/example_dags/example_complex.py for tasks to queue
[2024-05-03T02:10:11.501+0000] {logging_mixin.py:188} INFO - [2024-05-03T02:10:11.500+0000] {dagbag.py:540} INFO - Filling up the DagBag from /home/airflow/.local/lib/python3.12/site-packages/airflow/example_dags/example_complex.py
[2024-05-03T02:10:11.516+0000] {processor.py:840} INFO - DAG(s) 'example_complex' retrieved from /home/airflow/.local/lib/python3.12/site-packages/airflow/example_dags/example_complex.py
[2024-05-03T02:10:11.559+0000] {logging_mixin.py:188} INFO - [2024-05-03T02:10:11.559+0000] {dag.py:3096} INFO - Sync 1 DAGs
[2024-05-03T02:10:11.577+0000] {logging_mixin.py:188} INFO - [2024-05-03T02:10:11.577+0000] {dag.py:3954} INFO - Setting next_dagrun for example_complex to None, run_after=None
[2024-05-03T02:10:11.598+0000] {processor.py:183} INFO - Processing /home/airflow/.local/lib/python3.12/site-packages/airflow/example_dags/example_complex.py took 0.108 seconds
[2024-05-03T02:10:43.552+0000] {processor.py:161} INFO - Started process (PID=447) to work on /home/airflow/.local/lib/python3.12/site-packages/airflow/example_dags/example_complex.py
[2024-05-03T02:10:43.553+0000] {processor.py:830} INFO - Processing file /home/airflow/.local/lib/python3.12/site-packages/airflow/example_dags/example_complex.py for tasks to queue
[2024-05-03T02:10:43.555+0000] {logging_mixin.py:188} INFO - [2024-05-03T02:10:43.555+0000] {dagbag.py:540} INFO - Filling up the DagBag from /home/airflow/.local/lib/python3.12/site-packages/airflow/example_dags/example_complex.py
[2024-05-03T02:10:43.569+0000] {processor.py:840} INFO - DAG(s) 'example_complex' retrieved from /home/airflow/.local/lib/python3.12/site-packages/airflow/example_dags/example_complex.py
[2024-05-03T02:10:43.616+0000] {logging_mixin.py:188} INFO - [2024-05-03T02:10:43.615+0000] {dag.py:3096} INFO - Sync 1 DAGs
[2024-05-03T02:10:43.631+0000] {logging_mixin.py:188} INFO - [2024-05-03T02:10:43.631+0000] {dag.py:3954} INFO - Setting next_dagrun for example_complex to None, run_after=None
[2024-05-03T02:10:43.655+0000] {processor.py:183} INFO - Processing /home/airflow/.local/lib/python3.12/site-packages/airflow/example_dags/example_complex.py took 0.109 seconds
[2024-05-03T02:11:14.445+0000] {processor.py:161} INFO - Started process (PID=506) to work on /home/airflow/.local/lib/python3.12/site-packages/airflow/example_dags/example_complex.py
[2024-05-03T02:11:14.446+0000] {processor.py:830} INFO - Processing file /home/airflow/.local/lib/python3.12/site-packages/airflow/example_dags/example_complex.py for tasks to queue
[2024-05-03T02:11:14.449+0000] {logging_mixin.py:188} INFO - [2024-05-03T02:11:14.448+0000] {dagbag.py:540} INFO - Filling up the DagBag from /home/airflow/.local/lib/python3.12/site-packages/airflow/example_dags/example_complex.py
[2024-05-03T02:11:14.464+0000] {processor.py:840} INFO - DAG(s) 'example_complex' retrieved from /home/airflow/.local/lib/python3.12/site-packages/airflow/example_dags/example_complex.py
[2024-05-03T02:11:14.510+0000] {logging_mixin.py:188} INFO - [2024-05-03T02:11:14.510+0000] {dag.py:3096} INFO - Sync 1 DAGs
[2024-05-03T02:11:14.533+0000] {logging_mixin.py:188} INFO - [2024-05-03T02:11:14.533+0000] {dag.py:3954} INFO - Setting next_dagrun for example_complex to None, run_after=None
[2024-05-03T02:11:14.565+0000] {processor.py:183} INFO - Processing /home/airflow/.local/lib/python3.12/site-packages/airflow/example_dags/example_complex.py took 0.126 seconds
[2024-05-03T02:11:45.225+0000] {processor.py:161} INFO - Started process (PID=564) to work on /home/airflow/.local/lib/python3.12/site-packages/airflow/example_dags/example_complex.py
[2024-05-03T02:11:45.226+0000] {processor.py:830} INFO - Processing file /home/airflow/.local/lib/python3.12/site-packages/airflow/example_dags/example_complex.py for tasks to queue
[2024-05-03T02:11:45.228+0000] {logging_mixin.py:188} INFO - [2024-05-03T02:11:45.228+0000] {dagbag.py:540} INFO - Filling up the DagBag from /home/airflow/.local/lib/python3.12/site-packages/airflow/example_dags/example_complex.py
[2024-05-03T02:11:45.240+0000] {processor.py:840} INFO - DAG(s) 'example_complex' retrieved from /home/airflow/.local/lib/python3.12/site-packages/airflow/example_dags/example_complex.py
[2024-05-03T02:11:45.280+0000] {logging_mixin.py:188} INFO - [2024-05-03T02:11:45.280+0000] {dag.py:3096} INFO - Sync 1 DAGs
[2024-05-03T02:11:45.295+0000] {logging_mixin.py:188} INFO - [2024-05-03T02:11:45.295+0000] {dag.py:3954} INFO - Setting next_dagrun for example_complex to None, run_after=None
[2024-05-03T02:11:45.317+0000] {processor.py:183} INFO - Processing /home/airflow/.local/lib/python3.12/site-packages/airflow/example_dags/example_complex.py took 0.098 seconds
[2024-05-03T02:12:16.061+0000] {processor.py:161} INFO - Started process (PID=629) to work on /home/airflow/.local/lib/python3.12/site-packages/airflow/example_dags/example_complex.py
[2024-05-03T02:12:16.062+0000] {processor.py:830} INFO - Processing file /home/airflow/.local/lib/python3.12/site-packages/airflow/example_dags/example_complex.py for tasks to queue
[2024-05-03T02:12:16.064+0000] {logging_mixin.py:188} INFO - [2024-05-03T02:12:16.063+0000] {dagbag.py:540} INFO - Filling up the DagBag from /home/airflow/.local/lib/python3.12/site-packages/airflow/example_dags/example_complex.py
[2024-05-03T02:12:16.075+0000] {processor.py:840} INFO - DAG(s) 'example_complex' retrieved from /home/airflow/.local/lib/python3.12/site-packages/airflow/example_dags/example_complex.py
[2024-05-03T02:12:16.112+0000] {logging_mixin.py:188} INFO - [2024-05-03T02:12:16.112+0000] {dag.py:3096} INFO - Sync 1 DAGs
[2024-05-03T02:12:16.127+0000] {logging_mixin.py:188} INFO - [2024-05-03T02:12:16.127+0000] {dag.py:3954} INFO - Setting next_dagrun for example_complex to None, run_after=None
[2024-05-03T02:12:16.149+0000] {processor.py:183} INFO - Processing /home/airflow/.local/lib/python3.12/site-packages/airflow/example_dags/example_complex.py took 0.095 seconds
