[2024-05-03T02:07:34.892+0000] {processor.py:161} INFO - Started process (PID=73) to work on /home/airflow/.local/lib/python3.12/site-packages/airflow/example_dags/example_datasets.py
[2024-05-03T02:07:34.893+0000] {processor.py:830} INFO - Processing file /home/airflow/.local/lib/python3.12/site-packages/airflow/example_dags/example_datasets.py for tasks to queue
[2024-05-03T02:07:34.896+0000] {logging_mixin.py:188} INFO - [2024-05-03T02:07:34.896+0000] {dagbag.py:540} INFO - Filling up the DagBag from /home/airflow/.local/lib/python3.12/site-packages/airflow/example_dags/example_datasets.py
[2024-05-03T02:07:34.914+0000] {processor.py:840} INFO - DAG(s) 'dataset_produces_1', 'conditional_dataset_and_time_based_timetable', 'dataset_consumes_unknown_never_scheduled', 'consume_1_and_2_with_dataset_expressions', 'dataset_consumes_1', 'dataset_produces_2', 'dataset_consumes_1_and_2', 'consume_1_or_2_with_dataset_expressions', 'consume_1_or_both_2_and_3_with_dataset_expressions', 'dataset_consumes_1_never_scheduled' retrieved from /home/airflow/.local/lib/python3.12/site-packages/airflow/example_dags/example_datasets.py
[2024-05-03T02:07:34.989+0000] {logging_mixin.py:188} INFO - [2024-05-03T02:07:34.989+0000] {dag.py:3096} INFO - Sync 10 DAGs
[2024-05-03T02:07:35.025+0000] {logging_mixin.py:188} INFO - [2024-05-03T02:07:35.024+0000] {dag.py:3954} INFO - Setting next_dagrun for conditional_dataset_and_time_based_timetable to 2024-05-01 01:00:00+00:00, run_after=2024-05-01 01:00:00+00:00
[2024-05-03T02:07:35.030+0000] {logging_mixin.py:188} INFO - [2024-05-03T02:07:35.030+0000] {dag.py:3954} INFO - Setting next_dagrun for consume_1_and_2_with_dataset_expressions to None, run_after=None
[2024-05-03T02:07:35.032+0000] {logging_mixin.py:188} INFO - [2024-05-03T02:07:35.032+0000] {dag.py:3954} INFO - Setting next_dagrun for consume_1_or_2_with_dataset_expressions to None, run_after=None
[2024-05-03T02:07:35.034+0000] {logging_mixin.py:188} INFO - [2024-05-03T02:07:35.034+0000] {dag.py:3954} INFO - Setting next_dagrun for consume_1_or_both_2_and_3_with_dataset_expressions to None, run_after=None
[2024-05-03T02:07:35.036+0000] {logging_mixin.py:188} INFO - [2024-05-03T02:07:35.036+0000] {dag.py:3954} INFO - Setting next_dagrun for dataset_consumes_1 to None, run_after=None
[2024-05-03T02:07:35.038+0000] {logging_mixin.py:188} INFO - [2024-05-03T02:07:35.038+0000] {dag.py:3954} INFO - Setting next_dagrun for dataset_consumes_1_and_2 to None, run_after=None
[2024-05-03T02:07:35.041+0000] {logging_mixin.py:188} INFO - [2024-05-03T02:07:35.040+0000] {dag.py:3954} INFO - Setting next_dagrun for dataset_consumes_1_never_scheduled to None, run_after=None
[2024-05-03T02:07:35.044+0000] {logging_mixin.py:188} INFO - [2024-05-03T02:07:35.044+0000] {dag.py:3954} INFO - Setting next_dagrun for dataset_consumes_unknown_never_scheduled to None, run_after=None
[2024-05-03T02:07:35.048+0000] {logging_mixin.py:188} INFO - [2024-05-03T02:07:35.048+0000] {dag.py:3954} INFO - Setting next_dagrun for dataset_produces_1 to 2024-05-02 00:00:00+00:00, run_after=2024-05-03 00:00:00+00:00
[2024-05-03T02:07:35.050+0000] {logging_mixin.py:188} INFO - [2024-05-03T02:07:35.050+0000] {dag.py:3954} INFO - Setting next_dagrun for dataset_produces_2 to None, run_after=None
[2024-05-03T02:07:35.101+0000] {processor.py:183} INFO - Processing /home/airflow/.local/lib/python3.12/site-packages/airflow/example_dags/example_datasets.py took 0.215 seconds
[2024-05-03T02:08:05.581+0000] {processor.py:161} INFO - Started process (PID=132) to work on /home/airflow/.local/lib/python3.12/site-packages/airflow/example_dags/example_datasets.py
[2024-05-03T02:08:05.583+0000] {processor.py:830} INFO - Processing file /home/airflow/.local/lib/python3.12/site-packages/airflow/example_dags/example_datasets.py for tasks to queue
[2024-05-03T02:08:05.586+0000] {logging_mixin.py:188} INFO - [2024-05-03T02:08:05.585+0000] {dagbag.py:540} INFO - Filling up the DagBag from /home/airflow/.local/lib/python3.12/site-packages/airflow/example_dags/example_datasets.py
[2024-05-03T02:08:05.630+0000] {processor.py:840} INFO - DAG(s) 'dataset_consumes_unknown_never_scheduled', 'conditional_dataset_and_time_based_timetable', 'dataset_consumes_1_and_2', 'dataset_produces_2', 'dataset_consumes_1', 'consume_1_or_2_with_dataset_expressions', 'dataset_consumes_1_never_scheduled', 'dataset_produces_1', 'consume_1_and_2_with_dataset_expressions', 'consume_1_or_both_2_and_3_with_dataset_expressions' retrieved from /home/airflow/.local/lib/python3.12/site-packages/airflow/example_dags/example_datasets.py
[2024-05-03T02:08:05.739+0000] {logging_mixin.py:188} INFO - [2024-05-03T02:08:05.738+0000] {dag.py:3096} INFO - Sync 10 DAGs
[2024-05-03T02:08:05.782+0000] {logging_mixin.py:188} INFO - [2024-05-03T02:08:05.781+0000] {dag.py:3954} INFO - Setting next_dagrun for conditional_dataset_and_time_based_timetable to 2024-05-01 01:00:00+00:00, run_after=2024-05-01 01:00:00+00:00
[2024-05-03T02:08:05.795+0000] {logging_mixin.py:188} INFO - [2024-05-03T02:08:05.794+0000] {dag.py:3954} INFO - Setting next_dagrun for consume_1_and_2_with_dataset_expressions to None, run_after=None
[2024-05-03T02:08:05.798+0000] {logging_mixin.py:188} INFO - [2024-05-03T02:08:05.797+0000] {dag.py:3954} INFO - Setting next_dagrun for consume_1_or_2_with_dataset_expressions to None, run_after=None
[2024-05-03T02:08:05.806+0000] {logging_mixin.py:188} INFO - [2024-05-03T02:08:05.804+0000] {dag.py:3954} INFO - Setting next_dagrun for consume_1_or_both_2_and_3_with_dataset_expressions to None, run_after=None
[2024-05-03T02:08:05.810+0000] {logging_mixin.py:188} INFO - [2024-05-03T02:08:05.809+0000] {dag.py:3954} INFO - Setting next_dagrun for dataset_consumes_1 to None, run_after=None
[2024-05-03T02:08:05.813+0000] {logging_mixin.py:188} INFO - [2024-05-03T02:08:05.813+0000] {dag.py:3954} INFO - Setting next_dagrun for dataset_consumes_1_and_2 to None, run_after=None
[2024-05-03T02:08:05.816+0000] {logging_mixin.py:188} INFO - [2024-05-03T02:08:05.816+0000] {dag.py:3954} INFO - Setting next_dagrun for dataset_consumes_1_never_scheduled to None, run_after=None
[2024-05-03T02:08:05.820+0000] {logging_mixin.py:188} INFO - [2024-05-03T02:08:05.819+0000] {dag.py:3954} INFO - Setting next_dagrun for dataset_consumes_unknown_never_scheduled to None, run_after=None
[2024-05-03T02:08:05.828+0000] {logging_mixin.py:188} INFO - [2024-05-03T02:08:05.827+0000] {dag.py:3954} INFO - Setting next_dagrun for dataset_produces_1 to 2024-05-02 00:00:00+00:00, run_after=2024-05-03 00:00:00+00:00
[2024-05-03T02:08:05.832+0000] {logging_mixin.py:188} INFO - [2024-05-03T02:08:05.831+0000] {dag.py:3954} INFO - Setting next_dagrun for dataset_produces_2 to None, run_after=None
[2024-05-03T02:08:05.920+0000] {processor.py:183} INFO - Processing /home/airflow/.local/lib/python3.12/site-packages/airflow/example_dags/example_datasets.py took 0.348 seconds
[2024-05-03T02:08:36.169+0000] {processor.py:161} INFO - Started process (PID=191) to work on /home/airflow/.local/lib/python3.12/site-packages/airflow/example_dags/example_datasets.py
[2024-05-03T02:08:36.170+0000] {processor.py:830} INFO - Processing file /home/airflow/.local/lib/python3.12/site-packages/airflow/example_dags/example_datasets.py for tasks to queue
[2024-05-03T02:08:36.173+0000] {logging_mixin.py:188} INFO - [2024-05-03T02:08:36.173+0000] {dagbag.py:540} INFO - Filling up the DagBag from /home/airflow/.local/lib/python3.12/site-packages/airflow/example_dags/example_datasets.py
[2024-05-03T02:08:36.195+0000] {processor.py:840} INFO - DAG(s) 'dataset_consumes_1', 'dataset_consumes_1_and_2', 'dataset_produces_2', 'consume_1_or_both_2_and_3_with_dataset_expressions', 'dataset_consumes_1_never_scheduled', 'dataset_consumes_unknown_never_scheduled', 'consume_1_and_2_with_dataset_expressions', 'consume_1_or_2_with_dataset_expressions', 'conditional_dataset_and_time_based_timetable', 'dataset_produces_1' retrieved from /home/airflow/.local/lib/python3.12/site-packages/airflow/example_dags/example_datasets.py
[2024-05-03T02:08:36.286+0000] {logging_mixin.py:188} INFO - [2024-05-03T02:08:36.286+0000] {dag.py:3096} INFO - Sync 10 DAGs
[2024-05-03T02:08:36.328+0000] {logging_mixin.py:188} INFO - [2024-05-03T02:08:36.327+0000] {dag.py:3954} INFO - Setting next_dagrun for conditional_dataset_and_time_based_timetable to 2024-05-01 01:00:00+00:00, run_after=2024-05-01 01:00:00+00:00
[2024-05-03T02:08:36.335+0000] {logging_mixin.py:188} INFO - [2024-05-03T02:08:36.335+0000] {dag.py:3954} INFO - Setting next_dagrun for consume_1_and_2_with_dataset_expressions to None, run_after=None
[2024-05-03T02:08:36.339+0000] {logging_mixin.py:188} INFO - [2024-05-03T02:08:36.338+0000] {dag.py:3954} INFO - Setting next_dagrun for consume_1_or_2_with_dataset_expressions to None, run_after=None
[2024-05-03T02:08:36.342+0000] {logging_mixin.py:188} INFO - [2024-05-03T02:08:36.341+0000] {dag.py:3954} INFO - Setting next_dagrun for consume_1_or_both_2_and_3_with_dataset_expressions to None, run_after=None
[2024-05-03T02:08:36.345+0000] {logging_mixin.py:188} INFO - [2024-05-03T02:08:36.344+0000] {dag.py:3954} INFO - Setting next_dagrun for dataset_consumes_1 to None, run_after=None
[2024-05-03T02:08:36.347+0000] {logging_mixin.py:188} INFO - [2024-05-03T02:08:36.347+0000] {dag.py:3954} INFO - Setting next_dagrun for dataset_consumes_1_and_2 to None, run_after=None
[2024-05-03T02:08:36.350+0000] {logging_mixin.py:188} INFO - [2024-05-03T02:08:36.349+0000] {dag.py:3954} INFO - Setting next_dagrun for dataset_consumes_1_never_scheduled to None, run_after=None
[2024-05-03T02:08:36.356+0000] {logging_mixin.py:188} INFO - [2024-05-03T02:08:36.355+0000] {dag.py:3954} INFO - Setting next_dagrun for dataset_consumes_unknown_never_scheduled to None, run_after=None
[2024-05-03T02:08:36.363+0000] {logging_mixin.py:188} INFO - [2024-05-03T02:08:36.363+0000] {dag.py:3954} INFO - Setting next_dagrun for dataset_produces_1 to 2024-05-02 00:00:00+00:00, run_after=2024-05-03 00:00:00+00:00
[2024-05-03T02:08:36.367+0000] {logging_mixin.py:188} INFO - [2024-05-03T02:08:36.367+0000] {dag.py:3954} INFO - Setting next_dagrun for dataset_produces_2 to None, run_after=None
[2024-05-03T02:08:36.444+0000] {processor.py:183} INFO - Processing /home/airflow/.local/lib/python3.12/site-packages/airflow/example_dags/example_datasets.py took 0.284 seconds
[2024-05-03T02:09:06.557+0000] {processor.py:161} INFO - Started process (PID=250) to work on /home/airflow/.local/lib/python3.12/site-packages/airflow/example_dags/example_datasets.py
[2024-05-03T02:09:06.561+0000] {processor.py:830} INFO - Processing file /home/airflow/.local/lib/python3.12/site-packages/airflow/example_dags/example_datasets.py for tasks to queue
[2024-05-03T02:09:06.564+0000] {logging_mixin.py:188} INFO - [2024-05-03T02:09:06.563+0000] {dagbag.py:540} INFO - Filling up the DagBag from /home/airflow/.local/lib/python3.12/site-packages/airflow/example_dags/example_datasets.py
[2024-05-03T02:09:06.597+0000] {processor.py:840} INFO - DAG(s) 'dataset_consumes_unknown_never_scheduled', 'dataset_produces_1', 'consume_1_or_both_2_and_3_with_dataset_expressions', 'consume_1_or_2_with_dataset_expressions', 'dataset_consumes_1', 'dataset_produces_2', 'conditional_dataset_and_time_based_timetable', 'dataset_consumes_1_and_2', 'dataset_consumes_1_never_scheduled', 'consume_1_and_2_with_dataset_expressions' retrieved from /home/airflow/.local/lib/python3.12/site-packages/airflow/example_dags/example_datasets.py
[2024-05-03T02:09:06.723+0000] {logging_mixin.py:188} INFO - [2024-05-03T02:09:06.722+0000] {dag.py:3096} INFO - Sync 10 DAGs
[2024-05-03T02:09:06.775+0000] {logging_mixin.py:188} INFO - [2024-05-03T02:09:06.775+0000] {dag.py:3954} INFO - Setting next_dagrun for conditional_dataset_and_time_based_timetable to 2024-05-01 01:00:00+00:00, run_after=2024-05-01 01:00:00+00:00
[2024-05-03T02:09:06.784+0000] {logging_mixin.py:188} INFO - [2024-05-03T02:09:06.783+0000] {dag.py:3954} INFO - Setting next_dagrun for consume_1_and_2_with_dataset_expressions to None, run_after=None
[2024-05-03T02:09:06.787+0000] {logging_mixin.py:188} INFO - [2024-05-03T02:09:06.787+0000] {dag.py:3954} INFO - Setting next_dagrun for consume_1_or_2_with_dataset_expressions to None, run_after=None
[2024-05-03T02:09:06.790+0000] {logging_mixin.py:188} INFO - [2024-05-03T02:09:06.790+0000] {dag.py:3954} INFO - Setting next_dagrun for consume_1_or_both_2_and_3_with_dataset_expressions to None, run_after=None
[2024-05-03T02:09:06.795+0000] {logging_mixin.py:188} INFO - [2024-05-03T02:09:06.794+0000] {dag.py:3954} INFO - Setting next_dagrun for dataset_consumes_1 to None, run_after=None
[2024-05-03T02:09:06.798+0000] {logging_mixin.py:188} INFO - [2024-05-03T02:09:06.797+0000] {dag.py:3954} INFO - Setting next_dagrun for dataset_consumes_1_and_2 to None, run_after=None
[2024-05-03T02:09:06.801+0000] {logging_mixin.py:188} INFO - [2024-05-03T02:09:06.801+0000] {dag.py:3954} INFO - Setting next_dagrun for dataset_consumes_1_never_scheduled to None, run_after=None
[2024-05-03T02:09:06.804+0000] {logging_mixin.py:188} INFO - [2024-05-03T02:09:06.804+0000] {dag.py:3954} INFO - Setting next_dagrun for dataset_consumes_unknown_never_scheduled to None, run_after=None
[2024-05-03T02:09:06.810+0000] {logging_mixin.py:188} INFO - [2024-05-03T02:09:06.810+0000] {dag.py:3954} INFO - Setting next_dagrun for dataset_produces_1 to 2024-05-02 00:00:00+00:00, run_after=2024-05-03 00:00:00+00:00
[2024-05-03T02:09:06.813+0000] {logging_mixin.py:188} INFO - [2024-05-03T02:09:06.813+0000] {dag.py:3954} INFO - Setting next_dagrun for dataset_produces_2 to None, run_after=None
[2024-05-03T02:09:06.892+0000] {processor.py:183} INFO - Processing /home/airflow/.local/lib/python3.12/site-packages/airflow/example_dags/example_datasets.py took 0.350 seconds
[2024-05-03T02:09:36.948+0000] {processor.py:161} INFO - Started process (PID=310) to work on /home/airflow/.local/lib/python3.12/site-packages/airflow/example_dags/example_datasets.py
[2024-05-03T02:09:36.949+0000] {processor.py:830} INFO - Processing file /home/airflow/.local/lib/python3.12/site-packages/airflow/example_dags/example_datasets.py for tasks to queue
[2024-05-03T02:09:36.951+0000] {logging_mixin.py:188} INFO - [2024-05-03T02:09:36.950+0000] {dagbag.py:540} INFO - Filling up the DagBag from /home/airflow/.local/lib/python3.12/site-packages/airflow/example_dags/example_datasets.py
[2024-05-03T02:09:36.965+0000] {processor.py:840} INFO - DAG(s) 'dataset_consumes_1_never_scheduled', 'conditional_dataset_and_time_based_timetable', 'dataset_produces_2', 'consume_1_or_both_2_and_3_with_dataset_expressions', 'consume_1_and_2_with_dataset_expressions', 'consume_1_or_2_with_dataset_expressions', 'dataset_produces_1', 'dataset_consumes_unknown_never_scheduled', 'dataset_consumes_1_and_2', 'dataset_consumes_1' retrieved from /home/airflow/.local/lib/python3.12/site-packages/airflow/example_dags/example_datasets.py
[2024-05-03T02:09:37.034+0000] {logging_mixin.py:188} INFO - [2024-05-03T02:09:37.034+0000] {dag.py:3096} INFO - Sync 10 DAGs
[2024-05-03T02:09:37.068+0000] {logging_mixin.py:188} INFO - [2024-05-03T02:09:37.068+0000] {dag.py:3954} INFO - Setting next_dagrun for conditional_dataset_and_time_based_timetable to 2024-05-01 01:00:00+00:00, run_after=2024-05-01 01:00:00+00:00
[2024-05-03T02:09:37.076+0000] {logging_mixin.py:188} INFO - [2024-05-03T02:09:37.076+0000] {dag.py:3954} INFO - Setting next_dagrun for consume_1_and_2_with_dataset_expressions to None, run_after=None
[2024-05-03T02:09:37.079+0000] {logging_mixin.py:188} INFO - [2024-05-03T02:09:37.079+0000] {dag.py:3954} INFO - Setting next_dagrun for consume_1_or_2_with_dataset_expressions to None, run_after=None
[2024-05-03T02:09:37.081+0000] {logging_mixin.py:188} INFO - [2024-05-03T02:09:37.081+0000] {dag.py:3954} INFO - Setting next_dagrun for consume_1_or_both_2_and_3_with_dataset_expressions to None, run_after=None
[2024-05-03T02:09:37.083+0000] {logging_mixin.py:188} INFO - [2024-05-03T02:09:37.083+0000] {dag.py:3954} INFO - Setting next_dagrun for dataset_consumes_1 to None, run_after=None
[2024-05-03T02:09:37.085+0000] {logging_mixin.py:188} INFO - [2024-05-03T02:09:37.085+0000] {dag.py:3954} INFO - Setting next_dagrun for dataset_consumes_1_and_2 to None, run_after=None
[2024-05-03T02:09:37.088+0000] {logging_mixin.py:188} INFO - [2024-05-03T02:09:37.088+0000] {dag.py:3954} INFO - Setting next_dagrun for dataset_consumes_1_never_scheduled to None, run_after=None
[2024-05-03T02:09:37.090+0000] {logging_mixin.py:188} INFO - [2024-05-03T02:09:37.090+0000] {dag.py:3954} INFO - Setting next_dagrun for dataset_consumes_unknown_never_scheduled to None, run_after=None
[2024-05-03T02:09:37.095+0000] {logging_mixin.py:188} INFO - [2024-05-03T02:09:37.094+0000] {dag.py:3954} INFO - Setting next_dagrun for dataset_produces_1 to 2024-05-02 00:00:00+00:00, run_after=2024-05-03 00:00:00+00:00
[2024-05-03T02:09:37.098+0000] {logging_mixin.py:188} INFO - [2024-05-03T02:09:37.098+0000] {dag.py:3954} INFO - Setting next_dagrun for dataset_produces_2 to None, run_after=None
[2024-05-03T02:09:37.164+0000] {processor.py:183} INFO - Processing /home/airflow/.local/lib/python3.12/site-packages/airflow/example_dags/example_datasets.py took 0.223 seconds
[2024-05-03T02:10:08.134+0000] {processor.py:161} INFO - Started process (PID=369) to work on /home/airflow/.local/lib/python3.12/site-packages/airflow/example_dags/example_datasets.py
[2024-05-03T02:10:08.136+0000] {processor.py:830} INFO - Processing file /home/airflow/.local/lib/python3.12/site-packages/airflow/example_dags/example_datasets.py for tasks to queue
[2024-05-03T02:10:08.139+0000] {logging_mixin.py:188} INFO - [2024-05-03T02:10:08.138+0000] {dagbag.py:540} INFO - Filling up the DagBag from /home/airflow/.local/lib/python3.12/site-packages/airflow/example_dags/example_datasets.py
[2024-05-03T02:10:08.166+0000] {processor.py:840} INFO - DAG(s) 'dataset_consumes_1', 'dataset_consumes_1_and_2', 'consume_1_and_2_with_dataset_expressions', 'dataset_produces_2', 'dataset_consumes_1_never_scheduled', 'dataset_consumes_unknown_never_scheduled', 'conditional_dataset_and_time_based_timetable', 'consume_1_or_both_2_and_3_with_dataset_expressions', 'dataset_produces_1', 'consume_1_or_2_with_dataset_expressions' retrieved from /home/airflow/.local/lib/python3.12/site-packages/airflow/example_dags/example_datasets.py
[2024-05-03T02:10:08.274+0000] {logging_mixin.py:188} INFO - [2024-05-03T02:10:08.274+0000] {dag.py:3096} INFO - Sync 10 DAGs
[2024-05-03T02:10:08.335+0000] {logging_mixin.py:188} INFO - [2024-05-03T02:10:08.334+0000] {dag.py:3954} INFO - Setting next_dagrun for conditional_dataset_and_time_based_timetable to 2024-05-01 01:00:00+00:00, run_after=2024-05-01 01:00:00+00:00
[2024-05-03T02:10:08.349+0000] {logging_mixin.py:188} INFO - [2024-05-03T02:10:08.348+0000] {dag.py:3954} INFO - Setting next_dagrun for consume_1_and_2_with_dataset_expressions to None, run_after=None
[2024-05-03T02:10:08.352+0000] {logging_mixin.py:188} INFO - [2024-05-03T02:10:08.352+0000] {dag.py:3954} INFO - Setting next_dagrun for consume_1_or_2_with_dataset_expressions to None, run_after=None
[2024-05-03T02:10:08.357+0000] {logging_mixin.py:188} INFO - [2024-05-03T02:10:08.357+0000] {dag.py:3954} INFO - Setting next_dagrun for consume_1_or_both_2_and_3_with_dataset_expressions to None, run_after=None
[2024-05-03T02:10:08.364+0000] {logging_mixin.py:188} INFO - [2024-05-03T02:10:08.363+0000] {dag.py:3954} INFO - Setting next_dagrun for dataset_consumes_1 to None, run_after=None
[2024-05-03T02:10:08.378+0000] {logging_mixin.py:188} INFO - [2024-05-03T02:10:08.377+0000] {dag.py:3954} INFO - Setting next_dagrun for dataset_consumes_1_and_2 to None, run_after=None
[2024-05-03T02:10:08.383+0000] {logging_mixin.py:188} INFO - [2024-05-03T02:10:08.382+0000] {dag.py:3954} INFO - Setting next_dagrun for dataset_consumes_1_never_scheduled to None, run_after=None
[2024-05-03T02:10:08.386+0000] {logging_mixin.py:188} INFO - [2024-05-03T02:10:08.385+0000] {dag.py:3954} INFO - Setting next_dagrun for dataset_consumes_unknown_never_scheduled to None, run_after=None
[2024-05-03T02:10:08.392+0000] {logging_mixin.py:188} INFO - [2024-05-03T02:10:08.391+0000] {dag.py:3954} INFO - Setting next_dagrun for dataset_produces_1 to 2024-05-02 00:00:00+00:00, run_after=2024-05-03 00:00:00+00:00
[2024-05-03T02:10:08.399+0000] {logging_mixin.py:188} INFO - [2024-05-03T02:10:08.399+0000] {dag.py:3954} INFO - Setting next_dagrun for dataset_produces_2 to None, run_after=None
[2024-05-03T02:10:08.512+0000] {processor.py:183} INFO - Processing /home/airflow/.local/lib/python3.12/site-packages/airflow/example_dags/example_datasets.py took 0.388 seconds
[2024-05-03T02:10:41.434+0000] {processor.py:161} INFO - Started process (PID=428) to work on /home/airflow/.local/lib/python3.12/site-packages/airflow/example_dags/example_datasets.py
[2024-05-03T02:10:41.436+0000] {processor.py:830} INFO - Processing file /home/airflow/.local/lib/python3.12/site-packages/airflow/example_dags/example_datasets.py for tasks to queue
[2024-05-03T02:10:41.440+0000] {logging_mixin.py:188} INFO - [2024-05-03T02:10:41.439+0000] {dagbag.py:540} INFO - Filling up the DagBag from /home/airflow/.local/lib/python3.12/site-packages/airflow/example_dags/example_datasets.py
[2024-05-03T02:10:41.481+0000] {processor.py:840} INFO - DAG(s) 'dataset_produces_2', 'dataset_consumes_1', 'dataset_produces_1', 'consume_1_or_2_with_dataset_expressions', 'consume_1_and_2_with_dataset_expressions', 'dataset_consumes_1_and_2', 'conditional_dataset_and_time_based_timetable', 'dataset_consumes_1_never_scheduled', 'dataset_consumes_unknown_never_scheduled', 'consume_1_or_both_2_and_3_with_dataset_expressions' retrieved from /home/airflow/.local/lib/python3.12/site-packages/airflow/example_dags/example_datasets.py
[2024-05-03T02:10:41.589+0000] {logging_mixin.py:188} INFO - [2024-05-03T02:10:41.588+0000] {dag.py:3096} INFO - Sync 10 DAGs
[2024-05-03T02:10:41.633+0000] {logging_mixin.py:188} INFO - [2024-05-03T02:10:41.633+0000] {dag.py:3954} INFO - Setting next_dagrun for conditional_dataset_and_time_based_timetable to 2024-05-01 01:00:00+00:00, run_after=2024-05-01 01:00:00+00:00
[2024-05-03T02:10:41.640+0000] {logging_mixin.py:188} INFO - [2024-05-03T02:10:41.639+0000] {dag.py:3954} INFO - Setting next_dagrun for consume_1_and_2_with_dataset_expressions to None, run_after=None
[2024-05-03T02:10:41.643+0000] {logging_mixin.py:188} INFO - [2024-05-03T02:10:41.642+0000] {dag.py:3954} INFO - Setting next_dagrun for consume_1_or_2_with_dataset_expressions to None, run_after=None
[2024-05-03T02:10:41.646+0000] {logging_mixin.py:188} INFO - [2024-05-03T02:10:41.646+0000] {dag.py:3954} INFO - Setting next_dagrun for consume_1_or_both_2_and_3_with_dataset_expressions to None, run_after=None
[2024-05-03T02:10:41.650+0000] {logging_mixin.py:188} INFO - [2024-05-03T02:10:41.649+0000] {dag.py:3954} INFO - Setting next_dagrun for dataset_consumes_1 to None, run_after=None
[2024-05-03T02:10:41.653+0000] {logging_mixin.py:188} INFO - [2024-05-03T02:10:41.653+0000] {dag.py:3954} INFO - Setting next_dagrun for dataset_consumes_1_and_2 to None, run_after=None
[2024-05-03T02:10:41.656+0000] {logging_mixin.py:188} INFO - [2024-05-03T02:10:41.656+0000] {dag.py:3954} INFO - Setting next_dagrun for dataset_consumes_1_never_scheduled to None, run_after=None
[2024-05-03T02:10:41.659+0000] {logging_mixin.py:188} INFO - [2024-05-03T02:10:41.659+0000] {dag.py:3954} INFO - Setting next_dagrun for dataset_consumes_unknown_never_scheduled to None, run_after=None
[2024-05-03T02:10:41.663+0000] {logging_mixin.py:188} INFO - [2024-05-03T02:10:41.663+0000] {dag.py:3954} INFO - Setting next_dagrun for dataset_produces_1 to 2024-05-02 00:00:00+00:00, run_after=2024-05-03 00:00:00+00:00
[2024-05-03T02:10:41.667+0000] {logging_mixin.py:188} INFO - [2024-05-03T02:10:41.666+0000] {dag.py:3954} INFO - Setting next_dagrun for dataset_produces_2 to None, run_after=None
[2024-05-03T02:10:41.728+0000] {processor.py:183} INFO - Processing /home/airflow/.local/lib/python3.12/site-packages/airflow/example_dags/example_datasets.py took 0.311 seconds
[2024-05-03T02:11:12.443+0000] {processor.py:161} INFO - Started process (PID=487) to work on /home/airflow/.local/lib/python3.12/site-packages/airflow/example_dags/example_datasets.py
[2024-05-03T02:11:12.445+0000] {processor.py:830} INFO - Processing file /home/airflow/.local/lib/python3.12/site-packages/airflow/example_dags/example_datasets.py for tasks to queue
[2024-05-03T02:11:12.448+0000] {logging_mixin.py:188} INFO - [2024-05-03T02:11:12.447+0000] {dagbag.py:540} INFO - Filling up the DagBag from /home/airflow/.local/lib/python3.12/site-packages/airflow/example_dags/example_datasets.py
[2024-05-03T02:11:12.475+0000] {processor.py:840} INFO - DAG(s) 'consume_1_and_2_with_dataset_expressions', 'conditional_dataset_and_time_based_timetable', 'dataset_produces_1', 'consume_1_or_2_with_dataset_expressions', 'dataset_consumes_1', 'dataset_consumes_1_never_scheduled', 'dataset_produces_2', 'dataset_consumes_unknown_never_scheduled', 'consume_1_or_both_2_and_3_with_dataset_expressions', 'dataset_consumes_1_and_2' retrieved from /home/airflow/.local/lib/python3.12/site-packages/airflow/example_dags/example_datasets.py
[2024-05-03T02:11:12.563+0000] {logging_mixin.py:188} INFO - [2024-05-03T02:11:12.563+0000] {dag.py:3096} INFO - Sync 10 DAGs
[2024-05-03T02:11:12.613+0000] {logging_mixin.py:188} INFO - [2024-05-03T02:11:12.612+0000] {dag.py:3954} INFO - Setting next_dagrun for conditional_dataset_and_time_based_timetable to 2024-05-01 01:00:00+00:00, run_after=2024-05-01 01:00:00+00:00
[2024-05-03T02:11:12.629+0000] {logging_mixin.py:188} INFO - [2024-05-03T02:11:12.628+0000] {dag.py:3954} INFO - Setting next_dagrun for consume_1_and_2_with_dataset_expressions to None, run_after=None
[2024-05-03T02:11:12.632+0000] {logging_mixin.py:188} INFO - [2024-05-03T02:11:12.631+0000] {dag.py:3954} INFO - Setting next_dagrun for consume_1_or_2_with_dataset_expressions to None, run_after=None
[2024-05-03T02:11:12.635+0000] {logging_mixin.py:188} INFO - [2024-05-03T02:11:12.635+0000] {dag.py:3954} INFO - Setting next_dagrun for consume_1_or_both_2_and_3_with_dataset_expressions to None, run_after=None
[2024-05-03T02:11:12.638+0000] {logging_mixin.py:188} INFO - [2024-05-03T02:11:12.638+0000] {dag.py:3954} INFO - Setting next_dagrun for dataset_consumes_1 to None, run_after=None
[2024-05-03T02:11:12.642+0000] {logging_mixin.py:188} INFO - [2024-05-03T02:11:12.641+0000] {dag.py:3954} INFO - Setting next_dagrun for dataset_consumes_1_and_2 to None, run_after=None
[2024-05-03T02:11:12.644+0000] {logging_mixin.py:188} INFO - [2024-05-03T02:11:12.644+0000] {dag.py:3954} INFO - Setting next_dagrun for dataset_consumes_1_never_scheduled to None, run_after=None
[2024-05-03T02:11:12.647+0000] {logging_mixin.py:188} INFO - [2024-05-03T02:11:12.647+0000] {dag.py:3954} INFO - Setting next_dagrun for dataset_consumes_unknown_never_scheduled to None, run_after=None
[2024-05-03T02:11:12.653+0000] {logging_mixin.py:188} INFO - [2024-05-03T02:11:12.652+0000] {dag.py:3954} INFO - Setting next_dagrun for dataset_produces_1 to 2024-05-02 00:00:00+00:00, run_after=2024-05-03 00:00:00+00:00
[2024-05-03T02:11:12.656+0000] {logging_mixin.py:188} INFO - [2024-05-03T02:11:12.655+0000] {dag.py:3954} INFO - Setting next_dagrun for dataset_produces_2 to None, run_after=None
[2024-05-03T02:11:12.722+0000] {processor.py:183} INFO - Processing /home/airflow/.local/lib/python3.12/site-packages/airflow/example_dags/example_datasets.py took 0.290 seconds
[2024-05-03T02:11:42.976+0000] {processor.py:161} INFO - Started process (PID=545) to work on /home/airflow/.local/lib/python3.12/site-packages/airflow/example_dags/example_datasets.py
[2024-05-03T02:11:42.977+0000] {processor.py:830} INFO - Processing file /home/airflow/.local/lib/python3.12/site-packages/airflow/example_dags/example_datasets.py for tasks to queue
[2024-05-03T02:11:42.979+0000] {logging_mixin.py:188} INFO - [2024-05-03T02:11:42.978+0000] {dagbag.py:540} INFO - Filling up the DagBag from /home/airflow/.local/lib/python3.12/site-packages/airflow/example_dags/example_datasets.py
[2024-05-03T02:11:42.994+0000] {processor.py:840} INFO - DAG(s) 'dataset_produces_2', 'dataset_consumes_1_never_scheduled', 'consume_1_or_2_with_dataset_expressions', 'dataset_consumes_unknown_never_scheduled', 'consume_1_or_both_2_and_3_with_dataset_expressions', 'conditional_dataset_and_time_based_timetable', 'consume_1_and_2_with_dataset_expressions', 'dataset_consumes_1_and_2', 'dataset_produces_1', 'dataset_consumes_1' retrieved from /home/airflow/.local/lib/python3.12/site-packages/airflow/example_dags/example_datasets.py
[2024-05-03T02:11:43.055+0000] {logging_mixin.py:188} INFO - [2024-05-03T02:11:43.055+0000] {dag.py:3096} INFO - Sync 10 DAGs
[2024-05-03T02:11:43.087+0000] {logging_mixin.py:188} INFO - [2024-05-03T02:11:43.086+0000] {dag.py:3954} INFO - Setting next_dagrun for conditional_dataset_and_time_based_timetable to 2024-05-01 01:00:00+00:00, run_after=2024-05-01 01:00:00+00:00
[2024-05-03T02:11:43.092+0000] {logging_mixin.py:188} INFO - [2024-05-03T02:11:43.092+0000] {dag.py:3954} INFO - Setting next_dagrun for consume_1_and_2_with_dataset_expressions to None, run_after=None
[2024-05-03T02:11:43.094+0000] {logging_mixin.py:188} INFO - [2024-05-03T02:11:43.094+0000] {dag.py:3954} INFO - Setting next_dagrun for consume_1_or_2_with_dataset_expressions to None, run_after=None
[2024-05-03T02:11:43.096+0000] {logging_mixin.py:188} INFO - [2024-05-03T02:11:43.096+0000] {dag.py:3954} INFO - Setting next_dagrun for consume_1_or_both_2_and_3_with_dataset_expressions to None, run_after=None
[2024-05-03T02:11:43.098+0000] {logging_mixin.py:188} INFO - [2024-05-03T02:11:43.098+0000] {dag.py:3954} INFO - Setting next_dagrun for dataset_consumes_1 to None, run_after=None
[2024-05-03T02:11:43.100+0000] {logging_mixin.py:188} INFO - [2024-05-03T02:11:43.100+0000] {dag.py:3954} INFO - Setting next_dagrun for dataset_consumes_1_and_2 to None, run_after=None
[2024-05-03T02:11:43.102+0000] {logging_mixin.py:188} INFO - [2024-05-03T02:11:43.102+0000] {dag.py:3954} INFO - Setting next_dagrun for dataset_consumes_1_never_scheduled to None, run_after=None
[2024-05-03T02:11:43.104+0000] {logging_mixin.py:188} INFO - [2024-05-03T02:11:43.103+0000] {dag.py:3954} INFO - Setting next_dagrun for dataset_consumes_unknown_never_scheduled to None, run_after=None
[2024-05-03T02:11:43.107+0000] {logging_mixin.py:188} INFO - [2024-05-03T02:11:43.107+0000] {dag.py:3954} INFO - Setting next_dagrun for dataset_produces_1 to 2024-05-02 00:00:00+00:00, run_after=2024-05-03 00:00:00+00:00
[2024-05-03T02:11:43.109+0000] {logging_mixin.py:188} INFO - [2024-05-03T02:11:43.108+0000] {dag.py:3954} INFO - Setting next_dagrun for dataset_produces_2 to None, run_after=None
[2024-05-03T02:11:43.146+0000] {processor.py:183} INFO - Processing /home/airflow/.local/lib/python3.12/site-packages/airflow/example_dags/example_datasets.py took 0.178 seconds
[2024-05-03T02:12:13.480+0000] {processor.py:161} INFO - Started process (PID=604) to work on /home/airflow/.local/lib/python3.12/site-packages/airflow/example_dags/example_datasets.py
[2024-05-03T02:12:13.481+0000] {processor.py:830} INFO - Processing file /home/airflow/.local/lib/python3.12/site-packages/airflow/example_dags/example_datasets.py for tasks to queue
[2024-05-03T02:12:13.484+0000] {logging_mixin.py:188} INFO - [2024-05-03T02:12:13.483+0000] {dagbag.py:540} INFO - Filling up the DagBag from /home/airflow/.local/lib/python3.12/site-packages/airflow/example_dags/example_datasets.py
[2024-05-03T02:12:13.501+0000] {processor.py:840} INFO - DAG(s) 'consume_1_and_2_with_dataset_expressions', 'consume_1_or_both_2_and_3_with_dataset_expressions', 'dataset_consumes_unknown_never_scheduled', 'dataset_consumes_1_never_scheduled', 'dataset_produces_2', 'dataset_consumes_1', 'consume_1_or_2_with_dataset_expressions', 'dataset_produces_1', 'conditional_dataset_and_time_based_timetable', 'dataset_consumes_1_and_2' retrieved from /home/airflow/.local/lib/python3.12/site-packages/airflow/example_dags/example_datasets.py
[2024-05-03T02:12:13.592+0000] {logging_mixin.py:188} INFO - [2024-05-03T02:12:13.591+0000] {dag.py:3096} INFO - Sync 10 DAGs
[2024-05-03T02:12:13.638+0000] {logging_mixin.py:188} INFO - [2024-05-03T02:12:13.638+0000] {dag.py:3954} INFO - Setting next_dagrun for conditional_dataset_and_time_based_timetable to 2024-05-01 01:00:00+00:00, run_after=2024-05-01 01:00:00+00:00
[2024-05-03T02:12:13.645+0000] {logging_mixin.py:188} INFO - [2024-05-03T02:12:13.645+0000] {dag.py:3954} INFO - Setting next_dagrun for consume_1_and_2_with_dataset_expressions to None, run_after=None
[2024-05-03T02:12:13.647+0000] {logging_mixin.py:188} INFO - [2024-05-03T02:12:13.647+0000] {dag.py:3954} INFO - Setting next_dagrun for consume_1_or_2_with_dataset_expressions to None, run_after=None
[2024-05-03T02:12:13.650+0000] {logging_mixin.py:188} INFO - [2024-05-03T02:12:13.650+0000] {dag.py:3954} INFO - Setting next_dagrun for consume_1_or_both_2_and_3_with_dataset_expressions to None, run_after=None
[2024-05-03T02:12:13.653+0000] {logging_mixin.py:188} INFO - [2024-05-03T02:12:13.653+0000] {dag.py:3954} INFO - Setting next_dagrun for dataset_consumes_1 to None, run_after=None
[2024-05-03T02:12:13.657+0000] {logging_mixin.py:188} INFO - [2024-05-03T02:12:13.656+0000] {dag.py:3954} INFO - Setting next_dagrun for dataset_consumes_1_and_2 to None, run_after=None
[2024-05-03T02:12:13.659+0000] {logging_mixin.py:188} INFO - [2024-05-03T02:12:13.659+0000] {dag.py:3954} INFO - Setting next_dagrun for dataset_consumes_1_never_scheduled to None, run_after=None
[2024-05-03T02:12:13.662+0000] {logging_mixin.py:188} INFO - [2024-05-03T02:12:13.661+0000] {dag.py:3954} INFO - Setting next_dagrun for dataset_consumes_unknown_never_scheduled to None, run_after=None
[2024-05-03T02:12:13.667+0000] {logging_mixin.py:188} INFO - [2024-05-03T02:12:13.666+0000] {dag.py:3954} INFO - Setting next_dagrun for dataset_produces_1 to 2024-05-02 00:00:00+00:00, run_after=2024-05-03 00:00:00+00:00
[2024-05-03T02:12:13.670+0000] {logging_mixin.py:188} INFO - [2024-05-03T02:12:13.669+0000] {dag.py:3954} INFO - Setting next_dagrun for dataset_produces_2 to None, run_after=None
[2024-05-03T02:12:13.730+0000] {processor.py:183} INFO - Processing /home/airflow/.local/lib/python3.12/site-packages/airflow/example_dags/example_datasets.py took 0.257 seconds
