[2024-05-03T02:07:36.741+0000] {processor.py:161} INFO - Started process (PID=90) to work on /home/airflow/.local/lib/python3.12/site-packages/airflow/example_dags/example_bash_operator.py
[2024-05-03T02:07:36.745+0000] {processor.py:830} INFO - Processing file /home/airflow/.local/lib/python3.12/site-packages/airflow/example_dags/example_bash_operator.py for tasks to queue
[2024-05-03T02:07:36.756+0000] {logging_mixin.py:188} INFO - [2024-05-03T02:07:36.756+0000] {dagbag.py:540} INFO - Filling up the DagBag from /home/airflow/.local/lib/python3.12/site-packages/airflow/example_dags/example_bash_operator.py
[2024-05-03T02:07:36.786+0000] {processor.py:840} INFO - DAG(s) 'example_bash_operator' retrieved from /home/airflow/.local/lib/python3.12/site-packages/airflow/example_dags/example_bash_operator.py
[2024-05-03T02:07:36.879+0000] {logging_mixin.py:188} INFO - [2024-05-03T02:07:36.879+0000] {dag.py:3096} INFO - Sync 1 DAGs
[2024-05-03T02:07:36.945+0000] {logging_mixin.py:188} INFO - [2024-05-03T02:07:36.945+0000] {dag.py:3954} INFO - Setting next_dagrun for example_bash_operator to 2024-05-02 00:00:00+00:00, run_after=2024-05-03 00:00:00+00:00
[2024-05-03T02:07:37.028+0000] {processor.py:183} INFO - Processing /home/airflow/.local/lib/python3.12/site-packages/airflow/example_dags/example_bash_operator.py took 0.297 seconds
[2024-05-03T02:08:07.268+0000] {processor.py:161} INFO - Started process (PID=149) to work on /home/airflow/.local/lib/python3.12/site-packages/airflow/example_dags/example_bash_operator.py
[2024-05-03T02:08:07.269+0000] {processor.py:830} INFO - Processing file /home/airflow/.local/lib/python3.12/site-packages/airflow/example_dags/example_bash_operator.py for tasks to queue
[2024-05-03T02:08:07.271+0000] {logging_mixin.py:188} INFO - [2024-05-03T02:08:07.271+0000] {dagbag.py:540} INFO - Filling up the DagBag from /home/airflow/.local/lib/python3.12/site-packages/airflow/example_dags/example_bash_operator.py
[2024-05-03T02:08:07.285+0000] {processor.py:840} INFO - DAG(s) 'example_bash_operator' retrieved from /home/airflow/.local/lib/python3.12/site-packages/airflow/example_dags/example_bash_operator.py
[2024-05-03T02:08:07.316+0000] {logging_mixin.py:188} INFO - [2024-05-03T02:08:07.316+0000] {dag.py:3096} INFO - Sync 1 DAGs
[2024-05-03T02:08:07.340+0000] {logging_mixin.py:188} INFO - [2024-05-03T02:08:07.340+0000] {dag.py:3954} INFO - Setting next_dagrun for example_bash_operator to 2024-05-02 00:00:00+00:00, run_after=2024-05-03 00:00:00+00:00
[2024-05-03T02:08:07.358+0000] {processor.py:183} INFO - Processing /home/airflow/.local/lib/python3.12/site-packages/airflow/example_dags/example_bash_operator.py took 0.097 seconds
[2024-05-03T02:08:38.789+0000] {processor.py:161} INFO - Started process (PID=208) to work on /home/airflow/.local/lib/python3.12/site-packages/airflow/example_dags/example_bash_operator.py
[2024-05-03T02:08:38.791+0000] {processor.py:830} INFO - Processing file /home/airflow/.local/lib/python3.12/site-packages/airflow/example_dags/example_bash_operator.py for tasks to queue
[2024-05-03T02:08:38.795+0000] {logging_mixin.py:188} INFO - [2024-05-03T02:08:38.794+0000] {dagbag.py:540} INFO - Filling up the DagBag from /home/airflow/.local/lib/python3.12/site-packages/airflow/example_dags/example_bash_operator.py
[2024-05-03T02:08:38.813+0000] {processor.py:840} INFO - DAG(s) 'example_bash_operator' retrieved from /home/airflow/.local/lib/python3.12/site-packages/airflow/example_dags/example_bash_operator.py
[2024-05-03T02:08:38.860+0000] {logging_mixin.py:188} INFO - [2024-05-03T02:08:38.860+0000] {dag.py:3096} INFO - Sync 1 DAGs
[2024-05-03T02:08:38.892+0000] {logging_mixin.py:188} INFO - [2024-05-03T02:08:38.891+0000] {dag.py:3954} INFO - Setting next_dagrun for example_bash_operator to 2024-05-02 00:00:00+00:00, run_after=2024-05-03 00:00:00+00:00
[2024-05-03T02:08:38.926+0000] {processor.py:183} INFO - Processing /home/airflow/.local/lib/python3.12/site-packages/airflow/example_dags/example_bash_operator.py took 0.145 seconds
[2024-05-03T02:09:09.703+0000] {processor.py:161} INFO - Started process (PID=267) to work on /home/airflow/.local/lib/python3.12/site-packages/airflow/example_dags/example_bash_operator.py
[2024-05-03T02:09:09.705+0000] {processor.py:830} INFO - Processing file /home/airflow/.local/lib/python3.12/site-packages/airflow/example_dags/example_bash_operator.py for tasks to queue
[2024-05-03T02:09:09.712+0000] {logging_mixin.py:188} INFO - [2024-05-03T02:09:09.712+0000] {dagbag.py:540} INFO - Filling up the DagBag from /home/airflow/.local/lib/python3.12/site-packages/airflow/example_dags/example_bash_operator.py
[2024-05-03T02:09:09.731+0000] {processor.py:840} INFO - DAG(s) 'example_bash_operator' retrieved from /home/airflow/.local/lib/python3.12/site-packages/airflow/example_dags/example_bash_operator.py
[2024-05-03T02:09:09.783+0000] {logging_mixin.py:188} INFO - [2024-05-03T02:09:09.782+0000] {dag.py:3096} INFO - Sync 1 DAGs
[2024-05-03T02:09:09.831+0000] {logging_mixin.py:188} INFO - [2024-05-03T02:09:09.831+0000] {dag.py:3954} INFO - Setting next_dagrun for example_bash_operator to 2024-05-02 00:00:00+00:00, run_after=2024-05-03 00:00:00+00:00
[2024-05-03T02:09:09.866+0000] {processor.py:183} INFO - Processing /home/airflow/.local/lib/python3.12/site-packages/airflow/example_dags/example_bash_operator.py took 0.176 seconds
[2024-05-03T02:09:40.557+0000] {processor.py:161} INFO - Started process (PID=327) to work on /home/airflow/.local/lib/python3.12/site-packages/airflow/example_dags/example_bash_operator.py
[2024-05-03T02:09:40.560+0000] {processor.py:830} INFO - Processing file /home/airflow/.local/lib/python3.12/site-packages/airflow/example_dags/example_bash_operator.py for tasks to queue
[2024-05-03T02:09:40.563+0000] {logging_mixin.py:188} INFO - [2024-05-03T02:09:40.562+0000] {dagbag.py:540} INFO - Filling up the DagBag from /home/airflow/.local/lib/python3.12/site-packages/airflow/example_dags/example_bash_operator.py
[2024-05-03T02:09:40.577+0000] {processor.py:840} INFO - DAG(s) 'example_bash_operator' retrieved from /home/airflow/.local/lib/python3.12/site-packages/airflow/example_dags/example_bash_operator.py
[2024-05-03T02:09:40.616+0000] {logging_mixin.py:188} INFO - [2024-05-03T02:09:40.616+0000] {dag.py:3096} INFO - Sync 1 DAGs
[2024-05-03T02:09:40.648+0000] {logging_mixin.py:188} INFO - [2024-05-03T02:09:40.648+0000] {dag.py:3954} INFO - Setting next_dagrun for example_bash_operator to 2024-05-02 00:00:00+00:00, run_after=2024-05-03 00:00:00+00:00
[2024-05-03T02:09:40.670+0000] {processor.py:183} INFO - Processing /home/airflow/.local/lib/python3.12/site-packages/airflow/example_dags/example_bash_operator.py took 0.120 seconds
[2024-05-03T02:10:11.324+0000] {processor.py:161} INFO - Started process (PID=386) to work on /home/airflow/.local/lib/python3.12/site-packages/airflow/example_dags/example_bash_operator.py
[2024-05-03T02:10:11.326+0000] {processor.py:830} INFO - Processing file /home/airflow/.local/lib/python3.12/site-packages/airflow/example_dags/example_bash_operator.py for tasks to queue
[2024-05-03T02:10:11.329+0000] {logging_mixin.py:188} INFO - [2024-05-03T02:10:11.328+0000] {dagbag.py:540} INFO - Filling up the DagBag from /home/airflow/.local/lib/python3.12/site-packages/airflow/example_dags/example_bash_operator.py
[2024-05-03T02:10:11.344+0000] {processor.py:840} INFO - DAG(s) 'example_bash_operator' retrieved from /home/airflow/.local/lib/python3.12/site-packages/airflow/example_dags/example_bash_operator.py
[2024-05-03T02:10:11.391+0000] {logging_mixin.py:188} INFO - [2024-05-03T02:10:11.391+0000] {dag.py:3096} INFO - Sync 1 DAGs
[2024-05-03T02:10:11.430+0000] {logging_mixin.py:188} INFO - [2024-05-03T02:10:11.430+0000] {dag.py:3954} INFO - Setting next_dagrun for example_bash_operator to 2024-05-02 00:00:00+00:00, run_after=2024-05-03 00:00:00+00:00
[2024-05-03T02:10:11.458+0000] {processor.py:183} INFO - Processing /home/airflow/.local/lib/python3.12/site-packages/airflow/example_dags/example_bash_operator.py took 0.142 seconds
[2024-05-03T02:10:43.404+0000] {processor.py:161} INFO - Started process (PID=445) to work on /home/airflow/.local/lib/python3.12/site-packages/airflow/example_dags/example_bash_operator.py
[2024-05-03T02:10:43.405+0000] {processor.py:830} INFO - Processing file /home/airflow/.local/lib/python3.12/site-packages/airflow/example_dags/example_bash_operator.py for tasks to queue
[2024-05-03T02:10:43.407+0000] {logging_mixin.py:188} INFO - [2024-05-03T02:10:43.407+0000] {dagbag.py:540} INFO - Filling up the DagBag from /home/airflow/.local/lib/python3.12/site-packages/airflow/example_dags/example_bash_operator.py
[2024-05-03T02:10:43.419+0000] {processor.py:840} INFO - DAG(s) 'example_bash_operator' retrieved from /home/airflow/.local/lib/python3.12/site-packages/airflow/example_dags/example_bash_operator.py
[2024-05-03T02:10:43.455+0000] {logging_mixin.py:188} INFO - [2024-05-03T02:10:43.454+0000] {dag.py:3096} INFO - Sync 1 DAGs
[2024-05-03T02:10:43.489+0000] {logging_mixin.py:188} INFO - [2024-05-03T02:10:43.489+0000] {dag.py:3954} INFO - Setting next_dagrun for example_bash_operator to 2024-05-02 00:00:00+00:00, run_after=2024-05-03 00:00:00+00:00
[2024-05-03T02:10:43.519+0000] {processor.py:183} INFO - Processing /home/airflow/.local/lib/python3.12/site-packages/airflow/example_dags/example_bash_operator.py took 0.121 seconds
[2024-05-03T02:11:14.315+0000] {processor.py:161} INFO - Started process (PID=504) to work on /home/airflow/.local/lib/python3.12/site-packages/airflow/example_dags/example_bash_operator.py
[2024-05-03T02:11:14.316+0000] {processor.py:830} INFO - Processing file /home/airflow/.local/lib/python3.12/site-packages/airflow/example_dags/example_bash_operator.py for tasks to queue
[2024-05-03T02:11:14.317+0000] {logging_mixin.py:188} INFO - [2024-05-03T02:11:14.317+0000] {dagbag.py:540} INFO - Filling up the DagBag from /home/airflow/.local/lib/python3.12/site-packages/airflow/example_dags/example_bash_operator.py
[2024-05-03T02:11:14.328+0000] {processor.py:840} INFO - DAG(s) 'example_bash_operator' retrieved from /home/airflow/.local/lib/python3.12/site-packages/airflow/example_dags/example_bash_operator.py
[2024-05-03T02:11:14.357+0000] {logging_mixin.py:188} INFO - [2024-05-03T02:11:14.357+0000] {dag.py:3096} INFO - Sync 1 DAGs
[2024-05-03T02:11:14.383+0000] {logging_mixin.py:188} INFO - [2024-05-03T02:11:14.382+0000] {dag.py:3954} INFO - Setting next_dagrun for example_bash_operator to 2024-05-02 00:00:00+00:00, run_after=2024-05-03 00:00:00+00:00
[2024-05-03T02:11:14.408+0000] {processor.py:183} INFO - Processing /home/airflow/.local/lib/python3.12/site-packages/airflow/example_dags/example_bash_operator.py took 0.098 seconds
[2024-05-03T02:11:45.110+0000] {processor.py:161} INFO - Started process (PID=562) to work on /home/airflow/.local/lib/python3.12/site-packages/airflow/example_dags/example_bash_operator.py
[2024-05-03T02:11:45.111+0000] {processor.py:830} INFO - Processing file /home/airflow/.local/lib/python3.12/site-packages/airflow/example_dags/example_bash_operator.py for tasks to queue
[2024-05-03T02:11:45.113+0000] {logging_mixin.py:188} INFO - [2024-05-03T02:11:45.113+0000] {dagbag.py:540} INFO - Filling up the DagBag from /home/airflow/.local/lib/python3.12/site-packages/airflow/example_dags/example_bash_operator.py
[2024-05-03T02:11:45.124+0000] {processor.py:840} INFO - DAG(s) 'example_bash_operator' retrieved from /home/airflow/.local/lib/python3.12/site-packages/airflow/example_dags/example_bash_operator.py
[2024-05-03T02:11:45.153+0000] {logging_mixin.py:188} INFO - [2024-05-03T02:11:45.153+0000] {dag.py:3096} INFO - Sync 1 DAGs
[2024-05-03T02:11:45.178+0000] {logging_mixin.py:188} INFO - [2024-05-03T02:11:45.177+0000] {dag.py:3954} INFO - Setting next_dagrun for example_bash_operator to 2024-05-02 00:00:00+00:00, run_after=2024-05-03 00:00:00+00:00
[2024-05-03T02:11:45.198+0000] {processor.py:183} INFO - Processing /home/airflow/.local/lib/python3.12/site-packages/airflow/example_dags/example_bash_operator.py took 0.093 seconds
[2024-05-03T02:12:15.933+0000] {processor.py:161} INFO - Started process (PID=621) to work on /home/airflow/.local/lib/python3.12/site-packages/airflow/example_dags/example_bash_operator.py
[2024-05-03T02:12:15.934+0000] {processor.py:830} INFO - Processing file /home/airflow/.local/lib/python3.12/site-packages/airflow/example_dags/example_bash_operator.py for tasks to queue
[2024-05-03T02:12:15.936+0000] {logging_mixin.py:188} INFO - [2024-05-03T02:12:15.935+0000] {dagbag.py:540} INFO - Filling up the DagBag from /home/airflow/.local/lib/python3.12/site-packages/airflow/example_dags/example_bash_operator.py
[2024-05-03T02:12:15.949+0000] {processor.py:840} INFO - DAG(s) 'example_bash_operator' retrieved from /home/airflow/.local/lib/python3.12/site-packages/airflow/example_dags/example_bash_operator.py
[2024-05-03T02:12:15.979+0000] {logging_mixin.py:188} INFO - [2024-05-03T02:12:15.979+0000] {dag.py:3096} INFO - Sync 1 DAGs
[2024-05-03T02:12:16.004+0000] {logging_mixin.py:188} INFO - [2024-05-03T02:12:16.003+0000] {dag.py:3954} INFO - Setting next_dagrun for example_bash_operator to 2024-05-02 00:00:00+00:00, run_after=2024-05-03 00:00:00+00:00
[2024-05-03T02:12:16.026+0000] {processor.py:183} INFO - Processing /home/airflow/.local/lib/python3.12/site-packages/airflow/example_dags/example_bash_operator.py took 0.098 seconds
