[2024-05-03T02:07:35.137+0000] {processor.py:161} INFO - Started process (PID=76) to work on /home/airflow/.local/lib/python3.12/site-packages/airflow/example_dags/example_python_operator.py
[2024-05-03T02:07:35.138+0000] {processor.py:830} INFO - Processing file /home/airflow/.local/lib/python3.12/site-packages/airflow/example_dags/example_python_operator.py for tasks to queue
[2024-05-03T02:07:35.140+0000] {logging_mixin.py:188} INFO - [2024-05-03T02:07:35.139+0000] {dagbag.py:540} INFO - Filling up the DagBag from /home/airflow/.local/lib/python3.12/site-packages/airflow/example_dags/example_python_operator.py
[2024-05-03T02:07:35.151+0000] {processor.py:840} INFO - DAG(s) 'example_python_operator' retrieved from /home/airflow/.local/lib/python3.12/site-packages/airflow/example_dags/example_python_operator.py
[2024-05-03T02:07:35.267+0000] {logging_mixin.py:188} INFO - [2024-05-03T02:07:35.267+0000] {dag.py:3096} INFO - Sync 1 DAGs
[2024-05-03T02:07:35.279+0000] {logging_mixin.py:188} INFO - [2024-05-03T02:07:35.278+0000] {dag.py:3954} INFO - Setting next_dagrun for example_python_operator to None, run_after=None
[2024-05-03T02:07:35.301+0000] {processor.py:183} INFO - Processing /home/airflow/.local/lib/python3.12/site-packages/airflow/example_dags/example_python_operator.py took 0.171 seconds
[2024-05-03T02:08:05.994+0000] {processor.py:161} INFO - Started process (PID=135) to work on /home/airflow/.local/lib/python3.12/site-packages/airflow/example_dags/example_python_operator.py
[2024-05-03T02:08:05.997+0000] {processor.py:830} INFO - Processing file /home/airflow/.local/lib/python3.12/site-packages/airflow/example_dags/example_python_operator.py for tasks to queue
[2024-05-03T02:08:06.000+0000] {logging_mixin.py:188} INFO - [2024-05-03T02:08:05.999+0000] {dagbag.py:540} INFO - Filling up the DagBag from /home/airflow/.local/lib/python3.12/site-packages/airflow/example_dags/example_python_operator.py
[2024-05-03T02:08:06.020+0000] {processor.py:840} INFO - DAG(s) 'example_python_operator' retrieved from /home/airflow/.local/lib/python3.12/site-packages/airflow/example_dags/example_python_operator.py
[2024-05-03T02:08:06.066+0000] {logging_mixin.py:188} INFO - [2024-05-03T02:08:06.066+0000] {dag.py:3096} INFO - Sync 1 DAGs
[2024-05-03T02:08:06.094+0000] {logging_mixin.py:188} INFO - [2024-05-03T02:08:06.093+0000] {dag.py:3954} INFO - Setting next_dagrun for example_python_operator to None, run_after=None
[2024-05-03T02:08:06.123+0000] {processor.py:183} INFO - Processing /home/airflow/.local/lib/python3.12/site-packages/airflow/example_dags/example_python_operator.py took 0.139 seconds
[2024-05-03T02:08:36.696+0000] {processor.py:161} INFO - Started process (PID=194) to work on /home/airflow/.local/lib/python3.12/site-packages/airflow/example_dags/example_python_operator.py
[2024-05-03T02:08:36.697+0000] {processor.py:830} INFO - Processing file /home/airflow/.local/lib/python3.12/site-packages/airflow/example_dags/example_python_operator.py for tasks to queue
[2024-05-03T02:08:36.701+0000] {logging_mixin.py:188} INFO - [2024-05-03T02:08:36.700+0000] {dagbag.py:540} INFO - Filling up the DagBag from /home/airflow/.local/lib/python3.12/site-packages/airflow/example_dags/example_python_operator.py
[2024-05-03T02:08:36.716+0000] {processor.py:840} INFO - DAG(s) 'example_python_operator' retrieved from /home/airflow/.local/lib/python3.12/site-packages/airflow/example_dags/example_python_operator.py
[2024-05-03T02:08:36.755+0000] {logging_mixin.py:188} INFO - [2024-05-03T02:08:36.755+0000] {dag.py:3096} INFO - Sync 1 DAGs
[2024-05-03T02:08:36.776+0000] {logging_mixin.py:188} INFO - [2024-05-03T02:08:36.775+0000] {dag.py:3954} INFO - Setting next_dagrun for example_python_operator to None, run_after=None
[2024-05-03T02:08:36.805+0000] {processor.py:183} INFO - Processing /home/airflow/.local/lib/python3.12/site-packages/airflow/example_dags/example_python_operator.py took 0.118 seconds
[2024-05-03T02:09:07.278+0000] {processor.py:161} INFO - Started process (PID=253) to work on /home/airflow/.local/lib/python3.12/site-packages/airflow/example_dags/example_python_operator.py
[2024-05-03T02:09:07.280+0000] {processor.py:830} INFO - Processing file /home/airflow/.local/lib/python3.12/site-packages/airflow/example_dags/example_python_operator.py for tasks to queue
[2024-05-03T02:09:07.288+0000] {logging_mixin.py:188} INFO - [2024-05-03T02:09:07.287+0000] {dagbag.py:540} INFO - Filling up the DagBag from /home/airflow/.local/lib/python3.12/site-packages/airflow/example_dags/example_python_operator.py
[2024-05-03T02:09:07.322+0000] {processor.py:840} INFO - DAG(s) 'example_python_operator' retrieved from /home/airflow/.local/lib/python3.12/site-packages/airflow/example_dags/example_python_operator.py
[2024-05-03T02:09:07.388+0000] {logging_mixin.py:188} INFO - [2024-05-03T02:09:07.388+0000] {dag.py:3096} INFO - Sync 1 DAGs
[2024-05-03T02:09:07.420+0000] {logging_mixin.py:188} INFO - [2024-05-03T02:09:07.420+0000] {dag.py:3954} INFO - Setting next_dagrun for example_python_operator to None, run_after=None
[2024-05-03T02:09:07.477+0000] {processor.py:183} INFO - Processing /home/airflow/.local/lib/python3.12/site-packages/airflow/example_dags/example_python_operator.py took 0.221 seconds
[2024-05-03T02:09:38.122+0000] {processor.py:161} INFO - Started process (PID=313) to work on /home/airflow/.local/lib/python3.12/site-packages/airflow/example_dags/example_python_operator.py
[2024-05-03T02:09:38.123+0000] {processor.py:830} INFO - Processing file /home/airflow/.local/lib/python3.12/site-packages/airflow/example_dags/example_python_operator.py for tasks to queue
[2024-05-03T02:09:38.124+0000] {logging_mixin.py:188} INFO - [2024-05-03T02:09:38.124+0000] {dagbag.py:540} INFO - Filling up the DagBag from /home/airflow/.local/lib/python3.12/site-packages/airflow/example_dags/example_python_operator.py
[2024-05-03T02:09:38.134+0000] {processor.py:840} INFO - DAG(s) 'example_python_operator' retrieved from /home/airflow/.local/lib/python3.12/site-packages/airflow/example_dags/example_python_operator.py
[2024-05-03T02:09:38.160+0000] {logging_mixin.py:188} INFO - [2024-05-03T02:09:38.159+0000] {dag.py:3096} INFO - Sync 1 DAGs
[2024-05-03T02:09:38.174+0000] {logging_mixin.py:188} INFO - [2024-05-03T02:09:38.174+0000] {dag.py:3954} INFO - Setting next_dagrun for example_python_operator to None, run_after=None
[2024-05-03T02:09:38.194+0000] {processor.py:183} INFO - Processing /home/airflow/.local/lib/python3.12/site-packages/airflow/example_dags/example_python_operator.py took 0.077 seconds
[2024-05-03T02:10:08.596+0000] {processor.py:161} INFO - Started process (PID=372) to work on /home/airflow/.local/lib/python3.12/site-packages/airflow/example_dags/example_python_operator.py
[2024-05-03T02:10:08.599+0000] {processor.py:830} INFO - Processing file /home/airflow/.local/lib/python3.12/site-packages/airflow/example_dags/example_python_operator.py for tasks to queue
[2024-05-03T02:10:08.605+0000] {logging_mixin.py:188} INFO - [2024-05-03T02:10:08.604+0000] {dagbag.py:540} INFO - Filling up the DagBag from /home/airflow/.local/lib/python3.12/site-packages/airflow/example_dags/example_python_operator.py
[2024-05-03T02:10:08.629+0000] {processor.py:840} INFO - DAG(s) 'example_python_operator' retrieved from /home/airflow/.local/lib/python3.12/site-packages/airflow/example_dags/example_python_operator.py
[2024-05-03T02:10:08.681+0000] {logging_mixin.py:188} INFO - [2024-05-03T02:10:08.680+0000] {dag.py:3096} INFO - Sync 1 DAGs
[2024-05-03T02:10:08.714+0000] {logging_mixin.py:188} INFO - [2024-05-03T02:10:08.713+0000] {dag.py:3954} INFO - Setting next_dagrun for example_python_operator to None, run_after=None
[2024-05-03T02:10:08.780+0000] {processor.py:183} INFO - Processing /home/airflow/.local/lib/python3.12/site-packages/airflow/example_dags/example_python_operator.py took 0.195 seconds
[2024-05-03T02:10:41.968+0000] {processor.py:161} INFO - Started process (PID=431) to work on /home/airflow/.local/lib/python3.12/site-packages/airflow/example_dags/example_python_operator.py
[2024-05-03T02:10:41.970+0000] {processor.py:830} INFO - Processing file /home/airflow/.local/lib/python3.12/site-packages/airflow/example_dags/example_python_operator.py for tasks to queue
[2024-05-03T02:10:41.972+0000] {logging_mixin.py:188} INFO - [2024-05-03T02:10:41.972+0000] {dagbag.py:540} INFO - Filling up the DagBag from /home/airflow/.local/lib/python3.12/site-packages/airflow/example_dags/example_python_operator.py
[2024-05-03T02:10:41.986+0000] {processor.py:840} INFO - DAG(s) 'example_python_operator' retrieved from /home/airflow/.local/lib/python3.12/site-packages/airflow/example_dags/example_python_operator.py
[2024-05-03T02:10:42.019+0000] {logging_mixin.py:188} INFO - [2024-05-03T02:10:42.019+0000] {dag.py:3096} INFO - Sync 1 DAGs
[2024-05-03T02:10:42.039+0000] {logging_mixin.py:188} INFO - [2024-05-03T02:10:42.038+0000] {dag.py:3954} INFO - Setting next_dagrun for example_python_operator to None, run_after=None
[2024-05-03T02:10:42.079+0000] {processor.py:183} INFO - Processing /home/airflow/.local/lib/python3.12/site-packages/airflow/example_dags/example_python_operator.py took 0.117 seconds
[2024-05-03T02:11:12.776+0000] {processor.py:161} INFO - Started process (PID=490) to work on /home/airflow/.local/lib/python3.12/site-packages/airflow/example_dags/example_python_operator.py
[2024-05-03T02:11:12.777+0000] {processor.py:830} INFO - Processing file /home/airflow/.local/lib/python3.12/site-packages/airflow/example_dags/example_python_operator.py for tasks to queue
[2024-05-03T02:11:12.781+0000] {logging_mixin.py:188} INFO - [2024-05-03T02:11:12.780+0000] {dagbag.py:540} INFO - Filling up the DagBag from /home/airflow/.local/lib/python3.12/site-packages/airflow/example_dags/example_python_operator.py
[2024-05-03T02:11:12.799+0000] {processor.py:840} INFO - DAG(s) 'example_python_operator' retrieved from /home/airflow/.local/lib/python3.12/site-packages/airflow/example_dags/example_python_operator.py
[2024-05-03T02:11:12.835+0000] {logging_mixin.py:188} INFO - [2024-05-03T02:11:12.834+0000] {dag.py:3096} INFO - Sync 1 DAGs
[2024-05-03T02:11:12.861+0000] {logging_mixin.py:188} INFO - [2024-05-03T02:11:12.860+0000] {dag.py:3954} INFO - Setting next_dagrun for example_python_operator to None, run_after=None
[2024-05-03T02:11:12.902+0000] {processor.py:183} INFO - Processing /home/airflow/.local/lib/python3.12/site-packages/airflow/example_dags/example_python_operator.py took 0.136 seconds
[2024-05-03T02:11:43.186+0000] {processor.py:161} INFO - Started process (PID=548) to work on /home/airflow/.local/lib/python3.12/site-packages/airflow/example_dags/example_python_operator.py
[2024-05-03T02:11:43.187+0000] {processor.py:830} INFO - Processing file /home/airflow/.local/lib/python3.12/site-packages/airflow/example_dags/example_python_operator.py for tasks to queue
[2024-05-03T02:11:43.189+0000] {logging_mixin.py:188} INFO - [2024-05-03T02:11:43.188+0000] {dagbag.py:540} INFO - Filling up the DagBag from /home/airflow/.local/lib/python3.12/site-packages/airflow/example_dags/example_python_operator.py
[2024-05-03T02:11:43.198+0000] {processor.py:840} INFO - DAG(s) 'example_python_operator' retrieved from /home/airflow/.local/lib/python3.12/site-packages/airflow/example_dags/example_python_operator.py
[2024-05-03T02:11:43.221+0000] {logging_mixin.py:188} INFO - [2024-05-03T02:11:43.220+0000] {dag.py:3096} INFO - Sync 1 DAGs
[2024-05-03T02:11:43.234+0000] {logging_mixin.py:188} INFO - [2024-05-03T02:11:43.233+0000] {dag.py:3954} INFO - Setting next_dagrun for example_python_operator to None, run_after=None
[2024-05-03T02:11:43.253+0000] {processor.py:183} INFO - Processing /home/airflow/.local/lib/python3.12/site-packages/airflow/example_dags/example_python_operator.py took 0.072 seconds
[2024-05-03T02:12:13.927+0000] {processor.py:161} INFO - Started process (PID=607) to work on /home/airflow/.local/lib/python3.12/site-packages/airflow/example_dags/example_python_operator.py
[2024-05-03T02:12:13.928+0000] {processor.py:830} INFO - Processing file /home/airflow/.local/lib/python3.12/site-packages/airflow/example_dags/example_python_operator.py for tasks to queue
[2024-05-03T02:12:13.930+0000] {logging_mixin.py:188} INFO - [2024-05-03T02:12:13.930+0000] {dagbag.py:540} INFO - Filling up the DagBag from /home/airflow/.local/lib/python3.12/site-packages/airflow/example_dags/example_python_operator.py
[2024-05-03T02:12:13.944+0000] {processor.py:840} INFO - DAG(s) 'example_python_operator' retrieved from /home/airflow/.local/lib/python3.12/site-packages/airflow/example_dags/example_python_operator.py
[2024-05-03T02:12:13.971+0000] {logging_mixin.py:188} INFO - [2024-05-03T02:12:13.971+0000] {dag.py:3096} INFO - Sync 1 DAGs
[2024-05-03T02:12:13.987+0000] {logging_mixin.py:188} INFO - [2024-05-03T02:12:13.987+0000] {dag.py:3954} INFO - Setting next_dagrun for example_python_operator to None, run_after=None
[2024-05-03T02:12:14.011+0000] {processor.py:183} INFO - Processing /home/airflow/.local/lib/python3.12/site-packages/airflow/example_dags/example_python_operator.py took 0.091 seconds
