[2024-05-03T02:07:35.707+0000] {processor.py:161} INFO - Started process (PID=84) to work on /home/airflow/.local/lib/python3.12/site-packages/airflow/example_dags/example_nested_branch_dag.py
[2024-05-03T02:07:35.708+0000] {processor.py:830} INFO - Processing file /home/airflow/.local/lib/python3.12/site-packages/airflow/example_dags/example_nested_branch_dag.py for tasks to queue
[2024-05-03T02:07:35.710+0000] {logging_mixin.py:188} INFO - [2024-05-03T02:07:35.710+0000] {dagbag.py:540} INFO - Filling up the DagBag from /home/airflow/.local/lib/python3.12/site-packages/airflow/example_dags/example_nested_branch_dag.py
[2024-05-03T02:07:35.721+0000] {processor.py:840} INFO - DAG(s) 'example_nested_branch_dag' retrieved from /home/airflow/.local/lib/python3.12/site-packages/airflow/example_dags/example_nested_branch_dag.py
[2024-05-03T02:07:35.743+0000] {logging_mixin.py:188} INFO - [2024-05-03T02:07:35.743+0000] {dag.py:3096} INFO - Sync 1 DAGs
[2024-05-03T02:07:35.770+0000] {logging_mixin.py:188} INFO - [2024-05-03T02:07:35.770+0000] {dag.py:3954} INFO - Setting next_dagrun for example_nested_branch_dag to 2024-05-02 00:00:00+00:00, run_after=2024-05-03 00:00:00+00:00
[2024-05-03T02:07:35.793+0000] {processor.py:183} INFO - Processing /home/airflow/.local/lib/python3.12/site-packages/airflow/example_dags/example_nested_branch_dag.py took 0.092 seconds
[2024-05-03T02:08:06.575+0000] {processor.py:161} INFO - Started process (PID=143) to work on /home/airflow/.local/lib/python3.12/site-packages/airflow/example_dags/example_nested_branch_dag.py
[2024-05-03T02:08:06.576+0000] {processor.py:830} INFO - Processing file /home/airflow/.local/lib/python3.12/site-packages/airflow/example_dags/example_nested_branch_dag.py for tasks to queue
[2024-05-03T02:08:06.578+0000] {logging_mixin.py:188} INFO - [2024-05-03T02:08:06.578+0000] {dagbag.py:540} INFO - Filling up the DagBag from /home/airflow/.local/lib/python3.12/site-packages/airflow/example_dags/example_nested_branch_dag.py
[2024-05-03T02:08:06.590+0000] {processor.py:840} INFO - DAG(s) 'example_nested_branch_dag' retrieved from /home/airflow/.local/lib/python3.12/site-packages/airflow/example_dags/example_nested_branch_dag.py
[2024-05-03T02:08:06.617+0000] {logging_mixin.py:188} INFO - [2024-05-03T02:08:06.616+0000] {dag.py:3096} INFO - Sync 1 DAGs
[2024-05-03T02:08:06.648+0000] {logging_mixin.py:188} INFO - [2024-05-03T02:08:06.648+0000] {dag.py:3954} INFO - Setting next_dagrun for example_nested_branch_dag to 2024-05-02 00:00:00+00:00, run_after=2024-05-03 00:00:00+00:00
[2024-05-03T02:08:06.671+0000] {processor.py:183} INFO - Processing /home/airflow/.local/lib/python3.12/site-packages/airflow/example_dags/example_nested_branch_dag.py took 0.101 seconds
[2024-05-03T02:08:37.928+0000] {processor.py:161} INFO - Started process (PID=202) to work on /home/airflow/.local/lib/python3.12/site-packages/airflow/example_dags/example_nested_branch_dag.py
[2024-05-03T02:08:37.930+0000] {processor.py:830} INFO - Processing file /home/airflow/.local/lib/python3.12/site-packages/airflow/example_dags/example_nested_branch_dag.py for tasks to queue
[2024-05-03T02:08:37.933+0000] {logging_mixin.py:188} INFO - [2024-05-03T02:08:37.932+0000] {dagbag.py:540} INFO - Filling up the DagBag from /home/airflow/.local/lib/python3.12/site-packages/airflow/example_dags/example_nested_branch_dag.py
[2024-05-03T02:08:37.954+0000] {processor.py:840} INFO - DAG(s) 'example_nested_branch_dag' retrieved from /home/airflow/.local/lib/python3.12/site-packages/airflow/example_dags/example_nested_branch_dag.py
[2024-05-03T02:08:37.991+0000] {logging_mixin.py:188} INFO - [2024-05-03T02:08:37.990+0000] {dag.py:3096} INFO - Sync 1 DAGs
[2024-05-03T02:08:38.034+0000] {logging_mixin.py:188} INFO - [2024-05-03T02:08:38.033+0000] {dag.py:3954} INFO - Setting next_dagrun for example_nested_branch_dag to 2024-05-02 00:00:00+00:00, run_after=2024-05-03 00:00:00+00:00
[2024-05-03T02:08:38.072+0000] {processor.py:183} INFO - Processing /home/airflow/.local/lib/python3.12/site-packages/airflow/example_dags/example_nested_branch_dag.py took 0.153 seconds
[2024-05-03T02:09:08.407+0000] {processor.py:161} INFO - Started process (PID=260) to work on /home/airflow/.local/lib/python3.12/site-packages/airflow/example_dags/example_nested_branch_dag.py
[2024-05-03T02:09:08.412+0000] {processor.py:830} INFO - Processing file /home/airflow/.local/lib/python3.12/site-packages/airflow/example_dags/example_nested_branch_dag.py for tasks to queue
[2024-05-03T02:09:08.415+0000] {logging_mixin.py:188} INFO - [2024-05-03T02:09:08.414+0000] {dagbag.py:540} INFO - Filling up the DagBag from /home/airflow/.local/lib/python3.12/site-packages/airflow/example_dags/example_nested_branch_dag.py
[2024-05-03T02:09:08.435+0000] {processor.py:840} INFO - DAG(s) 'example_nested_branch_dag' retrieved from /home/airflow/.local/lib/python3.12/site-packages/airflow/example_dags/example_nested_branch_dag.py
[2024-05-03T02:09:08.529+0000] {logging_mixin.py:188} INFO - [2024-05-03T02:09:08.528+0000] {dag.py:3096} INFO - Sync 1 DAGs
[2024-05-03T02:09:08.586+0000] {logging_mixin.py:188} INFO - [2024-05-03T02:09:08.585+0000] {dag.py:3954} INFO - Setting next_dagrun for example_nested_branch_dag to 2024-05-02 00:00:00+00:00, run_after=2024-05-03 00:00:00+00:00
[2024-05-03T02:09:08.626+0000] {processor.py:183} INFO - Processing /home/airflow/.local/lib/python3.12/site-packages/airflow/example_dags/example_nested_branch_dag.py took 0.232 seconds
[2024-05-03T02:09:38.676+0000] {processor.py:161} INFO - Started process (PID=320) to work on /home/airflow/.local/lib/python3.12/site-packages/airflow/example_dags/example_nested_branch_dag.py
[2024-05-03T02:09:38.677+0000] {processor.py:830} INFO - Processing file /home/airflow/.local/lib/python3.12/site-packages/airflow/example_dags/example_nested_branch_dag.py for tasks to queue
[2024-05-03T02:09:38.679+0000] {logging_mixin.py:188} INFO - [2024-05-03T02:09:38.678+0000] {dagbag.py:540} INFO - Filling up the DagBag from /home/airflow/.local/lib/python3.12/site-packages/airflow/example_dags/example_nested_branch_dag.py
[2024-05-03T02:09:38.689+0000] {processor.py:840} INFO - DAG(s) 'example_nested_branch_dag' retrieved from /home/airflow/.local/lib/python3.12/site-packages/airflow/example_dags/example_nested_branch_dag.py
[2024-05-03T02:09:38.715+0000] {logging_mixin.py:188} INFO - [2024-05-03T02:09:38.714+0000] {dag.py:3096} INFO - Sync 1 DAGs
[2024-05-03T02:09:38.745+0000] {logging_mixin.py:188} INFO - [2024-05-03T02:09:38.745+0000] {dag.py:3954} INFO - Setting next_dagrun for example_nested_branch_dag to 2024-05-02 00:00:00+00:00, run_after=2024-05-03 00:00:00+00:00
[2024-05-03T02:09:38.767+0000] {processor.py:183} INFO - Processing /home/airflow/.local/lib/python3.12/site-packages/airflow/example_dags/example_nested_branch_dag.py took 0.095 seconds
[2024-05-03T02:10:09.495+0000] {processor.py:161} INFO - Started process (PID=379) to work on /home/airflow/.local/lib/python3.12/site-packages/airflow/example_dags/example_nested_branch_dag.py
[2024-05-03T02:10:09.497+0000] {processor.py:830} INFO - Processing file /home/airflow/.local/lib/python3.12/site-packages/airflow/example_dags/example_nested_branch_dag.py for tasks to queue
[2024-05-03T02:10:09.503+0000] {logging_mixin.py:188} INFO - [2024-05-03T02:10:09.502+0000] {dagbag.py:540} INFO - Filling up the DagBag from /home/airflow/.local/lib/python3.12/site-packages/airflow/example_dags/example_nested_branch_dag.py
[2024-05-03T02:10:09.524+0000] {processor.py:840} INFO - DAG(s) 'example_nested_branch_dag' retrieved from /home/airflow/.local/lib/python3.12/site-packages/airflow/example_dags/example_nested_branch_dag.py
[2024-05-03T02:10:09.562+0000] {logging_mixin.py:188} INFO - [2024-05-03T02:10:09.562+0000] {dag.py:3096} INFO - Sync 1 DAGs
[2024-05-03T02:10:09.601+0000] {logging_mixin.py:188} INFO - [2024-05-03T02:10:09.600+0000] {dag.py:3954} INFO - Setting next_dagrun for example_nested_branch_dag to 2024-05-02 00:00:00+00:00, run_after=2024-05-03 00:00:00+00:00
[2024-05-03T02:10:09.633+0000] {processor.py:183} INFO - Processing /home/airflow/.local/lib/python3.12/site-packages/airflow/example_dags/example_nested_branch_dag.py took 0.148 seconds
[2024-05-03T02:10:42.725+0000] {processor.py:161} INFO - Started process (PID=439) to work on /home/airflow/.local/lib/python3.12/site-packages/airflow/example_dags/example_nested_branch_dag.py
[2024-05-03T02:10:42.727+0000] {processor.py:830} INFO - Processing file /home/airflow/.local/lib/python3.12/site-packages/airflow/example_dags/example_nested_branch_dag.py for tasks to queue
[2024-05-03T02:10:42.729+0000] {logging_mixin.py:188} INFO - [2024-05-03T02:10:42.729+0000] {dagbag.py:540} INFO - Filling up the DagBag from /home/airflow/.local/lib/python3.12/site-packages/airflow/example_dags/example_nested_branch_dag.py
[2024-05-03T02:10:42.743+0000] {processor.py:840} INFO - DAG(s) 'example_nested_branch_dag' retrieved from /home/airflow/.local/lib/python3.12/site-packages/airflow/example_dags/example_nested_branch_dag.py
[2024-05-03T02:10:42.787+0000] {logging_mixin.py:188} INFO - [2024-05-03T02:10:42.787+0000] {dag.py:3096} INFO - Sync 1 DAGs
[2024-05-03T02:10:42.825+0000] {logging_mixin.py:188} INFO - [2024-05-03T02:10:42.824+0000] {dag.py:3954} INFO - Setting next_dagrun for example_nested_branch_dag to 2024-05-02 00:00:00+00:00, run_after=2024-05-03 00:00:00+00:00
[2024-05-03T02:10:42.853+0000] {processor.py:183} INFO - Processing /home/airflow/.local/lib/python3.12/site-packages/airflow/example_dags/example_nested_branch_dag.py took 0.133 seconds
[2024-05-03T02:11:13.936+0000] {processor.py:161} INFO - Started process (PID=498) to work on /home/airflow/.local/lib/python3.12/site-packages/airflow/example_dags/example_nested_branch_dag.py
[2024-05-03T02:11:13.937+0000] {processor.py:830} INFO - Processing file /home/airflow/.local/lib/python3.12/site-packages/airflow/example_dags/example_nested_branch_dag.py for tasks to queue
[2024-05-03T02:11:13.939+0000] {logging_mixin.py:188} INFO - [2024-05-03T02:11:13.938+0000] {dagbag.py:540} INFO - Filling up the DagBag from /home/airflow/.local/lib/python3.12/site-packages/airflow/example_dags/example_nested_branch_dag.py
[2024-05-03T02:11:13.949+0000] {processor.py:840} INFO - DAG(s) 'example_nested_branch_dag' retrieved from /home/airflow/.local/lib/python3.12/site-packages/airflow/example_dags/example_nested_branch_dag.py
[2024-05-03T02:11:13.971+0000] {logging_mixin.py:188} INFO - [2024-05-03T02:11:13.971+0000] {dag.py:3096} INFO - Sync 1 DAGs
[2024-05-03T02:11:13.996+0000] {logging_mixin.py:188} INFO - [2024-05-03T02:11:13.995+0000] {dag.py:3954} INFO - Setting next_dagrun for example_nested_branch_dag to 2024-05-02 00:00:00+00:00, run_after=2024-05-03 00:00:00+00:00
[2024-05-03T02:11:14.030+0000] {processor.py:183} INFO - Processing /home/airflow/.local/lib/python3.12/site-packages/airflow/example_dags/example_nested_branch_dag.py took 0.099 seconds
[2024-05-03T02:11:44.613+0000] {processor.py:161} INFO - Started process (PID=556) to work on /home/airflow/.local/lib/python3.12/site-packages/airflow/example_dags/example_nested_branch_dag.py
[2024-05-03T02:11:44.614+0000] {processor.py:830} INFO - Processing file /home/airflow/.local/lib/python3.12/site-packages/airflow/example_dags/example_nested_branch_dag.py for tasks to queue
[2024-05-03T02:11:44.615+0000] {logging_mixin.py:188} INFO - [2024-05-03T02:11:44.615+0000] {dagbag.py:540} INFO - Filling up the DagBag from /home/airflow/.local/lib/python3.12/site-packages/airflow/example_dags/example_nested_branch_dag.py
[2024-05-03T02:11:44.625+0000] {processor.py:840} INFO - DAG(s) 'example_nested_branch_dag' retrieved from /home/airflow/.local/lib/python3.12/site-packages/airflow/example_dags/example_nested_branch_dag.py
[2024-05-03T02:11:44.648+0000] {logging_mixin.py:188} INFO - [2024-05-03T02:11:44.647+0000] {dag.py:3096} INFO - Sync 1 DAGs
[2024-05-03T02:11:44.673+0000] {logging_mixin.py:188} INFO - [2024-05-03T02:11:44.672+0000] {dag.py:3954} INFO - Setting next_dagrun for example_nested_branch_dag to 2024-05-02 00:00:00+00:00, run_after=2024-05-03 00:00:00+00:00
[2024-05-03T02:11:44.693+0000] {processor.py:183} INFO - Processing /home/airflow/.local/lib/python3.12/site-packages/airflow/example_dags/example_nested_branch_dag.py took 0.085 seconds
[2024-05-03T02:12:15.384+0000] {processor.py:161} INFO - Started process (PID=615) to work on /home/airflow/.local/lib/python3.12/site-packages/airflow/example_dags/example_nested_branch_dag.py
[2024-05-03T02:12:15.386+0000] {processor.py:830} INFO - Processing file /home/airflow/.local/lib/python3.12/site-packages/airflow/example_dags/example_nested_branch_dag.py for tasks to queue
[2024-05-03T02:12:15.388+0000] {logging_mixin.py:188} INFO - [2024-05-03T02:12:15.387+0000] {dagbag.py:540} INFO - Filling up the DagBag from /home/airflow/.local/lib/python3.12/site-packages/airflow/example_dags/example_nested_branch_dag.py
[2024-05-03T02:12:15.398+0000] {processor.py:840} INFO - DAG(s) 'example_nested_branch_dag' retrieved from /home/airflow/.local/lib/python3.12/site-packages/airflow/example_dags/example_nested_branch_dag.py
[2024-05-03T02:12:15.421+0000] {logging_mixin.py:188} INFO - [2024-05-03T02:12:15.421+0000] {dag.py:3096} INFO - Sync 1 DAGs
[2024-05-03T02:12:15.445+0000] {logging_mixin.py:188} INFO - [2024-05-03T02:12:15.445+0000] {dag.py:3954} INFO - Setting next_dagrun for example_nested_branch_dag to 2024-05-02 00:00:00+00:00, run_after=2024-05-03 00:00:00+00:00
[2024-05-03T02:12:15.464+0000] {processor.py:183} INFO - Processing /home/airflow/.local/lib/python3.12/site-packages/airflow/example_dags/example_nested_branch_dag.py took 0.085 seconds
