[2024-05-03T02:07:33.436+0000] {processor.py:161} INFO - Started process (PID=55) to work on /home/airflow/.local/lib/python3.12/site-packages/airflow/example_dags/tutorial_objectstorage.py
[2024-05-03T02:07:33.437+0000] {processor.py:830} INFO - Processing file /home/airflow/.local/lib/python3.12/site-packages/airflow/example_dags/tutorial_objectstorage.py for tasks to queue
[2024-05-03T02:07:33.439+0000] {logging_mixin.py:188} INFO - [2024-05-03T02:07:33.439+0000] {dagbag.py:540} INFO - Filling up the DagBag from /home/airflow/.local/lib/python3.12/site-packages/airflow/example_dags/tutorial_objectstorage.py
[2024-05-03T02:07:33.452+0000] {processor.py:840} INFO - DAG(s) 'tutorial_objectstorage' retrieved from /home/airflow/.local/lib/python3.12/site-packages/airflow/example_dags/tutorial_objectstorage.py
[2024-05-03T02:07:33.496+0000] {logging_mixin.py:188} INFO - [2024-05-03T02:07:33.496+0000] {dag.py:3096} INFO - Sync 1 DAGs
[2024-05-03T02:07:33.513+0000] {logging_mixin.py:188} INFO - [2024-05-03T02:07:33.512+0000] {dag.py:3954} INFO - Setting next_dagrun for tutorial_objectstorage to None, run_after=None
[2024-05-03T02:07:33.535+0000] {processor.py:183} INFO - Processing /home/airflow/.local/lib/python3.12/site-packages/airflow/example_dags/tutorial_objectstorage.py took 0.106 seconds
[2024-05-03T02:08:03.763+0000] {processor.py:161} INFO - Started process (PID=114) to work on /home/airflow/.local/lib/python3.12/site-packages/airflow/example_dags/tutorial_objectstorage.py
[2024-05-03T02:08:03.764+0000] {processor.py:830} INFO - Processing file /home/airflow/.local/lib/python3.12/site-packages/airflow/example_dags/tutorial_objectstorage.py for tasks to queue
[2024-05-03T02:08:03.766+0000] {logging_mixin.py:188} INFO - [2024-05-03T02:08:03.766+0000] {dagbag.py:540} INFO - Filling up the DagBag from /home/airflow/.local/lib/python3.12/site-packages/airflow/example_dags/tutorial_objectstorage.py
[2024-05-03T02:08:03.773+0000] {processor.py:840} INFO - DAG(s) 'tutorial_objectstorage' retrieved from /home/airflow/.local/lib/python3.12/site-packages/airflow/example_dags/tutorial_objectstorage.py
[2024-05-03T02:08:03.792+0000] {logging_mixin.py:188} INFO - [2024-05-03T02:08:03.791+0000] {dag.py:3096} INFO - Sync 1 DAGs
[2024-05-03T02:08:03.806+0000] {logging_mixin.py:188} INFO - [2024-05-03T02:08:03.806+0000] {dag.py:3954} INFO - Setting next_dagrun for tutorial_objectstorage to None, run_after=None
[2024-05-03T02:08:03.834+0000] {processor.py:183} INFO - Processing /home/airflow/.local/lib/python3.12/site-packages/airflow/example_dags/tutorial_objectstorage.py took 0.076 seconds
[2024-05-03T02:08:34.183+0000] {processor.py:161} INFO - Started process (PID=173) to work on /home/airflow/.local/lib/python3.12/site-packages/airflow/example_dags/tutorial_objectstorage.py
[2024-05-03T02:08:34.184+0000] {processor.py:830} INFO - Processing file /home/airflow/.local/lib/python3.12/site-packages/airflow/example_dags/tutorial_objectstorage.py for tasks to queue
[2024-05-03T02:08:34.186+0000] {logging_mixin.py:188} INFO - [2024-05-03T02:08:34.186+0000] {dagbag.py:540} INFO - Filling up the DagBag from /home/airflow/.local/lib/python3.12/site-packages/airflow/example_dags/tutorial_objectstorage.py
[2024-05-03T02:08:34.195+0000] {processor.py:840} INFO - DAG(s) 'tutorial_objectstorage' retrieved from /home/airflow/.local/lib/python3.12/site-packages/airflow/example_dags/tutorial_objectstorage.py
[2024-05-03T02:08:34.222+0000] {logging_mixin.py:188} INFO - [2024-05-03T02:08:34.222+0000] {dag.py:3096} INFO - Sync 1 DAGs
[2024-05-03T02:08:34.239+0000] {logging_mixin.py:188} INFO - [2024-05-03T02:08:34.239+0000] {dag.py:3954} INFO - Setting next_dagrun for tutorial_objectstorage to None, run_after=None
[2024-05-03T02:08:34.263+0000] {processor.py:183} INFO - Processing /home/airflow/.local/lib/python3.12/site-packages/airflow/example_dags/tutorial_objectstorage.py took 0.087 seconds
[2024-05-03T02:09:04.615+0000] {processor.py:161} INFO - Started process (PID=232) to work on /home/airflow/.local/lib/python3.12/site-packages/airflow/example_dags/tutorial_objectstorage.py
[2024-05-03T02:09:04.617+0000] {processor.py:830} INFO - Processing file /home/airflow/.local/lib/python3.12/site-packages/airflow/example_dags/tutorial_objectstorage.py for tasks to queue
[2024-05-03T02:09:04.621+0000] {logging_mixin.py:188} INFO - [2024-05-03T02:09:04.620+0000] {dagbag.py:540} INFO - Filling up the DagBag from /home/airflow/.local/lib/python3.12/site-packages/airflow/example_dags/tutorial_objectstorage.py
[2024-05-03T02:09:04.630+0000] {processor.py:840} INFO - DAG(s) 'tutorial_objectstorage' retrieved from /home/airflow/.local/lib/python3.12/site-packages/airflow/example_dags/tutorial_objectstorage.py
[2024-05-03T02:09:04.654+0000] {logging_mixin.py:188} INFO - [2024-05-03T02:09:04.654+0000] {dag.py:3096} INFO - Sync 1 DAGs
[2024-05-03T02:09:04.670+0000] {logging_mixin.py:188} INFO - [2024-05-03T02:09:04.670+0000] {dag.py:3954} INFO - Setting next_dagrun for tutorial_objectstorage to None, run_after=None
[2024-05-03T02:09:04.691+0000] {processor.py:183} INFO - Processing /home/airflow/.local/lib/python3.12/site-packages/airflow/example_dags/tutorial_objectstorage.py took 0.083 seconds
[2024-05-03T02:09:34.769+0000] {processor.py:161} INFO - Started process (PID=292) to work on /home/airflow/.local/lib/python3.12/site-packages/airflow/example_dags/tutorial_objectstorage.py
[2024-05-03T02:09:34.771+0000] {processor.py:830} INFO - Processing file /home/airflow/.local/lib/python3.12/site-packages/airflow/example_dags/tutorial_objectstorage.py for tasks to queue
[2024-05-03T02:09:34.773+0000] {logging_mixin.py:188} INFO - [2024-05-03T02:09:34.773+0000] {dagbag.py:540} INFO - Filling up the DagBag from /home/airflow/.local/lib/python3.12/site-packages/airflow/example_dags/tutorial_objectstorage.py
[2024-05-03T02:09:34.782+0000] {processor.py:840} INFO - DAG(s) 'tutorial_objectstorage' retrieved from /home/airflow/.local/lib/python3.12/site-packages/airflow/example_dags/tutorial_objectstorage.py
[2024-05-03T02:09:34.810+0000] {logging_mixin.py:188} INFO - [2024-05-03T02:09:34.809+0000] {dag.py:3096} INFO - Sync 1 DAGs
[2024-05-03T02:09:34.843+0000] {logging_mixin.py:188} INFO - [2024-05-03T02:09:34.843+0000] {dag.py:3954} INFO - Setting next_dagrun for tutorial_objectstorage to None, run_after=None
[2024-05-03T02:09:34.869+0000] {processor.py:183} INFO - Processing /home/airflow/.local/lib/python3.12/site-packages/airflow/example_dags/tutorial_objectstorage.py took 0.106 seconds
[2024-05-03T02:10:05.560+0000] {processor.py:161} INFO - Started process (PID=351) to work on /home/airflow/.local/lib/python3.12/site-packages/airflow/example_dags/tutorial_objectstorage.py
[2024-05-03T02:10:05.561+0000] {processor.py:830} INFO - Processing file /home/airflow/.local/lib/python3.12/site-packages/airflow/example_dags/tutorial_objectstorage.py for tasks to queue
[2024-05-03T02:10:05.563+0000] {logging_mixin.py:188} INFO - [2024-05-03T02:10:05.563+0000] {dagbag.py:540} INFO - Filling up the DagBag from /home/airflow/.local/lib/python3.12/site-packages/airflow/example_dags/tutorial_objectstorage.py
[2024-05-03T02:10:05.570+0000] {processor.py:840} INFO - DAG(s) 'tutorial_objectstorage' retrieved from /home/airflow/.local/lib/python3.12/site-packages/airflow/example_dags/tutorial_objectstorage.py
[2024-05-03T02:10:05.590+0000] {logging_mixin.py:188} INFO - [2024-05-03T02:10:05.590+0000] {dag.py:3096} INFO - Sync 1 DAGs
[2024-05-03T02:10:05.604+0000] {logging_mixin.py:188} INFO - [2024-05-03T02:10:05.604+0000] {dag.py:3954} INFO - Setting next_dagrun for tutorial_objectstorage to None, run_after=None
[2024-05-03T02:10:05.627+0000] {processor.py:183} INFO - Processing /home/airflow/.local/lib/python3.12/site-packages/airflow/example_dags/tutorial_objectstorage.py took 0.072 seconds
[2024-05-03T02:10:38.152+0000] {processor.py:161} INFO - Started process (PID=410) to work on /home/airflow/.local/lib/python3.12/site-packages/airflow/example_dags/tutorial_objectstorage.py
[2024-05-03T02:10:38.154+0000] {processor.py:830} INFO - Processing file /home/airflow/.local/lib/python3.12/site-packages/airflow/example_dags/tutorial_objectstorage.py for tasks to queue
[2024-05-03T02:10:38.158+0000] {logging_mixin.py:188} INFO - [2024-05-03T02:10:38.157+0000] {dagbag.py:540} INFO - Filling up the DagBag from /home/airflow/.local/lib/python3.12/site-packages/airflow/example_dags/tutorial_objectstorage.py
[2024-05-03T02:10:38.171+0000] {processor.py:840} INFO - DAG(s) 'tutorial_objectstorage' retrieved from /home/airflow/.local/lib/python3.12/site-packages/airflow/example_dags/tutorial_objectstorage.py
[2024-05-03T02:10:38.224+0000] {logging_mixin.py:188} INFO - [2024-05-03T02:10:38.223+0000] {dag.py:3096} INFO - Sync 1 DAGs
[2024-05-03T02:10:38.277+0000] {logging_mixin.py:188} INFO - [2024-05-03T02:10:38.276+0000] {dag.py:3954} INFO - Setting next_dagrun for tutorial_objectstorage to None, run_after=None
[2024-05-03T02:10:38.373+0000] {processor.py:183} INFO - Processing /home/airflow/.local/lib/python3.12/site-packages/airflow/example_dags/tutorial_objectstorage.py took 0.232 seconds
[2024-05-03T02:11:09.071+0000] {processor.py:161} INFO - Started process (PID=469) to work on /home/airflow/.local/lib/python3.12/site-packages/airflow/example_dags/tutorial_objectstorage.py
[2024-05-03T02:11:09.078+0000] {processor.py:830} INFO - Processing file /home/airflow/.local/lib/python3.12/site-packages/airflow/example_dags/tutorial_objectstorage.py for tasks to queue
[2024-05-03T02:11:09.084+0000] {logging_mixin.py:188} INFO - [2024-05-03T02:11:09.083+0000] {dagbag.py:540} INFO - Filling up the DagBag from /home/airflow/.local/lib/python3.12/site-packages/airflow/example_dags/tutorial_objectstorage.py
[2024-05-03T02:11:09.097+0000] {processor.py:840} INFO - DAG(s) 'tutorial_objectstorage' retrieved from /home/airflow/.local/lib/python3.12/site-packages/airflow/example_dags/tutorial_objectstorage.py
[2024-05-03T02:11:09.177+0000] {logging_mixin.py:188} INFO - [2024-05-03T02:11:09.177+0000] {dag.py:3096} INFO - Sync 1 DAGs
[2024-05-03T02:11:09.204+0000] {logging_mixin.py:188} INFO - [2024-05-03T02:11:09.204+0000] {dag.py:3954} INFO - Setting next_dagrun for tutorial_objectstorage to None, run_after=None
[2024-05-03T02:11:09.243+0000] {processor.py:183} INFO - Processing /home/airflow/.local/lib/python3.12/site-packages/airflow/example_dags/tutorial_objectstorage.py took 0.182 seconds
[2024-05-03T02:11:40.023+0000] {processor.py:161} INFO - Started process (PID=527) to work on /home/airflow/.local/lib/python3.12/site-packages/airflow/example_dags/tutorial_objectstorage.py
[2024-05-03T02:11:40.025+0000] {processor.py:830} INFO - Processing file /home/airflow/.local/lib/python3.12/site-packages/airflow/example_dags/tutorial_objectstorage.py for tasks to queue
[2024-05-03T02:11:40.028+0000] {logging_mixin.py:188} INFO - [2024-05-03T02:11:40.028+0000] {dagbag.py:540} INFO - Filling up the DagBag from /home/airflow/.local/lib/python3.12/site-packages/airflow/example_dags/tutorial_objectstorage.py
[2024-05-03T02:11:40.051+0000] {processor.py:840} INFO - DAG(s) 'tutorial_objectstorage' retrieved from /home/airflow/.local/lib/python3.12/site-packages/airflow/example_dags/tutorial_objectstorage.py
[2024-05-03T02:11:40.091+0000] {logging_mixin.py:188} INFO - [2024-05-03T02:11:40.091+0000] {dag.py:3096} INFO - Sync 1 DAGs
[2024-05-03T02:11:40.115+0000] {logging_mixin.py:188} INFO - [2024-05-03T02:11:40.115+0000] {dag.py:3954} INFO - Setting next_dagrun for tutorial_objectstorage to None, run_after=None
[2024-05-03T02:11:40.151+0000] {processor.py:183} INFO - Processing /home/airflow/.local/lib/python3.12/site-packages/airflow/example_dags/tutorial_objectstorage.py took 0.138 seconds
[2024-05-03T02:12:10.528+0000] {processor.py:161} INFO - Started process (PID=586) to work on /home/airflow/.local/lib/python3.12/site-packages/airflow/example_dags/tutorial_objectstorage.py
[2024-05-03T02:12:10.529+0000] {processor.py:830} INFO - Processing file /home/airflow/.local/lib/python3.12/site-packages/airflow/example_dags/tutorial_objectstorage.py for tasks to queue
[2024-05-03T02:12:10.532+0000] {logging_mixin.py:188} INFO - [2024-05-03T02:12:10.531+0000] {dagbag.py:540} INFO - Filling up the DagBag from /home/airflow/.local/lib/python3.12/site-packages/airflow/example_dags/tutorial_objectstorage.py
[2024-05-03T02:12:10.541+0000] {processor.py:840} INFO - DAG(s) 'tutorial_objectstorage' retrieved from /home/airflow/.local/lib/python3.12/site-packages/airflow/example_dags/tutorial_objectstorage.py
[2024-05-03T02:12:10.570+0000] {logging_mixin.py:188} INFO - [2024-05-03T02:12:10.570+0000] {dag.py:3096} INFO - Sync 1 DAGs
[2024-05-03T02:12:10.593+0000] {logging_mixin.py:188} INFO - [2024-05-03T02:12:10.593+0000] {dag.py:3954} INFO - Setting next_dagrun for tutorial_objectstorage to None, run_after=None
[2024-05-03T02:12:10.621+0000] {processor.py:183} INFO - Processing /home/airflow/.local/lib/python3.12/site-packages/airflow/example_dags/tutorial_objectstorage.py took 0.102 seconds
