[2024-05-03T02:07:33.864+0000] {processor.py:161} INFO - Started process (PID=60) to work on /home/airflow/.local/lib/python3.12/site-packages/airflow/example_dags/tutorial_dag.py
[2024-05-03T02:07:33.865+0000] {processor.py:830} INFO - Processing file /home/airflow/.local/lib/python3.12/site-packages/airflow/example_dags/tutorial_dag.py for tasks to queue
[2024-05-03T02:07:33.868+0000] {logging_mixin.py:188} INFO - [2024-05-03T02:07:33.868+0000] {dagbag.py:540} INFO - Filling up the DagBag from /home/airflow/.local/lib/python3.12/site-packages/airflow/example_dags/tutorial_dag.py
[2024-05-03T02:07:33.882+0000] {processor.py:840} INFO - DAG(s) 'tutorial_dag' retrieved from /home/airflow/.local/lib/python3.12/site-packages/airflow/example_dags/tutorial_dag.py
[2024-05-03T02:07:33.919+0000] {logging_mixin.py:188} INFO - [2024-05-03T02:07:33.918+0000] {dag.py:3096} INFO - Sync 1 DAGs
[2024-05-03T02:07:33.936+0000] {logging_mixin.py:188} INFO - [2024-05-03T02:07:33.935+0000] {dag.py:3954} INFO - Setting next_dagrun for tutorial_dag to None, run_after=None
[2024-05-03T02:07:33.958+0000] {processor.py:183} INFO - Processing /home/airflow/.local/lib/python3.12/site-packages/airflow/example_dags/tutorial_dag.py took 0.103 seconds
[2024-05-03T02:08:04.027+0000] {processor.py:161} INFO - Started process (PID=119) to work on /home/airflow/.local/lib/python3.12/site-packages/airflow/example_dags/tutorial_dag.py
[2024-05-03T02:08:04.028+0000] {processor.py:830} INFO - Processing file /home/airflow/.local/lib/python3.12/site-packages/airflow/example_dags/tutorial_dag.py for tasks to queue
[2024-05-03T02:08:04.030+0000] {logging_mixin.py:188} INFO - [2024-05-03T02:08:04.030+0000] {dagbag.py:540} INFO - Filling up the DagBag from /home/airflow/.local/lib/python3.12/site-packages/airflow/example_dags/tutorial_dag.py
[2024-05-03T02:08:04.036+0000] {processor.py:840} INFO - DAG(s) 'tutorial_dag' retrieved from /home/airflow/.local/lib/python3.12/site-packages/airflow/example_dags/tutorial_dag.py
[2024-05-03T02:08:04.059+0000] {logging_mixin.py:188} INFO - [2024-05-03T02:08:04.058+0000] {dag.py:3096} INFO - Sync 1 DAGs
[2024-05-03T02:08:04.076+0000] {logging_mixin.py:188} INFO - [2024-05-03T02:08:04.076+0000] {dag.py:3954} INFO - Setting next_dagrun for tutorial_dag to None, run_after=None
[2024-05-03T02:08:04.101+0000] {processor.py:183} INFO - Processing /home/airflow/.local/lib/python3.12/site-packages/airflow/example_dags/tutorial_dag.py took 0.081 seconds
[2024-05-03T02:08:34.592+0000] {processor.py:161} INFO - Started process (PID=178) to work on /home/airflow/.local/lib/python3.12/site-packages/airflow/example_dags/tutorial_dag.py
[2024-05-03T02:08:34.594+0000] {processor.py:830} INFO - Processing file /home/airflow/.local/lib/python3.12/site-packages/airflow/example_dags/tutorial_dag.py for tasks to queue
[2024-05-03T02:08:34.597+0000] {logging_mixin.py:188} INFO - [2024-05-03T02:08:34.596+0000] {dagbag.py:540} INFO - Filling up the DagBag from /home/airflow/.local/lib/python3.12/site-packages/airflow/example_dags/tutorial_dag.py
[2024-05-03T02:08:34.606+0000] {processor.py:840} INFO - DAG(s) 'tutorial_dag' retrieved from /home/airflow/.local/lib/python3.12/site-packages/airflow/example_dags/tutorial_dag.py
[2024-05-03T02:08:34.636+0000] {logging_mixin.py:188} INFO - [2024-05-03T02:08:34.635+0000] {dag.py:3096} INFO - Sync 1 DAGs
[2024-05-03T02:08:34.659+0000] {logging_mixin.py:188} INFO - [2024-05-03T02:08:34.659+0000] {dag.py:3954} INFO - Setting next_dagrun for tutorial_dag to None, run_after=None
[2024-05-03T02:08:34.694+0000] {processor.py:183} INFO - Processing /home/airflow/.local/lib/python3.12/site-packages/airflow/example_dags/tutorial_dag.py took 0.111 seconds
[2024-05-03T02:09:04.878+0000] {processor.py:161} INFO - Started process (PID=236) to work on /home/airflow/.local/lib/python3.12/site-packages/airflow/example_dags/tutorial_dag.py
[2024-05-03T02:09:04.880+0000] {processor.py:830} INFO - Processing file /home/airflow/.local/lib/python3.12/site-packages/airflow/example_dags/tutorial_dag.py for tasks to queue
[2024-05-03T02:09:04.883+0000] {logging_mixin.py:188} INFO - [2024-05-03T02:09:04.882+0000] {dagbag.py:540} INFO - Filling up the DagBag from /home/airflow/.local/lib/python3.12/site-packages/airflow/example_dags/tutorial_dag.py
[2024-05-03T02:09:04.889+0000] {processor.py:840} INFO - DAG(s) 'tutorial_dag' retrieved from /home/airflow/.local/lib/python3.12/site-packages/airflow/example_dags/tutorial_dag.py
[2024-05-03T02:09:04.911+0000] {logging_mixin.py:188} INFO - [2024-05-03T02:09:04.910+0000] {dag.py:3096} INFO - Sync 1 DAGs
[2024-05-03T02:09:04.926+0000] {logging_mixin.py:188} INFO - [2024-05-03T02:09:04.926+0000] {dag.py:3954} INFO - Setting next_dagrun for tutorial_dag to None, run_after=None
[2024-05-03T02:09:04.954+0000] {processor.py:183} INFO - Processing /home/airflow/.local/lib/python3.12/site-packages/airflow/example_dags/tutorial_dag.py took 0.083 seconds
[2024-05-03T02:09:35.065+0000] {processor.py:161} INFO - Started process (PID=296) to work on /home/airflow/.local/lib/python3.12/site-packages/airflow/example_dags/tutorial_dag.py
[2024-05-03T02:09:35.066+0000] {processor.py:830} INFO - Processing file /home/airflow/.local/lib/python3.12/site-packages/airflow/example_dags/tutorial_dag.py for tasks to queue
[2024-05-03T02:09:35.069+0000] {logging_mixin.py:188} INFO - [2024-05-03T02:09:35.068+0000] {dagbag.py:540} INFO - Filling up the DagBag from /home/airflow/.local/lib/python3.12/site-packages/airflow/example_dags/tutorial_dag.py
[2024-05-03T02:09:35.074+0000] {processor.py:840} INFO - DAG(s) 'tutorial_dag' retrieved from /home/airflow/.local/lib/python3.12/site-packages/airflow/example_dags/tutorial_dag.py
[2024-05-03T02:09:35.095+0000] {logging_mixin.py:188} INFO - [2024-05-03T02:09:35.095+0000] {dag.py:3096} INFO - Sync 1 DAGs
[2024-05-03T02:09:35.111+0000] {logging_mixin.py:188} INFO - [2024-05-03T02:09:35.110+0000] {dag.py:3954} INFO - Setting next_dagrun for tutorial_dag to None, run_after=None
[2024-05-03T02:09:35.133+0000] {processor.py:183} INFO - Processing /home/airflow/.local/lib/python3.12/site-packages/airflow/example_dags/tutorial_dag.py took 0.075 seconds
[2024-05-03T02:10:05.877+0000] {processor.py:161} INFO - Started process (PID=356) to work on /home/airflow/.local/lib/python3.12/site-packages/airflow/example_dags/tutorial_dag.py
[2024-05-03T02:10:05.878+0000] {processor.py:830} INFO - Processing file /home/airflow/.local/lib/python3.12/site-packages/airflow/example_dags/tutorial_dag.py for tasks to queue
[2024-05-03T02:10:05.881+0000] {logging_mixin.py:188} INFO - [2024-05-03T02:10:05.881+0000] {dagbag.py:540} INFO - Filling up the DagBag from /home/airflow/.local/lib/python3.12/site-packages/airflow/example_dags/tutorial_dag.py
[2024-05-03T02:10:05.887+0000] {processor.py:840} INFO - DAG(s) 'tutorial_dag' retrieved from /home/airflow/.local/lib/python3.12/site-packages/airflow/example_dags/tutorial_dag.py
[2024-05-03T02:10:05.911+0000] {logging_mixin.py:188} INFO - [2024-05-03T02:10:05.910+0000] {dag.py:3096} INFO - Sync 1 DAGs
[2024-05-03T02:10:05.928+0000] {logging_mixin.py:188} INFO - [2024-05-03T02:10:05.927+0000] {dag.py:3954} INFO - Setting next_dagrun for tutorial_dag to None, run_after=None
[2024-05-03T02:10:05.953+0000] {processor.py:183} INFO - Processing /home/airflow/.local/lib/python3.12/site-packages/airflow/example_dags/tutorial_dag.py took 0.082 seconds
[2024-05-03T02:10:39.224+0000] {processor.py:161} INFO - Started process (PID=415) to work on /home/airflow/.local/lib/python3.12/site-packages/airflow/example_dags/tutorial_dag.py
[2024-05-03T02:10:39.226+0000] {processor.py:830} INFO - Processing file /home/airflow/.local/lib/python3.12/site-packages/airflow/example_dags/tutorial_dag.py for tasks to queue
[2024-05-03T02:10:39.232+0000] {logging_mixin.py:188} INFO - [2024-05-03T02:10:39.231+0000] {dagbag.py:540} INFO - Filling up the DagBag from /home/airflow/.local/lib/python3.12/site-packages/airflow/example_dags/tutorial_dag.py
[2024-05-03T02:10:39.244+0000] {processor.py:840} INFO - DAG(s) 'tutorial_dag' retrieved from /home/airflow/.local/lib/python3.12/site-packages/airflow/example_dags/tutorial_dag.py
[2024-05-03T02:10:39.289+0000] {logging_mixin.py:188} INFO - [2024-05-03T02:10:39.289+0000] {dag.py:3096} INFO - Sync 1 DAGs
[2024-05-03T02:10:39.324+0000] {logging_mixin.py:188} INFO - [2024-05-03T02:10:39.323+0000] {dag.py:3954} INFO - Setting next_dagrun for tutorial_dag to None, run_after=None
[2024-05-03T02:10:39.363+0000] {processor.py:183} INFO - Processing /home/airflow/.local/lib/python3.12/site-packages/airflow/example_dags/tutorial_dag.py took 0.159 seconds
[2024-05-03T02:11:09.953+0000] {processor.py:161} INFO - Started process (PID=474) to work on /home/airflow/.local/lib/python3.12/site-packages/airflow/example_dags/tutorial_dag.py
[2024-05-03T02:11:09.958+0000] {processor.py:830} INFO - Processing file /home/airflow/.local/lib/python3.12/site-packages/airflow/example_dags/tutorial_dag.py for tasks to queue
[2024-05-03T02:11:09.967+0000] {logging_mixin.py:188} INFO - [2024-05-03T02:11:09.966+0000] {dagbag.py:540} INFO - Filling up the DagBag from /home/airflow/.local/lib/python3.12/site-packages/airflow/example_dags/tutorial_dag.py
[2024-05-03T02:11:09.979+0000] {processor.py:840} INFO - DAG(s) 'tutorial_dag' retrieved from /home/airflow/.local/lib/python3.12/site-packages/airflow/example_dags/tutorial_dag.py
[2024-05-03T02:11:10.089+0000] {logging_mixin.py:188} INFO - [2024-05-03T02:11:10.088+0000] {dag.py:3096} INFO - Sync 1 DAGs
[2024-05-03T02:11:10.144+0000] {logging_mixin.py:188} INFO - [2024-05-03T02:11:10.143+0000] {dag.py:3954} INFO - Setting next_dagrun for tutorial_dag to None, run_after=None
[2024-05-03T02:11:10.263+0000] {processor.py:183} INFO - Processing /home/airflow/.local/lib/python3.12/site-packages/airflow/example_dags/tutorial_dag.py took 0.323 seconds
[2024-05-03T02:11:40.513+0000] {processor.py:161} INFO - Started process (PID=532) to work on /home/airflow/.local/lib/python3.12/site-packages/airflow/example_dags/tutorial_dag.py
[2024-05-03T02:11:40.515+0000] {processor.py:830} INFO - Processing file /home/airflow/.local/lib/python3.12/site-packages/airflow/example_dags/tutorial_dag.py for tasks to queue
[2024-05-03T02:11:40.522+0000] {logging_mixin.py:188} INFO - [2024-05-03T02:11:40.520+0000] {dagbag.py:540} INFO - Filling up the DagBag from /home/airflow/.local/lib/python3.12/site-packages/airflow/example_dags/tutorial_dag.py
[2024-05-03T02:11:40.538+0000] {processor.py:840} INFO - DAG(s) 'tutorial_dag' retrieved from /home/airflow/.local/lib/python3.12/site-packages/airflow/example_dags/tutorial_dag.py
[2024-05-03T02:11:40.582+0000] {logging_mixin.py:188} INFO - [2024-05-03T02:11:40.581+0000] {dag.py:3096} INFO - Sync 1 DAGs
[2024-05-03T02:11:40.618+0000] {logging_mixin.py:188} INFO - [2024-05-03T02:11:40.617+0000] {dag.py:3954} INFO - Setting next_dagrun for tutorial_dag to None, run_after=None
[2024-05-03T02:11:40.664+0000] {processor.py:183} INFO - Processing /home/airflow/.local/lib/python3.12/site-packages/airflow/example_dags/tutorial_dag.py took 0.162 seconds
[2024-05-03T02:12:11.068+0000] {processor.py:161} INFO - Started process (PID=591) to work on /home/airflow/.local/lib/python3.12/site-packages/airflow/example_dags/tutorial_dag.py
[2024-05-03T02:12:11.070+0000] {processor.py:830} INFO - Processing file /home/airflow/.local/lib/python3.12/site-packages/airflow/example_dags/tutorial_dag.py for tasks to queue
[2024-05-03T02:12:11.074+0000] {logging_mixin.py:188} INFO - [2024-05-03T02:12:11.074+0000] {dagbag.py:540} INFO - Filling up the DagBag from /home/airflow/.local/lib/python3.12/site-packages/airflow/example_dags/tutorial_dag.py
[2024-05-03T02:12:11.082+0000] {processor.py:840} INFO - DAG(s) 'tutorial_dag' retrieved from /home/airflow/.local/lib/python3.12/site-packages/airflow/example_dags/tutorial_dag.py
[2024-05-03T02:12:11.124+0000] {logging_mixin.py:188} INFO - [2024-05-03T02:12:11.123+0000] {dag.py:3096} INFO - Sync 1 DAGs
[2024-05-03T02:12:11.152+0000] {logging_mixin.py:188} INFO - [2024-05-03T02:12:11.152+0000] {dag.py:3954} INFO - Setting next_dagrun for tutorial_dag to None, run_after=None
[2024-05-03T02:12:11.196+0000] {processor.py:183} INFO - Processing /home/airflow/.local/lib/python3.12/site-packages/airflow/example_dags/tutorial_dag.py took 0.139 seconds
