[2024-05-03T02:07:32.962+0000] {processor.py:161} INFO - Started process (PID=52) to work on /home/airflow/.local/lib/python3.12/site-packages/airflow/example_dags/tutorial.py
[2024-05-03T02:07:32.963+0000] {processor.py:830} INFO - Processing file /home/airflow/.local/lib/python3.12/site-packages/airflow/example_dags/tutorial.py for tasks to queue
[2024-05-03T02:07:32.966+0000] {logging_mixin.py:188} INFO - [2024-05-03T02:07:32.966+0000] {dagbag.py:540} INFO - Filling up the DagBag from /home/airflow/.local/lib/python3.12/site-packages/airflow/example_dags/tutorial.py
[2024-05-03T02:07:32.987+0000] {processor.py:840} INFO - DAG(s) 'tutorial' retrieved from /home/airflow/.local/lib/python3.12/site-packages/airflow/example_dags/tutorial.py
[2024-05-03T02:07:33.017+0000] {logging_mixin.py:188} INFO - [2024-05-03T02:07:33.016+0000] {dag.py:3096} INFO - Sync 1 DAGs
[2024-05-03T02:07:33.049+0000] {logging_mixin.py:188} INFO - [2024-05-03T02:07:33.049+0000] {dag.py:3954} INFO - Setting next_dagrun for tutorial to 2024-05-02 00:00:00+00:00, run_after=2024-05-03 00:00:00+00:00
[2024-05-03T02:07:33.080+0000] {processor.py:183} INFO - Processing /home/airflow/.local/lib/python3.12/site-packages/airflow/example_dags/tutorial.py took 0.126 seconds
[2024-05-03T02:08:03.422+0000] {processor.py:161} INFO - Started process (PID=110) to work on /home/airflow/.local/lib/python3.12/site-packages/airflow/example_dags/tutorial.py
[2024-05-03T02:08:03.423+0000] {processor.py:830} INFO - Processing file /home/airflow/.local/lib/python3.12/site-packages/airflow/example_dags/tutorial.py for tasks to queue
[2024-05-03T02:08:03.425+0000] {logging_mixin.py:188} INFO - [2024-05-03T02:08:03.424+0000] {dagbag.py:540} INFO - Filling up the DagBag from /home/airflow/.local/lib/python3.12/site-packages/airflow/example_dags/tutorial.py
[2024-05-03T02:08:03.430+0000] {processor.py:840} INFO - DAG(s) 'tutorial' retrieved from /home/airflow/.local/lib/python3.12/site-packages/airflow/example_dags/tutorial.py
[2024-05-03T02:08:03.449+0000] {logging_mixin.py:188} INFO - [2024-05-03T02:08:03.449+0000] {dag.py:3096} INFO - Sync 1 DAGs
[2024-05-03T02:08:03.470+0000] {logging_mixin.py:188} INFO - [2024-05-03T02:08:03.470+0000] {dag.py:3954} INFO - Setting next_dagrun for tutorial to 2024-05-02 00:00:00+00:00, run_after=2024-05-03 00:00:00+00:00
[2024-05-03T02:08:03.489+0000] {processor.py:183} INFO - Processing /home/airflow/.local/lib/python3.12/site-packages/airflow/example_dags/tutorial.py took 0.073 seconds
[2024-05-03T02:08:33.910+0000] {processor.py:161} INFO - Started process (PID=169) to work on /home/airflow/.local/lib/python3.12/site-packages/airflow/example_dags/tutorial.py
[2024-05-03T02:08:33.912+0000] {processor.py:830} INFO - Processing file /home/airflow/.local/lib/python3.12/site-packages/airflow/example_dags/tutorial.py for tasks to queue
[2024-05-03T02:08:33.914+0000] {logging_mixin.py:188} INFO - [2024-05-03T02:08:33.914+0000] {dagbag.py:540} INFO - Filling up the DagBag from /home/airflow/.local/lib/python3.12/site-packages/airflow/example_dags/tutorial.py
[2024-05-03T02:08:33.923+0000] {processor.py:840} INFO - DAG(s) 'tutorial' retrieved from /home/airflow/.local/lib/python3.12/site-packages/airflow/example_dags/tutorial.py
[2024-05-03T02:08:33.951+0000] {logging_mixin.py:188} INFO - [2024-05-03T02:08:33.951+0000] {dag.py:3096} INFO - Sync 1 DAGs
[2024-05-03T02:08:33.985+0000] {logging_mixin.py:188} INFO - [2024-05-03T02:08:33.984+0000] {dag.py:3954} INFO - Setting next_dagrun for tutorial to 2024-05-02 00:00:00+00:00, run_after=2024-05-03 00:00:00+00:00
[2024-05-03T02:08:34.010+0000] {processor.py:183} INFO - Processing /home/airflow/.local/lib/python3.12/site-packages/airflow/example_dags/tutorial.py took 0.107 seconds
[2024-05-03T02:09:04.335+0000] {processor.py:161} INFO - Started process (PID=229) to work on /home/airflow/.local/lib/python3.12/site-packages/airflow/example_dags/tutorial.py
[2024-05-03T02:09:04.336+0000] {processor.py:830} INFO - Processing file /home/airflow/.local/lib/python3.12/site-packages/airflow/example_dags/tutorial.py for tasks to queue
[2024-05-03T02:09:04.338+0000] {logging_mixin.py:188} INFO - [2024-05-03T02:09:04.338+0000] {dagbag.py:540} INFO - Filling up the DagBag from /home/airflow/.local/lib/python3.12/site-packages/airflow/example_dags/tutorial.py
[2024-05-03T02:09:04.347+0000] {processor.py:840} INFO - DAG(s) 'tutorial' retrieved from /home/airflow/.local/lib/python3.12/site-packages/airflow/example_dags/tutorial.py
[2024-05-03T02:09:04.374+0000] {logging_mixin.py:188} INFO - [2024-05-03T02:09:04.373+0000] {dag.py:3096} INFO - Sync 1 DAGs
[2024-05-03T02:09:04.409+0000] {logging_mixin.py:188} INFO - [2024-05-03T02:09:04.409+0000] {dag.py:3954} INFO - Setting next_dagrun for tutorial to 2024-05-02 00:00:00+00:00, run_after=2024-05-03 00:00:00+00:00
[2024-05-03T02:09:04.445+0000] {processor.py:183} INFO - Processing /home/airflow/.local/lib/python3.12/site-packages/airflow/example_dags/tutorial.py took 0.116 seconds
[2024-05-03T02:09:34.521+0000] {processor.py:161} INFO - Started process (PID=289) to work on /home/airflow/.local/lib/python3.12/site-packages/airflow/example_dags/tutorial.py
[2024-05-03T02:09:34.523+0000] {processor.py:830} INFO - Processing file /home/airflow/.local/lib/python3.12/site-packages/airflow/example_dags/tutorial.py for tasks to queue
[2024-05-03T02:09:34.525+0000] {logging_mixin.py:188} INFO - [2024-05-03T02:09:34.525+0000] {dagbag.py:540} INFO - Filling up the DagBag from /home/airflow/.local/lib/python3.12/site-packages/airflow/example_dags/tutorial.py
[2024-05-03T02:09:34.535+0000] {processor.py:840} INFO - DAG(s) 'tutorial' retrieved from /home/airflow/.local/lib/python3.12/site-packages/airflow/example_dags/tutorial.py
[2024-05-03T02:09:34.560+0000] {logging_mixin.py:188} INFO - [2024-05-03T02:09:34.559+0000] {dag.py:3096} INFO - Sync 1 DAGs
[2024-05-03T02:09:34.590+0000] {logging_mixin.py:188} INFO - [2024-05-03T02:09:34.589+0000] {dag.py:3954} INFO - Setting next_dagrun for tutorial to 2024-05-02 00:00:00+00:00, run_after=2024-05-03 00:00:00+00:00
[2024-05-03T02:09:34.612+0000] {processor.py:183} INFO - Processing /home/airflow/.local/lib/python3.12/site-packages/airflow/example_dags/tutorial.py took 0.097 seconds
[2024-05-03T02:10:05.461+0000] {processor.py:161} INFO - Started process (PID=348) to work on /home/airflow/.local/lib/python3.12/site-packages/airflow/example_dags/tutorial.py
[2024-05-03T02:10:05.462+0000] {processor.py:830} INFO - Processing file /home/airflow/.local/lib/python3.12/site-packages/airflow/example_dags/tutorial.py for tasks to queue
[2024-05-03T02:10:05.463+0000] {logging_mixin.py:188} INFO - [2024-05-03T02:10:05.463+0000] {dagbag.py:540} INFO - Filling up the DagBag from /home/airflow/.local/lib/python3.12/site-packages/airflow/example_dags/tutorial.py
[2024-05-03T02:10:05.468+0000] {processor.py:840} INFO - DAG(s) 'tutorial' retrieved from /home/airflow/.local/lib/python3.12/site-packages/airflow/example_dags/tutorial.py
[2024-05-03T02:10:05.487+0000] {logging_mixin.py:188} INFO - [2024-05-03T02:10:05.487+0000] {dag.py:3096} INFO - Sync 1 DAGs
[2024-05-03T02:10:05.510+0000] {logging_mixin.py:188} INFO - [2024-05-03T02:10:05.510+0000] {dag.py:3954} INFO - Setting next_dagrun for tutorial to 2024-05-02 00:00:00+00:00, run_after=2024-05-03 00:00:00+00:00
[2024-05-03T02:10:05.531+0000] {processor.py:183} INFO - Processing /home/airflow/.local/lib/python3.12/site-packages/airflow/example_dags/tutorial.py took 0.075 seconds
[2024-05-03T02:10:37.334+0000] {processor.py:161} INFO - Started process (PID=407) to work on /home/airflow/.local/lib/python3.12/site-packages/airflow/example_dags/tutorial.py
[2024-05-03T02:10:37.351+0000] {processor.py:830} INFO - Processing file /home/airflow/.local/lib/python3.12/site-packages/airflow/example_dags/tutorial.py for tasks to queue
[2024-05-03T02:10:37.358+0000] {logging_mixin.py:188} INFO - [2024-05-03T02:10:37.355+0000] {dagbag.py:540} INFO - Filling up the DagBag from /home/airflow/.local/lib/python3.12/site-packages/airflow/example_dags/tutorial.py
[2024-05-03T02:10:37.382+0000] {processor.py:840} INFO - DAG(s) 'tutorial' retrieved from /home/airflow/.local/lib/python3.12/site-packages/airflow/example_dags/tutorial.py
[2024-05-03T02:10:37.589+0000] {logging_mixin.py:188} INFO - [2024-05-03T02:10:37.588+0000] {dag.py:3096} INFO - Sync 1 DAGs
[2024-05-03T02:10:37.664+0000] {logging_mixin.py:188} INFO - [2024-05-03T02:10:37.663+0000] {dag.py:3954} INFO - Setting next_dagrun for tutorial to 2024-05-02 00:00:00+00:00, run_after=2024-05-03 00:00:00+00:00
[2024-05-03T02:10:37.733+0000] {processor.py:183} INFO - Processing /home/airflow/.local/lib/python3.12/site-packages/airflow/example_dags/tutorial.py took 0.406 seconds
[2024-05-03T02:11:07.872+0000] {processor.py:161} INFO - Started process (PID=466) to work on /home/airflow/.local/lib/python3.12/site-packages/airflow/example_dags/tutorial.py
[2024-05-03T02:11:07.873+0000] {processor.py:830} INFO - Processing file /home/airflow/.local/lib/python3.12/site-packages/airflow/example_dags/tutorial.py for tasks to queue
[2024-05-03T02:11:07.876+0000] {logging_mixin.py:188} INFO - [2024-05-03T02:11:07.875+0000] {dagbag.py:540} INFO - Filling up the DagBag from /home/airflow/.local/lib/python3.12/site-packages/airflow/example_dags/tutorial.py
[2024-05-03T02:11:07.885+0000] {processor.py:840} INFO - DAG(s) 'tutorial' retrieved from /home/airflow/.local/lib/python3.12/site-packages/airflow/example_dags/tutorial.py
[2024-05-03T02:11:07.921+0000] {logging_mixin.py:188} INFO - [2024-05-03T02:11:07.920+0000] {dag.py:3096} INFO - Sync 1 DAGs
[2024-05-03T02:11:07.962+0000] {logging_mixin.py:188} INFO - [2024-05-03T02:11:07.961+0000] {dag.py:3954} INFO - Setting next_dagrun for tutorial to 2024-05-02 00:00:00+00:00, run_after=2024-05-03 00:00:00+00:00
[2024-05-03T02:11:07.994+0000] {processor.py:183} INFO - Processing /home/airflow/.local/lib/python3.12/site-packages/airflow/example_dags/tutorial.py took 0.130 seconds
[2024-05-03T02:11:38.850+0000] {processor.py:161} INFO - Started process (PID=524) to work on /home/airflow/.local/lib/python3.12/site-packages/airflow/example_dags/tutorial.py
[2024-05-03T02:11:38.851+0000] {processor.py:830} INFO - Processing file /home/airflow/.local/lib/python3.12/site-packages/airflow/example_dags/tutorial.py for tasks to queue
[2024-05-03T02:11:38.854+0000] {logging_mixin.py:188} INFO - [2024-05-03T02:11:38.853+0000] {dagbag.py:540} INFO - Filling up the DagBag from /home/airflow/.local/lib/python3.12/site-packages/airflow/example_dags/tutorial.py
[2024-05-03T02:11:38.861+0000] {processor.py:840} INFO - DAG(s) 'tutorial' retrieved from /home/airflow/.local/lib/python3.12/site-packages/airflow/example_dags/tutorial.py
[2024-05-03T02:11:38.884+0000] {logging_mixin.py:188} INFO - [2024-05-03T02:11:38.884+0000] {dag.py:3096} INFO - Sync 1 DAGs
[2024-05-03T02:11:38.909+0000] {logging_mixin.py:188} INFO - [2024-05-03T02:11:38.909+0000] {dag.py:3954} INFO - Setting next_dagrun for tutorial to 2024-05-02 00:00:00+00:00, run_after=2024-05-03 00:00:00+00:00
[2024-05-03T02:11:38.932+0000] {processor.py:183} INFO - Processing /home/airflow/.local/lib/python3.12/site-packages/airflow/example_dags/tutorial.py took 0.088 seconds
[2024-05-03T02:12:09.350+0000] {processor.py:161} INFO - Started process (PID=583) to work on /home/airflow/.local/lib/python3.12/site-packages/airflow/example_dags/tutorial.py
[2024-05-03T02:12:09.351+0000] {processor.py:830} INFO - Processing file /home/airflow/.local/lib/python3.12/site-packages/airflow/example_dags/tutorial.py for tasks to queue
[2024-05-03T02:12:09.353+0000] {logging_mixin.py:188} INFO - [2024-05-03T02:12:09.353+0000] {dagbag.py:540} INFO - Filling up the DagBag from /home/airflow/.local/lib/python3.12/site-packages/airflow/example_dags/tutorial.py
[2024-05-03T02:12:09.359+0000] {processor.py:840} INFO - DAG(s) 'tutorial' retrieved from /home/airflow/.local/lib/python3.12/site-packages/airflow/example_dags/tutorial.py
[2024-05-03T02:12:09.380+0000] {logging_mixin.py:188} INFO - [2024-05-03T02:12:09.380+0000] {dag.py:3096} INFO - Sync 1 DAGs
[2024-05-03T02:12:09.404+0000] {logging_mixin.py:188} INFO - [2024-05-03T02:12:09.403+0000] {dag.py:3954} INFO - Setting next_dagrun for tutorial to 2024-05-02 00:00:00+00:00, run_after=2024-05-03 00:00:00+00:00
[2024-05-03T02:12:09.435+0000] {processor.py:183} INFO - Processing /home/airflow/.local/lib/python3.12/site-packages/airflow/example_dags/tutorial.py took 0.091 seconds
