[2024-05-25T10:04:13.886+0000] {local_task_job_runner.py:120} INFO - ::group::Pre task execution logs
[2024-05-25T10:04:13.915+0000] {taskinstance.py:2073} INFO - Dependencies all met for dep_context=non-requeueable deps ti=<TaskInstance: integrate.load_local_db_to_postgres scheduled__2024-05-09T00:00:00+00:00 [queued]>
[2024-05-25T10:04:13.926+0000] {taskinstance.py:2073} INFO - Dependencies all met for dep_context=requeueable deps ti=<TaskInstance: integrate.load_local_db_to_postgres scheduled__2024-05-09T00:00:00+00:00 [queued]>
[2024-05-25T10:04:13.927+0000] {taskinstance.py:2303} INFO - Starting attempt 2 of 2
[2024-05-25T10:04:13.946+0000] {taskinstance.py:2327} INFO - Executing <Task(PythonOperator): load_local_db_to_postgres> on 2024-05-09 00:00:00+00:00
[2024-05-25T10:04:13.955+0000] {warnings.py:110} WARNING - /home/***/.local/lib/python3.12/site-packages/***/task/task_runner/standard_task_runner.py:61: DeprecationWarning: This process (pid=1790) is multi-threaded, use of fork() may lead to deadlocks in the child.
  pid = os.fork()

[2024-05-25T10:04:13.957+0000] {standard_task_runner.py:63} INFO - Started process 1807 to run task
[2024-05-25T10:04:13.956+0000] {standard_task_runner.py:90} INFO - Running: ['***', 'tasks', 'run', 'integrate', 'load_local_db_to_postgres', 'scheduled__2024-05-09T00:00:00+00:00', '--job-id', '6395', '--raw', '--subdir', 'DAGS_FOLDER/integrate.py', '--cfg-path', '/tmp/tmpd3lv1_jn']
[2024-05-25T10:04:13.960+0000] {standard_task_runner.py:91} INFO - Job 6395: Subtask load_local_db_to_postgres
[2024-05-25T10:04:14.027+0000] {task_command.py:426} INFO - Running <TaskInstance: integrate.load_local_db_to_postgres scheduled__2024-05-09T00:00:00+00:00 [running]> on host 9dd3157499a4
[2024-05-25T10:04:14.181+0000] {taskinstance.py:2644} INFO - Exporting env vars: AIRFLOW_CTX_DAG_OWNER='***' AIRFLOW_CTX_DAG_ID='integrate' AIRFLOW_CTX_TASK_ID='load_local_db_to_postgres' AIRFLOW_CTX_EXECUTION_DATE='2024-05-09T00:00:00+00:00' AIRFLOW_CTX_TRY_NUMBER='2' AIRFLOW_CTX_DAG_RUN_ID='scheduled__2024-05-09T00:00:00+00:00'
[2024-05-25T10:04:14.182+0000] {taskinstance.py:430} INFO - ::endgroup::
[2024-05-25T10:04:14.184+0000] {taskinstance.py:441} INFO - ::group::Post task execution logs
[2024-05-25T10:04:14.185+0000] {taskinstance.py:2890} ERROR - Task failed with exception
Traceback (most recent call last):
  File "/home/airflow/.local/lib/python3.12/site-packages/airflow/models/taskinstance.py", line 465, in _execute_task
    result = _execute_callable(context=context, **execute_callable_kwargs)
             ^^^^^^^^^^^^^^^^^^^^^^^^^^^^^^^^^^^^^^^^^^^^^^^^^^^^^^^^^^^^^
  File "/home/airflow/.local/lib/python3.12/site-packages/airflow/models/taskinstance.py", line 432, in _execute_callable
    return execute_callable(context=context, **execute_callable_kwargs)
           ^^^^^^^^^^^^^^^^^^^^^^^^^^^^^^^^^^^^^^^^^^^^^^^^^^^^^^^^^^^^
  File "/home/airflow/.local/lib/python3.12/site-packages/airflow/models/baseoperator.py", line 400, in wrapper
    return func(self, *args, **kwargs)
           ^^^^^^^^^^^^^^^^^^^^^^^^^^^
  File "/home/airflow/.local/lib/python3.12/site-packages/airflow/operators/python.py", line 235, in execute
    return_value = self.execute_callable()
                   ^^^^^^^^^^^^^^^^^^^^^^^
  File "/home/airflow/.local/lib/python3.12/site-packages/airflow/operators/python.py", line 252, in execute_callable
    return self.python_callable(*self.op_args, **self.op_kwargs)
           ^^^^^^^^^^^^^^^^^^^^^^^^^^^^^^^^^^^^^^^^^^^^^^^^^^^^^
  File "/opt/airflow/dags/integrate.py", line 25, in load_local_db_to_postgres
    sqlite_conn = sqlite3.connect(sqlite_db_path)
                  ^^^^^^^^^^^^^^^^^^^^^^^^^^^^^^^
sqlite3.OperationalError: unable to open database file
[2024-05-25T10:04:14.206+0000] {taskinstance.py:1205} INFO - Marking task as FAILED. dag_id=integrate, task_id=load_local_db_to_postgres, execution_date=20240509T000000, start_date=20240525T100413, end_date=20240525T100414
[2024-05-25T10:04:14.223+0000] {standard_task_runner.py:110} ERROR - Failed to execute job 6395 for task load_local_db_to_postgres (unable to open database file; 1807)
[2024-05-25T10:04:14.257+0000] {local_task_job_runner.py:240} INFO - Task exited with return code 1
[2024-05-25T10:04:14.282+0000] {taskinstance.py:3482} INFO - 0 downstream tasks scheduled from follow-on schedule check
[2024-05-25T10:04:14.287+0000] {local_task_job_runner.py:222} INFO - ::endgroup::
