[2024-05-25T10:58:10.096+0000] {local_task_job_runner.py:120} INFO - ::group::Pre task execution logs
[2024-05-25T10:58:10.145+0000] {taskinstance.py:2073} INFO - Dependencies all met for dep_context=non-requeueable deps ti=<TaskInstance: fetch_parse_store_report_forecast_weather_data.save_data_to_db scheduled__2024-04-17T19:00:00+00:00 [queued]>
[2024-05-25T10:58:10.159+0000] {taskinstance.py:2073} INFO - Dependencies all met for dep_context=requeueable deps ti=<TaskInstance: fetch_parse_store_report_forecast_weather_data.save_data_to_db scheduled__2024-04-17T19:00:00+00:00 [queued]>
[2024-05-25T10:58:10.160+0000] {taskinstance.py:2303} INFO - Starting attempt 1 of 2
[2024-05-25T10:58:10.181+0000] {taskinstance.py:2327} INFO - Executing <Task(PythonOperator): save_data_to_db> on 2024-04-17 19:00:00+00:00
[2024-05-25T10:58:10.204+0000] {warnings.py:110} WARNING - /home/***/.local/lib/python3.12/site-packages/***/task/task_runner/standard_task_runner.py:61: DeprecationWarning: This process (pid=2883) is multi-threaded, use of fork() may lead to deadlocks in the child.
  pid = os.fork()

[2024-05-25T10:58:10.206+0000] {standard_task_runner.py:63} INFO - Started process 2961 to run task
[2024-05-25T10:58:10.206+0000] {standard_task_runner.py:90} INFO - Running: ['***', 'tasks', 'run', 'fetch_parse_store_report_forecast_weather_data', 'save_data_to_db', 'scheduled__2024-04-17T19:00:00+00:00', '--job-id', '6945', '--raw', '--subdir', 'DAGS_FOLDER/cris.py', '--cfg-path', '/tmp/tmpuosc421j']
[2024-05-25T10:58:10.208+0000] {standard_task_runner.py:91} INFO - Job 6945: Subtask save_data_to_db
[2024-05-25T10:58:10.280+0000] {task_command.py:426} INFO - Running <TaskInstance: fetch_parse_store_report_forecast_weather_data.save_data_to_db scheduled__2024-04-17T19:00:00+00:00 [running]> on host b151419bfa2a
[2024-05-25T10:58:10.419+0000] {taskinstance.py:2644} INFO - Exporting env vars: AIRFLOW_CTX_DAG_OWNER='***' AIRFLOW_CTX_DAG_ID='fetch_parse_store_report_forecast_weather_data' AIRFLOW_CTX_TASK_ID='save_data_to_db' AIRFLOW_CTX_EXECUTION_DATE='2024-04-17T19:00:00+00:00' AIRFLOW_CTX_TRY_NUMBER='1' AIRFLOW_CTX_DAG_RUN_ID='scheduled__2024-04-17T19:00:00+00:00'
[2024-05-25T10:58:10.422+0000] {taskinstance.py:430} INFO - ::endgroup::
[2024-05-25T10:58:10.435+0000] {base.py:84} INFO - Using connection ID 'postgres_default' for task execution.
[2024-05-25T10:58:10.443+0000] {logging_mixin.py:188} INFO - Error connecting to the database: connection to server at "postgres" (172.21.0.2), port 5432 failed: FATAL:  database "weather_data" does not exist
[2024-05-25T10:58:10.444+0000] {python.py:237} INFO - Done. Returned value was: None
[2024-05-25T10:58:10.445+0000] {taskinstance.py:441} INFO - ::group::Post task execution logs
[2024-05-25T10:58:10.462+0000] {taskinstance.py:1205} INFO - Marking task as SUCCESS. dag_id=fetch_parse_store_report_forecast_weather_data, task_id=save_data_to_db, execution_date=20240417T190000, start_date=20240525T105810, end_date=20240525T105810
[2024-05-25T10:58:10.543+0000] {local_task_job_runner.py:240} INFO - Task exited with return code 0
[2024-05-25T10:58:10.746+0000] {taskinstance.py:3482} INFO - 0 downstream tasks scheduled from follow-on schedule check
[2024-05-25T10:58:10.748+0000] {local_task_job_runner.py:222} INFO - ::endgroup::
