[2024-05-27T08:24:11.207+0000] {local_task_job_runner.py:120} INFO - ::group::Pre task execution logs
[2024-05-27T08:24:11.266+0000] {taskinstance.py:2073} INFO - Dependencies all met for dep_context=non-requeueable deps ti=<TaskInstance: fetch_parse_store_report_weather_data.save_data_to_db scheduled__2024-05-24T05:00:00+00:00 [queued]>
[2024-05-27T08:24:11.293+0000] {taskinstance.py:2073} INFO - Dependencies all met for dep_context=requeueable deps ti=<TaskInstance: fetch_parse_store_report_weather_data.save_data_to_db scheduled__2024-05-24T05:00:00+00:00 [queued]>
[2024-05-27T08:24:11.294+0000] {taskinstance.py:2303} INFO - Starting attempt 1 of 2
[2024-05-27T08:24:11.328+0000] {taskinstance.py:2327} INFO - Executing <Task(PythonOperator): save_data_to_db> on 2024-05-24 05:00:00+00:00
[2024-05-27T08:24:11.358+0000] {warnings.py:110} WARNING - /home/***/.local/lib/python3.12/site-packages/***/task/task_runner/standard_task_runner.py:61: DeprecationWarning: This process (pid=21692) is multi-threaded, use of fork() may lead to deadlocks in the child.
  pid = os.fork()

[2024-05-27T08:24:11.360+0000] {standard_task_runner.py:63} INFO - Started process 21782 to run task
[2024-05-27T08:24:11.365+0000] {standard_task_runner.py:90} INFO - Running: ['***', 'tasks', 'run', 'fetch_parse_store_report_weather_data', 'save_data_to_db', 'scheduled__2024-05-24T05:00:00+00:00', '--job-id', '12236', '--raw', '--subdir', 'DAGS_FOLDER/cris.py', '--cfg-path', '/tmp/tmpui56ug_t']
[2024-05-27T08:24:11.367+0000] {standard_task_runner.py:91} INFO - Job 12236: Subtask save_data_to_db
[2024-05-27T08:24:11.512+0000] {task_command.py:426} INFO - Running <TaskInstance: fetch_parse_store_report_weather_data.save_data_to_db scheduled__2024-05-24T05:00:00+00:00 [running]> on host b151419bfa2a
[2024-05-27T08:24:11.907+0000] {taskinstance.py:2644} INFO - Exporting env vars: AIRFLOW_CTX_DAG_OWNER='***' AIRFLOW_CTX_DAG_ID='fetch_parse_store_report_weather_data' AIRFLOW_CTX_TASK_ID='save_data_to_db' AIRFLOW_CTX_EXECUTION_DATE='2024-05-24T05:00:00+00:00' AIRFLOW_CTX_TRY_NUMBER='1' AIRFLOW_CTX_DAG_RUN_ID='scheduled__2024-05-24T05:00:00+00:00'
[2024-05-27T08:24:11.915+0000] {taskinstance.py:430} INFO - ::endgroup::
[2024-05-27T08:24:11.948+0000] {base.py:84} INFO - Using connection ID 'postgres_default' for task execution.
[2024-05-27T08:24:11.955+0000] {logging_mixin.py:188} INFO - Error connecting to the database: connection to server at "postgres" (172.21.0.4), port 5432 failed: FATAL:  database "weather_data" does not exist
[2024-05-27T08:24:11.959+0000] {python.py:237} INFO - Done. Returned value was: None
[2024-05-27T08:24:11.960+0000] {taskinstance.py:441} INFO - ::group::Post task execution logs
[2024-05-27T08:24:12.013+0000] {taskinstance.py:1205} INFO - Marking task as SUCCESS. dag_id=fetch_parse_store_report_weather_data, task_id=save_data_to_db, execution_date=20240524T050000, start_date=20240527T082411, end_date=20240527T082412
[2024-05-27T08:24:12.086+0000] {local_task_job_runner.py:240} INFO - Task exited with return code 0
[2024-05-27T08:24:12.146+0000] {taskinstance.py:3482} INFO - 1 downstream tasks scheduled from follow-on schedule check
[2024-05-27T08:24:12.151+0000] {local_task_job_runner.py:222} INFO - ::endgroup::
