[2024-05-27T08:25:26.127+0000] {local_task_job_runner.py:120} INFO - ::group::Pre task execution logs
[2024-05-27T08:25:26.197+0000] {taskinstance.py:2073} INFO - Dependencies all met for dep_context=non-requeueable deps ti=<TaskInstance: fetch_parse_store_report_weather_data.generate_report scheduled__2024-05-24T23:00:00+00:00 [queued]>
[2024-05-27T08:25:26.222+0000] {taskinstance.py:2073} INFO - Dependencies all met for dep_context=requeueable deps ti=<TaskInstance: fetch_parse_store_report_weather_data.generate_report scheduled__2024-05-24T23:00:00+00:00 [queued]>
[2024-05-27T08:25:26.224+0000] {taskinstance.py:2303} INFO - Starting attempt 1 of 2
[2024-05-27T08:25:26.259+0000] {taskinstance.py:2327} INFO - Executing <Task(PythonOperator): generate_report> on 2024-05-24 23:00:00+00:00
[2024-05-27T08:25:26.285+0000] {warnings.py:110} WARNING - /home/***/.local/lib/python3.12/site-packages/***/task/task_runner/standard_task_runner.py:61: DeprecationWarning: This process (pid=22521) is multi-threaded, use of fork() may lead to deadlocks in the child.
  pid = os.fork()

[2024-05-27T08:25:26.289+0000] {standard_task_runner.py:90} INFO - Running: ['***', 'tasks', 'run', 'fetch_parse_store_report_weather_data', 'generate_report', 'scheduled__2024-05-24T23:00:00+00:00', '--job-id', '12289', '--raw', '--subdir', 'DAGS_FOLDER/cris.py', '--cfg-path', '/tmp/tmpp86tknkj']
[2024-05-27T08:25:26.291+0000] {standard_task_runner.py:91} INFO - Job 12289: Subtask generate_report
[2024-05-27T08:25:26.290+0000] {standard_task_runner.py:63} INFO - Started process 22619 to run task
[2024-05-27T08:25:26.426+0000] {task_command.py:426} INFO - Running <TaskInstance: fetch_parse_store_report_weather_data.generate_report scheduled__2024-05-24T23:00:00+00:00 [running]> on host b151419bfa2a
[2024-05-27T08:25:26.660+0000] {taskinstance.py:2644} INFO - Exporting env vars: AIRFLOW_CTX_DAG_OWNER='***' AIRFLOW_CTX_DAG_ID='fetch_parse_store_report_weather_data' AIRFLOW_CTX_TASK_ID='generate_report' AIRFLOW_CTX_EXECUTION_DATE='2024-05-24T23:00:00+00:00' AIRFLOW_CTX_TRY_NUMBER='1' AIRFLOW_CTX_DAG_RUN_ID='scheduled__2024-05-24T23:00:00+00:00'
[2024-05-27T08:25:26.665+0000] {taskinstance.py:430} INFO - ::endgroup::
[2024-05-27T08:25:26.707+0000] {base.py:84} INFO - Using connection ID 'postgres_default' for task execution.
[2024-05-27T08:25:26.725+0000] {logging_mixin.py:188} INFO - Error connecting to the database or fetching data: connection to server at "postgres" (172.21.0.4), port 5432 failed: FATAL:  database "weather_data" does not exist
[2024-05-27T08:25:26.727+0000] {python.py:237} INFO - Done. Returned value was: None
[2024-05-27T08:25:26.728+0000] {taskinstance.py:441} INFO - ::group::Post task execution logs
[2024-05-27T08:25:26.744+0000] {taskinstance.py:1205} INFO - Marking task as SUCCESS. dag_id=fetch_parse_store_report_weather_data, task_id=generate_report, execution_date=20240524T230000, start_date=20240527T082526, end_date=20240527T082526
[2024-05-27T08:25:26.788+0000] {local_task_job_runner.py:240} INFO - Task exited with return code 0
[2024-05-27T08:25:27.003+0000] {taskinstance.py:3482} INFO - 0 downstream tasks scheduled from follow-on schedule check
[2024-05-27T08:25:27.010+0000] {local_task_job_runner.py:222} INFO - ::endgroup::
