[2024-05-03T02:07:32.485+0000] {processor.py:161} INFO - Started process (PID=34) to work on /opt/airflow/dags/json_dag.py
[2024-05-03T02:07:32.486+0000] {processor.py:830} INFO - Processing file /opt/airflow/dags/json_dag.py for tasks to queue
[2024-05-03T02:07:32.489+0000] {logging_mixin.py:188} INFO - [2024-05-03T02:07:32.489+0000] {dagbag.py:540} INFO - Filling up the DagBag from /opt/airflow/dags/json_dag.py
[2024-05-03T02:07:32.516+0000] {processor.py:840} INFO - DAG(s) 'fetch_and_parse_weather_data' retrieved from /opt/airflow/dags/json_dag.py
[2024-05-03T02:07:32.584+0000] {logging_mixin.py:188} INFO - [2024-05-03T02:07:32.584+0000] {dag.py:3096} INFO - Sync 1 DAGs
[2024-05-03T02:07:32.660+0000] {processor.py:183} INFO - Processing /opt/airflow/dags/json_dag.py took 0.181 seconds
[2024-05-03T02:08:03.195+0000] {processor.py:161} INFO - Started process (PID=106) to work on /opt/airflow/dags/json_dag.py
[2024-05-03T02:08:03.197+0000] {processor.py:830} INFO - Processing file /opt/airflow/dags/json_dag.py for tasks to queue
[2024-05-03T02:08:03.200+0000] {logging_mixin.py:188} INFO - [2024-05-03T02:08:03.199+0000] {dagbag.py:540} INFO - Filling up the DagBag from /opt/airflow/dags/json_dag.py
[2024-05-03T02:08:03.217+0000] {processor.py:840} INFO - DAG(s) 'fetch_and_parse_weather_data' retrieved from /opt/airflow/dags/json_dag.py
[2024-05-03T02:08:03.237+0000] {logging_mixin.py:188} INFO - [2024-05-03T02:08:03.236+0000] {dag.py:3096} INFO - Sync 1 DAGs
[2024-05-03T02:08:03.260+0000] {logging_mixin.py:188} INFO - [2024-05-03T02:08:03.260+0000] {dag.py:3954} INFO - Setting next_dagrun for fetch_and_parse_weather_data to 2024-04-17 17:00:00+00:00, run_after=2024-04-17 18:00:00+00:00
[2024-05-03T02:08:03.281+0000] {processor.py:183} INFO - Processing /opt/airflow/dags/json_dag.py took 0.092 seconds
[2024-05-03T02:08:33.626+0000] {processor.py:161} INFO - Started process (PID=165) to work on /opt/airflow/dags/json_dag.py
[2024-05-03T02:08:33.628+0000] {processor.py:830} INFO - Processing file /opt/airflow/dags/json_dag.py for tasks to queue
[2024-05-03T02:08:33.629+0000] {logging_mixin.py:188} INFO - [2024-05-03T02:08:33.629+0000] {dagbag.py:540} INFO - Filling up the DagBag from /opt/airflow/dags/json_dag.py
[2024-05-03T02:08:33.647+0000] {processor.py:840} INFO - DAG(s) 'fetch_and_parse_weather_data' retrieved from /opt/airflow/dags/json_dag.py
[2024-05-03T02:08:33.681+0000] {logging_mixin.py:188} INFO - [2024-05-03T02:08:33.681+0000] {dag.py:3096} INFO - Sync 1 DAGs
[2024-05-03T02:08:33.711+0000] {logging_mixin.py:188} INFO - [2024-05-03T02:08:33.711+0000] {dag.py:3954} INFO - Setting next_dagrun for fetch_and_parse_weather_data to 2024-04-19 10:00:00+00:00, run_after=2024-04-19 11:00:00+00:00
[2024-05-03T02:08:33.738+0000] {processor.py:183} INFO - Processing /opt/airflow/dags/json_dag.py took 0.118 seconds
[2024-05-03T02:09:03.852+0000] {processor.py:161} INFO - Started process (PID=224) to work on /opt/airflow/dags/json_dag.py
[2024-05-03T02:09:03.853+0000] {processor.py:830} INFO - Processing file /opt/airflow/dags/json_dag.py for tasks to queue
[2024-05-03T02:09:03.856+0000] {logging_mixin.py:188} INFO - [2024-05-03T02:09:03.856+0000] {dagbag.py:540} INFO - Filling up the DagBag from /opt/airflow/dags/json_dag.py
[2024-05-03T02:09:03.880+0000] {processor.py:840} INFO - DAG(s) 'fetch_and_parse_weather_data' retrieved from /opt/airflow/dags/json_dag.py
[2024-05-03T02:09:03.907+0000] {logging_mixin.py:188} INFO - [2024-05-03T02:09:03.907+0000] {dag.py:3096} INFO - Sync 1 DAGs
[2024-05-03T02:09:03.940+0000] {logging_mixin.py:188} INFO - [2024-05-03T02:09:03.939+0000] {dag.py:3954} INFO - Setting next_dagrun for fetch_and_parse_weather_data to 2024-04-20 12:00:00+00:00, run_after=2024-04-20 13:00:00+00:00
[2024-05-03T02:09:03.972+0000] {processor.py:183} INFO - Processing /opt/airflow/dags/json_dag.py took 0.128 seconds
[2024-05-03T02:09:34.136+0000] {processor.py:161} INFO - Started process (PID=284) to work on /opt/airflow/dags/json_dag.py
[2024-05-03T02:09:34.138+0000] {processor.py:830} INFO - Processing file /opt/airflow/dags/json_dag.py for tasks to queue
[2024-05-03T02:09:34.140+0000] {logging_mixin.py:188} INFO - [2024-05-03T02:09:34.140+0000] {dagbag.py:540} INFO - Filling up the DagBag from /opt/airflow/dags/json_dag.py
[2024-05-03T02:09:34.163+0000] {processor.py:840} INFO - DAG(s) 'fetch_and_parse_weather_data' retrieved from /opt/airflow/dags/json_dag.py
[2024-05-03T02:09:34.194+0000] {logging_mixin.py:188} INFO - [2024-05-03T02:09:34.193+0000] {dag.py:3096} INFO - Sync 1 DAGs
[2024-05-03T02:09:34.305+0000] {logging_mixin.py:188} INFO - [2024-05-03T02:09:34.304+0000] {dag.py:3954} INFO - Setting next_dagrun for fetch_and_parse_weather_data to 2024-04-22 06:00:00+00:00, run_after=2024-04-22 07:00:00+00:00
[2024-05-03T02:09:34.337+0000] {processor.py:183} INFO - Processing /opt/airflow/dags/json_dag.py took 0.210 seconds
[2024-05-03T02:10:05.041+0000] {processor.py:161} INFO - Started process (PID=343) to work on /opt/airflow/dags/json_dag.py
[2024-05-03T02:10:05.043+0000] {processor.py:830} INFO - Processing file /opt/airflow/dags/json_dag.py for tasks to queue
[2024-05-03T02:10:05.047+0000] {logging_mixin.py:188} INFO - [2024-05-03T02:10:05.044+0000] {dagbag.py:540} INFO - Filling up the DagBag from /opt/airflow/dags/json_dag.py
[2024-05-03T02:10:05.067+0000] {processor.py:840} INFO - DAG(s) 'fetch_and_parse_weather_data' retrieved from /opt/airflow/dags/json_dag.py
[2024-05-03T02:10:05.094+0000] {logging_mixin.py:188} INFO - [2024-05-03T02:10:05.093+0000] {dag.py:3096} INFO - Sync 1 DAGs
[2024-05-03T02:10:05.124+0000] {logging_mixin.py:188} INFO - [2024-05-03T02:10:05.124+0000] {dag.py:3954} INFO - Setting next_dagrun for fetch_and_parse_weather_data to 2024-04-23 15:00:00+00:00, run_after=2024-04-23 16:00:00+00:00
[2024-05-03T02:10:05.150+0000] {processor.py:183} INFO - Processing /opt/airflow/dags/json_dag.py took 0.114 seconds
[2024-05-03T02:10:35.598+0000] {processor.py:161} INFO - Started process (PID=402) to work on /opt/airflow/dags/json_dag.py
[2024-05-03T02:10:35.619+0000] {processor.py:830} INFO - Processing file /opt/airflow/dags/json_dag.py for tasks to queue
[2024-05-03T02:10:35.622+0000] {logging_mixin.py:188} INFO - [2024-05-03T02:10:35.622+0000] {dagbag.py:540} INFO - Filling up the DagBag from /opt/airflow/dags/json_dag.py
[2024-05-03T02:10:35.828+0000] {processor.py:840} INFO - DAG(s) 'fetch_and_parse_weather_data' retrieved from /opt/airflow/dags/json_dag.py
[2024-05-03T02:10:35.950+0000] {logging_mixin.py:188} INFO - [2024-05-03T02:10:35.949+0000] {dag.py:3096} INFO - Sync 1 DAGs
[2024-05-03T02:10:36.076+0000] {logging_mixin.py:188} INFO - [2024-05-03T02:10:36.076+0000] {dag.py:3954} INFO - Setting next_dagrun for fetch_and_parse_weather_data to 2024-04-24 23:00:00+00:00, run_after=2024-04-25 00:00:00+00:00
[2024-05-03T02:10:36.274+0000] {processor.py:183} INFO - Processing /opt/airflow/dags/json_dag.py took 0.705 seconds
[2024-05-03T02:11:06.449+0000] {processor.py:161} INFO - Started process (PID=461) to work on /opt/airflow/dags/json_dag.py
[2024-05-03T02:11:06.450+0000] {processor.py:830} INFO - Processing file /opt/airflow/dags/json_dag.py for tasks to queue
[2024-05-03T02:11:06.452+0000] {logging_mixin.py:188} INFO - [2024-05-03T02:11:06.452+0000] {dagbag.py:540} INFO - Filling up the DagBag from /opt/airflow/dags/json_dag.py
[2024-05-03T02:11:06.466+0000] {processor.py:840} INFO - DAG(s) 'fetch_and_parse_weather_data' retrieved from /opt/airflow/dags/json_dag.py
[2024-05-03T02:11:06.484+0000] {logging_mixin.py:188} INFO - [2024-05-03T02:11:06.484+0000] {dag.py:3096} INFO - Sync 1 DAGs
[2024-05-03T02:11:06.508+0000] {logging_mixin.py:188} INFO - [2024-05-03T02:11:06.507+0000] {dag.py:3954} INFO - Setting next_dagrun for fetch_and_parse_weather_data to 2024-04-25 20:00:00+00:00, run_after=2024-04-25 21:00:00+00:00
[2024-05-03T02:11:06.529+0000] {processor.py:183} INFO - Processing /opt/airflow/dags/json_dag.py took 0.085 seconds
[2024-05-03T02:11:36.598+0000] {processor.py:161} INFO - Started process (PID=519) to work on /opt/airflow/dags/json_dag.py
[2024-05-03T02:11:36.599+0000] {processor.py:830} INFO - Processing file /opt/airflow/dags/json_dag.py for tasks to queue
[2024-05-03T02:11:36.601+0000] {logging_mixin.py:188} INFO - [2024-05-03T02:11:36.601+0000] {dagbag.py:540} INFO - Filling up the DagBag from /opt/airflow/dags/json_dag.py
[2024-05-03T02:11:36.616+0000] {processor.py:840} INFO - DAG(s) 'fetch_and_parse_weather_data' retrieved from /opt/airflow/dags/json_dag.py
[2024-05-03T02:11:36.634+0000] {logging_mixin.py:188} INFO - [2024-05-03T02:11:36.634+0000] {dag.py:3096} INFO - Sync 1 DAGs
[2024-05-03T02:11:36.657+0000] {logging_mixin.py:188} INFO - [2024-05-03T02:11:36.657+0000] {dag.py:3954} INFO - Setting next_dagrun for fetch_and_parse_weather_data to 2024-04-27 20:00:00+00:00, run_after=2024-04-27 21:00:00+00:00
[2024-05-03T02:11:36.679+0000] {processor.py:183} INFO - Processing /opt/airflow/dags/json_dag.py took 0.086 seconds
[2024-05-03T02:12:07.233+0000] {processor.py:161} INFO - Started process (PID=578) to work on /opt/airflow/dags/json_dag.py
[2024-05-03T02:12:07.235+0000] {processor.py:830} INFO - Processing file /opt/airflow/dags/json_dag.py for tasks to queue
[2024-05-03T02:12:07.241+0000] {logging_mixin.py:188} INFO - [2024-05-03T02:12:07.240+0000] {dagbag.py:540} INFO - Filling up the DagBag from /opt/airflow/dags/json_dag.py
[2024-05-03T02:12:07.299+0000] {processor.py:840} INFO - DAG(s) 'fetch_and_parse_weather_data' retrieved from /opt/airflow/dags/json_dag.py
[2024-05-03T02:12:07.323+0000] {logging_mixin.py:188} INFO - [2024-05-03T02:12:07.323+0000] {dag.py:3096} INFO - Sync 1 DAGs
[2024-05-03T02:12:07.356+0000] {logging_mixin.py:188} INFO - [2024-05-03T02:12:07.356+0000] {dag.py:3954} INFO - Setting next_dagrun for fetch_and_parse_weather_data to 2024-04-29 05:00:00+00:00, run_after=2024-04-29 06:00:00+00:00
[2024-05-03T02:12:07.391+0000] {processor.py:183} INFO - Processing /opt/airflow/dags/json_dag.py took 0.168 seconds
