[2024-05-07T08:07:06.471+0000] {local_task_job_runner.py:120} INFO - ::group::Pre task execution logs
[2024-05-07T08:07:06.566+0000] {taskinstance.py:2073} INFO - Dependencies all met for dep_context=non-requeueable deps ti=<TaskInstance: fetch_and_parse_weather_data.fetch_and_save_weather_data scheduled__2024-05-03T09:00:00+00:00 [queued]>
[2024-05-07T08:07:06.643+0000] {taskinstance.py:2073} INFO - Dependencies all met for dep_context=requeueable deps ti=<TaskInstance: fetch_and_parse_weather_data.fetch_and_save_weather_data scheduled__2024-05-03T09:00:00+00:00 [queued]>
[2024-05-07T08:07:06.645+0000] {taskinstance.py:2303} INFO - Starting attempt 1 of 2
[2024-05-07T08:07:06.715+0000] {taskinstance.py:2327} INFO - Executing <Task(PythonOperator): fetch_and_save_weather_data> on 2024-05-03 09:00:00+00:00
[2024-05-07T08:07:06.734+0000] {warnings.py:110} WARNING - /home/***/.local/lib/python3.12/site-packages/***/task/task_runner/standard_task_runner.py:61: DeprecationWarning: This process (pid=283) is multi-threaded, use of fork() may lead to deadlocks in the child.
  pid = os.fork()

[2024-05-07T08:07:06.742+0000] {standard_task_runner.py:63} INFO - Started process 299 to run task
[2024-05-07T08:07:06.740+0000] {standard_task_runner.py:90} INFO - Running: ['***', 'tasks', 'run', 'fetch_and_parse_weather_data', 'fetch_and_save_weather_data', 'scheduled__2024-05-03T09:00:00+00:00', '--job-id', '536', '--raw', '--subdir', 'DAGS_FOLDER/json_dag.py', '--cfg-path', '/tmp/tmpwx03s1wi']
[2024-05-07T08:07:06.751+0000] {standard_task_runner.py:91} INFO - Job 536: Subtask fetch_and_save_weather_data
[2024-05-07T08:07:06.910+0000] {task_command.py:426} INFO - Running <TaskInstance: fetch_and_parse_weather_data.fetch_and_save_weather_data scheduled__2024-05-03T09:00:00+00:00 [running]> on host e8691f41e037
[2024-05-07T08:07:07.223+0000] {taskinstance.py:2644} INFO - Exporting env vars: AIRFLOW_CTX_DAG_OWNER='***' AIRFLOW_CTX_DAG_ID='fetch_and_parse_weather_data' AIRFLOW_CTX_TASK_ID='fetch_and_save_weather_data' AIRFLOW_CTX_EXECUTION_DATE='2024-05-03T09:00:00+00:00' AIRFLOW_CTX_TRY_NUMBER='1' AIRFLOW_CTX_DAG_RUN_ID='scheduled__2024-05-03T09:00:00+00:00'
[2024-05-07T08:07:07.229+0000] {taskinstance.py:430} INFO - ::endgroup::
[2024-05-07T08:07:11.899+0000] {logging_mixin.py:188} INFO - Data has been successfully saved to the JSON file
[2024-05-07T08:07:11.900+0000] {python.py:237} INFO - Done. Returned value was: None
[2024-05-07T08:07:11.901+0000] {taskinstance.py:441} INFO - ::group::Post task execution logs
[2024-05-07T08:07:11.917+0000] {taskinstance.py:1205} INFO - Marking task as SUCCESS. dag_id=fetch_and_parse_weather_data, task_id=fetch_and_save_weather_data, execution_date=20240503T090000, start_date=20240507T080706, end_date=20240507T080711
[2024-05-07T08:07:11.967+0000] {local_task_job_runner.py:240} INFO - Task exited with return code 0
[2024-05-07T08:07:12.012+0000] {taskinstance.py:3482} INFO - 0 downstream tasks scheduled from follow-on schedule check
[2024-05-07T08:07:12.021+0000] {local_task_job_runner.py:222} INFO - ::endgroup::
