[2024-05-27T08:10:59.609+0000] {local_task_job_runner.py:120} INFO - ::group::Pre task execution logs
[2024-05-27T08:10:59.645+0000] {taskinstance.py:2073} INFO - Dependencies all met for dep_context=non-requeueable deps ti=<TaskInstance: fetch_parse_store_report_weather_data.save_data_to_db scheduled__2024-05-19T16:00:00+00:00 [queued]>
[2024-05-27T08:10:59.663+0000] {taskinstance.py:2073} INFO - Dependencies all met for dep_context=requeueable deps ti=<TaskInstance: fetch_parse_store_report_weather_data.save_data_to_db scheduled__2024-05-19T16:00:00+00:00 [queued]>
[2024-05-27T08:10:59.664+0000] {taskinstance.py:2303} INFO - Starting attempt 1 of 2
[2024-05-27T08:10:59.686+0000] {taskinstance.py:2327} INFO - Executing <Task(PythonOperator): save_data_to_db> on 2024-05-19 16:00:00+00:00
[2024-05-27T08:10:59.708+0000] {warnings.py:110} WARNING - /home/***/.local/lib/python3.12/site-packages/***/task/task_runner/standard_task_runner.py:61: DeprecationWarning: This process (pid=14577) is multi-threaded, use of fork() may lead to deadlocks in the child.
  pid = os.fork()

[2024-05-27T08:10:59.710+0000] {standard_task_runner.py:63} INFO - Started process 14653 to run task
[2024-05-27T08:10:59.711+0000] {standard_task_runner.py:90} INFO - Running: ['***', 'tasks', 'run', 'fetch_parse_store_report_weather_data', 'save_data_to_db', 'scheduled__2024-05-19T16:00:00+00:00', '--job-id', '11776', '--raw', '--subdir', 'DAGS_FOLDER/cris.py', '--cfg-path', '/tmp/tmpi7gqr_qc']
[2024-05-27T08:10:59.712+0000] {standard_task_runner.py:91} INFO - Job 11776: Subtask save_data_to_db
[2024-05-27T08:10:59.777+0000] {task_command.py:426} INFO - Running <TaskInstance: fetch_parse_store_report_weather_data.save_data_to_db scheduled__2024-05-19T16:00:00+00:00 [running]> on host b151419bfa2a
[2024-05-27T08:10:59.949+0000] {taskinstance.py:2644} INFO - Exporting env vars: AIRFLOW_CTX_DAG_OWNER='***' AIRFLOW_CTX_DAG_ID='fetch_parse_store_report_weather_data' AIRFLOW_CTX_TASK_ID='save_data_to_db' AIRFLOW_CTX_EXECUTION_DATE='2024-05-19T16:00:00+00:00' AIRFLOW_CTX_TRY_NUMBER='1' AIRFLOW_CTX_DAG_RUN_ID='scheduled__2024-05-19T16:00:00+00:00'
[2024-05-27T08:10:59.951+0000] {taskinstance.py:430} INFO - ::endgroup::
[2024-05-27T08:10:59.968+0000] {base.py:84} INFO - Using connection ID 'postgres_default' for task execution.
[2024-05-27T08:10:59.975+0000] {logging_mixin.py:188} INFO - Error connecting to the database: connection to server at "postgres" (172.21.0.4), port 5432 failed: FATAL:  database "weather_data" does not exist
[2024-05-27T08:10:59.976+0000] {python.py:237} INFO - Done. Returned value was: None
[2024-05-27T08:10:59.977+0000] {taskinstance.py:441} INFO - ::group::Post task execution logs
[2024-05-27T08:10:59.992+0000] {taskinstance.py:1205} INFO - Marking task as SUCCESS. dag_id=fetch_parse_store_report_weather_data, task_id=save_data_to_db, execution_date=20240519T160000, start_date=20240527T081059, end_date=20240527T081059
[2024-05-27T08:11:00.088+0000] {local_task_job_runner.py:240} INFO - Task exited with return code 0
[2024-05-27T08:11:00.129+0000] {taskinstance.py:3482} INFO - 1 downstream tasks scheduled from follow-on schedule check
[2024-05-27T08:11:00.132+0000] {local_task_job_runner.py:222} INFO - ::endgroup::
