[2024-05-19T11:46:35.666+0000] {local_task_job_runner.py:120} INFO - ::group::Pre task execution logs
[2024-05-19T11:46:35.747+0000] {taskinstance.py:2073} INFO - Dependencies all met for dep_context=non-requeueable deps ti=<TaskInstance: fetch_parse_store_report_weather_data.generate_report scheduled__2024-04-27T21:00:00+00:00 [queued]>
[2024-05-19T11:46:35.787+0000] {taskinstance.py:2073} INFO - Dependencies all met for dep_context=requeueable deps ti=<TaskInstance: fetch_parse_store_report_weather_data.generate_report scheduled__2024-04-27T21:00:00+00:00 [queued]>
[2024-05-19T11:46:35.789+0000] {taskinstance.py:2303} INFO - Starting attempt 1 of 2
[2024-05-19T11:46:35.833+0000] {taskinstance.py:2327} INFO - Executing <Task(PythonOperator): generate_report> on 2024-04-27 21:00:00+00:00
[2024-05-19T11:46:35.859+0000] {warnings.py:110} WARNING - /home/***/.local/lib/python3.12/site-packages/***/task/task_runner/standard_task_runner.py:61: DeprecationWarning: This process (pid=585) is multi-threaded, use of fork() may lead to deadlocks in the child.
  pid = os.fork()

[2024-05-19T11:46:35.862+0000] {standard_task_runner.py:63} INFO - Started process 607 to run task
[2024-05-19T11:46:35.860+0000] {standard_task_runner.py:90} INFO - Running: ['***', 'tasks', 'run', 'fetch_parse_store_report_weather_data', 'generate_report', 'scheduled__2024-04-27T21:00:00+00:00', '--job-id', '4721', '--raw', '--subdir', 'DAGS_FOLDER/cris.py', '--cfg-path', '/tmp/tmp134bfqsg']
[2024-05-19T11:46:35.867+0000] {standard_task_runner.py:91} INFO - Job 4721: Subtask generate_report
[2024-05-19T11:46:36.074+0000] {task_command.py:426} INFO - Running <TaskInstance: fetch_parse_store_report_weather_data.generate_report scheduled__2024-04-27T21:00:00+00:00 [running]> on host d2eb9883ca8d
[2024-05-19T11:46:36.645+0000] {taskinstance.py:2644} INFO - Exporting env vars: AIRFLOW_CTX_DAG_OWNER='***' AIRFLOW_CTX_DAG_ID='fetch_parse_store_report_weather_data' AIRFLOW_CTX_TASK_ID='generate_report' AIRFLOW_CTX_EXECUTION_DATE='2024-04-27T21:00:00+00:00' AIRFLOW_CTX_TRY_NUMBER='1' AIRFLOW_CTX_DAG_RUN_ID='scheduled__2024-04-27T21:00:00+00:00'
[2024-05-19T11:46:36.650+0000] {taskinstance.py:430} INFO - ::endgroup::
[2024-05-19T11:46:36.664+0000] {base.py:84} INFO - Using connection ID 'postgres_default' for task execution.
[2024-05-19T11:46:36.675+0000] {logging_mixin.py:188} INFO - Error connecting to the database or fetching data: connection to server at "postgres" (172.18.0.5), port 5432 failed: FATAL:  database "weather_data" does not exist
[2024-05-19T11:46:36.676+0000] {python.py:237} INFO - Done. Returned value was: None
[2024-05-19T11:46:36.677+0000] {taskinstance.py:441} INFO - ::group::Post task execution logs
[2024-05-19T11:46:36.699+0000] {taskinstance.py:1205} INFO - Marking task as SUCCESS. dag_id=fetch_parse_store_report_weather_data, task_id=generate_report, execution_date=20240427T210000, start_date=20240519T114635, end_date=20240519T114636
[2024-05-19T11:46:36.787+0000] {local_task_job_runner.py:240} INFO - Task exited with return code 0
[2024-05-19T11:46:36.863+0000] {taskinstance.py:3482} INFO - 1 downstream tasks scheduled from follow-on schedule check
[2024-05-19T11:46:36.867+0000] {local_task_job_runner.py:222} INFO - ::endgroup::
