[2024-05-19T11:28:06.417+0000] {local_task_job_runner.py:120} INFO - ::group::Pre task execution logs
[2024-05-19T11:28:06.455+0000] {taskinstance.py:2073} INFO - Dependencies all met for dep_context=non-requeueable deps ti=<TaskInstance: fetch_parse_store_report_weather_data.generate_report scheduled__2024-04-26T17:00:00+00:00 [queued]>
[2024-05-19T11:28:06.469+0000] {taskinstance.py:2073} INFO - Dependencies all met for dep_context=requeueable deps ti=<TaskInstance: fetch_parse_store_report_weather_data.generate_report scheduled__2024-04-26T17:00:00+00:00 [queued]>
[2024-05-19T11:28:06.471+0000] {taskinstance.py:2303} INFO - Starting attempt 1 of 2
[2024-05-19T11:28:06.498+0000] {taskinstance.py:2327} INFO - Executing <Task(PythonOperator): generate_report> on 2024-04-26 17:00:00+00:00
[2024-05-19T11:28:06.513+0000] {warnings.py:110} WARNING - /home/***/.local/lib/python3.12/site-packages/***/task/task_runner/standard_task_runner.py:61: DeprecationWarning: This process (pid=1248) is multi-threaded, use of fork() may lead to deadlocks in the child.
  pid = os.fork()

[2024-05-19T11:28:06.519+0000] {standard_task_runner.py:63} INFO - Started process 1267 to run task
[2024-05-19T11:28:06.520+0000] {standard_task_runner.py:90} INFO - Running: ['***', 'tasks', 'run', 'fetch_parse_store_report_weather_data', 'generate_report', 'scheduled__2024-04-26T17:00:00+00:00', '--job-id', '4564', '--raw', '--subdir', 'DAGS_FOLDER/cris.py', '--cfg-path', '/tmp/tmp2talc1at']
[2024-05-19T11:28:06.523+0000] {standard_task_runner.py:91} INFO - Job 4564: Subtask generate_report
[2024-05-19T11:28:06.593+0000] {task_command.py:426} INFO - Running <TaskInstance: fetch_parse_store_report_weather_data.generate_report scheduled__2024-04-26T17:00:00+00:00 [running]> on host d2eb9883ca8d
[2024-05-19T11:28:07.023+0000] {taskinstance.py:2644} INFO - Exporting env vars: AIRFLOW_CTX_DAG_OWNER='***' AIRFLOW_CTX_DAG_ID='fetch_parse_store_report_weather_data' AIRFLOW_CTX_TASK_ID='generate_report' AIRFLOW_CTX_EXECUTION_DATE='2024-04-26T17:00:00+00:00' AIRFLOW_CTX_TRY_NUMBER='1' AIRFLOW_CTX_DAG_RUN_ID='scheduled__2024-04-26T17:00:00+00:00'
[2024-05-19T11:28:07.026+0000] {taskinstance.py:430} INFO - ::endgroup::
[2024-05-19T11:28:07.041+0000] {base.py:84} INFO - Using connection ID 'postgres_default' for task execution.
[2024-05-19T11:28:07.046+0000] {logging_mixin.py:188} INFO - Error connecting to the database or fetching data: connection to server at "postgres" (172.18.0.5), port 5432 failed: FATAL:  database "weather_data" does not exist
[2024-05-19T11:28:07.047+0000] {python.py:237} INFO - Done. Returned value was: None
[2024-05-19T11:28:07.048+0000] {taskinstance.py:441} INFO - ::group::Post task execution logs
[2024-05-19T11:28:07.064+0000] {taskinstance.py:1205} INFO - Marking task as SUCCESS. dag_id=fetch_parse_store_report_weather_data, task_id=generate_report, execution_date=20240426T170000, start_date=20240519T112806, end_date=20240519T112807
[2024-05-19T11:28:07.137+0000] {local_task_job_runner.py:240} INFO - Task exited with return code 0
[2024-05-19T11:28:07.181+0000] {taskinstance.py:3482} INFO - 1 downstream tasks scheduled from follow-on schedule check
[2024-05-19T11:28:07.184+0000] {local_task_job_runner.py:222} INFO - ::endgroup::
