[2024-05-03T02:09:18.700+0000] {local_task_job_runner.py:120} INFO - ::group::Pre task execution logs
[2024-05-03T02:09:18.759+0000] {taskinstance.py:2073} INFO - Dependencies all met for dep_context=non-requeueable deps ti=<TaskInstance: fetch_and_parse_weather_data.fetch_and_save_weather_data scheduled__2024-04-21T05:00:00+00:00 [queued]>
[2024-05-03T02:09:18.774+0000] {taskinstance.py:2073} INFO - Dependencies all met for dep_context=requeueable deps ti=<TaskInstance: fetch_and_parse_weather_data.fetch_and_save_weather_data scheduled__2024-04-21T05:00:00+00:00 [queued]>
[2024-05-03T02:09:18.776+0000] {taskinstance.py:2303} INFO - Starting attempt 1 of 2
[2024-05-03T02:09:18.806+0000] {taskinstance.py:2327} INFO - Executing <Task(PythonOperator): fetch_and_save_weather_data> on 2024-04-21 05:00:00+00:00
[2024-05-03T02:09:18.821+0000] {warnings.py:110} WARNING - /home/***/.local/lib/python3.12/site-packages/***/task/task_runner/standard_task_runner.py:61: DeprecationWarning: This process (pid=407) is multi-threaded, use of fork() may lead to deadlocks in the child.
  pid = os.fork()

[2024-05-03T02:09:18.823+0000] {standard_task_runner.py:63} INFO - Started process 435 to run task
[2024-05-03T02:09:18.827+0000] {standard_task_runner.py:90} INFO - Running: ['***', 'tasks', 'run', 'fetch_and_parse_weather_data', 'fetch_and_save_weather_data', 'scheduled__2024-04-21T05:00:00+00:00', '--job-id', '242', '--raw', '--subdir', 'DAGS_FOLDER/json_dag.py', '--cfg-path', '/tmp/tmp6i2dfzq0']
[2024-05-03T02:09:18.830+0000] {standard_task_runner.py:91} INFO - Job 242: Subtask fetch_and_save_weather_data
[2024-05-03T02:09:18.921+0000] {task_command.py:426} INFO - Running <TaskInstance: fetch_and_parse_weather_data.fetch_and_save_weather_data scheduled__2024-04-21T05:00:00+00:00 [running]> on host e8691f41e037
[2024-05-03T02:09:19.139+0000] {taskinstance.py:2644} INFO - Exporting env vars: AIRFLOW_CTX_DAG_OWNER='***' AIRFLOW_CTX_DAG_ID='fetch_and_parse_weather_data' AIRFLOW_CTX_TASK_ID='fetch_and_save_weather_data' AIRFLOW_CTX_EXECUTION_DATE='2024-04-21T05:00:00+00:00' AIRFLOW_CTX_TRY_NUMBER='1' AIRFLOW_CTX_DAG_RUN_ID='scheduled__2024-04-21T05:00:00+00:00'
[2024-05-03T02:09:19.142+0000] {taskinstance.py:430} INFO - ::endgroup::
[2024-05-03T02:09:20.643+0000] {logging_mixin.py:188} INFO - Data has been successfully saved to the JSON file
[2024-05-03T02:09:20.647+0000] {python.py:237} INFO - Done. Returned value was: None
[2024-05-03T02:09:20.649+0000] {taskinstance.py:441} INFO - ::group::Post task execution logs
[2024-05-03T02:09:20.666+0000] {taskinstance.py:1205} INFO - Marking task as SUCCESS. dag_id=fetch_and_parse_weather_data, task_id=fetch_and_save_weather_data, execution_date=20240421T050000, start_date=20240503T020918, end_date=20240503T020920
[2024-05-03T02:09:20.745+0000] {local_task_job_runner.py:240} INFO - Task exited with return code 0
[2024-05-03T02:09:20.776+0000] {taskinstance.py:3482} INFO - 0 downstream tasks scheduled from follow-on schedule check
[2024-05-03T02:09:20.790+0000] {local_task_job_runner.py:222} INFO - ::endgroup::
