[2024-05-27T08:28:13.794+0000] {local_task_job_runner.py:120} INFO - ::group::Pre task execution logs
[2024-05-27T08:28:13.861+0000] {taskinstance.py:2073} INFO - Dependencies all met for dep_context=non-requeueable deps ti=<TaskInstance: fetch_parse_store_report_weather_data.save_data_to_db scheduled__2024-05-25T23:00:00+00:00 [queued]>
[2024-05-27T08:28:13.880+0000] {taskinstance.py:2073} INFO - Dependencies all met for dep_context=requeueable deps ti=<TaskInstance: fetch_parse_store_report_weather_data.save_data_to_db scheduled__2024-05-25T23:00:00+00:00 [queued]>
[2024-05-27T08:28:13.881+0000] {taskinstance.py:2303} INFO - Starting attempt 1 of 2
[2024-05-27T08:28:13.955+0000] {taskinstance.py:2327} INFO - Executing <Task(PythonOperator): save_data_to_db> on 2024-05-25 23:00:00+00:00
[2024-05-27T08:28:13.999+0000] {warnings.py:110} WARNING - /home/***/.local/lib/python3.12/site-packages/***/task/task_runner/standard_task_runner.py:61: DeprecationWarning: This process (pid=24362) is multi-threaded, use of fork() may lead to deadlocks in the child.
  pid = os.fork()

[2024-05-27T08:28:14.011+0000] {standard_task_runner.py:63} INFO - Started process 24542 to run task
[2024-05-27T08:28:14.016+0000] {standard_task_runner.py:90} INFO - Running: ['***', 'tasks', 'run', 'fetch_parse_store_report_weather_data', 'save_data_to_db', 'scheduled__2024-05-25T23:00:00+00:00', '--job-id', '12410', '--raw', '--subdir', 'DAGS_FOLDER/cris.py', '--cfg-path', '/tmp/tmpcc75x1oa']
[2024-05-27T08:28:14.021+0000] {standard_task_runner.py:91} INFO - Job 12410: Subtask save_data_to_db
[2024-05-27T08:28:14.116+0000] {task_command.py:426} INFO - Running <TaskInstance: fetch_parse_store_report_weather_data.save_data_to_db scheduled__2024-05-25T23:00:00+00:00 [running]> on host b151419bfa2a
[2024-05-27T08:28:14.368+0000] {taskinstance.py:2644} INFO - Exporting env vars: AIRFLOW_CTX_DAG_OWNER='***' AIRFLOW_CTX_DAG_ID='fetch_parse_store_report_weather_data' AIRFLOW_CTX_TASK_ID='save_data_to_db' AIRFLOW_CTX_EXECUTION_DATE='2024-05-25T23:00:00+00:00' AIRFLOW_CTX_TRY_NUMBER='1' AIRFLOW_CTX_DAG_RUN_ID='scheduled__2024-05-25T23:00:00+00:00'
[2024-05-27T08:28:14.379+0000] {taskinstance.py:430} INFO - ::endgroup::
[2024-05-27T08:28:14.422+0000] {base.py:84} INFO - Using connection ID 'postgres_default' for task execution.
[2024-05-27T08:28:14.436+0000] {logging_mixin.py:188} INFO - Error connecting to the database: connection to server at "postgres" (172.21.0.4), port 5432 failed: FATAL:  database "weather_data" does not exist
[2024-05-27T08:28:14.439+0000] {python.py:237} INFO - Done. Returned value was: None
[2024-05-27T08:28:14.440+0000] {taskinstance.py:441} INFO - ::group::Post task execution logs
[2024-05-27T08:28:14.469+0000] {taskinstance.py:1205} INFO - Marking task as SUCCESS. dag_id=fetch_parse_store_report_weather_data, task_id=save_data_to_db, execution_date=20240525T230000, start_date=20240527T082813, end_date=20240527T082814
[2024-05-27T08:28:14.568+0000] {local_task_job_runner.py:240} INFO - Task exited with return code 0
[2024-05-27T08:28:14.643+0000] {taskinstance.py:3482} INFO - 1 downstream tasks scheduled from follow-on schedule check
[2024-05-27T08:28:14.653+0000] {local_task_job_runner.py:222} INFO - ::endgroup::
