[2024-04-15T03:00:02.368+0000] {local_task_job_runner.py:120} INFO - ::group::Pre task execution logs
[2024-04-15T03:00:02.390+0000] {taskinstance.py:2073} INFO - Dependencies all met for dep_context=non-requeueable deps ti=<TaskInstance: fetch_and_parse_weather_data.fetch_and_save_weather_data scheduled__2024-04-15T02:00:00+00:00 [queued]>
[2024-04-15T03:00:02.398+0000] {taskinstance.py:2073} INFO - Dependencies all met for dep_context=requeueable deps ti=<TaskInstance: fetch_and_parse_weather_data.fetch_and_save_weather_data scheduled__2024-04-15T02:00:00+00:00 [queued]>
[2024-04-15T03:00:02.399+0000] {taskinstance.py:2303} INFO - Starting attempt 1 of 2
[2024-04-15T03:00:02.412+0000] {taskinstance.py:2327} INFO - Executing <Task(PythonOperator): fetch_and_save_weather_data> on 2024-04-15 02:00:00+00:00
[2024-04-15T03:00:02.419+0000] {warnings.py:110} WARNING - /home/***/.local/lib/python3.12/site-packages/***/task/task_runner/standard_task_runner.py:61: DeprecationWarning: This process (pid=251) is multi-threaded, use of fork() may lead to deadlocks in the child.
  pid = os.fork()

[2024-04-15T03:00:02.420+0000] {standard_task_runner.py:63} INFO - Started process 253 to run task
[2024-04-15T03:00:02.420+0000] {standard_task_runner.py:90} INFO - Running: ['***', 'tasks', 'run', 'fetch_and_parse_weather_data', 'fetch_and_save_weather_data', 'scheduled__2024-04-15T02:00:00+00:00', '--job-id', '166', '--raw', '--subdir', 'DAGS_FOLDER/json_dag.py', '--cfg-path', '/tmp/tmplr52z_o5']
[2024-04-15T03:00:02.422+0000] {standard_task_runner.py:91} INFO - Job 166: Subtask fetch_and_save_weather_data
[2024-04-15T03:00:02.468+0000] {task_command.py:426} INFO - Running <TaskInstance: fetch_and_parse_weather_data.fetch_and_save_weather_data scheduled__2024-04-15T02:00:00+00:00 [running]> on host 2c3c8df482d9
[2024-04-15T03:00:02.552+0000] {taskinstance.py:2644} INFO - Exporting env vars: AIRFLOW_CTX_DAG_OWNER='***' AIRFLOW_CTX_DAG_ID='fetch_and_parse_weather_data' AIRFLOW_CTX_TASK_ID='fetch_and_save_weather_data' AIRFLOW_CTX_EXECUTION_DATE='2024-04-15T02:00:00+00:00' AIRFLOW_CTX_TRY_NUMBER='1' AIRFLOW_CTX_DAG_RUN_ID='scheduled__2024-04-15T02:00:00+00:00'
[2024-04-15T03:00:02.554+0000] {taskinstance.py:430} INFO - ::endgroup::
[2024-04-15T03:00:04.067+0000] {logging_mixin.py:188} INFO - Data has been successfully saved to the JSON file
[2024-04-15T03:00:04.067+0000] {python.py:237} INFO - Done. Returned value was: None
[2024-04-15T03:00:04.068+0000] {taskinstance.py:441} INFO - ::group::Post task execution logs
[2024-04-15T03:00:04.077+0000] {taskinstance.py:1205} INFO - Marking task as SUCCESS. dag_id=fetch_and_parse_weather_data, task_id=fetch_and_save_weather_data, execution_date=20240415T020000, start_date=20240415T030002, end_date=20240415T030004
[2024-04-15T03:00:04.119+0000] {local_task_job_runner.py:240} INFO - Task exited with return code 0
[2024-04-15T03:00:04.133+0000] {taskinstance.py:3482} INFO - 0 downstream tasks scheduled from follow-on schedule check
[2024-04-15T03:00:04.135+0000] {local_task_job_runner.py:222} INFO - ::endgroup::
