[2024-05-15T07:23:14.845+0000] {local_task_job_runner.py:120} INFO - ::group::Pre task execution logs
[2024-05-15T07:23:14.874+0000] {taskinstance.py:2073} INFO - Dependencies all met for dep_context=non-requeueable deps ti=<TaskInstance: fetch_and_parse_cris_data.fetch_cris_data scheduled__2024-05-08T18:00:00+00:00 [queued]>
[2024-05-15T07:23:14.887+0000] {taskinstance.py:2073} INFO - Dependencies all met for dep_context=requeueable deps ti=<TaskInstance: fetch_and_parse_cris_data.fetch_cris_data scheduled__2024-05-08T18:00:00+00:00 [queued]>
[2024-05-15T07:23:14.889+0000] {taskinstance.py:2303} INFO - Starting attempt 1 of 2
[2024-05-15T07:23:14.905+0000] {taskinstance.py:2327} INFO - Executing <Task(PythonOperator): fetch_cris_data> on 2024-05-08 18:00:00+00:00
[2024-05-15T07:23:14.913+0000] {warnings.py:110} WARNING - /home/***/.local/lib/python3.12/site-packages/***/task/task_runner/standard_task_runner.py:61: DeprecationWarning: This process (pid=832) is multi-threaded, use of fork() may lead to deadlocks in the child.
  pid = os.fork()

[2024-05-15T07:23:14.914+0000] {standard_task_runner.py:63} INFO - Started process 844 to run task
[2024-05-15T07:23:14.914+0000] {standard_task_runner.py:90} INFO - Running: ['***', 'tasks', 'run', 'fetch_and_parse_cris_data', 'fetch_cris_data', 'scheduled__2024-05-08T18:00:00+00:00', '--job-id', '2152', '--raw', '--subdir', 'DAGS_FOLDER/cris.py', '--cfg-path', '/tmp/tmphqtdpw76']
[2024-05-15T07:23:14.917+0000] {standard_task_runner.py:91} INFO - Job 2152: Subtask fetch_cris_data
[2024-05-15T07:23:14.972+0000] {task_command.py:426} INFO - Running <TaskInstance: fetch_and_parse_cris_data.fetch_cris_data scheduled__2024-05-08T18:00:00+00:00 [running]> on host e8691f41e037
[2024-05-15T07:23:15.091+0000] {taskinstance.py:2644} INFO - Exporting env vars: AIRFLOW_CTX_DAG_OWNER='***' AIRFLOW_CTX_DAG_ID='fetch_and_parse_cris_data' AIRFLOW_CTX_TASK_ID='fetch_cris_data' AIRFLOW_CTX_EXECUTION_DATE='2024-05-08T18:00:00+00:00' AIRFLOW_CTX_TRY_NUMBER='1' AIRFLOW_CTX_DAG_RUN_ID='scheduled__2024-05-08T18:00:00+00:00'
[2024-05-15T07:23:15.094+0000] {taskinstance.py:430} INFO - ::endgroup::
[2024-05-15T07:23:36.164+0000] {logging_mixin.py:188} INFO - Failed to fetch data from the URL: 403
[2024-05-15T07:23:36.165+0000] {python.py:237} INFO - Done. Returned value was: None
[2024-05-15T07:23:36.165+0000] {taskinstance.py:441} INFO - ::group::Post task execution logs
[2024-05-15T07:23:36.175+0000] {taskinstance.py:1205} INFO - Marking task as SUCCESS. dag_id=fetch_and_parse_cris_data, task_id=fetch_cris_data, execution_date=20240508T180000, start_date=20240515T072314, end_date=20240515T072336
[2024-05-15T07:23:36.225+0000] {local_task_job_runner.py:240} INFO - Task exited with return code 0
[2024-05-15T07:23:36.247+0000] {taskinstance.py:3482} INFO - 1 downstream tasks scheduled from follow-on schedule check
[2024-05-15T07:23:36.249+0000] {local_task_job_runner.py:222} INFO - ::endgroup::
