[2024-05-26T00:24:29.279+0000] {local_task_job_runner.py:120} INFO - ::group::Pre task execution logs
[2024-05-26T00:24:29.322+0000] {taskinstance.py:2073} INFO - Dependencies all met for dep_context=non-requeueable deps ti=<TaskInstance: fetch_parse_store_report_forecast_weather_data.fetch_and_save_weather_data scheduled__2024-05-06T03:00:00+00:00 [queued]>
[2024-05-26T00:24:29.335+0000] {taskinstance.py:2073} INFO - Dependencies all met for dep_context=requeueable deps ti=<TaskInstance: fetch_parse_store_report_forecast_weather_data.fetch_and_save_weather_data scheduled__2024-05-06T03:00:00+00:00 [queued]>
[2024-05-26T00:24:29.337+0000] {taskinstance.py:2303} INFO - Starting attempt 1 of 2
[2024-05-26T00:24:29.375+0000] {taskinstance.py:2327} INFO - Executing <Task(PythonOperator): fetch_and_save_weather_data> on 2024-05-06 03:00:00+00:00
[2024-05-26T00:24:29.396+0000] {warnings.py:110} WARNING - /home/***/.local/lib/python3.12/site-packages/***/task/task_runner/standard_task_runner.py:61: DeprecationWarning: This process (pid=9551) is multi-threaded, use of fork() may lead to deadlocks in the child.
  pid = os.fork()

[2024-05-26T00:24:29.399+0000] {standard_task_runner.py:63} INFO - Started process 9685 to run task
[2024-05-26T00:24:29.401+0000] {standard_task_runner.py:90} INFO - Running: ['***', 'tasks', 'run', 'fetch_parse_store_report_forecast_weather_data', 'fetch_and_save_weather_data', 'scheduled__2024-05-06T03:00:00+00:00', '--job-id', '8725', '--raw', '--subdir', 'DAGS_FOLDER/cris.py', '--cfg-path', '/tmp/tmpajgn9xmv']
[2024-05-26T00:24:29.402+0000] {standard_task_runner.py:91} INFO - Job 8725: Subtask fetch_and_save_weather_data
[2024-05-26T00:24:29.519+0000] {task_command.py:426} INFO - Running <TaskInstance: fetch_parse_store_report_forecast_weather_data.fetch_and_save_weather_data scheduled__2024-05-06T03:00:00+00:00 [running]> on host b151419bfa2a
[2024-05-26T00:24:29.781+0000] {taskinstance.py:2644} INFO - Exporting env vars: AIRFLOW_CTX_DAG_OWNER='***' AIRFLOW_CTX_DAG_ID='fetch_parse_store_report_forecast_weather_data' AIRFLOW_CTX_TASK_ID='fetch_and_save_weather_data' AIRFLOW_CTX_EXECUTION_DATE='2024-05-06T03:00:00+00:00' AIRFLOW_CTX_TRY_NUMBER='1' AIRFLOW_CTX_DAG_RUN_ID='scheduled__2024-05-06T03:00:00+00:00'
[2024-05-26T00:24:29.790+0000] {taskinstance.py:430} INFO - ::endgroup::
[2024-05-26T00:24:31.185+0000] {logging_mixin.py:188} INFO - Data has been successfully saved to the JSON file
[2024-05-26T00:24:31.198+0000] {python.py:237} INFO - Done. Returned value was: None
[2024-05-26T00:24:31.199+0000] {taskinstance.py:441} INFO - ::group::Post task execution logs
[2024-05-26T00:24:31.213+0000] {taskinstance.py:1205} INFO - Marking task as SUCCESS. dag_id=fetch_parse_store_report_forecast_weather_data, task_id=fetch_and_save_weather_data, execution_date=20240506T030000, start_date=20240526T002429, end_date=20240526T002431
[2024-05-26T00:24:31.413+0000] {local_task_job_runner.py:240} INFO - Task exited with return code 0
[2024-05-26T00:24:31.454+0000] {taskinstance.py:3482} INFO - 1 downstream tasks scheduled from follow-on schedule check
[2024-05-26T00:24:31.456+0000] {local_task_job_runner.py:222} INFO - ::endgroup::
