[2024-05-25T12:20:12.907+0000] {local_task_job_runner.py:120} INFO - ::group::Pre task execution logs
[2024-05-25T12:20:12.933+0000] {taskinstance.py:2073} INFO - Dependencies all met for dep_context=non-requeueable deps ti=<TaskInstance: create_weather_data_table.create_table manual__2024-05-25T12:20:10.432366+00:00 [queued]>
[2024-05-25T12:20:12.942+0000] {taskinstance.py:2073} INFO - Dependencies all met for dep_context=requeueable deps ti=<TaskInstance: create_weather_data_table.create_table manual__2024-05-25T12:20:10.432366+00:00 [queued]>
[2024-05-25T12:20:12.943+0000] {taskinstance.py:2303} INFO - Starting attempt 1 of 2
[2024-05-25T12:20:12.962+0000] {taskinstance.py:2327} INFO - Executing <Task(PythonOperator): create_table> on 2024-05-25 12:20:10.432366+00:00
[2024-05-25T12:20:12.969+0000] {warnings.py:110} WARNING - /home/***/.local/lib/python3.12/site-packages/***/task/task_runner/standard_task_runner.py:61: DeprecationWarning: This process (pid=100) is multi-threaded, use of fork() may lead to deadlocks in the child.
  pid = os.fork()

[2024-05-25T12:20:12.971+0000] {standard_task_runner.py:63} INFO - Started process 102 to run task
[2024-05-25T12:20:12.971+0000] {standard_task_runner.py:90} INFO - Running: ['***', 'tasks', 'run', 'create_weather_data_table', 'create_table', 'manual__2024-05-25T12:20:10.432366+00:00', '--job-id', '7802', '--raw', '--subdir', 'DAGS_FOLDER/create_table.py', '--cfg-path', '/tmp/tmp4wr74b20']
[2024-05-25T12:20:12.972+0000] {standard_task_runner.py:91} INFO - Job 7802: Subtask create_table
[2024-05-25T12:20:13.024+0000] {task_command.py:426} INFO - Running <TaskInstance: create_weather_data_table.create_table manual__2024-05-25T12:20:10.432366+00:00 [running]> on host b151419bfa2a
[2024-05-25T12:20:13.121+0000] {taskinstance.py:2644} INFO - Exporting env vars: AIRFLOW_CTX_DAG_OWNER='***' AIRFLOW_CTX_DAG_ID='create_weather_data_table' AIRFLOW_CTX_TASK_ID='create_table' AIRFLOW_CTX_EXECUTION_DATE='2024-05-25T12:20:10.432366+00:00' AIRFLOW_CTX_TRY_NUMBER='1' AIRFLOW_CTX_DAG_RUN_ID='manual__2024-05-25T12:20:10.432366+00:00'
[2024-05-25T12:20:13.122+0000] {taskinstance.py:430} INFO - ::endgroup::
[2024-05-25T12:20:13.131+0000] {base.py:84} INFO - Using connection ID 'postgres_default' for task execution.
[2024-05-25T12:20:13.134+0000] {taskinstance.py:441} INFO - ::group::Post task execution logs
[2024-05-25T12:20:13.135+0000] {taskinstance.py:2890} ERROR - Task failed with exception
Traceback (most recent call last):
  File "/home/airflow/.local/lib/python3.12/site-packages/airflow/models/taskinstance.py", line 465, in _execute_task
    result = _execute_callable(context=context, **execute_callable_kwargs)
             ^^^^^^^^^^^^^^^^^^^^^^^^^^^^^^^^^^^^^^^^^^^^^^^^^^^^^^^^^^^^^
  File "/home/airflow/.local/lib/python3.12/site-packages/airflow/models/taskinstance.py", line 432, in _execute_callable
    return execute_callable(context=context, **execute_callable_kwargs)
           ^^^^^^^^^^^^^^^^^^^^^^^^^^^^^^^^^^^^^^^^^^^^^^^^^^^^^^^^^^^^
  File "/home/airflow/.local/lib/python3.12/site-packages/airflow/models/baseoperator.py", line 400, in wrapper
    return func(self, *args, **kwargs)
           ^^^^^^^^^^^^^^^^^^^^^^^^^^^
  File "/home/airflow/.local/lib/python3.12/site-packages/airflow/operators/python.py", line 235, in execute
    return_value = self.execute_callable()
                   ^^^^^^^^^^^^^^^^^^^^^^^
  File "/home/airflow/.local/lib/python3.12/site-packages/airflow/operators/python.py", line 252, in execute_callable
    return self.python_callable(*self.op_args, **self.op_kwargs)
           ^^^^^^^^^^^^^^^^^^^^^^^^^^^^^^^^^^^^^^^^^^^^^^^^^^^^^
  File "/opt/airflow/dags/create_table.py", line 21, in create_table
    pg_conn = pg_hook.get_conn()
              ^^^^^^^^^^^^^^^^^^
  File "/home/airflow/.local/lib/python3.12/site-packages/airflow/providers/postgres/hooks/postgres.py", line 161, in get_conn
    self.conn = psycopg2.connect(**conn_args)
                ^^^^^^^^^^^^^^^^^^^^^^^^^^^^^
  File "/home/airflow/.local/lib/python3.12/site-packages/psycopg2/__init__.py", line 122, in connect
    conn = _connect(dsn, connection_factory=connection_factory, **kwasync)
           ^^^^^^^^^^^^^^^^^^^^^^^^^^^^^^^^^^^^^^^^^^^^^^^^^^^^^^^^^^^^^^^
psycopg2.OperationalError: connection to server at "postgres" (172.21.0.2), port 5432 failed: FATAL:  database "weather_data" does not exist

[2024-05-25T12:20:13.155+0000] {taskinstance.py:1205} INFO - Marking task as UP_FOR_RETRY. dag_id=create_weather_data_table, task_id=create_table, execution_date=20240525T122010, start_date=20240525T122012, end_date=20240525T122013
[2024-05-25T12:20:13.170+0000] {standard_task_runner.py:110} ERROR - Failed to execute job 7802 for task create_table (connection to server at "postgres" (172.21.0.2), port 5432 failed: FATAL:  database "weather_data" does not exist
; 102)
[2024-05-25T12:20:13.186+0000] {local_task_job_runner.py:240} INFO - Task exited with return code 1
[2024-05-25T12:20:13.208+0000] {taskinstance.py:3482} INFO - 0 downstream tasks scheduled from follow-on schedule check
[2024-05-25T12:20:13.214+0000] {local_task_job_runner.py:222} INFO - ::endgroup::
