[2024-04-15T02:17:03.204+0000] {local_task_job_runner.py:120} INFO - ::group::Pre task execution logs
[2024-04-15T02:17:03.227+0000] {taskinstance.py:2073} INFO - Dependencies all met for dep_context=non-requeueable deps ti=<TaskInstance: fetch_and_parse_weather_data.fetch_and_save_weather_data scheduled__2024-04-14T13:00:00+00:00 [queued]>
[2024-04-15T02:17:03.235+0000] {taskinstance.py:2073} INFO - Dependencies all met for dep_context=requeueable deps ti=<TaskInstance: fetch_and_parse_weather_data.fetch_and_save_weather_data scheduled__2024-04-14T13:00:00+00:00 [queued]>
[2024-04-15T02:17:03.236+0000] {taskinstance.py:2303} INFO - Starting attempt 1 of 2
[2024-04-15T02:17:03.250+0000] {taskinstance.py:2327} INFO - Executing <Task(PythonOperator): fetch_and_save_weather_data> on 2024-04-14 13:00:00+00:00
[2024-04-15T02:17:03.257+0000] {warnings.py:110} WARNING - /home/***/.local/lib/python3.12/site-packages/***/task/task_runner/standard_task_runner.py:61: DeprecationWarning: This process (pid=629) is multi-threaded, use of fork() may lead to deadlocks in the child.
  pid = os.fork()

[2024-04-15T02:17:03.259+0000] {standard_task_runner.py:63} INFO - Started process 646 to run task
[2024-04-15T02:17:03.259+0000] {standard_task_runner.py:90} INFO - Running: ['***', 'tasks', 'run', 'fetch_and_parse_weather_data', 'fetch_and_save_weather_data', 'scheduled__2024-04-14T13:00:00+00:00', '--job-id', '120', '--raw', '--subdir', 'DAGS_FOLDER/json_dag.py', '--cfg-path', '/tmp/tmprppmqq9x']
[2024-04-15T02:17:03.261+0000] {standard_task_runner.py:91} INFO - Job 120: Subtask fetch_and_save_weather_data
[2024-04-15T02:17:03.305+0000] {task_command.py:426} INFO - Running <TaskInstance: fetch_and_parse_weather_data.fetch_and_save_weather_data scheduled__2024-04-14T13:00:00+00:00 [running]> on host 2c3c8df482d9
[2024-04-15T02:17:03.389+0000] {taskinstance.py:2644} INFO - Exporting env vars: AIRFLOW_CTX_DAG_OWNER='***' AIRFLOW_CTX_DAG_ID='fetch_and_parse_weather_data' AIRFLOW_CTX_TASK_ID='fetch_and_save_weather_data' AIRFLOW_CTX_EXECUTION_DATE='2024-04-14T13:00:00+00:00' AIRFLOW_CTX_TRY_NUMBER='1' AIRFLOW_CTX_DAG_RUN_ID='scheduled__2024-04-14T13:00:00+00:00'
[2024-04-15T02:17:03.391+0000] {taskinstance.py:430} INFO - ::endgroup::
[2024-04-15T02:17:04.659+0000] {taskinstance.py:441} INFO - ::group::Post task execution logs
[2024-04-15T02:17:04.660+0000] {taskinstance.py:2890} ERROR - Task failed with exception
Traceback (most recent call last):
  File "/home/airflow/.local/lib/python3.12/site-packages/airflow/models/taskinstance.py", line 465, in _execute_task
    result = _execute_callable(context=context, **execute_callable_kwargs)
             ^^^^^^^^^^^^^^^^^^^^^^^^^^^^^^^^^^^^^^^^^^^^^^^^^^^^^^^^^^^^^
  File "/home/airflow/.local/lib/python3.12/site-packages/airflow/models/taskinstance.py", line 432, in _execute_callable
    return execute_callable(context=context, **execute_callable_kwargs)
           ^^^^^^^^^^^^^^^^^^^^^^^^^^^^^^^^^^^^^^^^^^^^^^^^^^^^^^^^^^^^
  File "/home/airflow/.local/lib/python3.12/site-packages/airflow/models/baseoperator.py", line 400, in wrapper
    return func(self, *args, **kwargs)
           ^^^^^^^^^^^^^^^^^^^^^^^^^^^
  File "/home/airflow/.local/lib/python3.12/site-packages/airflow/operators/python.py", line 235, in execute
    return_value = self.execute_callable()
                   ^^^^^^^^^^^^^^^^^^^^^^^
  File "/home/airflow/.local/lib/python3.12/site-packages/airflow/operators/python.py", line 252, in execute_callable
    return self.python_callable(*self.op_args, **self.op_kwargs)
           ^^^^^^^^^^^^^^^^^^^^^^^^^^^^^^^^^^^^^^^^^^^^^^^^^^^^^
  File "/opt/airflow/dags/json_dag.py", line 24, in fetch_and_save_weather_data
    with open('C://Users/YtkaB/AppData/Roaming/JetBrains/PyCharm2024.1/scratches/output.json', 'w') as f:
         ^^^^^^^^^^^^^^^^^^^^^^^^^^^^^^^^^^^^^^^^^^^^^^^^^^^^^^^^^^^^^^^^^^^^^^^^^^^^^^^^^^^^^^^^^^
FileNotFoundError: [Errno 2] No such file or directory: 'C://Users/YtkaB/AppData/Roaming/JetBrains/PyCharm2024.1/scratches/output.json'
[2024-04-15T02:17:04.672+0000] {taskinstance.py:1205} INFO - Marking task as UP_FOR_RETRY. dag_id=fetch_and_parse_weather_data, task_id=fetch_and_save_weather_data, execution_date=20240414T130000, start_date=20240415T021703, end_date=20240415T021704
[2024-04-15T02:17:04.684+0000] {standard_task_runner.py:110} ERROR - Failed to execute job 120 for task fetch_and_save_weather_data ([Errno 2] No such file or directory: 'C://Users/YtkaB/AppData/Roaming/JetBrains/PyCharm2024.1/scratches/output.json'; 646)
[2024-04-15T02:17:04.716+0000] {local_task_job_runner.py:240} INFO - Task exited with return code 1
[2024-04-15T02:17:04.730+0000] {taskinstance.py:3482} INFO - 0 downstream tasks scheduled from follow-on schedule check
[2024-04-15T02:17:04.732+0000] {local_task_job_runner.py:222} INFO - ::endgroup::
[2024-04-16T01:26:56.582+0000] {local_task_job_runner.py:120} INFO - ::group::Pre task execution logs
[2024-04-16T01:26:56.642+0000] {taskinstance.py:2073} INFO - Dependencies all met for dep_context=non-requeueable deps ti=<TaskInstance: fetch_and_parse_weather_data.fetch_and_save_weather_data scheduled__2024-04-14T13:00:00+00:00 [queued]>
[2024-04-16T01:26:56.656+0000] {taskinstance.py:2073} INFO - Dependencies all met for dep_context=requeueable deps ti=<TaskInstance: fetch_and_parse_weather_data.fetch_and_save_weather_data scheduled__2024-04-14T13:00:00+00:00 [queued]>
[2024-04-16T01:26:56.657+0000] {taskinstance.py:2303} INFO - Starting attempt 1 of 2
[2024-04-16T01:26:56.695+0000] {taskinstance.py:2327} INFO - Executing <Task(PythonOperator): fetch_and_save_weather_data> on 2024-04-14 13:00:00+00:00
[2024-04-16T01:26:56.706+0000] {warnings.py:110} WARNING - /home/***/.local/lib/python3.12/site-packages/***/task/task_runner/standard_task_runner.py:61: DeprecationWarning: This process (pid=273) is multi-threaded, use of fork() may lead to deadlocks in the child.
  pid = os.fork()

[2024-04-16T01:26:56.710+0000] {standard_task_runner.py:63} INFO - Started process 293 to run task
[2024-04-16T01:26:56.710+0000] {standard_task_runner.py:90} INFO - Running: ['***', 'tasks', 'run', 'fetch_and_parse_weather_data', 'fetch_and_save_weather_data', 'scheduled__2024-04-14T13:00:00+00:00', '--job-id', '65', '--raw', '--subdir', 'DAGS_FOLDER/json_dag.py', '--cfg-path', '/tmp/tmp25t2iqbk']
[2024-04-16T01:26:56.732+0000] {standard_task_runner.py:91} INFO - Job 65: Subtask fetch_and_save_weather_data
[2024-04-16T01:26:56.819+0000] {task_command.py:426} INFO - Running <TaskInstance: fetch_and_parse_weather_data.fetch_and_save_weather_data scheduled__2024-04-14T13:00:00+00:00 [running]> on host e8691f41e037
[2024-04-16T01:26:56.984+0000] {taskinstance.py:2644} INFO - Exporting env vars: AIRFLOW_CTX_DAG_OWNER='***' AIRFLOW_CTX_DAG_ID='fetch_and_parse_weather_data' AIRFLOW_CTX_TASK_ID='fetch_and_save_weather_data' AIRFLOW_CTX_EXECUTION_DATE='2024-04-14T13:00:00+00:00' AIRFLOW_CTX_TRY_NUMBER='1' AIRFLOW_CTX_DAG_RUN_ID='scheduled__2024-04-14T13:00:00+00:00'
[2024-04-16T01:26:56.989+0000] {taskinstance.py:430} INFO - ::endgroup::
[2024-04-16T01:27:00.871+0000] {logging_mixin.py:188} INFO - Data has been successfully saved to the JSON file
[2024-04-16T01:27:00.874+0000] {python.py:237} INFO - Done. Returned value was: None
[2024-04-16T01:27:00.876+0000] {taskinstance.py:441} INFO - ::group::Post task execution logs
[2024-04-16T01:27:00.894+0000] {taskinstance.py:1205} INFO - Marking task as SUCCESS. dag_id=fetch_and_parse_weather_data, task_id=fetch_and_save_weather_data, execution_date=20240414T130000, start_date=20240416T012656, end_date=20240416T012700
[2024-04-16T01:27:01.035+0000] {local_task_job_runner.py:240} INFO - Task exited with return code 0
[2024-04-16T01:27:01.060+0000] {taskinstance.py:3482} INFO - 0 downstream tasks scheduled from follow-on schedule check
[2024-04-16T01:27:01.064+0000] {local_task_job_runner.py:222} INFO - ::endgroup::
