[2024-05-25T10:58:02.892+0000] {local_task_job_runner.py:120} INFO - ::group::Pre task execution logs
[2024-05-25T10:58:02.914+0000] {taskinstance.py:2073} INFO - Dependencies all met for dep_context=non-requeueable deps ti=<TaskInstance: fetch_parse_store_report_forecast_weather_data.fetch_and_save_weather_data scheduled__2024-04-18T02:00:00+00:00 [queued]>
[2024-05-25T10:58:02.922+0000] {taskinstance.py:2073} INFO - Dependencies all met for dep_context=requeueable deps ti=<TaskInstance: fetch_parse_store_report_forecast_weather_data.fetch_and_save_weather_data scheduled__2024-04-18T02:00:00+00:00 [queued]>
[2024-05-25T10:58:02.923+0000] {taskinstance.py:2303} INFO - Starting attempt 1 of 2
[2024-05-25T10:58:02.935+0000] {taskinstance.py:2327} INFO - Executing <Task(PythonOperator): fetch_and_save_weather_data> on 2024-04-18 02:00:00+00:00
[2024-05-25T10:58:02.947+0000] {warnings.py:110} WARNING - /home/***/.local/lib/python3.12/site-packages/***/task/task_runner/standard_task_runner.py:61: DeprecationWarning: This process (pid=2762) is multi-threaded, use of fork() may lead to deadlocks in the child.
  pid = os.fork()

[2024-05-25T10:58:02.949+0000] {standard_task_runner.py:63} INFO - Started process 2881 to run task
[2024-05-25T10:58:02.949+0000] {standard_task_runner.py:90} INFO - Running: ['***', 'tasks', 'run', 'fetch_parse_store_report_forecast_weather_data', 'fetch_and_save_weather_data', 'scheduled__2024-04-18T02:00:00+00:00', '--job-id', '6943', '--raw', '--subdir', 'DAGS_FOLDER/cris.py', '--cfg-path', '/tmp/tmpwj5w8hfb']
[2024-05-25T10:58:02.950+0000] {standard_task_runner.py:91} INFO - Job 6943: Subtask fetch_and_save_weather_data
[2024-05-25T10:58:02.993+0000] {task_command.py:426} INFO - Running <TaskInstance: fetch_parse_store_report_forecast_weather_data.fetch_and_save_weather_data scheduled__2024-04-18T02:00:00+00:00 [running]> on host b151419bfa2a
[2024-05-25T10:58:03.090+0000] {taskinstance.py:2644} INFO - Exporting env vars: AIRFLOW_CTX_DAG_OWNER='***' AIRFLOW_CTX_DAG_ID='fetch_parse_store_report_forecast_weather_data' AIRFLOW_CTX_TASK_ID='fetch_and_save_weather_data' AIRFLOW_CTX_EXECUTION_DATE='2024-04-18T02:00:00+00:00' AIRFLOW_CTX_TRY_NUMBER='1' AIRFLOW_CTX_DAG_RUN_ID='scheduled__2024-04-18T02:00:00+00:00'
[2024-05-25T10:58:03.092+0000] {taskinstance.py:430} INFO - ::endgroup::
[2024-05-25T10:58:07.370+0000] {logging_mixin.py:188} INFO - Data has been successfully saved to the JSON file
[2024-05-25T10:58:07.371+0000] {python.py:237} INFO - Done. Returned value was: None
[2024-05-25T10:58:07.372+0000] {taskinstance.py:441} INFO - ::group::Post task execution logs
[2024-05-25T10:58:07.384+0000] {taskinstance.py:1205} INFO - Marking task as SUCCESS. dag_id=fetch_parse_store_report_forecast_weather_data, task_id=fetch_and_save_weather_data, execution_date=20240418T020000, start_date=20240525T105802, end_date=20240525T105807
[2024-05-25T10:58:07.459+0000] {local_task_job_runner.py:240} INFO - Task exited with return code 0
[2024-05-25T10:58:07.499+0000] {taskinstance.py:3482} INFO - 1 downstream tasks scheduled from follow-on schedule check
[2024-05-25T10:58:07.505+0000] {local_task_job_runner.py:222} INFO - ::endgroup::
