[2024-05-26T13:14:51.233+0000] {local_task_job_runner.py:120} INFO - ::group::Pre task execution logs
[2024-05-26T13:14:51.274+0000] {taskinstance.py:2073} INFO - Dependencies all met for dep_context=non-requeueable deps ti=<TaskInstance: fetch_parse_store_report_forecast_weather_data.fetch_and_save_weather_data scheduled__2024-05-11T04:00:00+00:00 [queued]>
[2024-05-26T13:14:51.292+0000] {taskinstance.py:2073} INFO - Dependencies all met for dep_context=requeueable deps ti=<TaskInstance: fetch_parse_store_report_forecast_weather_data.fetch_and_save_weather_data scheduled__2024-05-11T04:00:00+00:00 [queued]>
[2024-05-26T13:14:51.294+0000] {taskinstance.py:2303} INFO - Starting attempt 1 of 2
[2024-05-26T13:14:51.316+0000] {taskinstance.py:2327} INFO - Executing <Task(PythonOperator): fetch_and_save_weather_data> on 2024-05-11 04:00:00+00:00
[2024-05-26T13:14:51.333+0000] {warnings.py:110} WARNING - /home/***/.local/lib/python3.12/site-packages/***/task/task_runner/standard_task_runner.py:61: DeprecationWarning: This process (pid=17413) is multi-threaded, use of fork() may lead to deadlocks in the child.
  pid = os.fork()

[2024-05-26T13:14:51.335+0000] {standard_task_runner.py:63} INFO - Started process 17444 to run task
[2024-05-26T13:14:51.335+0000] {standard_task_runner.py:90} INFO - Running: ['***', 'tasks', 'run', 'fetch_parse_store_report_forecast_weather_data', 'fetch_and_save_weather_data', 'scheduled__2024-05-11T04:00:00+00:00', '--job-id', '9222', '--raw', '--subdir', 'DAGS_FOLDER/cris.py', '--cfg-path', '/tmp/tmpb5__r7dj']
[2024-05-26T13:14:51.336+0000] {standard_task_runner.py:91} INFO - Job 9222: Subtask fetch_and_save_weather_data
[2024-05-26T13:14:51.408+0000] {task_command.py:426} INFO - Running <TaskInstance: fetch_parse_store_report_forecast_weather_data.fetch_and_save_weather_data scheduled__2024-05-11T04:00:00+00:00 [running]> on host b151419bfa2a
[2024-05-26T13:14:51.529+0000] {taskinstance.py:2644} INFO - Exporting env vars: AIRFLOW_CTX_DAG_OWNER='***' AIRFLOW_CTX_DAG_ID='fetch_parse_store_report_forecast_weather_data' AIRFLOW_CTX_TASK_ID='fetch_and_save_weather_data' AIRFLOW_CTX_EXECUTION_DATE='2024-05-11T04:00:00+00:00' AIRFLOW_CTX_TRY_NUMBER='1' AIRFLOW_CTX_DAG_RUN_ID='scheduled__2024-05-11T04:00:00+00:00'
[2024-05-26T13:14:51.531+0000] {taskinstance.py:430} INFO - ::endgroup::
[2024-05-26T13:14:52.588+0000] {logging_mixin.py:188} INFO - Data has been successfully saved to the JSON file
[2024-05-26T13:14:52.590+0000] {python.py:237} INFO - Done. Returned value was: None
[2024-05-26T13:14:52.591+0000] {taskinstance.py:441} INFO - ::group::Post task execution logs
[2024-05-26T13:14:52.605+0000] {taskinstance.py:1205} INFO - Marking task as SUCCESS. dag_id=fetch_parse_store_report_forecast_weather_data, task_id=fetch_and_save_weather_data, execution_date=20240511T040000, start_date=20240526T131451, end_date=20240526T131452
[2024-05-26T13:14:52.675+0000] {local_task_job_runner.py:240} INFO - Task exited with return code 0
[2024-05-26T13:14:52.723+0000] {taskinstance.py:3482} INFO - 1 downstream tasks scheduled from follow-on schedule check
[2024-05-26T13:14:52.725+0000] {local_task_job_runner.py:222} INFO - ::endgroup::
