[2024-05-15T07:51:08.596+0000] {local_task_job_runner.py:120} INFO - ::group::Pre task execution logs
[2024-05-15T07:51:08.659+0000] {taskinstance.py:2073} INFO - Dependencies all met for dep_context=non-requeueable deps ti=<TaskInstance: fetch_and_parse_cris_data.parse_cris_data scheduled__2024-05-12T07:00:00+00:00 [queued]>
[2024-05-15T07:51:08.681+0000] {taskinstance.py:2073} INFO - Dependencies all met for dep_context=requeueable deps ti=<TaskInstance: fetch_and_parse_cris_data.parse_cris_data scheduled__2024-05-12T07:00:00+00:00 [queued]>
[2024-05-15T07:51:08.682+0000] {taskinstance.py:2303} INFO - Starting attempt 1 of 2
[2024-05-15T07:51:08.718+0000] {taskinstance.py:2327} INFO - Executing <Task(PythonOperator): parse_cris_data> on 2024-05-12 07:00:00+00:00
[2024-05-15T07:51:08.737+0000] {warnings.py:110} WARNING - /home/***/.local/lib/python3.12/site-packages/***/task/task_runner/standard_task_runner.py:61: DeprecationWarning: This process (pid=1964) is multi-threaded, use of fork() may lead to deadlocks in the child.
  pid = os.fork()

[2024-05-15T07:51:08.746+0000] {standard_task_runner.py:63} INFO - Started process 1985 to run task
[2024-05-15T07:51:08.745+0000] {standard_task_runner.py:90} INFO - Running: ['***', 'tasks', 'run', 'fetch_and_parse_cris_data', 'parse_cris_data', 'scheduled__2024-05-12T07:00:00+00:00', '--job-id', '2413', '--raw', '--subdir', 'DAGS_FOLDER/cris.py', '--cfg-path', '/tmp/tmp4fu0m0t6']
[2024-05-15T07:51:08.755+0000] {standard_task_runner.py:91} INFO - Job 2413: Subtask parse_cris_data
[2024-05-15T07:51:08.881+0000] {task_command.py:426} INFO - Running <TaskInstance: fetch_and_parse_cris_data.parse_cris_data scheduled__2024-05-12T07:00:00+00:00 [running]> on host e8691f41e037
[2024-05-15T07:51:09.156+0000] {taskinstance.py:2644} INFO - Exporting env vars: AIRFLOW_CTX_DAG_OWNER='***' AIRFLOW_CTX_DAG_ID='fetch_and_parse_cris_data' AIRFLOW_CTX_TASK_ID='parse_cris_data' AIRFLOW_CTX_EXECUTION_DATE='2024-05-12T07:00:00+00:00' AIRFLOW_CTX_TRY_NUMBER='1' AIRFLOW_CTX_DAG_RUN_ID='scheduled__2024-05-12T07:00:00+00:00'
[2024-05-15T07:51:09.184+0000] {taskinstance.py:430} INFO - ::endgroup::
[2024-05-15T07:51:09.185+0000] {taskinstance.py:441} INFO - ::group::Post task execution logs
[2024-05-15T07:51:09.186+0000] {taskinstance.py:2890} ERROR - Task failed with exception
Traceback (most recent call last):
  File "/home/airflow/.local/lib/python3.12/site-packages/airflow/models/taskinstance.py", line 465, in _execute_task
    result = _execute_callable(context=context, **execute_callable_kwargs)
             ^^^^^^^^^^^^^^^^^^^^^^^^^^^^^^^^^^^^^^^^^^^^^^^^^^^^^^^^^^^^^
  File "/home/airflow/.local/lib/python3.12/site-packages/airflow/models/taskinstance.py", line 432, in _execute_callable
    return execute_callable(context=context, **execute_callable_kwargs)
           ^^^^^^^^^^^^^^^^^^^^^^^^^^^^^^^^^^^^^^^^^^^^^^^^^^^^^^^^^^^^
  File "/home/airflow/.local/lib/python3.12/site-packages/airflow/models/baseoperator.py", line 400, in wrapper
    return func(self, *args, **kwargs)
           ^^^^^^^^^^^^^^^^^^^^^^^^^^^
  File "/home/airflow/.local/lib/python3.12/site-packages/airflow/operators/python.py", line 235, in execute
    return_value = self.execute_callable()
                   ^^^^^^^^^^^^^^^^^^^^^^^
  File "/home/airflow/.local/lib/python3.12/site-packages/airflow/operators/python.py", line 252, in execute_callable
    return self.python_callable(*self.op_args, **self.op_kwargs)
           ^^^^^^^^^^^^^^^^^^^^^^^^^^^^^^^^^^^^^^^^^^^^^^^^^^^^^
TypeError: parse_cris_data_and_save() missing 1 required positional argument: 'data'
[2024-05-15T07:51:09.205+0000] {taskinstance.py:1205} INFO - Marking task as UP_FOR_RETRY. dag_id=fetch_and_parse_cris_data, task_id=parse_cris_data, execution_date=20240512T070000, start_date=20240515T075108, end_date=20240515T075109
[2024-05-15T07:51:09.239+0000] {standard_task_runner.py:110} ERROR - Failed to execute job 2413 for task parse_cris_data (parse_cris_data_and_save() missing 1 required positional argument: 'data'; 1985)
[2024-05-15T07:51:09.306+0000] {local_task_job_runner.py:240} INFO - Task exited with return code 1
[2024-05-15T07:51:09.607+0000] {taskinstance.py:3482} INFO - 0 downstream tasks scheduled from follow-on schedule check
[2024-05-15T07:51:09.612+0000] {local_task_job_runner.py:222} INFO - ::endgroup::
