[2024-05-25T10:21:18.941+0000] {local_task_job_runner.py:120} INFO - ::group::Pre task execution logs
[2024-05-25T10:21:18.986+0000] {taskinstance.py:2073} INFO - Dependencies all met for dep_context=non-requeueable deps ti=<TaskInstance: fetch_parse_store_report_forecast_weather_data.fetch_and_save_weather_data scheduled__2024-04-14T05:00:00+00:00 [queued]>
[2024-05-25T10:21:19.000+0000] {taskinstance.py:2073} INFO - Dependencies all met for dep_context=requeueable deps ti=<TaskInstance: fetch_parse_store_report_forecast_weather_data.fetch_and_save_weather_data scheduled__2024-04-14T05:00:00+00:00 [queued]>
[2024-05-25T10:21:19.001+0000] {taskinstance.py:2303} INFO - Starting attempt 1 of 2
[2024-05-25T10:21:19.027+0000] {taskinstance.py:2327} INFO - Executing <Task(PythonOperator): fetch_and_save_weather_data> on 2024-04-14 05:00:00+00:00
[2024-05-25T10:21:19.044+0000] {warnings.py:110} WARNING - /home/***/.local/lib/python3.12/site-packages/***/task/task_runner/standard_task_runner.py:61: DeprecationWarning: This process (pid=352) is multi-threaded, use of fork() may lead to deadlocks in the child.
  pid = os.fork()

[2024-05-25T10:21:19.046+0000] {standard_task_runner.py:63} INFO - Started process 538 to run task
[2024-05-25T10:21:19.048+0000] {standard_task_runner.py:90} INFO - Running: ['***', 'tasks', 'run', 'fetch_parse_store_report_forecast_weather_data', 'fetch_and_save_weather_data', 'scheduled__2024-04-14T05:00:00+00:00', '--job-id', '6561', '--raw', '--subdir', 'DAGS_FOLDER/cris.py', '--cfg-path', '/tmp/tmp80fd5one']
[2024-05-25T10:21:19.050+0000] {standard_task_runner.py:91} INFO - Job 6561: Subtask fetch_and_save_weather_data
[2024-05-25T10:21:19.122+0000] {task_command.py:426} INFO - Running <TaskInstance: fetch_parse_store_report_forecast_weather_data.fetch_and_save_weather_data scheduled__2024-04-14T05:00:00+00:00 [running]> on host b151419bfa2a
[2024-05-25T10:21:19.288+0000] {taskinstance.py:2644} INFO - Exporting env vars: AIRFLOW_CTX_DAG_OWNER='***' AIRFLOW_CTX_DAG_ID='fetch_parse_store_report_forecast_weather_data' AIRFLOW_CTX_TASK_ID='fetch_and_save_weather_data' AIRFLOW_CTX_EXECUTION_DATE='2024-04-14T05:00:00+00:00' AIRFLOW_CTX_TRY_NUMBER='1' AIRFLOW_CTX_DAG_RUN_ID='scheduled__2024-04-14T05:00:00+00:00'
[2024-05-25T10:21:19.290+0000] {taskinstance.py:430} INFO - ::endgroup::
[2024-05-25T10:21:25.648+0000] {logging_mixin.py:188} INFO - Data has been successfully saved to the JSON file
[2024-05-25T10:21:25.650+0000] {python.py:237} INFO - Done. Returned value was: None
[2024-05-25T10:21:25.651+0000] {taskinstance.py:441} INFO - ::group::Post task execution logs
[2024-05-25T10:21:25.675+0000] {taskinstance.py:1205} INFO - Marking task as SUCCESS. dag_id=fetch_parse_store_report_forecast_weather_data, task_id=fetch_and_save_weather_data, execution_date=20240414T050000, start_date=20240525T102118, end_date=20240525T102125
[2024-05-25T10:21:25.987+0000] {local_task_job_runner.py:240} INFO - Task exited with return code 0
[2024-05-25T10:21:26.035+0000] {taskinstance.py:3482} INFO - 1 downstream tasks scheduled from follow-on schedule check
[2024-05-25T10:21:26.039+0000] {local_task_job_runner.py:222} INFO - ::endgroup::
