[2024-05-27T08:16:00.619+0000] {local_task_job_runner.py:120} INFO - ::group::Pre task execution logs
[2024-05-27T08:16:00.713+0000] {taskinstance.py:2073} INFO - Dependencies all met for dep_context=non-requeueable deps ti=<TaskInstance: fetch_parse_store_report_weather_data.generate_report scheduled__2024-05-19T09:00:00+00:00 [queued]>
[2024-05-27T08:16:00.784+0000] {taskinstance.py:2073} INFO - Dependencies all met for dep_context=requeueable deps ti=<TaskInstance: fetch_parse_store_report_weather_data.generate_report scheduled__2024-05-19T09:00:00+00:00 [queued]>
[2024-05-27T08:16:00.796+0000] {taskinstance.py:2303} INFO - Starting attempt 1 of 2
[2024-05-27T08:16:00.928+0000] {taskinstance.py:2327} INFO - Executing <Task(PythonOperator): generate_report> on 2024-05-19 09:00:00+00:00
[2024-05-27T08:16:00.981+0000] {warnings.py:110} WARNING - /home/***/.local/lib/python3.12/site-packages/***/task/task_runner/standard_task_runner.py:61: DeprecationWarning: This process (pid=17271) is multi-threaded, use of fork() may lead to deadlocks in the child.
  pid = os.fork()

[2024-05-27T08:16:00.983+0000] {standard_task_runner.py:63} INFO - Started process 17439 to run task
[2024-05-27T08:16:00.998+0000] {standard_task_runner.py:90} INFO - Running: ['***', 'tasks', 'run', 'fetch_parse_store_report_weather_data', 'generate_report', 'scheduled__2024-05-19T09:00:00+00:00', '--job-id', '11951', '--raw', '--subdir', 'DAGS_FOLDER/cris.py', '--cfg-path', '/tmp/tmpz3xm7nzb']
[2024-05-27T08:16:01.015+0000] {standard_task_runner.py:91} INFO - Job 11951: Subtask generate_report
[2024-05-27T08:16:01.250+0000] {task_command.py:426} INFO - Running <TaskInstance: fetch_parse_store_report_weather_data.generate_report scheduled__2024-05-19T09:00:00+00:00 [running]> on host b151419bfa2a
[2024-05-27T08:16:01.840+0000] {taskinstance.py:2644} INFO - Exporting env vars: AIRFLOW_CTX_DAG_OWNER='***' AIRFLOW_CTX_DAG_ID='fetch_parse_store_report_weather_data' AIRFLOW_CTX_TASK_ID='generate_report' AIRFLOW_CTX_EXECUTION_DATE='2024-05-19T09:00:00+00:00' AIRFLOW_CTX_TRY_NUMBER='1' AIRFLOW_CTX_DAG_RUN_ID='scheduled__2024-05-19T09:00:00+00:00'
[2024-05-27T08:16:01.849+0000] {taskinstance.py:430} INFO - ::endgroup::
[2024-05-27T08:16:01.891+0000] {base.py:84} INFO - Using connection ID 'postgres_default' for task execution.
[2024-05-27T08:16:01.933+0000] {logging_mixin.py:188} INFO - Error connecting to the database or fetching data: connection to server at "postgres" (172.21.0.4), port 5432 failed: FATAL:  database "weather_data" does not exist
[2024-05-27T08:16:01.934+0000] {python.py:237} INFO - Done. Returned value was: None
[2024-05-27T08:16:01.935+0000] {taskinstance.py:441} INFO - ::group::Post task execution logs
[2024-05-27T08:16:01.978+0000] {taskinstance.py:1205} INFO - Marking task as SUCCESS. dag_id=fetch_parse_store_report_weather_data, task_id=generate_report, execution_date=20240519T090000, start_date=20240527T081600, end_date=20240527T081601
[2024-05-27T08:16:02.130+0000] {local_task_job_runner.py:240} INFO - Task exited with return code 0
[2024-05-27T08:16:02.187+0000] {taskinstance.py:3482} INFO - 1 downstream tasks scheduled from follow-on schedule check
[2024-05-27T08:16:02.199+0000] {local_task_job_runner.py:222} INFO - ::endgroup::
