[2024-05-27T08:11:23.500+0000] {local_task_job_runner.py:120} INFO - ::group::Pre task execution logs
[2024-05-27T08:11:23.526+0000] {taskinstance.py:2073} INFO - Dependencies all met for dep_context=non-requeueable deps ti=<TaskInstance: fetch_parse_store_report_weather_data.send_report_to_telegram scheduled__2024-05-19T14:00:00+00:00 [queued]>
[2024-05-27T08:11:23.535+0000] {taskinstance.py:2073} INFO - Dependencies all met for dep_context=requeueable deps ti=<TaskInstance: fetch_parse_store_report_weather_data.send_report_to_telegram scheduled__2024-05-19T14:00:00+00:00 [queued]>
[2024-05-27T08:11:23.536+0000] {taskinstance.py:2303} INFO - Starting attempt 1 of 2
[2024-05-27T08:11:23.552+0000] {taskinstance.py:2327} INFO - Executing <Task(PythonOperator): send_report_to_telegram> on 2024-05-19 14:00:00+00:00
[2024-05-27T08:11:23.569+0000] {warnings.py:110} WARNING - /home/***/.local/lib/python3.12/site-packages/***/task/task_runner/standard_task_runner.py:61: DeprecationWarning: This process (pid=14859) is multi-threaded, use of fork() may lead to deadlocks in the child.
  pid = os.fork()

[2024-05-27T08:11:23.571+0000] {standard_task_runner.py:63} INFO - Started process 14899 to run task
[2024-05-27T08:11:23.571+0000] {standard_task_runner.py:90} INFO - Running: ['***', 'tasks', 'run', 'fetch_parse_store_report_weather_data', 'send_report_to_telegram', 'scheduled__2024-05-19T14:00:00+00:00', '--job-id', '11792', '--raw', '--subdir', 'DAGS_FOLDER/cris.py', '--cfg-path', '/tmp/tmpzgceletf']
[2024-05-27T08:11:23.572+0000] {standard_task_runner.py:91} INFO - Job 11792: Subtask send_report_to_telegram
[2024-05-27T08:11:23.625+0000] {task_command.py:426} INFO - Running <TaskInstance: fetch_parse_store_report_weather_data.send_report_to_telegram scheduled__2024-05-19T14:00:00+00:00 [running]> on host b151419bfa2a
[2024-05-27T08:11:23.728+0000] {taskinstance.py:2644} INFO - Exporting env vars: AIRFLOW_CTX_DAG_OWNER='***' AIRFLOW_CTX_DAG_ID='fetch_parse_store_report_weather_data' AIRFLOW_CTX_TASK_ID='send_report_to_telegram' AIRFLOW_CTX_EXECUTION_DATE='2024-05-19T14:00:00+00:00' AIRFLOW_CTX_TRY_NUMBER='1' AIRFLOW_CTX_DAG_RUN_ID='scheduled__2024-05-19T14:00:00+00:00'
[2024-05-27T08:11:23.730+0000] {taskinstance.py:430} INFO - ::endgroup::
[2024-05-27T08:11:23.731+0000] {logging_mixin.py:188} INFO - File /tmp/report.txt does not exist
[2024-05-27T08:11:23.731+0000] {logging_mixin.py:188} INFO - File /tmp/temperature_plot.png does not exist
[2024-05-27T08:11:23.732+0000] {logging_mixin.py:188} INFO - File /tmp/pressure_plot.png does not exist
[2024-05-27T08:11:23.732+0000] {python.py:237} INFO - Done. Returned value was: None
[2024-05-27T08:11:23.733+0000] {taskinstance.py:441} INFO - ::group::Post task execution logs
[2024-05-27T08:11:23.742+0000] {taskinstance.py:1205} INFO - Marking task as SUCCESS. dag_id=fetch_parse_store_report_weather_data, task_id=send_report_to_telegram, execution_date=20240519T140000, start_date=20240527T081123, end_date=20240527T081123
[2024-05-27T08:11:23.786+0000] {local_task_job_runner.py:240} INFO - Task exited with return code 0
[2024-05-27T08:11:23.804+0000] {taskinstance.py:3482} INFO - 0 downstream tasks scheduled from follow-on schedule check
[2024-05-27T08:11:23.807+0000] {local_task_job_runner.py:222} INFO - ::endgroup::
