[2024-05-25T10:04:07.320+0000] {local_task_job_runner.py:120} INFO - ::group::Pre task execution logs
[2024-05-25T10:04:07.354+0000] {taskinstance.py:2073} INFO - Dependencies all met for dep_context=non-requeueable deps ti=<TaskInstance: train_lstm_model.train_model scheduled__2024-05-03T00:00:00+00:00 [queued]>
[2024-05-25T10:04:07.369+0000] {taskinstance.py:2073} INFO - Dependencies all met for dep_context=requeueable deps ti=<TaskInstance: train_lstm_model.train_model scheduled__2024-05-03T00:00:00+00:00 [queued]>
[2024-05-25T10:04:07.370+0000] {taskinstance.py:2303} INFO - Starting attempt 2 of 2
[2024-05-25T10:04:07.393+0000] {taskinstance.py:2327} INFO - Executing <Task(PythonOperator): train_model> on 2024-05-03 00:00:00+00:00
[2024-05-25T10:04:07.420+0000] {standard_task_runner.py:90} INFO - Running: ['***', 'tasks', 'run', 'train_lstm_model', 'train_model', 'scheduled__2024-05-03T00:00:00+00:00', '--job-id', '6389', '--raw', '--subdir', 'DAGS_FOLDER/model_dag.py', '--cfg-path', '/tmp/tmpf2fwxcan']
[2024-05-25T10:04:07.419+0000] {warnings.py:110} WARNING - /home/***/.local/lib/python3.12/site-packages/***/task/task_runner/standard_task_runner.py:61: DeprecationWarning: This process (pid=1678) is multi-threaded, use of fork() may lead to deadlocks in the child.
  pid = os.fork()

[2024-05-25T10:04:07.422+0000] {standard_task_runner.py:91} INFO - Job 6389: Subtask train_model
[2024-05-25T10:04:07.422+0000] {standard_task_runner.py:63} INFO - Started process 1742 to run task
[2024-05-25T10:04:07.488+0000] {task_command.py:426} INFO - Running <TaskInstance: train_lstm_model.train_model scheduled__2024-05-03T00:00:00+00:00 [running]> on host 9dd3157499a4
[2024-05-25T10:04:07.633+0000] {taskinstance.py:2644} INFO - Exporting env vars: AIRFLOW_CTX_DAG_OWNER='***' AIRFLOW_CTX_DAG_ID='train_lstm_model' AIRFLOW_CTX_TASK_ID='train_model' AIRFLOW_CTX_EXECUTION_DATE='2024-05-03T00:00:00+00:00' AIRFLOW_CTX_TRY_NUMBER='2' AIRFLOW_CTX_DAG_RUN_ID='scheduled__2024-05-03T00:00:00+00:00'
[2024-05-25T10:04:07.635+0000] {taskinstance.py:430} INFO - ::endgroup::
[2024-05-25T10:04:07.651+0000] {base.py:84} INFO - Using connection ID 'postgres_default' for task execution.
[2024-05-25T10:04:07.657+0000] {taskinstance.py:441} INFO - ::group::Post task execution logs
[2024-05-25T10:04:07.658+0000] {taskinstance.py:2890} ERROR - Task failed with exception
Traceback (most recent call last):
  File "/home/airflow/.local/lib/python3.12/site-packages/airflow/models/taskinstance.py", line 465, in _execute_task
    result = _execute_callable(context=context, **execute_callable_kwargs)
             ^^^^^^^^^^^^^^^^^^^^^^^^^^^^^^^^^^^^^^^^^^^^^^^^^^^^^^^^^^^^^
  File "/home/airflow/.local/lib/python3.12/site-packages/airflow/models/taskinstance.py", line 432, in _execute_callable
    return execute_callable(context=context, **execute_callable_kwargs)
           ^^^^^^^^^^^^^^^^^^^^^^^^^^^^^^^^^^^^^^^^^^^^^^^^^^^^^^^^^^^^
  File "/home/airflow/.local/lib/python3.12/site-packages/airflow/models/baseoperator.py", line 400, in wrapper
    return func(self, *args, **kwargs)
           ^^^^^^^^^^^^^^^^^^^^^^^^^^^
  File "/home/airflow/.local/lib/python3.12/site-packages/airflow/operators/python.py", line 235, in execute
    return_value = self.execute_callable()
                   ^^^^^^^^^^^^^^^^^^^^^^^
  File "/home/airflow/.local/lib/python3.12/site-packages/airflow/operators/python.py", line 252, in execute_callable
    return self.python_callable(*self.op_args, **self.op_kwargs)
           ^^^^^^^^^^^^^^^^^^^^^^^^^^^^^^^^^^^^^^^^^^^^^^^^^^^^^
  File "/opt/airflow/dags/model_dag.py", line 27, in train_model
    pg_conn = pg_hook.get_conn()
              ^^^^^^^^^^^^^^^^^^
  File "/home/airflow/.local/lib/python3.12/site-packages/airflow/providers/postgres/hooks/postgres.py", line 161, in get_conn
    self.conn = psycopg2.connect(**conn_args)
                ^^^^^^^^^^^^^^^^^^^^^^^^^^^^^
  File "/home/airflow/.local/lib/python3.12/site-packages/psycopg2/__init__.py", line 122, in connect
    conn = _connect(dsn, connection_factory=connection_factory, **kwasync)
           ^^^^^^^^^^^^^^^^^^^^^^^^^^^^^^^^^^^^^^^^^^^^^^^^^^^^^^^^^^^^^^^
psycopg2.OperationalError: connection to server at "postgres" (172.18.0.3), port 5432 failed: FATAL:  database "weather_data" does not exist

[2024-05-25T10:04:07.682+0000] {taskinstance.py:1205} INFO - Marking task as FAILED. dag_id=train_lstm_model, task_id=train_model, execution_date=20240503T000000, start_date=20240525T100407, end_date=20240525T100407
[2024-05-25T10:04:07.702+0000] {standard_task_runner.py:110} ERROR - Failed to execute job 6389 for task train_model (connection to server at "postgres" (172.18.0.3), port 5432 failed: FATAL:  database "weather_data" does not exist
; 1742)
[2024-05-25T10:04:07.758+0000] {local_task_job_runner.py:240} INFO - Task exited with return code 1
[2024-05-25T10:04:07.786+0000] {taskinstance.py:3482} INFO - 0 downstream tasks scheduled from follow-on schedule check
[2024-05-25T10:04:07.789+0000] {local_task_job_runner.py:222} INFO - ::endgroup::
