[2024-05-25T13:31:39.760+0000] {local_task_job_runner.py:120} INFO - ::group::Pre task execution logs
[2024-05-25T13:31:39.792+0000] {taskinstance.py:2073} INFO - Dependencies all met for dep_context=non-requeueable deps ti=<TaskInstance: fetch_parse_store_report_forecast_weather_data.fetch_and_save_weather_data scheduled__2024-05-05T01:00:00+00:00 [queued]>
[2024-05-25T13:31:39.803+0000] {taskinstance.py:2073} INFO - Dependencies all met for dep_context=requeueable deps ti=<TaskInstance: fetch_parse_store_report_forecast_weather_data.fetch_and_save_weather_data scheduled__2024-05-05T01:00:00+00:00 [queued]>
[2024-05-25T13:31:39.804+0000] {taskinstance.py:2303} INFO - Starting attempt 1 of 2
[2024-05-25T13:31:39.825+0000] {taskinstance.py:2327} INFO - Executing <Task(PythonOperator): fetch_and_save_weather_data> on 2024-05-05 01:00:00+00:00
[2024-05-25T13:31:39.841+0000] {warnings.py:110} WARNING - /home/***/.local/lib/python3.12/site-packages/***/task/task_runner/standard_task_runner.py:61: DeprecationWarning: This process (pid=7639) is multi-threaded, use of fork() may lead to deadlocks in the child.
  pid = os.fork()

[2024-05-25T13:31:39.843+0000] {standard_task_runner.py:63} INFO - Started process 7708 to run task
[2024-05-25T13:31:39.844+0000] {standard_task_runner.py:90} INFO - Running: ['***', 'tasks', 'run', 'fetch_parse_store_report_forecast_weather_data', 'fetch_and_save_weather_data', 'scheduled__2024-05-05T01:00:00+00:00', '--job-id', '8596', '--raw', '--subdir', 'DAGS_FOLDER/cris.py', '--cfg-path', '/tmp/tmp5nscaqta']
[2024-05-25T13:31:39.845+0000] {standard_task_runner.py:91} INFO - Job 8596: Subtask fetch_and_save_weather_data
[2024-05-25T13:31:39.900+0000] {task_command.py:426} INFO - Running <TaskInstance: fetch_parse_store_report_forecast_weather_data.fetch_and_save_weather_data scheduled__2024-05-05T01:00:00+00:00 [running]> on host b151419bfa2a
[2024-05-25T13:31:40.009+0000] {taskinstance.py:2644} INFO - Exporting env vars: AIRFLOW_CTX_DAG_OWNER='***' AIRFLOW_CTX_DAG_ID='fetch_parse_store_report_forecast_weather_data' AIRFLOW_CTX_TASK_ID='fetch_and_save_weather_data' AIRFLOW_CTX_EXECUTION_DATE='2024-05-05T01:00:00+00:00' AIRFLOW_CTX_TRY_NUMBER='1' AIRFLOW_CTX_DAG_RUN_ID='scheduled__2024-05-05T01:00:00+00:00'
[2024-05-25T13:31:40.011+0000] {taskinstance.py:430} INFO - ::endgroup::
[2024-05-25T13:31:41.076+0000] {logging_mixin.py:188} INFO - Data has been successfully saved to the JSON file
[2024-05-25T13:31:41.077+0000] {python.py:237} INFO - Done. Returned value was: None
[2024-05-25T13:31:41.078+0000] {taskinstance.py:441} INFO - ::group::Post task execution logs
[2024-05-25T13:31:41.090+0000] {taskinstance.py:1205} INFO - Marking task as SUCCESS. dag_id=fetch_parse_store_report_forecast_weather_data, task_id=fetch_and_save_weather_data, execution_date=20240505T010000, start_date=20240525T133139, end_date=20240525T133141
[2024-05-25T13:31:41.141+0000] {local_task_job_runner.py:240} INFO - Task exited with return code 0
[2024-05-25T13:31:41.179+0000] {taskinstance.py:3482} INFO - 1 downstream tasks scheduled from follow-on schedule check
[2024-05-25T13:31:41.181+0000] {local_task_job_runner.py:222} INFO - ::endgroup::
