[2024-05-27T07:45:47.739+0000] {local_task_job_runner.py:120} INFO - ::group::Pre task execution logs
[2024-05-27T07:45:47.771+0000] {taskinstance.py:2073} INFO - Dependencies all met for dep_context=non-requeueable deps ti=<TaskInstance: fetch_parse_store_report_weather_data.fetch_and_save_weather_data scheduled__2024-05-10T00:00:00+00:00 [queued]>
[2024-05-27T07:45:47.783+0000] {taskinstance.py:2073} INFO - Dependencies all met for dep_context=requeueable deps ti=<TaskInstance: fetch_parse_store_report_weather_data.fetch_and_save_weather_data scheduled__2024-05-10T00:00:00+00:00 [queued]>
[2024-05-27T07:45:47.784+0000] {taskinstance.py:2303} INFO - Starting attempt 1 of 2
[2024-05-27T07:45:47.812+0000] {taskinstance.py:2327} INFO - Executing <Task(PythonOperator): fetch_and_save_weather_data> on 2024-05-10 00:00:00+00:00
[2024-05-27T07:45:47.828+0000] {warnings.py:110} WARNING - /home/***/.local/lib/python3.12/site-packages/***/task/task_runner/standard_task_runner.py:61: DeprecationWarning: This process (pid=353) is multi-threaded, use of fork() may lead to deadlocks in the child.
  pid = os.fork()

[2024-05-27T07:45:47.830+0000] {standard_task_runner.py:63} INFO - Started process 577 to run task
[2024-05-27T07:45:47.832+0000] {standard_task_runner.py:90} INFO - Running: ['***', 'tasks', 'run', 'fetch_parse_store_report_weather_data', 'fetch_and_save_weather_data', 'scheduled__2024-05-10T00:00:00+00:00', '--job-id', '10875', '--raw', '--subdir', 'DAGS_FOLDER/cris.py', '--cfg-path', '/tmp/tmpmhz6b97z']
[2024-05-27T07:45:47.833+0000] {standard_task_runner.py:91} INFO - Job 10875: Subtask fetch_and_save_weather_data
[2024-05-27T07:45:47.891+0000] {task_command.py:426} INFO - Running <TaskInstance: fetch_parse_store_report_weather_data.fetch_and_save_weather_data scheduled__2024-05-10T00:00:00+00:00 [running]> on host b151419bfa2a
[2024-05-27T07:45:48.081+0000] {taskinstance.py:2644} INFO - Exporting env vars: AIRFLOW_CTX_DAG_OWNER='***' AIRFLOW_CTX_DAG_ID='fetch_parse_store_report_weather_data' AIRFLOW_CTX_TASK_ID='fetch_and_save_weather_data' AIRFLOW_CTX_EXECUTION_DATE='2024-05-10T00:00:00+00:00' AIRFLOW_CTX_TRY_NUMBER='1' AIRFLOW_CTX_DAG_RUN_ID='scheduled__2024-05-10T00:00:00+00:00'
[2024-05-27T07:45:48.083+0000] {taskinstance.py:430} INFO - ::endgroup::
[2024-05-27T07:45:56.940+0000] {logging_mixin.py:188} INFO - Data has been successfully saved to the JSON file
[2024-05-27T07:45:56.949+0000] {python.py:237} INFO - Done. Returned value was: None
[2024-05-27T07:45:56.951+0000] {taskinstance.py:441} INFO - ::group::Post task execution logs
[2024-05-27T07:45:57.007+0000] {taskinstance.py:1205} INFO - Marking task as SUCCESS. dag_id=fetch_parse_store_report_weather_data, task_id=fetch_and_save_weather_data, execution_date=20240510T000000, start_date=20240527T074547, end_date=20240527T074557
[2024-05-27T07:45:57.264+0000] {local_task_job_runner.py:240} INFO - Task exited with return code 0
[2024-05-27T07:45:57.337+0000] {taskinstance.py:3482} INFO - 1 downstream tasks scheduled from follow-on schedule check
[2024-05-27T07:45:57.353+0000] {local_task_job_runner.py:222} INFO - ::endgroup::
