[2024-05-25T09:59:13.660+0000] {local_task_job_runner.py:120} INFO - ::group::Pre task execution logs
[2024-05-25T09:59:13.712+0000] {taskinstance.py:2073} INFO - Dependencies all met for dep_context=non-requeueable deps ti=<TaskInstance: fetch_parse_store_report_forecast_weather_data.save_data_to_db scheduled__2024-04-12T08:00:00+00:00 [queued]>
[2024-05-25T09:59:13.736+0000] {taskinstance.py:2073} INFO - Dependencies all met for dep_context=requeueable deps ti=<TaskInstance: fetch_parse_store_report_forecast_weather_data.save_data_to_db scheduled__2024-04-12T08:00:00+00:00 [queued]>
[2024-05-25T09:59:13.738+0000] {taskinstance.py:2303} INFO - Starting attempt 1 of 2
[2024-05-25T09:59:13.768+0000] {taskinstance.py:2327} INFO - Executing <Task(PythonOperator): save_data_to_db> on 2024-04-12 08:00:00+00:00
[2024-05-25T09:59:13.789+0000] {warnings.py:110} WARNING - /home/***/.local/lib/python3.12/site-packages/***/task/task_runner/standard_task_runner.py:61: DeprecationWarning: This process (pid=570) is multi-threaded, use of fork() may lead to deadlocks in the child.
  pid = os.fork()

[2024-05-25T09:59:13.790+0000] {standard_task_runner.py:63} INFO - Started process 702 to run task
[2024-05-25T09:59:13.791+0000] {standard_task_runner.py:90} INFO - Running: ['***', 'tasks', 'run', 'fetch_parse_store_report_forecast_weather_data', 'save_data_to_db', 'scheduled__2024-04-12T08:00:00+00:00', '--job-id', '6205', '--raw', '--subdir', 'DAGS_FOLDER/cris.py', '--cfg-path', '/tmp/tmpxh83l4uh']
[2024-05-25T09:59:13.793+0000] {standard_task_runner.py:91} INFO - Job 6205: Subtask save_data_to_db
[2024-05-25T09:59:13.886+0000] {task_command.py:426} INFO - Running <TaskInstance: fetch_parse_store_report_forecast_weather_data.save_data_to_db scheduled__2024-04-12T08:00:00+00:00 [running]> on host 9dd3157499a4
[2024-05-25T09:59:14.069+0000] {taskinstance.py:2644} INFO - Exporting env vars: AIRFLOW_CTX_DAG_OWNER='***' AIRFLOW_CTX_DAG_ID='fetch_parse_store_report_forecast_weather_data' AIRFLOW_CTX_TASK_ID='save_data_to_db' AIRFLOW_CTX_EXECUTION_DATE='2024-04-12T08:00:00+00:00' AIRFLOW_CTX_TRY_NUMBER='1' AIRFLOW_CTX_DAG_RUN_ID='scheduled__2024-04-12T08:00:00+00:00'
[2024-05-25T09:59:14.075+0000] {taskinstance.py:430} INFO - ::endgroup::
[2024-05-25T09:59:14.102+0000] {base.py:84} INFO - Using connection ID 'postgres_default' for task execution.
[2024-05-25T09:59:14.109+0000] {logging_mixin.py:188} INFO - Error connecting to the database: connection to server at "postgres" (172.18.0.3), port 5432 failed: FATAL:  database "weather_data" does not exist
[2024-05-25T09:59:14.110+0000] {python.py:237} INFO - Done. Returned value was: None
[2024-05-25T09:59:14.111+0000] {taskinstance.py:441} INFO - ::group::Post task execution logs
[2024-05-25T09:59:14.132+0000] {taskinstance.py:1205} INFO - Marking task as SUCCESS. dag_id=fetch_parse_store_report_forecast_weather_data, task_id=save_data_to_db, execution_date=20240412T080000, start_date=20240525T095913, end_date=20240525T095914
[2024-05-25T09:59:14.208+0000] {local_task_job_runner.py:240} INFO - Task exited with return code 0
[2024-05-25T09:59:14.304+0000] {taskinstance.py:3482} INFO - 1 downstream tasks scheduled from follow-on schedule check
[2024-05-25T09:59:14.312+0000] {local_task_job_runner.py:222} INFO - ::endgroup::
