[2024-05-26T00:24:01.175+0000] {local_task_job_runner.py:120} INFO - ::group::Pre task execution logs
[2024-05-26T00:24:01.205+0000] {taskinstance.py:2073} INFO - Dependencies all met for dep_context=non-requeueable deps ti=<TaskInstance: fetch_and_parse_weather_data.fetch_and_save_weather_data scheduled__2024-05-25T15:00:00+00:00 [queued]>
[2024-05-26T00:24:01.216+0000] {taskinstance.py:2073} INFO - Dependencies all met for dep_context=requeueable deps ti=<TaskInstance: fetch_and_parse_weather_data.fetch_and_save_weather_data scheduled__2024-05-25T15:00:00+00:00 [queued]>
[2024-05-26T00:24:01.217+0000] {taskinstance.py:2303} INFO - Starting attempt 1 of 2
[2024-05-26T00:24:01.236+0000] {taskinstance.py:2327} INFO - Executing <Task(PythonOperator): fetch_and_save_weather_data> on 2024-05-25 15:00:00+00:00
[2024-05-26T00:24:01.246+0000] {warnings.py:110} WARNING - /home/***/.local/lib/python3.12/site-packages/***/task/task_runner/standard_task_runner.py:61: DeprecationWarning: This process (pid=9432) is multi-threaded, use of fork() may lead to deadlocks in the child.
  pid = os.fork()

[2024-05-26T00:24:01.248+0000] {standard_task_runner.py:63} INFO - Started process 9495 to run task
[2024-05-26T00:24:01.248+0000] {standard_task_runner.py:90} INFO - Running: ['***', 'tasks', 'run', 'fetch_and_parse_weather_data', 'fetch_and_save_weather_data', 'scheduled__2024-05-25T15:00:00+00:00', '--job-id', '8717', '--raw', '--subdir', 'DAGS_FOLDER/json_dag.py', '--cfg-path', '/tmp/tmp8570xgyd']
[2024-05-26T00:24:01.251+0000] {standard_task_runner.py:91} INFO - Job 8717: Subtask fetch_and_save_weather_data
[2024-05-26T00:24:01.315+0000] {task_command.py:426} INFO - Running <TaskInstance: fetch_and_parse_weather_data.fetch_and_save_weather_data scheduled__2024-05-25T15:00:00+00:00 [running]> on host b151419bfa2a
[2024-05-26T00:24:01.442+0000] {taskinstance.py:2644} INFO - Exporting env vars: AIRFLOW_CTX_DAG_OWNER='***' AIRFLOW_CTX_DAG_ID='fetch_and_parse_weather_data' AIRFLOW_CTX_TASK_ID='fetch_and_save_weather_data' AIRFLOW_CTX_EXECUTION_DATE='2024-05-25T15:00:00+00:00' AIRFLOW_CTX_TRY_NUMBER='1' AIRFLOW_CTX_DAG_RUN_ID='scheduled__2024-05-25T15:00:00+00:00'
[2024-05-26T00:24:01.444+0000] {taskinstance.py:430} INFO - ::endgroup::
[2024-05-26T00:24:04.787+0000] {logging_mixin.py:188} INFO - Data has been successfully saved to the JSON file
[2024-05-26T00:24:04.788+0000] {python.py:237} INFO - Done. Returned value was: None
[2024-05-26T00:24:04.790+0000] {taskinstance.py:441} INFO - ::group::Post task execution logs
[2024-05-26T00:24:04.803+0000] {taskinstance.py:1205} INFO - Marking task as SUCCESS. dag_id=fetch_and_parse_weather_data, task_id=fetch_and_save_weather_data, execution_date=20240525T150000, start_date=20240526T002401, end_date=20240526T002404
[2024-05-26T00:24:04.836+0000] {local_task_job_runner.py:240} INFO - Task exited with return code 0
[2024-05-26T00:24:04.866+0000] {taskinstance.py:3482} INFO - 0 downstream tasks scheduled from follow-on schedule check
[2024-05-26T00:24:04.870+0000] {local_task_job_runner.py:222} INFO - ::endgroup::
