[2024-05-07T08:09:01.144+0000] {local_task_job_runner.py:120} INFO - ::group::Pre task execution logs
[2024-05-07T08:09:01.189+0000] {taskinstance.py:2073} INFO - Dependencies all met for dep_context=non-requeueable deps ti=<TaskInstance: fetch_and_parse_cris_data.parse_cris_data scheduled__2024-04-18T00:00:00+00:00 [queued]>
[2024-05-07T08:09:01.209+0000] {taskinstance.py:2073} INFO - Dependencies all met for dep_context=requeueable deps ti=<TaskInstance: fetch_and_parse_cris_data.parse_cris_data scheduled__2024-04-18T00:00:00+00:00 [queued]>
[2024-05-07T08:09:01.212+0000] {taskinstance.py:2303} INFO - Starting attempt 1 of 2
[2024-05-07T08:09:01.267+0000] {taskinstance.py:2327} INFO - Executing <Task(PythonOperator): parse_cris_data> on 2024-04-18 00:00:00+00:00
[2024-05-07T08:09:01.284+0000] {warnings.py:110} WARNING - /home/***/.local/lib/python3.12/site-packages/***/task/task_runner/standard_task_runner.py:61: DeprecationWarning: This process (pid=303) is multi-threaded, use of fork() may lead to deadlocks in the child.
  pid = os.fork()

[2024-05-07T08:09:01.287+0000] {standard_task_runner.py:63} INFO - Started process 335 to run task
[2024-05-07T08:09:01.288+0000] {standard_task_runner.py:90} INFO - Running: ['***', 'tasks', 'run', 'fetch_and_parse_cris_data', 'parse_cris_data', 'scheduled__2024-04-18T00:00:00+00:00', '--job-id', '635', '--raw', '--subdir', 'DAGS_FOLDER/cris.py', '--cfg-path', '/tmp/tmpd3iho4xx']
[2024-05-07T08:09:01.292+0000] {standard_task_runner.py:91} INFO - Job 635: Subtask parse_cris_data
[2024-05-07T08:09:01.380+0000] {task_command.py:426} INFO - Running <TaskInstance: fetch_and_parse_cris_data.parse_cris_data scheduled__2024-04-18T00:00:00+00:00 [running]> on host e8691f41e037
[2024-05-07T08:09:01.547+0000] {taskinstance.py:2644} INFO - Exporting env vars: AIRFLOW_CTX_DAG_OWNER='***' AIRFLOW_CTX_DAG_ID='fetch_and_parse_cris_data' AIRFLOW_CTX_TASK_ID='parse_cris_data' AIRFLOW_CTX_EXECUTION_DATE='2024-04-18T00:00:00+00:00' AIRFLOW_CTX_TRY_NUMBER='1' AIRFLOW_CTX_DAG_RUN_ID='scheduled__2024-04-18T00:00:00+00:00'
[2024-05-07T08:09:01.550+0000] {taskinstance.py:430} INFO - ::endgroup::
[2024-05-07T08:09:01.553+0000] {taskinstance.py:441} INFO - ::group::Post task execution logs
[2024-05-07T08:09:01.564+0000] {taskinstance.py:2890} ERROR - Task failed with exception
Traceback (most recent call last):
  File "/home/airflow/.local/lib/python3.12/site-packages/airflow/models/taskinstance.py", line 465, in _execute_task
    result = _execute_callable(context=context, **execute_callable_kwargs)
             ^^^^^^^^^^^^^^^^^^^^^^^^^^^^^^^^^^^^^^^^^^^^^^^^^^^^^^^^^^^^^
  File "/home/airflow/.local/lib/python3.12/site-packages/airflow/models/taskinstance.py", line 432, in _execute_callable
    return execute_callable(context=context, **execute_callable_kwargs)
           ^^^^^^^^^^^^^^^^^^^^^^^^^^^^^^^^^^^^^^^^^^^^^^^^^^^^^^^^^^^^
  File "/home/airflow/.local/lib/python3.12/site-packages/airflow/models/baseoperator.py", line 400, in wrapper
    return func(self, *args, **kwargs)
           ^^^^^^^^^^^^^^^^^^^^^^^^^^^
  File "/home/airflow/.local/lib/python3.12/site-packages/airflow/operators/python.py", line 235, in execute
    return_value = self.execute_callable()
                   ^^^^^^^^^^^^^^^^^^^^^^^
  File "/home/airflow/.local/lib/python3.12/site-packages/airflow/operators/python.py", line 252, in execute_callable
    return self.python_callable(*self.op_args, **self.op_kwargs)
           ^^^^^^^^^^^^^^^^^^^^^^^^^^^^^^^^^^^^^^^^^^^^^^^^^^^^^
TypeError: parse_cris_data() missing 1 required positional argument: 'data'
[2024-05-07T08:09:01.583+0000] {taskinstance.py:1205} INFO - Marking task as UP_FOR_RETRY. dag_id=fetch_and_parse_cris_data, task_id=parse_cris_data, execution_date=20240418T000000, start_date=20240507T080901, end_date=20240507T080901
[2024-05-07T08:09:01.619+0000] {standard_task_runner.py:110} ERROR - Failed to execute job 635 for task parse_cris_data (parse_cris_data() missing 1 required positional argument: 'data'; 335)
[2024-05-07T08:09:01.671+0000] {local_task_job_runner.py:240} INFO - Task exited with return code 1
[2024-05-07T08:09:01.887+0000] {taskinstance.py:3482} INFO - 0 downstream tasks scheduled from follow-on schedule check
[2024-05-07T08:09:01.903+0000] {local_task_job_runner.py:222} INFO - ::endgroup::
