[2024-05-27T08:07:59.767+0000] {local_task_job_runner.py:120} INFO - ::group::Pre task execution logs
[2024-05-27T08:07:59.834+0000] {taskinstance.py:2073} INFO - Dependencies all met for dep_context=non-requeueable deps ti=<TaskInstance: fetch_parse_store_report_weather_data.send_report_to_telegram scheduled__2024-05-16T05:00:00+00:00 [queued]>
[2024-05-27T08:07:59.859+0000] {taskinstance.py:2073} INFO - Dependencies all met for dep_context=requeueable deps ti=<TaskInstance: fetch_parse_store_report_weather_data.send_report_to_telegram scheduled__2024-05-16T05:00:00+00:00 [queued]>
[2024-05-27T08:07:59.862+0000] {taskinstance.py:2303} INFO - Starting attempt 1 of 2
[2024-05-27T08:07:59.898+0000] {taskinstance.py:2327} INFO - Executing <Task(PythonOperator): send_report_to_telegram> on 2024-05-16 05:00:00+00:00
[2024-05-27T08:07:59.943+0000] {standard_task_runner.py:90} INFO - Running: ['***', 'tasks', 'run', 'fetch_parse_store_report_weather_data', 'send_report_to_telegram', 'scheduled__2024-05-16T05:00:00+00:00', '--job-id', '11691', '--raw', '--subdir', 'DAGS_FOLDER/cris.py', '--cfg-path', '/tmp/tmpj8p9a9ub']
[2024-05-27T08:07:59.932+0000] {warnings.py:110} WARNING - /home/***/.local/lib/python3.12/site-packages/***/task/task_runner/standard_task_runner.py:61: DeprecationWarning: This process (pid=13003) is multi-threaded, use of fork() may lead to deadlocks in the child.
  pid = os.fork()

[2024-05-27T08:07:59.955+0000] {standard_task_runner.py:63} INFO - Started process 13288 to run task
[2024-05-27T08:07:59.953+0000] {standard_task_runner.py:91} INFO - Job 11691: Subtask send_report_to_telegram
[2024-05-27T08:08:11.581+0000] {task_command.py:426} INFO - Running <TaskInstance: fetch_parse_store_report_weather_data.send_report_to_telegram scheduled__2024-05-16T05:00:00+00:00 [running]> on host b151419bfa2a
[2024-05-27T08:08:13.215+0000] {taskinstance.py:2644} INFO - Exporting env vars: AIRFLOW_CTX_DAG_OWNER='***' AIRFLOW_CTX_DAG_ID='fetch_parse_store_report_weather_data' AIRFLOW_CTX_TASK_ID='send_report_to_telegram' AIRFLOW_CTX_EXECUTION_DATE='2024-05-16T05:00:00+00:00' AIRFLOW_CTX_TRY_NUMBER='1' AIRFLOW_CTX_DAG_RUN_ID='scheduled__2024-05-16T05:00:00+00:00'
[2024-05-27T08:08:13.218+0000] {taskinstance.py:430} INFO - ::endgroup::
[2024-05-27T08:08:13.221+0000] {logging_mixin.py:188} INFO - File /tmp/report.txt does not exist
[2024-05-27T08:08:13.228+0000] {logging_mixin.py:188} INFO - File /tmp/temperature_plot.png does not exist
[2024-05-27T08:08:13.229+0000] {logging_mixin.py:188} INFO - File /tmp/pressure_plot.png does not exist
[2024-05-27T08:08:13.231+0000] {python.py:237} INFO - Done. Returned value was: None
[2024-05-27T08:08:13.235+0000] {taskinstance.py:441} INFO - ::group::Post task execution logs
[2024-05-27T08:08:13.254+0000] {taskinstance.py:1205} INFO - Marking task as SUCCESS. dag_id=fetch_parse_store_report_weather_data, task_id=send_report_to_telegram, execution_date=20240516T050000, start_date=20240527T080759, end_date=20240527T080813
[2024-05-27T08:08:13.321+0000] {local_task_job_runner.py:240} INFO - Task exited with return code 0
[2024-05-27T08:08:13.352+0000] {taskinstance.py:3482} INFO - 0 downstream tasks scheduled from follow-on schedule check
[2024-05-27T08:08:13.357+0000] {local_task_job_runner.py:222} INFO - ::endgroup::
