[2024-05-27T08:27:54.430+0000] {local_task_job_runner.py:120} INFO - ::group::Pre task execution logs
[2024-05-27T08:27:54.463+0000] {taskinstance.py:2073} INFO - Dependencies all met for dep_context=non-requeueable deps ti=<TaskInstance: fetch_parse_store_report_weather_data.fetch_and_save_weather_data scheduled__2024-05-26T04:00:00+00:00 [queued]>
[2024-05-27T08:27:54.475+0000] {taskinstance.py:2073} INFO - Dependencies all met for dep_context=requeueable deps ti=<TaskInstance: fetch_parse_store_report_weather_data.fetch_and_save_weather_data scheduled__2024-05-26T04:00:00+00:00 [queued]>
[2024-05-27T08:27:54.476+0000] {taskinstance.py:2303} INFO - Starting attempt 1 of 2
[2024-05-27T08:27:54.494+0000] {taskinstance.py:2327} INFO - Executing <Task(PythonOperator): fetch_and_save_weather_data> on 2024-05-26 04:00:00+00:00
[2024-05-27T08:27:54.511+0000] {warnings.py:110} WARNING - /home/***/.local/lib/python3.12/site-packages/***/task/task_runner/standard_task_runner.py:61: DeprecationWarning: This process (pid=24163) is multi-threaded, use of fork() may lead to deadlocks in the child.
  pid = os.fork()

[2024-05-27T08:27:54.513+0000] {standard_task_runner.py:90} INFO - Running: ['***', 'tasks', 'run', 'fetch_parse_store_report_weather_data', 'fetch_and_save_weather_data', 'scheduled__2024-05-26T04:00:00+00:00', '--job-id', '12402', '--raw', '--subdir', 'DAGS_FOLDER/cris.py', '--cfg-path', '/tmp/tmpslzzn5c9']
[2024-05-27T08:27:54.514+0000] {standard_task_runner.py:63} INFO - Started process 24327 to run task
[2024-05-27T08:27:54.514+0000] {standard_task_runner.py:91} INFO - Job 12402: Subtask fetch_and_save_weather_data
[2024-05-27T08:27:54.562+0000] {task_command.py:426} INFO - Running <TaskInstance: fetch_parse_store_report_weather_data.fetch_and_save_weather_data scheduled__2024-05-26T04:00:00+00:00 [running]> on host b151419bfa2a
[2024-05-27T08:27:54.657+0000] {taskinstance.py:2644} INFO - Exporting env vars: AIRFLOW_CTX_DAG_OWNER='***' AIRFLOW_CTX_DAG_ID='fetch_parse_store_report_weather_data' AIRFLOW_CTX_TASK_ID='fetch_and_save_weather_data' AIRFLOW_CTX_EXECUTION_DATE='2024-05-26T04:00:00+00:00' AIRFLOW_CTX_TRY_NUMBER='1' AIRFLOW_CTX_DAG_RUN_ID='scheduled__2024-05-26T04:00:00+00:00'
[2024-05-27T08:27:54.659+0000] {taskinstance.py:430} INFO - ::endgroup::
[2024-05-27T08:27:57.779+0000] {logging_mixin.py:188} INFO - Data has been successfully saved to the JSON file
[2024-05-27T08:27:57.780+0000] {python.py:237} INFO - Done. Returned value was: None
[2024-05-27T08:27:57.781+0000] {taskinstance.py:441} INFO - ::group::Post task execution logs
[2024-05-27T08:27:57.792+0000] {taskinstance.py:1205} INFO - Marking task as SUCCESS. dag_id=fetch_parse_store_report_weather_data, task_id=fetch_and_save_weather_data, execution_date=20240526T040000, start_date=20240527T082754, end_date=20240527T082757
[2024-05-27T08:27:57.938+0000] {local_task_job_runner.py:240} INFO - Task exited with return code 0
[2024-05-27T08:27:57.972+0000] {taskinstance.py:3482} INFO - 1 downstream tasks scheduled from follow-on schedule check
[2024-05-27T08:27:57.975+0000] {local_task_job_runner.py:222} INFO - ::endgroup::
