[2024-05-27T08:12:54.936+0000] {local_task_job_runner.py:120} INFO - ::group::Pre task execution logs
[2024-05-27T08:12:54.975+0000] {taskinstance.py:2073} INFO - Dependencies all met for dep_context=non-requeueable deps ti=<TaskInstance: fetch_parse_store_report_weather_data.send_report_to_telegram scheduled__2024-05-20T03:00:00+00:00 [queued]>
[2024-05-27T08:12:54.988+0000] {taskinstance.py:2073} INFO - Dependencies all met for dep_context=requeueable deps ti=<TaskInstance: fetch_parse_store_report_weather_data.send_report_to_telegram scheduled__2024-05-20T03:00:00+00:00 [queued]>
[2024-05-27T08:12:54.989+0000] {taskinstance.py:2303} INFO - Starting attempt 1 of 2
[2024-05-27T08:12:55.008+0000] {taskinstance.py:2327} INFO - Executing <Task(PythonOperator): send_report_to_telegram> on 2024-05-20 03:00:00+00:00
[2024-05-27T08:12:55.028+0000] {warnings.py:110} WARNING - /home/***/.local/lib/python3.12/site-packages/***/task/task_runner/standard_task_runner.py:61: DeprecationWarning: This process (pid=15664) is multi-threaded, use of fork() may lead to deadlocks in the child.
  pid = os.fork()

[2024-05-27T08:12:55.031+0000] {standard_task_runner.py:63} INFO - Started process 15757 to run task
[2024-05-27T08:12:55.031+0000] {standard_task_runner.py:90} INFO - Running: ['***', 'tasks', 'run', 'fetch_parse_store_report_weather_data', 'send_report_to_telegram', 'scheduled__2024-05-20T03:00:00+00:00', '--job-id', '11846', '--raw', '--subdir', 'DAGS_FOLDER/cris.py', '--cfg-path', '/tmp/tmp02u2ltmr']
[2024-05-27T08:12:55.033+0000] {standard_task_runner.py:91} INFO - Job 11846: Subtask send_report_to_telegram
[2024-05-27T08:12:55.102+0000] {task_command.py:426} INFO - Running <TaskInstance: fetch_parse_store_report_weather_data.send_report_to_telegram scheduled__2024-05-20T03:00:00+00:00 [running]> on host b151419bfa2a
[2024-05-27T08:12:55.262+0000] {taskinstance.py:2644} INFO - Exporting env vars: AIRFLOW_CTX_DAG_OWNER='***' AIRFLOW_CTX_DAG_ID='fetch_parse_store_report_weather_data' AIRFLOW_CTX_TASK_ID='send_report_to_telegram' AIRFLOW_CTX_EXECUTION_DATE='2024-05-20T03:00:00+00:00' AIRFLOW_CTX_TRY_NUMBER='1' AIRFLOW_CTX_DAG_RUN_ID='scheduled__2024-05-20T03:00:00+00:00'
[2024-05-27T08:12:55.265+0000] {taskinstance.py:430} INFO - ::endgroup::
[2024-05-27T08:12:55.266+0000] {logging_mixin.py:188} INFO - File /tmp/report.txt does not exist
[2024-05-27T08:12:55.266+0000] {logging_mixin.py:188} INFO - File /tmp/temperature_plot.png does not exist
[2024-05-27T08:12:55.267+0000] {logging_mixin.py:188} INFO - File /tmp/pressure_plot.png does not exist
[2024-05-27T08:12:55.267+0000] {python.py:237} INFO - Done. Returned value was: None
[2024-05-27T08:12:55.268+0000] {taskinstance.py:441} INFO - ::group::Post task execution logs
[2024-05-27T08:12:55.281+0000] {taskinstance.py:1205} INFO - Marking task as SUCCESS. dag_id=fetch_parse_store_report_weather_data, task_id=send_report_to_telegram, execution_date=20240520T030000, start_date=20240527T081254, end_date=20240527T081255
[2024-05-27T08:12:55.326+0000] {local_task_job_runner.py:240} INFO - Task exited with return code 0
[2024-05-27T08:12:55.351+0000] {taskinstance.py:3482} INFO - 0 downstream tasks scheduled from follow-on schedule check
[2024-05-27T08:12:55.354+0000] {local_task_job_runner.py:222} INFO - ::endgroup::
