[2024-05-07T09:01:20.340+0000] {local_task_job_runner.py:120} INFO - ::group::Pre task execution logs
[2024-05-07T09:01:20.374+0000] {taskinstance.py:2073} INFO - Dependencies all met for dep_context=non-requeueable deps ti=<TaskInstance: fetch_and_parse_weather_data.fetch_and_save_weather_data scheduled__2024-05-07T08:00:00+00:00 [queued]>
[2024-05-07T09:01:20.386+0000] {taskinstance.py:2073} INFO - Dependencies all met for dep_context=requeueable deps ti=<TaskInstance: fetch_and_parse_weather_data.fetch_and_save_weather_data scheduled__2024-05-07T08:00:00+00:00 [queued]>
[2024-05-07T09:01:20.387+0000] {taskinstance.py:2303} INFO - Starting attempt 1 of 2
[2024-05-07T09:01:20.407+0000] {taskinstance.py:2327} INFO - Executing <Task(PythonOperator): fetch_and_save_weather_data> on 2024-05-07 08:00:00+00:00
[2024-05-07T09:01:20.417+0000] {warnings.py:110} WARNING - /home/***/.local/lib/python3.12/site-packages/***/task/task_runner/standard_task_runner.py:61: DeprecationWarning: This process (pid=325) is multi-threaded, use of fork() may lead to deadlocks in the child.
  pid = os.fork()

[2024-05-07T09:01:20.418+0000] {standard_task_runner.py:63} INFO - Started process 327 to run task
[2024-05-07T09:01:20.418+0000] {standard_task_runner.py:90} INFO - Running: ['***', 'tasks', 'run', 'fetch_and_parse_weather_data', 'fetch_and_save_weather_data', 'scheduled__2024-05-07T08:00:00+00:00', '--job-id', '865', '--raw', '--subdir', 'DAGS_FOLDER/json_dag.py', '--cfg-path', '/tmp/tmpd1tmd9f7']
[2024-05-07T09:01:20.421+0000] {standard_task_runner.py:91} INFO - Job 865: Subtask fetch_and_save_weather_data
[2024-05-07T09:01:20.482+0000] {task_command.py:426} INFO - Running <TaskInstance: fetch_and_parse_weather_data.fetch_and_save_weather_data scheduled__2024-05-07T08:00:00+00:00 [running]> on host e8691f41e037
[2024-05-07T09:01:20.615+0000] {taskinstance.py:2644} INFO - Exporting env vars: AIRFLOW_CTX_DAG_OWNER='***' AIRFLOW_CTX_DAG_ID='fetch_and_parse_weather_data' AIRFLOW_CTX_TASK_ID='fetch_and_save_weather_data' AIRFLOW_CTX_EXECUTION_DATE='2024-05-07T08:00:00+00:00' AIRFLOW_CTX_TRY_NUMBER='1' AIRFLOW_CTX_DAG_RUN_ID='scheduled__2024-05-07T08:00:00+00:00'
[2024-05-07T09:01:20.618+0000] {taskinstance.py:430} INFO - ::endgroup::
[2024-05-07T09:01:23.919+0000] {logging_mixin.py:188} INFO - Data has been successfully saved to the JSON file
[2024-05-07T09:01:23.920+0000] {python.py:237} INFO - Done. Returned value was: None
[2024-05-07T09:01:23.923+0000] {taskinstance.py:441} INFO - ::group::Post task execution logs
[2024-05-07T09:01:23.942+0000] {taskinstance.py:1205} INFO - Marking task as SUCCESS. dag_id=fetch_and_parse_weather_data, task_id=fetch_and_save_weather_data, execution_date=20240507T080000, start_date=20240507T090120, end_date=20240507T090123
[2024-05-07T09:01:24.018+0000] {local_task_job_runner.py:240} INFO - Task exited with return code 0
[2024-05-07T09:01:24.065+0000] {taskinstance.py:3482} INFO - 0 downstream tasks scheduled from follow-on schedule check
[2024-05-07T09:01:24.081+0000] {local_task_job_runner.py:222} INFO - ::endgroup::
