[2024-05-25T09:59:57.242+0000] {local_task_job_runner.py:120} INFO - ::group::Pre task execution logs
[2024-05-25T09:59:57.287+0000] {taskinstance.py:2073} INFO - Dependencies all met for dep_context=non-requeueable deps ti=<TaskInstance: fetch_and_parse_weather_data.fetch_and_save_weather_data scheduled__2024-05-20T08:00:00+00:00 [queued]>
[2024-05-25T09:59:57.304+0000] {taskinstance.py:2073} INFO - Dependencies all met for dep_context=requeueable deps ti=<TaskInstance: fetch_and_parse_weather_data.fetch_and_save_weather_data scheduled__2024-05-20T08:00:00+00:00 [queued]>
[2024-05-25T09:59:57.311+0000] {taskinstance.py:2303} INFO - Starting attempt 1 of 2
[2024-05-25T09:59:57.349+0000] {taskinstance.py:2327} INFO - Executing <Task(PythonOperator): fetch_and_save_weather_data> on 2024-05-20 08:00:00+00:00
[2024-05-25T09:59:57.367+0000] {warnings.py:110} WARNING - /home/***/.local/lib/python3.12/site-packages/***/task/task_runner/standard_task_runner.py:61: DeprecationWarning: This process (pid=994) is multi-threaded, use of fork() may lead to deadlocks in the child.
  pid = os.fork()

[2024-05-25T09:59:57.371+0000] {standard_task_runner.py:63} INFO - Started process 1026 to run task
[2024-05-25T09:59:57.374+0000] {standard_task_runner.py:90} INFO - Running: ['***', 'tasks', 'run', 'fetch_and_parse_weather_data', 'fetch_and_save_weather_data', 'scheduled__2024-05-20T08:00:00+00:00', '--job-id', '6237', '--raw', '--subdir', 'DAGS_FOLDER/json_dag.py', '--cfg-path', '/tmp/tmp7en1xmnm']
[2024-05-25T09:59:57.378+0000] {standard_task_runner.py:91} INFO - Job 6237: Subtask fetch_and_save_weather_data
[2024-05-25T09:59:57.473+0000] {task_command.py:426} INFO - Running <TaskInstance: fetch_and_parse_weather_data.fetch_and_save_weather_data scheduled__2024-05-20T08:00:00+00:00 [running]> on host 9dd3157499a4
[2024-05-25T09:59:57.678+0000] {taskinstance.py:2644} INFO - Exporting env vars: AIRFLOW_CTX_DAG_OWNER='***' AIRFLOW_CTX_DAG_ID='fetch_and_parse_weather_data' AIRFLOW_CTX_TASK_ID='fetch_and_save_weather_data' AIRFLOW_CTX_EXECUTION_DATE='2024-05-20T08:00:00+00:00' AIRFLOW_CTX_TRY_NUMBER='1' AIRFLOW_CTX_DAG_RUN_ID='scheduled__2024-05-20T08:00:00+00:00'
[2024-05-25T09:59:57.688+0000] {taskinstance.py:430} INFO - ::endgroup::
[2024-05-25T09:59:58.751+0000] {logging_mixin.py:188} INFO - Data has been successfully saved to the JSON file
[2024-05-25T09:59:58.753+0000] {python.py:237} INFO - Done. Returned value was: None
[2024-05-25T09:59:58.755+0000] {taskinstance.py:441} INFO - ::group::Post task execution logs
[2024-05-25T09:59:58.794+0000] {taskinstance.py:1205} INFO - Marking task as SUCCESS. dag_id=fetch_and_parse_weather_data, task_id=fetch_and_save_weather_data, execution_date=20240520T080000, start_date=20240525T095957, end_date=20240525T095958
[2024-05-25T09:59:58.886+0000] {local_task_job_runner.py:240} INFO - Task exited with return code 0
[2024-05-25T09:59:58.931+0000] {taskinstance.py:3482} INFO - 0 downstream tasks scheduled from follow-on schedule check
[2024-05-25T09:59:58.938+0000] {local_task_job_runner.py:222} INFO - ::endgroup::
