[2024-05-25T10:32:29.334+0000] {local_task_job_runner.py:120} INFO - ::group::Pre task execution logs
[2024-05-25T10:32:29.358+0000] {taskinstance.py:2073} INFO - Dependencies all met for dep_context=non-requeueable deps ti=<TaskInstance: train_lstm_model.train_model manual__2024-05-25T10:32:23.440983+00:00 [queued]>
[2024-05-25T10:32:29.366+0000] {taskinstance.py:2073} INFO - Dependencies all met for dep_context=requeueable deps ti=<TaskInstance: train_lstm_model.train_model manual__2024-05-25T10:32:23.440983+00:00 [queued]>
[2024-05-25T10:32:29.367+0000] {taskinstance.py:2303} INFO - Starting attempt 1 of 2
[2024-05-25T10:32:29.381+0000] {taskinstance.py:2327} INFO - Executing <Task(PythonOperator): train_model> on 2024-05-25 10:32:23.440983+00:00
[2024-05-25T10:32:29.393+0000] {warnings.py:110} WARNING - /home/***/.local/lib/python3.12/site-packages/***/task/task_runner/standard_task_runner.py:61: DeprecationWarning: This process (pid=73) is multi-threaded, use of fork() may lead to deadlocks in the child.
  pid = os.fork()

[2024-05-25T10:32:29.394+0000] {standard_task_runner.py:90} INFO - Running: ['***', 'tasks', 'run', 'train_lstm_model', 'train_model', 'manual__2024-05-25T10:32:23.440983+00:00', '--job-id', '6648', '--raw', '--subdir', 'DAGS_FOLDER/model_dag.py', '--cfg-path', '/tmp/tmphgzbst20']
[2024-05-25T10:32:29.394+0000] {standard_task_runner.py:63} INFO - Started process 87 to run task
[2024-05-25T10:32:29.395+0000] {standard_task_runner.py:91} INFO - Job 6648: Subtask train_model
[2024-05-25T10:32:29.442+0000] {task_command.py:426} INFO - Running <TaskInstance: train_lstm_model.train_model manual__2024-05-25T10:32:23.440983+00:00 [running]> on host b151419bfa2a
[2024-05-25T10:32:29.534+0000] {taskinstance.py:2644} INFO - Exporting env vars: AIRFLOW_CTX_DAG_OWNER='***' AIRFLOW_CTX_DAG_ID='train_lstm_model' AIRFLOW_CTX_TASK_ID='train_model' AIRFLOW_CTX_EXECUTION_DATE='2024-05-25T10:32:23.440983+00:00' AIRFLOW_CTX_TRY_NUMBER='1' AIRFLOW_CTX_DAG_RUN_ID='manual__2024-05-25T10:32:23.440983+00:00'
[2024-05-25T10:32:29.535+0000] {taskinstance.py:430} INFO - ::endgroup::
[2024-05-25T10:32:29.543+0000] {base.py:84} INFO - Using connection ID 'postgres_default' for task execution.
[2024-05-25T10:32:29.546+0000] {taskinstance.py:441} INFO - ::group::Post task execution logs
[2024-05-25T10:32:29.547+0000] {taskinstance.py:2890} ERROR - Task failed with exception
Traceback (most recent call last):
  File "/home/airflow/.local/lib/python3.12/site-packages/airflow/models/taskinstance.py", line 465, in _execute_task
    result = _execute_callable(context=context, **execute_callable_kwargs)
             ^^^^^^^^^^^^^^^^^^^^^^^^^^^^^^^^^^^^^^^^^^^^^^^^^^^^^^^^^^^^^
  File "/home/airflow/.local/lib/python3.12/site-packages/airflow/models/taskinstance.py", line 432, in _execute_callable
    return execute_callable(context=context, **execute_callable_kwargs)
           ^^^^^^^^^^^^^^^^^^^^^^^^^^^^^^^^^^^^^^^^^^^^^^^^^^^^^^^^^^^^
  File "/home/airflow/.local/lib/python3.12/site-packages/airflow/models/baseoperator.py", line 400, in wrapper
    return func(self, *args, **kwargs)
           ^^^^^^^^^^^^^^^^^^^^^^^^^^^
  File "/home/airflow/.local/lib/python3.12/site-packages/airflow/operators/python.py", line 235, in execute
    return_value = self.execute_callable()
                   ^^^^^^^^^^^^^^^^^^^^^^^
  File "/home/airflow/.local/lib/python3.12/site-packages/airflow/operators/python.py", line 252, in execute_callable
    return self.python_callable(*self.op_args, **self.op_kwargs)
           ^^^^^^^^^^^^^^^^^^^^^^^^^^^^^^^^^^^^^^^^^^^^^^^^^^^^^
  File "/opt/airflow/dags/model_dag.py", line 28, in train_model
    pg_conn = pg_hook.get_conn()
              ^^^^^^^^^^^^^^^^^^
  File "/home/airflow/.local/lib/python3.12/site-packages/airflow/providers/postgres/hooks/postgres.py", line 161, in get_conn
    self.conn = psycopg2.connect(**conn_args)
                ^^^^^^^^^^^^^^^^^^^^^^^^^^^^^
  File "/home/airflow/.local/lib/python3.12/site-packages/psycopg2/__init__.py", line 122, in connect
    conn = _connect(dsn, connection_factory=connection_factory, **kwasync)
           ^^^^^^^^^^^^^^^^^^^^^^^^^^^^^^^^^^^^^^^^^^^^^^^^^^^^^^^^^^^^^^^
psycopg2.OperationalError: connection to server at "postgres" (172.21.0.2), port 5432 failed: FATAL:  database "weather_data" does not exist

[2024-05-25T10:32:29.558+0000] {taskinstance.py:1205} INFO - Marking task as UP_FOR_RETRY. dag_id=train_lstm_model, task_id=train_model, execution_date=20240525T103223, start_date=20240525T103229, end_date=20240525T103229
[2024-05-25T10:32:29.574+0000] {standard_task_runner.py:110} ERROR - Failed to execute job 6648 for task train_model (connection to server at "postgres" (172.21.0.2), port 5432 failed: FATAL:  database "weather_data" does not exist
; 87)
[2024-05-25T10:32:29.609+0000] {local_task_job_runner.py:240} INFO - Task exited with return code 1
[2024-05-25T10:32:29.624+0000] {taskinstance.py:3482} INFO - 0 downstream tasks scheduled from follow-on schedule check
[2024-05-25T10:32:29.626+0000] {local_task_job_runner.py:222} INFO - ::endgroup::
