[2024-05-15T07:20:26.952+0000] {local_task_job_runner.py:120} INFO - ::group::Pre task execution logs
[2024-05-15T07:20:26.974+0000] {taskinstance.py:2073} INFO - Dependencies all met for dep_context=non-requeueable deps ti=<TaskInstance: fetch_and_parse_weather_data.fetch_and_save_weather_data scheduled__2024-05-13T11:00:00+00:00 [queued]>
[2024-05-15T07:20:26.981+0000] {taskinstance.py:2073} INFO - Dependencies all met for dep_context=requeueable deps ti=<TaskInstance: fetch_and_parse_weather_data.fetch_and_save_weather_data scheduled__2024-05-13T11:00:00+00:00 [queued]>
[2024-05-15T07:20:26.982+0000] {taskinstance.py:2303} INFO - Starting attempt 1 of 2
[2024-05-15T07:20:26.995+0000] {taskinstance.py:2327} INFO - Executing <Task(PythonOperator): fetch_and_save_weather_data> on 2024-05-13 11:00:00+00:00
[2024-05-15T07:20:27.003+0000] {warnings.py:110} WARNING - /home/***/.local/lib/python3.12/site-packages/***/task/task_runner/standard_task_runner.py:61: DeprecationWarning: This process (pid=610) is multi-threaded, use of fork() may lead to deadlocks in the child.
  pid = os.fork()

[2024-05-15T07:20:27.004+0000] {standard_task_runner.py:63} INFO - Started process 622 to run task
[2024-05-15T07:20:27.005+0000] {standard_task_runner.py:90} INFO - Running: ['***', 'tasks', 'run', 'fetch_and_parse_weather_data', 'fetch_and_save_weather_data', 'scheduled__2024-05-13T11:00:00+00:00', '--job-id', '2091', '--raw', '--subdir', 'DAGS_FOLDER/json_dag.py', '--cfg-path', '/tmp/tmp0yl7jpem']
[2024-05-15T07:20:27.008+0000] {standard_task_runner.py:91} INFO - Job 2091: Subtask fetch_and_save_weather_data
[2024-05-15T07:20:27.051+0000] {task_command.py:426} INFO - Running <TaskInstance: fetch_and_parse_weather_data.fetch_and_save_weather_data scheduled__2024-05-13T11:00:00+00:00 [running]> on host e8691f41e037
[2024-05-15T07:20:27.153+0000] {taskinstance.py:2644} INFO - Exporting env vars: AIRFLOW_CTX_DAG_OWNER='***' AIRFLOW_CTX_DAG_ID='fetch_and_parse_weather_data' AIRFLOW_CTX_TASK_ID='fetch_and_save_weather_data' AIRFLOW_CTX_EXECUTION_DATE='2024-05-13T11:00:00+00:00' AIRFLOW_CTX_TRY_NUMBER='1' AIRFLOW_CTX_DAG_RUN_ID='scheduled__2024-05-13T11:00:00+00:00'
[2024-05-15T07:20:27.155+0000] {taskinstance.py:430} INFO - ::endgroup::
[2024-05-15T07:20:40.341+0000] {logging_mixin.py:188} INFO - Data has been successfully saved to the JSON file
[2024-05-15T07:20:40.342+0000] {python.py:237} INFO - Done. Returned value was: None
[2024-05-15T07:20:40.343+0000] {taskinstance.py:441} INFO - ::group::Post task execution logs
[2024-05-15T07:20:40.357+0000] {taskinstance.py:1205} INFO - Marking task as SUCCESS. dag_id=fetch_and_parse_weather_data, task_id=fetch_and_save_weather_data, execution_date=20240513T110000, start_date=20240515T072026, end_date=20240515T072040
[2024-05-15T07:20:40.405+0000] {local_task_job_runner.py:240} INFO - Task exited with return code 0
[2024-05-15T07:20:40.429+0000] {taskinstance.py:3482} INFO - 0 downstream tasks scheduled from follow-on schedule check
[2024-05-15T07:20:40.431+0000] {local_task_job_runner.py:222} INFO - ::endgroup::
