[2024-05-27T08:27:25.377+0000] {local_task_job_runner.py:120} INFO - ::group::Pre task execution logs
[2024-05-27T08:27:25.420+0000] {taskinstance.py:2073} INFO - Dependencies all met for dep_context=non-requeueable deps ti=<TaskInstance: fetch_parse_store_report_weather_data.generate_report scheduled__2024-05-25T20:00:00+00:00 [queued]>
[2024-05-27T08:27:25.455+0000] {taskinstance.py:2073} INFO - Dependencies all met for dep_context=requeueable deps ti=<TaskInstance: fetch_parse_store_report_weather_data.generate_report scheduled__2024-05-25T20:00:00+00:00 [queued]>
[2024-05-27T08:27:25.456+0000] {taskinstance.py:2303} INFO - Starting attempt 1 of 2
[2024-05-27T08:27:25.545+0000] {taskinstance.py:2327} INFO - Executing <Task(PythonOperator): generate_report> on 2024-05-25 20:00:00+00:00
[2024-05-27T08:27:25.570+0000] {warnings.py:110} WARNING - /home/***/.local/lib/python3.12/site-packages/***/task/task_runner/standard_task_runner.py:61: DeprecationWarning: This process (pid=23801) is multi-threaded, use of fork() may lead to deadlocks in the child.
  pid = os.fork()

[2024-05-27T08:27:25.574+0000] {standard_task_runner.py:90} INFO - Running: ['***', 'tasks', 'run', 'fetch_parse_store_report_weather_data', 'generate_report', 'scheduled__2024-05-25T20:00:00+00:00', '--job-id', '12374', '--raw', '--subdir', 'DAGS_FOLDER/cris.py', '--cfg-path', '/tmp/tmpm9hgzvg4']
[2024-05-27T08:27:25.581+0000] {standard_task_runner.py:63} INFO - Started process 23947 to run task
[2024-05-27T08:27:25.581+0000] {standard_task_runner.py:91} INFO - Job 12374: Subtask generate_report
[2024-05-27T08:27:25.792+0000] {task_command.py:426} INFO - Running <TaskInstance: fetch_parse_store_report_weather_data.generate_report scheduled__2024-05-25T20:00:00+00:00 [running]> on host b151419bfa2a
[2024-05-27T08:27:26.262+0000] {taskinstance.py:2644} INFO - Exporting env vars: AIRFLOW_CTX_DAG_OWNER='***' AIRFLOW_CTX_DAG_ID='fetch_parse_store_report_weather_data' AIRFLOW_CTX_TASK_ID='generate_report' AIRFLOW_CTX_EXECUTION_DATE='2024-05-25T20:00:00+00:00' AIRFLOW_CTX_TRY_NUMBER='1' AIRFLOW_CTX_DAG_RUN_ID='scheduled__2024-05-25T20:00:00+00:00'
[2024-05-27T08:27:26.264+0000] {taskinstance.py:430} INFO - ::endgroup::
[2024-05-27T08:27:26.302+0000] {base.py:84} INFO - Using connection ID 'postgres_default' for task execution.
[2024-05-27T08:27:26.319+0000] {logging_mixin.py:188} INFO - Error connecting to the database or fetching data: connection to server at "postgres" (172.21.0.4), port 5432 failed: FATAL:  database "weather_data" does not exist
[2024-05-27T08:27:26.320+0000] {python.py:237} INFO - Done. Returned value was: None
[2024-05-27T08:27:26.321+0000] {taskinstance.py:441} INFO - ::group::Post task execution logs
[2024-05-27T08:27:26.346+0000] {taskinstance.py:1205} INFO - Marking task as SUCCESS. dag_id=fetch_parse_store_report_weather_data, task_id=generate_report, execution_date=20240525T200000, start_date=20240527T082725, end_date=20240527T082726
[2024-05-27T08:27:26.430+0000] {local_task_job_runner.py:240} INFO - Task exited with return code 0
[2024-05-27T08:27:26.719+0000] {taskinstance.py:3482} INFO - 0 downstream tasks scheduled from follow-on schedule check
[2024-05-27T08:27:26.731+0000] {local_task_job_runner.py:222} INFO - ::endgroup::
