[2024-05-03T02:07:41.553+0000] {local_task_job_runner.py:120} INFO - ::group::Pre task execution logs
[2024-05-03T02:07:41.644+0000] {taskinstance.py:2073} INFO - Dependencies all met for dep_context=non-requeueable deps ti=<TaskInstance: fetch_and_parse_weather_data.fetch_and_save_weather_data scheduled__2024-04-16T11:00:00+00:00 [queued]>
[2024-05-03T02:07:41.678+0000] {taskinstance.py:2073} INFO - Dependencies all met for dep_context=requeueable deps ti=<TaskInstance: fetch_and_parse_weather_data.fetch_and_save_weather_data scheduled__2024-04-16T11:00:00+00:00 [queued]>
[2024-05-03T02:07:41.683+0000] {taskinstance.py:2303} INFO - Starting attempt 2 of 2
[2024-05-03T02:07:41.771+0000] {taskinstance.py:2327} INFO - Executing <Task(PythonOperator): fetch_and_save_weather_data> on 2024-04-16 11:00:00+00:00
[2024-05-03T02:07:41.787+0000] {warnings.py:110} WARNING - /home/***/.local/lib/python3.12/site-packages/***/task/task_runner/standard_task_runner.py:61: DeprecationWarning: This process (pid=58) is multi-threaded, use of fork() may lead to deadlocks in the child.
  pid = os.fork()

[2024-05-03T02:07:41.803+0000] {standard_task_runner.py:63} INFO - Started process 94 to run task
[2024-05-03T02:07:41.799+0000] {standard_task_runner.py:90} INFO - Running: ['***', 'tasks', 'run', 'fetch_and_parse_weather_data', 'fetch_and_save_weather_data', 'scheduled__2024-04-16T11:00:00+00:00', '--job-id', '132', '--raw', '--subdir', 'DAGS_FOLDER/json_dag.py', '--cfg-path', '/tmp/tmpdftc6q5o']
[2024-05-03T02:07:41.833+0000] {standard_task_runner.py:91} INFO - Job 132: Subtask fetch_and_save_weather_data
[2024-05-03T02:07:42.772+0000] {task_command.py:426} INFO - Running <TaskInstance: fetch_and_parse_weather_data.fetch_and_save_weather_data scheduled__2024-04-16T11:00:00+00:00 [running]> on host e8691f41e037
[2024-05-03T02:07:43.190+0000] {taskinstance.py:2644} INFO - Exporting env vars: AIRFLOW_CTX_DAG_OWNER='***' AIRFLOW_CTX_DAG_ID='fetch_and_parse_weather_data' AIRFLOW_CTX_TASK_ID='fetch_and_save_weather_data' AIRFLOW_CTX_EXECUTION_DATE='2024-04-16T11:00:00+00:00' AIRFLOW_CTX_TRY_NUMBER='2' AIRFLOW_CTX_DAG_RUN_ID='scheduled__2024-04-16T11:00:00+00:00'
[2024-05-03T02:07:43.192+0000] {taskinstance.py:430} INFO - ::endgroup::
[2024-05-03T02:07:46.516+0000] {logging_mixin.py:188} INFO - Failed to fetch data from the URL
[2024-05-03T02:07:46.517+0000] {python.py:237} INFO - Done. Returned value was: None
[2024-05-03T02:07:46.518+0000] {taskinstance.py:441} INFO - ::group::Post task execution logs
[2024-05-03T02:07:46.531+0000] {taskinstance.py:1205} INFO - Marking task as SUCCESS. dag_id=fetch_and_parse_weather_data, task_id=fetch_and_save_weather_data, execution_date=20240416T110000, start_date=20240503T020741, end_date=20240503T020746
[2024-05-03T02:07:46.566+0000] {local_task_job_runner.py:240} INFO - Task exited with return code 0
[2024-05-03T02:07:46.591+0000] {taskinstance.py:3482} INFO - 0 downstream tasks scheduled from follow-on schedule check
[2024-05-03T02:07:46.595+0000] {local_task_job_runner.py:222} INFO - ::endgroup::
