[2024-05-25T13:28:40.793+0000] {local_task_job_runner.py:120} INFO - ::group::Pre task execution logs
[2024-05-25T13:28:40.827+0000] {taskinstance.py:2073} INFO - Dependencies all met for dep_context=non-requeueable deps ti=<TaskInstance: fetch_parse_store_report_forecast_weather_data.fetch_and_save_weather_data scheduled__2024-05-04T19:00:00+00:00 [queued]>
[2024-05-25T13:28:40.841+0000] {taskinstance.py:2073} INFO - Dependencies all met for dep_context=requeueable deps ti=<TaskInstance: fetch_parse_store_report_forecast_weather_data.fetch_and_save_weather_data scheduled__2024-05-04T19:00:00+00:00 [queued]>
[2024-05-25T13:28:40.843+0000] {taskinstance.py:2303} INFO - Starting attempt 1 of 2
[2024-05-25T13:28:40.859+0000] {taskinstance.py:2327} INFO - Executing <Task(PythonOperator): fetch_and_save_weather_data> on 2024-05-04 19:00:00+00:00
[2024-05-25T13:28:40.874+0000] {warnings.py:110} WARNING - /home/***/.local/lib/python3.12/site-packages/***/task/task_runner/standard_task_runner.py:61: DeprecationWarning: This process (pid=7331) is multi-threaded, use of fork() may lead to deadlocks in the child.
  pid = os.fork()

[2024-05-25T13:28:40.875+0000] {standard_task_runner.py:90} INFO - Running: ['***', 'tasks', 'run', 'fetch_parse_store_report_forecast_weather_data', 'fetch_and_save_weather_data', 'scheduled__2024-05-04T19:00:00+00:00', '--job-id', '8576', '--raw', '--subdir', 'DAGS_FOLDER/cris.py', '--cfg-path', '/tmp/tmprsoqwnaw']
[2024-05-25T13:28:40.876+0000] {standard_task_runner.py:63} INFO - Started process 7373 to run task
[2024-05-25T13:28:40.876+0000] {standard_task_runner.py:91} INFO - Job 8576: Subtask fetch_and_save_weather_data
[2024-05-25T13:28:40.927+0000] {task_command.py:426} INFO - Running <TaskInstance: fetch_parse_store_report_forecast_weather_data.fetch_and_save_weather_data scheduled__2024-05-04T19:00:00+00:00 [running]> on host b151419bfa2a
[2024-05-25T13:28:41.016+0000] {taskinstance.py:2644} INFO - Exporting env vars: AIRFLOW_CTX_DAG_OWNER='***' AIRFLOW_CTX_DAG_ID='fetch_parse_store_report_forecast_weather_data' AIRFLOW_CTX_TASK_ID='fetch_and_save_weather_data' AIRFLOW_CTX_EXECUTION_DATE='2024-05-04T19:00:00+00:00' AIRFLOW_CTX_TRY_NUMBER='1' AIRFLOW_CTX_DAG_RUN_ID='scheduled__2024-05-04T19:00:00+00:00'
[2024-05-25T13:28:41.017+0000] {taskinstance.py:430} INFO - ::endgroup::
[2024-05-25T13:28:42.181+0000] {logging_mixin.py:188} INFO - Data has been successfully saved to the JSON file
[2024-05-25T13:28:42.182+0000] {python.py:237} INFO - Done. Returned value was: None
[2024-05-25T13:28:42.182+0000] {taskinstance.py:441} INFO - ::group::Post task execution logs
[2024-05-25T13:28:42.192+0000] {taskinstance.py:1205} INFO - Marking task as SUCCESS. dag_id=fetch_parse_store_report_forecast_weather_data, task_id=fetch_and_save_weather_data, execution_date=20240504T190000, start_date=20240525T132840, end_date=20240525T132842
[2024-05-25T13:28:42.254+0000] {local_task_job_runner.py:240} INFO - Task exited with return code 0
[2024-05-25T13:28:42.281+0000] {taskinstance.py:3482} INFO - 1 downstream tasks scheduled from follow-on schedule check
[2024-05-25T13:28:42.283+0000] {local_task_job_runner.py:222} INFO - ::endgroup::
