[2024-05-27T05:54:12.012+0000] {local_task_job_runner.py:120} INFO - ::group::Pre task execution logs
[2024-05-27T05:54:12.068+0000] {taskinstance.py:2073} INFO - Dependencies all met for dep_context=non-requeueable deps ti=<TaskInstance: fetch_parse_store_report_forecast_weather_data.fetch_and_save_weather_data scheduled__2024-05-18T01:00:00+00:00 [queued]>
[2024-05-27T05:54:12.108+0000] {taskinstance.py:2073} INFO - Dependencies all met for dep_context=requeueable deps ti=<TaskInstance: fetch_parse_store_report_forecast_weather_data.fetch_and_save_weather_data scheduled__2024-05-18T01:00:00+00:00 [queued]>
[2024-05-27T05:54:12.110+0000] {taskinstance.py:2303} INFO - Starting attempt 1 of 2
[2024-05-27T05:54:12.165+0000] {taskinstance.py:2327} INFO - Executing <Task(PythonOperator): fetch_and_save_weather_data> on 2024-05-18 01:00:00+00:00
[2024-05-27T05:54:12.195+0000] {warnings.py:110} WARNING - /home/***/.local/lib/python3.12/site-packages/***/task/task_runner/standard_task_runner.py:61: DeprecationWarning: This process (pid=3633) is multi-threaded, use of fork() may lead to deadlocks in the child.
  pid = os.fork()

[2024-05-27T05:54:12.197+0000] {standard_task_runner.py:63} INFO - Started process 3788 to run task
[2024-05-27T05:54:12.222+0000] {standard_task_runner.py:90} INFO - Running: ['***', 'tasks', 'run', 'fetch_parse_store_report_forecast_weather_data', 'fetch_and_save_weather_data', 'scheduled__2024-05-18T01:00:00+00:00', '--job-id', '9937', '--raw', '--subdir', 'DAGS_FOLDER/cris.py', '--cfg-path', '/tmp/tmpd22a08c3']
[2024-05-27T05:54:12.224+0000] {standard_task_runner.py:91} INFO - Job 9937: Subtask fetch_and_save_weather_data
[2024-05-27T05:54:12.305+0000] {task_command.py:426} INFO - Running <TaskInstance: fetch_parse_store_report_forecast_weather_data.fetch_and_save_weather_data scheduled__2024-05-18T01:00:00+00:00 [running]> on host b151419bfa2a
[2024-05-27T05:54:12.463+0000] {taskinstance.py:2644} INFO - Exporting env vars: AIRFLOW_CTX_DAG_OWNER='***' AIRFLOW_CTX_DAG_ID='fetch_parse_store_report_forecast_weather_data' AIRFLOW_CTX_TASK_ID='fetch_and_save_weather_data' AIRFLOW_CTX_EXECUTION_DATE='2024-05-18T01:00:00+00:00' AIRFLOW_CTX_TRY_NUMBER='1' AIRFLOW_CTX_DAG_RUN_ID='scheduled__2024-05-18T01:00:00+00:00'
[2024-05-27T05:54:12.465+0000] {taskinstance.py:430} INFO - ::endgroup::
[2024-05-27T05:54:14.492+0000] {logging_mixin.py:188} INFO - Data has been successfully saved to the JSON file
[2024-05-27T05:54:14.494+0000] {python.py:237} INFO - Done. Returned value was: None
[2024-05-27T05:54:14.495+0000] {taskinstance.py:441} INFO - ::group::Post task execution logs
[2024-05-27T05:54:14.513+0000] {taskinstance.py:1205} INFO - Marking task as SUCCESS. dag_id=fetch_parse_store_report_forecast_weather_data, task_id=fetch_and_save_weather_data, execution_date=20240518T010000, start_date=20240527T055412, end_date=20240527T055414
[2024-05-27T05:54:14.575+0000] {local_task_job_runner.py:240} INFO - Task exited with return code 0
[2024-05-27T05:54:14.631+0000] {taskinstance.py:3482} INFO - 1 downstream tasks scheduled from follow-on schedule check
[2024-05-27T05:54:14.633+0000] {local_task_job_runner.py:222} INFO - ::endgroup::
