[2024-05-27T07:14:14.940+0000] {local_task_job_runner.py:120} INFO - ::group::Pre task execution logs
[2024-05-27T07:14:14.967+0000] {taskinstance.py:2073} INFO - Dependencies all met for dep_context=non-requeueable deps ti=<TaskInstance: train_lstm_model.train_model manual__2024-05-27T07:14:08.945900+00:00 [queued]>
[2024-05-27T07:14:14.977+0000] {taskinstance.py:2073} INFO - Dependencies all met for dep_context=requeueable deps ti=<TaskInstance: train_lstm_model.train_model manual__2024-05-27T07:14:08.945900+00:00 [queued]>
[2024-05-27T07:14:14.978+0000] {taskinstance.py:2303} INFO - Starting attempt 1 of 2
[2024-05-27T07:14:14.996+0000] {taskinstance.py:2327} INFO - Executing <Task(PythonOperator): train_model> on 2024-05-27 07:14:08.945900+00:00
[2024-05-27T07:14:15.020+0000] {warnings.py:110} WARNING - /home/***/.local/lib/python3.12/site-packages/***/task/task_runner/standard_task_runner.py:61: DeprecationWarning: This process (pid=949) is multi-threaded, use of fork() may lead to deadlocks in the child.
  pid = os.fork()

[2024-05-27T07:14:15.022+0000] {standard_task_runner.py:90} INFO - Running: ['***', 'tasks', 'run', 'train_lstm_model', 'train_model', 'manual__2024-05-27T07:14:08.945900+00:00', '--job-id', '10824', '--raw', '--subdir', 'DAGS_FOLDER/model_dag.py', '--cfg-path', '/tmp/tmpwl_cxs3q']
[2024-05-27T07:14:15.023+0000] {standard_task_runner.py:63} INFO - Started process 967 to run task
[2024-05-27T07:14:15.024+0000] {standard_task_runner.py:91} INFO - Job 10824: Subtask train_model
[2024-05-27T07:14:15.094+0000] {task_command.py:426} INFO - Running <TaskInstance: train_lstm_model.train_model manual__2024-05-27T07:14:08.945900+00:00 [running]> on host b151419bfa2a
[2024-05-27T07:14:15.203+0000] {taskinstance.py:2644} INFO - Exporting env vars: AIRFLOW_CTX_DAG_OWNER='***' AIRFLOW_CTX_DAG_ID='train_lstm_model' AIRFLOW_CTX_TASK_ID='train_model' AIRFLOW_CTX_EXECUTION_DATE='2024-05-27T07:14:08.945900+00:00' AIRFLOW_CTX_TRY_NUMBER='1' AIRFLOW_CTX_DAG_RUN_ID='manual__2024-05-27T07:14:08.945900+00:00'
[2024-05-27T07:14:15.205+0000] {taskinstance.py:430} INFO - ::endgroup::
[2024-05-27T07:14:15.210+0000] {logging_mixin.py:188} INFO - An error occurred: [Errno 13] Permission denied: '/path'
[2024-05-27T07:14:15.211+0000] {python.py:237} INFO - Done. Returned value was: None
[2024-05-27T07:14:15.211+0000] {taskinstance.py:441} INFO - ::group::Post task execution logs
[2024-05-27T07:14:15.221+0000] {taskinstance.py:1205} INFO - Marking task as SUCCESS. dag_id=train_lstm_model, task_id=train_model, execution_date=20240527T071408, start_date=20240527T071414, end_date=20240527T071415
[2024-05-27T07:14:15.279+0000] {local_task_job_runner.py:240} INFO - Task exited with return code 0
[2024-05-27T07:14:15.297+0000] {taskinstance.py:3482} INFO - 0 downstream tasks scheduled from follow-on schedule check
[2024-05-27T07:14:15.299+0000] {local_task_job_runner.py:222} INFO - ::endgroup::
