[2024-05-19T11:46:25.975+0000] {local_task_job_runner.py:120} INFO - ::group::Pre task execution logs
[2024-05-19T11:46:26.035+0000] {taskinstance.py:2073} INFO - Dependencies all met for dep_context=non-requeueable deps ti=<TaskInstance: fetch_parse_store_report_weather_data.fetch_and_save_weather_data scheduled__2024-04-27T23:00:00+00:00 [queued]>
[2024-05-19T11:46:26.057+0000] {taskinstance.py:2073} INFO - Dependencies all met for dep_context=requeueable deps ti=<TaskInstance: fetch_parse_store_report_weather_data.fetch_and_save_weather_data scheduled__2024-04-27T23:00:00+00:00 [queued]>
[2024-05-19T11:46:26.059+0000] {taskinstance.py:2303} INFO - Starting attempt 1 of 2
[2024-05-19T11:46:26.092+0000] {taskinstance.py:2327} INFO - Executing <Task(PythonOperator): fetch_and_save_weather_data> on 2024-04-27 23:00:00+00:00
[2024-05-19T11:46:26.105+0000] {warnings.py:110} WARNING - /home/***/.local/lib/python3.12/site-packages/***/task/task_runner/standard_task_runner.py:61: DeprecationWarning: This process (pid=535) is multi-threaded, use of fork() may lead to deadlocks in the child.
  pid = os.fork()

[2024-05-19T11:46:26.107+0000] {standard_task_runner.py:90} INFO - Running: ['***', 'tasks', 'run', 'fetch_parse_store_report_weather_data', 'fetch_and_save_weather_data', 'scheduled__2024-04-27T23:00:00+00:00', '--job-id', '4703', '--raw', '--subdir', 'DAGS_FOLDER/cris.py', '--cfg-path', '/tmp/tmpi7gzuy_j']
[2024-05-19T11:46:26.109+0000] {standard_task_runner.py:91} INFO - Job 4703: Subtask fetch_and_save_weather_data
[2024-05-19T11:46:26.108+0000] {standard_task_runner.py:63} INFO - Started process 555 to run task
[2024-05-19T11:46:26.220+0000] {task_command.py:426} INFO - Running <TaskInstance: fetch_parse_store_report_weather_data.fetch_and_save_weather_data scheduled__2024-04-27T23:00:00+00:00 [running]> on host d2eb9883ca8d
[2024-05-19T11:46:26.750+0000] {taskinstance.py:2644} INFO - Exporting env vars: AIRFLOW_CTX_DAG_OWNER='***' AIRFLOW_CTX_DAG_ID='fetch_parse_store_report_weather_data' AIRFLOW_CTX_TASK_ID='fetch_and_save_weather_data' AIRFLOW_CTX_EXECUTION_DATE='2024-04-27T23:00:00+00:00' AIRFLOW_CTX_TRY_NUMBER='1' AIRFLOW_CTX_DAG_RUN_ID='scheduled__2024-04-27T23:00:00+00:00'
[2024-05-19T11:46:26.753+0000] {taskinstance.py:430} INFO - ::endgroup::
[2024-05-19T11:46:27.922+0000] {logging_mixin.py:188} INFO - Data has been successfully saved to the JSON file
[2024-05-19T11:46:27.924+0000] {python.py:237} INFO - Done. Returned value was: None
[2024-05-19T11:46:27.925+0000] {taskinstance.py:441} INFO - ::group::Post task execution logs
[2024-05-19T11:46:27.950+0000] {taskinstance.py:1205} INFO - Marking task as SUCCESS. dag_id=fetch_parse_store_report_weather_data, task_id=fetch_and_save_weather_data, execution_date=20240427T230000, start_date=20240519T114626, end_date=20240519T114627
[2024-05-19T11:46:28.054+0000] {local_task_job_runner.py:240} INFO - Task exited with return code 0
[2024-05-19T11:46:28.112+0000] {taskinstance.py:3482} INFO - 1 downstream tasks scheduled from follow-on schedule check
[2024-05-19T11:46:28.115+0000] {local_task_job_runner.py:222} INFO - ::endgroup::
