[2024-05-03T02:08:18.870+0000] {local_task_job_runner.py:120} INFO - ::group::Pre task execution logs
[2024-05-03T02:08:18.902+0000] {taskinstance.py:2073} INFO - Dependencies all met for dep_context=non-requeueable deps ti=<TaskInstance: fetch_and_parse_weather_data.fetch_and_save_weather_data scheduled__2024-04-18T10:00:00+00:00 [queued]>
[2024-05-03T02:08:18.922+0000] {taskinstance.py:2073} INFO - Dependencies all met for dep_context=requeueable deps ti=<TaskInstance: fetch_and_parse_weather_data.fetch_and_save_weather_data scheduled__2024-04-18T10:00:00+00:00 [queued]>
[2024-05-03T02:08:18.923+0000] {taskinstance.py:2303} INFO - Starting attempt 1 of 2
[2024-05-03T02:08:18.947+0000] {taskinstance.py:2327} INFO - Executing <Task(PythonOperator): fetch_and_save_weather_data> on 2024-04-18 10:00:00+00:00
[2024-05-03T02:08:18.957+0000] {warnings.py:110} WARNING - /home/***/.local/lib/python3.12/site-packages/***/task/task_runner/standard_task_runner.py:61: DeprecationWarning: This process (pid=188) is multi-threaded, use of fork() may lead to deadlocks in the child.
  pid = os.fork()

[2024-05-03T02:08:18.959+0000] {standard_task_runner.py:63} INFO - Started process 221 to run task
[2024-05-03T02:08:18.960+0000] {standard_task_runner.py:90} INFO - Running: ['***', 'tasks', 'run', 'fetch_and_parse_weather_data', 'fetch_and_save_weather_data', 'scheduled__2024-04-18T10:00:00+00:00', '--job-id', '175', '--raw', '--subdir', 'DAGS_FOLDER/json_dag.py', '--cfg-path', '/tmp/tmphue9cylu']
[2024-05-03T02:08:18.964+0000] {standard_task_runner.py:91} INFO - Job 175: Subtask fetch_and_save_weather_data
[2024-05-03T02:08:19.026+0000] {task_command.py:426} INFO - Running <TaskInstance: fetch_and_parse_weather_data.fetch_and_save_weather_data scheduled__2024-04-18T10:00:00+00:00 [running]> on host e8691f41e037
[2024-05-03T02:08:19.155+0000] {taskinstance.py:2644} INFO - Exporting env vars: AIRFLOW_CTX_DAG_OWNER='***' AIRFLOW_CTX_DAG_ID='fetch_and_parse_weather_data' AIRFLOW_CTX_TASK_ID='fetch_and_save_weather_data' AIRFLOW_CTX_EXECUTION_DATE='2024-04-18T10:00:00+00:00' AIRFLOW_CTX_TRY_NUMBER='1' AIRFLOW_CTX_DAG_RUN_ID='scheduled__2024-04-18T10:00:00+00:00'
[2024-05-03T02:08:19.157+0000] {taskinstance.py:430} INFO - ::endgroup::
[2024-05-03T02:08:20.825+0000] {logging_mixin.py:188} INFO - Data has been successfully saved to the JSON file
[2024-05-03T02:08:20.826+0000] {python.py:237} INFO - Done. Returned value was: None
[2024-05-03T02:08:20.827+0000] {taskinstance.py:441} INFO - ::group::Post task execution logs
[2024-05-03T02:08:20.836+0000] {taskinstance.py:1205} INFO - Marking task as SUCCESS. dag_id=fetch_and_parse_weather_data, task_id=fetch_and_save_weather_data, execution_date=20240418T100000, start_date=20240503T020818, end_date=20240503T020820
[2024-05-03T02:08:20.862+0000] {local_task_job_runner.py:240} INFO - Task exited with return code 0
[2024-05-03T02:08:20.877+0000] {taskinstance.py:3482} INFO - 0 downstream tasks scheduled from follow-on schedule check
[2024-05-03T02:08:20.879+0000] {local_task_job_runner.py:222} INFO - ::endgroup::
