[2024-05-07T11:57:56.101+0000] {local_task_job_runner.py:120} INFO - ::group::Pre task execution logs
[2024-05-07T11:57:56.133+0000] {taskinstance.py:2073} INFO - Dependencies all met for dep_context=non-requeueable deps ti=<TaskInstance: fetch_and_write_data_to_json.fetch_data_and_write_to_json scheduled__2024-03-10T00:00:00+00:00 [queued]>
[2024-05-07T11:57:56.143+0000] {taskinstance.py:2073} INFO - Dependencies all met for dep_context=requeueable deps ti=<TaskInstance: fetch_and_write_data_to_json.fetch_data_and_write_to_json scheduled__2024-03-10T00:00:00+00:00 [queued]>
[2024-05-07T11:57:56.144+0000] {taskinstance.py:2303} INFO - Starting attempt 2 of 2
[2024-05-07T11:57:56.164+0000] {taskinstance.py:2327} INFO - Executing <Task(PythonOperator): fetch_data_and_write_to_json> on 2024-03-10 00:00:00+00:00
[2024-05-07T11:57:56.173+0000] {warnings.py:110} WARNING - /home/***/.local/lib/python3.12/site-packages/***/task/task_runner/standard_task_runner.py:61: DeprecationWarning: This process (pid=5401) is multi-threaded, use of fork() may lead to deadlocks in the child.
  pid = os.fork()

[2024-05-07T11:57:56.174+0000] {standard_task_runner.py:63} INFO - Started process 5403 to run task
[2024-05-07T11:57:56.174+0000] {standard_task_runner.py:90} INFO - Running: ['***', 'tasks', 'run', 'fetch_and_write_data_to_json', 'fetch_data_and_write_to_json', 'scheduled__2024-03-10T00:00:00+00:00', '--job-id', '1810', '--raw', '--subdir', 'DAGS_FOLDER/newcris.py', '--cfg-path', '/tmp/tmpcoiw9otp']
[2024-05-07T11:57:56.177+0000] {standard_task_runner.py:91} INFO - Job 1810: Subtask fetch_data_and_write_to_json
[2024-05-07T11:57:56.228+0000] {task_command.py:426} INFO - Running <TaskInstance: fetch_and_write_data_to_json.fetch_data_and_write_to_json scheduled__2024-03-10T00:00:00+00:00 [running]> on host e8691f41e037
[2024-05-07T11:57:56.322+0000] {taskinstance.py:2644} INFO - Exporting env vars: AIRFLOW_CTX_DAG_OWNER='***' AIRFLOW_CTX_DAG_ID='fetch_and_write_data_to_json' AIRFLOW_CTX_TASK_ID='fetch_data_and_write_to_json' AIRFLOW_CTX_EXECUTION_DATE='2024-03-10T00:00:00+00:00' AIRFLOW_CTX_TRY_NUMBER='2' AIRFLOW_CTX_DAG_RUN_ID='scheduled__2024-03-10T00:00:00+00:00'
[2024-05-07T11:57:56.324+0000] {taskinstance.py:430} INFO - ::endgroup::
[2024-05-07T11:57:56.655+0000] {taskinstance.py:441} INFO - ::group::Post task execution logs
[2024-05-07T11:57:56.656+0000] {taskinstance.py:2890} ERROR - Task failed with exception
Traceback (most recent call last):
  File "/home/airflow/.local/lib/python3.12/site-packages/airflow/models/taskinstance.py", line 465, in _execute_task
    result = _execute_callable(context=context, **execute_callable_kwargs)
             ^^^^^^^^^^^^^^^^^^^^^^^^^^^^^^^^^^^^^^^^^^^^^^^^^^^^^^^^^^^^^
  File "/home/airflow/.local/lib/python3.12/site-packages/airflow/models/taskinstance.py", line 432, in _execute_callable
    return execute_callable(context=context, **execute_callable_kwargs)
           ^^^^^^^^^^^^^^^^^^^^^^^^^^^^^^^^^^^^^^^^^^^^^^^^^^^^^^^^^^^^
  File "/home/airflow/.local/lib/python3.12/site-packages/airflow/models/baseoperator.py", line 400, in wrapper
    return func(self, *args, **kwargs)
           ^^^^^^^^^^^^^^^^^^^^^^^^^^^
  File "/home/airflow/.local/lib/python3.12/site-packages/airflow/operators/python.py", line 235, in execute
    return_value = self.execute_callable()
                   ^^^^^^^^^^^^^^^^^^^^^^^
  File "/home/airflow/.local/lib/python3.12/site-packages/airflow/operators/python.py", line 252, in execute_callable
    return self.python_callable(*self.op_args, **self.op_kwargs)
           ^^^^^^^^^^^^^^^^^^^^^^^^^^^^^^^^^^^^^^^^^^^^^^^^^^^^^
  File "/opt/airflow/dags/newcris.py", line 22, in fetch_data_and_write_to_json
    with open(output_file_path, 'w') as f:
         ^^^^^^^^^^^^^^^^^^^^^^^^^^^
FileNotFoundError: [Errno 2] No such file or directory: 'C:/Users/YtkaB/PycharmProjects/air/airflow_python_dag/dags'
[2024-05-07T11:57:56.667+0000] {taskinstance.py:1205} INFO - Marking task as FAILED. dag_id=fetch_and_write_data_to_json, task_id=fetch_data_and_write_to_json, execution_date=20240310T000000, start_date=20240507T115756, end_date=20240507T115756
[2024-05-07T11:57:56.679+0000] {standard_task_runner.py:110} ERROR - Failed to execute job 1810 for task fetch_data_and_write_to_json ([Errno 2] No such file or directory: 'C:/Users/YtkaB/PycharmProjects/air/airflow_python_dag/dags'; 5403)
[2024-05-07T11:57:56.710+0000] {local_task_job_runner.py:240} INFO - Task exited with return code 1
[2024-05-07T11:57:56.726+0000] {taskinstance.py:3482} INFO - 0 downstream tasks scheduled from follow-on schedule check
[2024-05-07T11:57:56.727+0000] {local_task_job_runner.py:222} INFO - ::endgroup::
