[2024-05-28T08:11:46.538+0000] {local_task_job_runner.py:120} INFO - ::group::Pre task execution logs
[2024-05-28T08:11:46.594+0000] {taskinstance.py:2073} INFO - Dependencies all met for dep_context=non-requeueable deps ti=<TaskInstance: fetch_parse_store_report_weather_data.send_report_to_telegram scheduled__2024-05-27T20:00:00+00:00 [queued]>
[2024-05-28T08:11:46.621+0000] {taskinstance.py:2073} INFO - Dependencies all met for dep_context=requeueable deps ti=<TaskInstance: fetch_parse_store_report_weather_data.send_report_to_telegram scheduled__2024-05-27T20:00:00+00:00 [queued]>
[2024-05-28T08:11:46.622+0000] {taskinstance.py:2303} INFO - Starting attempt 1 of 2
[2024-05-28T08:11:46.657+0000] {taskinstance.py:2327} INFO - Executing <Task(PythonOperator): send_report_to_telegram> on 2024-05-27 20:00:00+00:00
[2024-05-28T08:11:46.689+0000] {warnings.py:110} WARNING - /home/***/.local/lib/python3.12/site-packages/***/task/task_runner/standard_task_runner.py:61: DeprecationWarning: This process (pid=31860) is multi-threaded, use of fork() may lead to deadlocks in the child.
  pid = os.fork()

[2024-05-28T08:11:46.690+0000] {standard_task_runner.py:90} INFO - Running: ['***', 'tasks', 'run', 'fetch_parse_store_report_weather_data', 'send_report_to_telegram', 'scheduled__2024-05-27T20:00:00+00:00', '--job-id', '12649', '--raw', '--subdir', 'DAGS_FOLDER/cris.py', '--cfg-path', '/tmp/tmp6ezk352n']
[2024-05-28T08:11:46.694+0000] {standard_task_runner.py:91} INFO - Job 12649: Subtask send_report_to_telegram
[2024-05-28T08:11:46.691+0000] {standard_task_runner.py:63} INFO - Started process 32006 to run task
[2024-05-28T08:11:46.803+0000] {task_command.py:426} INFO - Running <TaskInstance: fetch_parse_store_report_weather_data.send_report_to_telegram scheduled__2024-05-27T20:00:00+00:00 [running]> on host b151419bfa2a
[2024-05-28T08:11:47.008+0000] {taskinstance.py:2644} INFO - Exporting env vars: AIRFLOW_CTX_DAG_OWNER='***' AIRFLOW_CTX_DAG_ID='fetch_parse_store_report_weather_data' AIRFLOW_CTX_TASK_ID='send_report_to_telegram' AIRFLOW_CTX_EXECUTION_DATE='2024-05-27T20:00:00+00:00' AIRFLOW_CTX_TRY_NUMBER='1' AIRFLOW_CTX_DAG_RUN_ID='scheduled__2024-05-27T20:00:00+00:00'
[2024-05-28T08:11:47.016+0000] {taskinstance.py:430} INFO - ::endgroup::
[2024-05-28T08:11:47.018+0000] {logging_mixin.py:188} INFO - File /tmp/report.txt does not exist
[2024-05-28T08:11:47.019+0000] {logging_mixin.py:188} INFO - File /tmp/temperature_plot.png does not exist
[2024-05-28T08:11:47.021+0000] {logging_mixin.py:188} INFO - File /tmp/pressure_plot.png does not exist
[2024-05-28T08:11:47.024+0000] {python.py:237} INFO - Done. Returned value was: None
[2024-05-28T08:11:47.026+0000] {taskinstance.py:441} INFO - ::group::Post task execution logs
[2024-05-28T08:11:47.061+0000] {taskinstance.py:1205} INFO - Marking task as SUCCESS. dag_id=fetch_parse_store_report_weather_data, task_id=send_report_to_telegram, execution_date=20240527T200000, start_date=20240528T081146, end_date=20240528T081147
[2024-05-28T08:11:47.120+0000] {local_task_job_runner.py:240} INFO - Task exited with return code 0
[2024-05-28T08:11:47.152+0000] {taskinstance.py:3482} INFO - 0 downstream tasks scheduled from follow-on schedule check
[2024-05-28T08:11:47.155+0000] {local_task_job_runner.py:222} INFO - ::endgroup::
