[2024-05-03T02:11:34.021+0000] {local_task_job_runner.py:120} INFO - ::group::Pre task execution logs
[2024-05-03T02:11:34.060+0000] {taskinstance.py:2073} INFO - Dependencies all met for dep_context=non-requeueable deps ti=<TaskInstance: fetch_and_parse_weather_data.fetch_and_save_weather_data scheduled__2024-04-27T13:00:00+00:00 [queued]>
[2024-05-03T02:11:34.073+0000] {taskinstance.py:2073} INFO - Dependencies all met for dep_context=requeueable deps ti=<TaskInstance: fetch_and_parse_weather_data.fetch_and_save_weather_data scheduled__2024-04-27T13:00:00+00:00 [queued]>
[2024-05-03T02:11:34.074+0000] {taskinstance.py:2303} INFO - Starting attempt 1 of 2
[2024-05-03T02:11:34.096+0000] {taskinstance.py:2327} INFO - Executing <Task(PythonOperator): fetch_and_save_weather_data> on 2024-04-27 13:00:00+00:00
[2024-05-03T02:11:34.105+0000] {warnings.py:110} WARNING - /home/***/.local/lib/python3.12/site-packages/***/task/task_runner/standard_task_runner.py:61: DeprecationWarning: This process (pid=891) is multi-threaded, use of fork() may lead to deadlocks in the child.
  pid = os.fork()

[2024-05-03T02:11:34.106+0000] {standard_task_runner.py:63} INFO - Started process 917 to run task
[2024-05-03T02:11:34.107+0000] {standard_task_runner.py:90} INFO - Running: ['***', 'tasks', 'run', 'fetch_and_parse_weather_data', 'fetch_and_save_weather_data', 'scheduled__2024-04-27T13:00:00+00:00', '--job-id', '394', '--raw', '--subdir', 'DAGS_FOLDER/json_dag.py', '--cfg-path', '/tmp/tmp16djuwn_']
[2024-05-03T02:11:34.110+0000] {standard_task_runner.py:91} INFO - Job 394: Subtask fetch_and_save_weather_data
[2024-05-03T02:11:34.172+0000] {task_command.py:426} INFO - Running <TaskInstance: fetch_and_parse_weather_data.fetch_and_save_weather_data scheduled__2024-04-27T13:00:00+00:00 [running]> on host e8691f41e037
[2024-05-03T02:11:34.309+0000] {taskinstance.py:2644} INFO - Exporting env vars: AIRFLOW_CTX_DAG_OWNER='***' AIRFLOW_CTX_DAG_ID='fetch_and_parse_weather_data' AIRFLOW_CTX_TASK_ID='fetch_and_save_weather_data' AIRFLOW_CTX_EXECUTION_DATE='2024-04-27T13:00:00+00:00' AIRFLOW_CTX_TRY_NUMBER='1' AIRFLOW_CTX_DAG_RUN_ID='scheduled__2024-04-27T13:00:00+00:00'
[2024-05-03T02:11:34.312+0000] {taskinstance.py:430} INFO - ::endgroup::
[2024-05-03T02:11:35.636+0000] {logging_mixin.py:188} INFO - Data has been successfully saved to the JSON file
[2024-05-03T02:11:35.636+0000] {python.py:237} INFO - Done. Returned value was: None
[2024-05-03T02:11:35.637+0000] {taskinstance.py:441} INFO - ::group::Post task execution logs
[2024-05-03T02:11:35.646+0000] {taskinstance.py:1205} INFO - Marking task as SUCCESS. dag_id=fetch_and_parse_weather_data, task_id=fetch_and_save_weather_data, execution_date=20240427T130000, start_date=20240503T021134, end_date=20240503T021135
[2024-05-03T02:11:35.686+0000] {local_task_job_runner.py:240} INFO - Task exited with return code 0
[2024-05-03T02:11:35.702+0000] {taskinstance.py:3482} INFO - 0 downstream tasks scheduled from follow-on schedule check
[2024-05-03T02:11:35.704+0000] {local_task_job_runner.py:222} INFO - ::endgroup::
