[2024-05-29T01:48:57.824+0000] {local_task_job_runner.py:120} INFO - ::group::Pre task execution logs
[2024-05-29T01:48:57.846+0000] {taskinstance.py:2073} INFO - Dependencies all met for dep_context=non-requeueable deps ti=<TaskInstance: fetch_parse_store_report_weather_data.save_data_to_db manual__2024-05-29T01:48:43.587313+00:00 [queued]>
[2024-05-29T01:48:57.855+0000] {taskinstance.py:2073} INFO - Dependencies all met for dep_context=requeueable deps ti=<TaskInstance: fetch_parse_store_report_weather_data.save_data_to_db manual__2024-05-29T01:48:43.587313+00:00 [queued]>
[2024-05-29T01:48:57.856+0000] {taskinstance.py:2303} INFO - Starting attempt 1 of 2
[2024-05-29T01:48:57.869+0000] {taskinstance.py:2327} INFO - Executing <Task(PythonOperator): save_data_to_db> on 2024-05-29 01:48:43.587313+00:00
[2024-05-29T01:48:57.881+0000] {warnings.py:110} WARNING - /home/***/.local/lib/python3.12/site-packages/***/task/task_runner/standard_task_runner.py:61: DeprecationWarning: This process (pid=88) is multi-threaded, use of fork() may lead to deadlocks in the child.
  pid = os.fork()

[2024-05-29T01:48:57.882+0000] {standard_task_runner.py:63} INFO - Started process 109 to run task
[2024-05-29T01:48:57.882+0000] {standard_task_runner.py:90} INFO - Running: ['***', 'tasks', 'run', 'fetch_parse_store_report_weather_data', 'save_data_to_db', 'manual__2024-05-29T01:48:43.587313+00:00', '--job-id', '12773', '--raw', '--subdir', 'DAGS_FOLDER/cris.py', '--cfg-path', '/tmp/tmpn7gtakc7']
[2024-05-29T01:48:57.883+0000] {standard_task_runner.py:91} INFO - Job 12773: Subtask save_data_to_db
[2024-05-29T01:48:57.927+0000] {task_command.py:426} INFO - Running <TaskInstance: fetch_parse_store_report_weather_data.save_data_to_db manual__2024-05-29T01:48:43.587313+00:00 [running]> on host b151419bfa2a
[2024-05-29T01:48:58.021+0000] {taskinstance.py:2644} INFO - Exporting env vars: AIRFLOW_CTX_DAG_OWNER='***' AIRFLOW_CTX_DAG_ID='fetch_parse_store_report_weather_data' AIRFLOW_CTX_TASK_ID='save_data_to_db' AIRFLOW_CTX_EXECUTION_DATE='2024-05-29T01:48:43.587313+00:00' AIRFLOW_CTX_TRY_NUMBER='1' AIRFLOW_CTX_DAG_RUN_ID='manual__2024-05-29T01:48:43.587313+00:00'
[2024-05-29T01:48:58.022+0000] {taskinstance.py:430} INFO - ::endgroup::
[2024-05-29T01:48:58.033+0000] {logging_mixin.py:188} INFO - Error connecting to the database: The conn_id `postgres_default` isn't defined
[2024-05-29T01:48:58.033+0000] {python.py:237} INFO - Done. Returned value was: None
[2024-05-29T01:48:58.034+0000] {taskinstance.py:441} INFO - ::group::Post task execution logs
[2024-05-29T01:48:58.043+0000] {taskinstance.py:1205} INFO - Marking task as SUCCESS. dag_id=fetch_parse_store_report_weather_data, task_id=save_data_to_db, execution_date=20240529T014843, start_date=20240529T014857, end_date=20240529T014858
[2024-05-29T01:48:58.097+0000] {local_task_job_runner.py:240} INFO - Task exited with return code 0
[2024-05-29T01:48:58.124+0000] {taskinstance.py:3482} INFO - 1 downstream tasks scheduled from follow-on schedule check
[2024-05-29T01:48:58.126+0000] {local_task_job_runner.py:222} INFO - ::endgroup::
