[2024-05-29T01:48:49.523+0000] {local_task_job_runner.py:120} INFO - ::group::Pre task execution logs
[2024-05-29T01:48:49.546+0000] {taskinstance.py:2073} INFO - Dependencies all met for dep_context=non-requeueable deps ti=<TaskInstance: fetch_parse_store_report_weather_data.fetch_and_save_weather_data manual__2024-05-29T01:48:43.587313+00:00 [queued]>
[2024-05-29T01:48:49.554+0000] {taskinstance.py:2073} INFO - Dependencies all met for dep_context=requeueable deps ti=<TaskInstance: fetch_parse_store_report_weather_data.fetch_and_save_weather_data manual__2024-05-29T01:48:43.587313+00:00 [queued]>
[2024-05-29T01:48:49.555+0000] {taskinstance.py:2303} INFO - Starting attempt 1 of 2
[2024-05-29T01:48:49.569+0000] {taskinstance.py:2327} INFO - Executing <Task(PythonOperator): fetch_and_save_weather_data> on 2024-05-29 01:48:43.587313+00:00
[2024-05-29T01:48:49.582+0000] {warnings.py:110} WARNING - /home/***/.local/lib/python3.12/site-packages/***/task/task_runner/standard_task_runner.py:61: DeprecationWarning: This process (pid=73) is multi-threaded, use of fork() may lead to deadlocks in the child.
  pid = os.fork()

[2024-05-29T01:48:49.583+0000] {standard_task_runner.py:63} INFO - Started process 87 to run task
[2024-05-29T01:48:49.583+0000] {standard_task_runner.py:90} INFO - Running: ['***', 'tasks', 'run', 'fetch_parse_store_report_weather_data', 'fetch_and_save_weather_data', 'manual__2024-05-29T01:48:43.587313+00:00', '--job-id', '12772', '--raw', '--subdir', 'DAGS_FOLDER/cris.py', '--cfg-path', '/tmp/tmp4fewa4vy']
[2024-05-29T01:48:49.584+0000] {standard_task_runner.py:91} INFO - Job 12772: Subtask fetch_and_save_weather_data
[2024-05-29T01:48:49.629+0000] {task_command.py:426} INFO - Running <TaskInstance: fetch_parse_store_report_weather_data.fetch_and_save_weather_data manual__2024-05-29T01:48:43.587313+00:00 [running]> on host b151419bfa2a
[2024-05-29T01:48:49.731+0000] {taskinstance.py:2644} INFO - Exporting env vars: AIRFLOW_CTX_DAG_OWNER='***' AIRFLOW_CTX_DAG_ID='fetch_parse_store_report_weather_data' AIRFLOW_CTX_TASK_ID='fetch_and_save_weather_data' AIRFLOW_CTX_EXECUTION_DATE='2024-05-29T01:48:43.587313+00:00' AIRFLOW_CTX_TRY_NUMBER='1' AIRFLOW_CTX_DAG_RUN_ID='manual__2024-05-29T01:48:43.587313+00:00'
[2024-05-29T01:48:49.733+0000] {taskinstance.py:430} INFO - ::endgroup::
[2024-05-29T01:48:51.047+0000] {logging_mixin.py:188} INFO - Data has been successfully saved to the JSON file
[2024-05-29T01:48:51.048+0000] {python.py:237} INFO - Done. Returned value was: None
[2024-05-29T01:48:51.049+0000] {taskinstance.py:441} INFO - ::group::Post task execution logs
[2024-05-29T01:48:51.059+0000] {taskinstance.py:1205} INFO - Marking task as SUCCESS. dag_id=fetch_parse_store_report_weather_data, task_id=fetch_and_save_weather_data, execution_date=20240529T014843, start_date=20240529T014849, end_date=20240529T014851
[2024-05-29T01:48:51.082+0000] {local_task_job_runner.py:240} INFO - Task exited with return code 0
[2024-05-29T01:48:51.107+0000] {taskinstance.py:3482} INFO - 1 downstream tasks scheduled from follow-on schedule check
[2024-05-29T01:48:51.109+0000] {local_task_job_runner.py:222} INFO - ::endgroup::
