[2024-05-27T08:07:03.154+0000] {local_task_job_runner.py:120} INFO - ::group::Pre task execution logs
[2024-05-27T08:07:03.273+0000] {taskinstance.py:2073} INFO - Dependencies all met for dep_context=non-requeueable deps ti=<TaskInstance: fetch_parse_store_report_weather_data.fetch_and_save_weather_data scheduled__2024-05-16T10:00:00+00:00 [queued]>
[2024-05-27T08:07:03.290+0000] {taskinstance.py:2073} INFO - Dependencies all met for dep_context=requeueable deps ti=<TaskInstance: fetch_parse_store_report_weather_data.fetch_and_save_weather_data scheduled__2024-05-16T10:00:00+00:00 [queued]>
[2024-05-27T08:07:03.294+0000] {taskinstance.py:2303} INFO - Starting attempt 2 of 2
[2024-05-27T08:07:03.327+0000] {taskinstance.py:2327} INFO - Executing <Task(PythonOperator): fetch_and_save_weather_data> on 2024-05-16 10:00:00+00:00
[2024-05-27T08:07:03.357+0000] {warnings.py:110} WARNING - /home/***/.local/lib/python3.12/site-packages/***/task/task_runner/standard_task_runner.py:61: DeprecationWarning: This process (pid=12587) is multi-threaded, use of fork() may lead to deadlocks in the child.
  pid = os.fork()

[2024-05-27T08:07:03.360+0000] {standard_task_runner.py:63} INFO - Started process 12753 to run task
[2024-05-27T08:07:03.362+0000] {standard_task_runner.py:90} INFO - Running: ['***', 'tasks', 'run', 'fetch_parse_store_report_weather_data', 'fetch_and_save_weather_data', 'scheduled__2024-05-16T10:00:00+00:00', '--job-id', '11654', '--raw', '--subdir', 'DAGS_FOLDER/cris.py', '--cfg-path', '/tmp/tmphlpvqtfs']
[2024-05-27T08:07:03.364+0000] {standard_task_runner.py:91} INFO - Job 11654: Subtask fetch_and_save_weather_data
[2024-05-27T08:07:03.492+0000] {task_command.py:426} INFO - Running <TaskInstance: fetch_parse_store_report_weather_data.fetch_and_save_weather_data scheduled__2024-05-16T10:00:00+00:00 [running]> on host b151419bfa2a
[2024-05-27T08:07:03.772+0000] {taskinstance.py:2644} INFO - Exporting env vars: AIRFLOW_CTX_DAG_OWNER='***' AIRFLOW_CTX_DAG_ID='fetch_parse_store_report_weather_data' AIRFLOW_CTX_TASK_ID='fetch_and_save_weather_data' AIRFLOW_CTX_EXECUTION_DATE='2024-05-16T10:00:00+00:00' AIRFLOW_CTX_TRY_NUMBER='2' AIRFLOW_CTX_DAG_RUN_ID='scheduled__2024-05-16T10:00:00+00:00'
[2024-05-27T08:07:03.774+0000] {taskinstance.py:430} INFO - ::endgroup::
[2024-05-27T08:07:06.909+0000] {logging_mixin.py:188} INFO - Data has been successfully saved to the JSON file
[2024-05-27T08:07:06.910+0000] {python.py:237} INFO - Done. Returned value was: None
[2024-05-27T08:07:06.911+0000] {taskinstance.py:441} INFO - ::group::Post task execution logs
[2024-05-27T08:07:06.931+0000] {taskinstance.py:1205} INFO - Marking task as SUCCESS. dag_id=fetch_parse_store_report_weather_data, task_id=fetch_and_save_weather_data, execution_date=20240516T100000, start_date=20240527T080703, end_date=20240527T080706
[2024-05-27T08:07:07.312+0000] {local_task_job_runner.py:240} INFO - Task exited with return code 0
[2024-05-27T08:07:07.369+0000] {taskinstance.py:3482} INFO - 1 downstream tasks scheduled from follow-on schedule check
[2024-05-27T08:07:07.372+0000] {local_task_job_runner.py:222} INFO - ::endgroup::
