[2024-05-27T08:15:49.117+0000] {local_task_job_runner.py:120} INFO - ::group::Pre task execution logs
[2024-05-27T08:15:49.159+0000] {taskinstance.py:2073} INFO - Dependencies all met for dep_context=non-requeueable deps ti=<TaskInstance: fetch_parse_store_report_weather_data.send_report_to_telegram scheduled__2024-05-21T01:00:00+00:00 [queued]>
[2024-05-27T08:15:49.176+0000] {taskinstance.py:2073} INFO - Dependencies all met for dep_context=requeueable deps ti=<TaskInstance: fetch_parse_store_report_weather_data.send_report_to_telegram scheduled__2024-05-21T01:00:00+00:00 [queued]>
[2024-05-27T08:15:49.177+0000] {taskinstance.py:2303} INFO - Starting attempt 1 of 2
[2024-05-27T08:15:49.205+0000] {taskinstance.py:2327} INFO - Executing <Task(PythonOperator): send_report_to_telegram> on 2024-05-21 01:00:00+00:00
[2024-05-27T08:15:49.237+0000] {warnings.py:110} WARNING - /home/***/.local/lib/python3.12/site-packages/***/task/task_runner/standard_task_runner.py:61: DeprecationWarning: This process (pid=17090) is multi-threaded, use of fork() may lead to deadlocks in the child.
  pid = os.fork()

[2024-05-27T08:15:49.240+0000] {standard_task_runner.py:63} INFO - Started process 17289 to run task
[2024-05-27T08:15:49.241+0000] {standard_task_runner.py:90} INFO - Running: ['***', 'tasks', 'run', 'fetch_parse_store_report_weather_data', 'send_report_to_telegram', 'scheduled__2024-05-21T01:00:00+00:00', '--job-id', '11945', '--raw', '--subdir', 'DAGS_FOLDER/cris.py', '--cfg-path', '/tmp/tmpkph41oww']
[2024-05-27T08:15:49.285+0000] {standard_task_runner.py:91} INFO - Job 11945: Subtask send_report_to_telegram
[2024-05-27T08:15:49.491+0000] {task_command.py:426} INFO - Running <TaskInstance: fetch_parse_store_report_weather_data.send_report_to_telegram scheduled__2024-05-21T01:00:00+00:00 [running]> on host b151419bfa2a
[2024-05-27T08:15:49.802+0000] {taskinstance.py:2644} INFO - Exporting env vars: AIRFLOW_CTX_DAG_OWNER='***' AIRFLOW_CTX_DAG_ID='fetch_parse_store_report_weather_data' AIRFLOW_CTX_TASK_ID='send_report_to_telegram' AIRFLOW_CTX_EXECUTION_DATE='2024-05-21T01:00:00+00:00' AIRFLOW_CTX_TRY_NUMBER='1' AIRFLOW_CTX_DAG_RUN_ID='scheduled__2024-05-21T01:00:00+00:00'
[2024-05-27T08:15:49.805+0000] {taskinstance.py:430} INFO - ::endgroup::
[2024-05-27T08:15:49.806+0000] {logging_mixin.py:188} INFO - File /tmp/report.txt does not exist
[2024-05-27T08:15:49.807+0000] {logging_mixin.py:188} INFO - File /tmp/temperature_plot.png does not exist
[2024-05-27T08:15:49.808+0000] {logging_mixin.py:188} INFO - File /tmp/pressure_plot.png does not exist
[2024-05-27T08:15:49.809+0000] {python.py:237} INFO - Done. Returned value was: None
[2024-05-27T08:15:49.810+0000] {taskinstance.py:441} INFO - ::group::Post task execution logs
[2024-05-27T08:15:49.831+0000] {taskinstance.py:1205} INFO - Marking task as SUCCESS. dag_id=fetch_parse_store_report_weather_data, task_id=send_report_to_telegram, execution_date=20240521T010000, start_date=20240527T081549, end_date=20240527T081549
[2024-05-27T08:15:49.933+0000] {local_task_job_runner.py:240} INFO - Task exited with return code 0
[2024-05-27T08:15:49.994+0000] {taskinstance.py:3482} INFO - 0 downstream tasks scheduled from follow-on schedule check
[2024-05-27T08:15:50.005+0000] {local_task_job_runner.py:222} INFO - ::endgroup::
