[2024-05-25T10:02:10.049+0000] {local_task_job_runner.py:120} INFO - ::group::Pre task execution logs
[2024-05-25T10:02:10.071+0000] {taskinstance.py:2073} INFO - Dependencies all met for dep_context=non-requeueable deps ti=<TaskInstance: fetch_and_parse_weather_data.fetch_and_save_weather_data scheduled__2024-05-25T06:00:00+00:00 [queued]>
[2024-05-25T10:02:10.080+0000] {taskinstance.py:2073} INFO - Dependencies all met for dep_context=requeueable deps ti=<TaskInstance: fetch_and_parse_weather_data.fetch_and_save_weather_data scheduled__2024-05-25T06:00:00+00:00 [queued]>
[2024-05-25T10:02:10.081+0000] {taskinstance.py:2303} INFO - Starting attempt 1 of 2
[2024-05-25T10:02:10.095+0000] {taskinstance.py:2327} INFO - Executing <Task(PythonOperator): fetch_and_save_weather_data> on 2024-05-25 06:00:00+00:00
[2024-05-25T10:02:10.102+0000] {warnings.py:110} WARNING - /home/***/.local/lib/python3.12/site-packages/***/task/task_runner/standard_task_runner.py:61: DeprecationWarning: This process (pid=1550) is multi-threaded, use of fork() may lead to deadlocks in the child.
  pid = os.fork()

[2024-05-25T10:02:10.103+0000] {standard_task_runner.py:63} INFO - Started process 1564 to run task
[2024-05-25T10:02:10.104+0000] {standard_task_runner.py:90} INFO - Running: ['***', 'tasks', 'run', 'fetch_and_parse_weather_data', 'fetch_and_save_weather_data', 'scheduled__2024-05-25T06:00:00+00:00', '--job-id', '6368', '--raw', '--subdir', 'DAGS_FOLDER/json_dag.py', '--cfg-path', '/tmp/tmp36dgi7ja']
[2024-05-25T10:02:10.107+0000] {standard_task_runner.py:91} INFO - Job 6368: Subtask fetch_and_save_weather_data
[2024-05-25T10:02:10.153+0000] {task_command.py:426} INFO - Running <TaskInstance: fetch_and_parse_weather_data.fetch_and_save_weather_data scheduled__2024-05-25T06:00:00+00:00 [running]> on host 9dd3157499a4
[2024-05-25T10:02:10.266+0000] {taskinstance.py:2644} INFO - Exporting env vars: AIRFLOW_CTX_DAG_OWNER='***' AIRFLOW_CTX_DAG_ID='fetch_and_parse_weather_data' AIRFLOW_CTX_TASK_ID='fetch_and_save_weather_data' AIRFLOW_CTX_EXECUTION_DATE='2024-05-25T06:00:00+00:00' AIRFLOW_CTX_TRY_NUMBER='1' AIRFLOW_CTX_DAG_RUN_ID='scheduled__2024-05-25T06:00:00+00:00'
[2024-05-25T10:02:10.270+0000] {taskinstance.py:430} INFO - ::endgroup::
[2024-05-25T10:02:11.384+0000] {logging_mixin.py:188} INFO - Data has been successfully saved to the JSON file
[2024-05-25T10:02:11.385+0000] {python.py:237} INFO - Done. Returned value was: None
[2024-05-25T10:02:11.386+0000] {taskinstance.py:441} INFO - ::group::Post task execution logs
[2024-05-25T10:02:11.394+0000] {taskinstance.py:1205} INFO - Marking task as SUCCESS. dag_id=fetch_and_parse_weather_data, task_id=fetch_and_save_weather_data, execution_date=20240525T060000, start_date=20240525T100210, end_date=20240525T100211
[2024-05-25T10:02:11.441+0000] {local_task_job_runner.py:240} INFO - Task exited with return code 0
[2024-05-25T10:02:11.456+0000] {taskinstance.py:3482} INFO - 0 downstream tasks scheduled from follow-on schedule check
[2024-05-25T10:02:11.458+0000] {local_task_job_runner.py:222} INFO - ::endgroup::
