[2024-05-19T13:20:23.704+0000] {local_task_job_runner.py:120} INFO - ::group::Pre task execution logs
[2024-05-19T13:20:23.764+0000] {taskinstance.py:2073} INFO - Dependencies all met for dep_context=non-requeueable deps ti=<TaskInstance: fetch_parse_store_report_weather_data.fetch_and_save_weather_data scheduled__2024-05-08T12:00:00+00:00 [queued]>
[2024-05-19T13:20:23.780+0000] {taskinstance.py:2073} INFO - Dependencies all met for dep_context=requeueable deps ti=<TaskInstance: fetch_parse_store_report_weather_data.fetch_and_save_weather_data scheduled__2024-05-08T12:00:00+00:00 [queued]>
[2024-05-19T13:20:23.781+0000] {taskinstance.py:2303} INFO - Starting attempt 1 of 2
[2024-05-19T13:20:23.824+0000] {taskinstance.py:2327} INFO - Executing <Task(PythonOperator): fetch_and_save_weather_data> on 2024-05-08 12:00:00+00:00
[2024-05-19T13:20:23.852+0000] {warnings.py:110} WARNING - /home/***/.local/lib/python3.12/site-packages/***/task/task_runner/standard_task_runner.py:61: DeprecationWarning: This process (pid=3014) is multi-threaded, use of fork() may lead to deadlocks in the child.
  pid = os.fork()

[2024-05-19T13:20:23.856+0000] {standard_task_runner.py:90} INFO - Running: ['***', 'tasks', 'run', 'fetch_parse_store_report_weather_data', 'fetch_and_save_weather_data', 'scheduled__2024-05-08T12:00:00+00:00', '--job-id', '5988', '--raw', '--subdir', 'DAGS_FOLDER/cris.py', '--cfg-path', '/tmp/tmp4d68d1zg']
[2024-05-19T13:20:23.858+0000] {standard_task_runner.py:91} INFO - Job 5988: Subtask fetch_and_save_weather_data
[2024-05-19T13:20:23.856+0000] {standard_task_runner.py:63} INFO - Started process 3033 to run task
[2024-05-19T13:20:23.975+0000] {task_command.py:426} INFO - Running <TaskInstance: fetch_parse_store_report_weather_data.fetch_and_save_weather_data scheduled__2024-05-08T12:00:00+00:00 [running]> on host d2eb9883ca8d
[2024-05-19T13:20:24.410+0000] {taskinstance.py:2644} INFO - Exporting env vars: AIRFLOW_CTX_DAG_OWNER='***' AIRFLOW_CTX_DAG_ID='fetch_parse_store_report_weather_data' AIRFLOW_CTX_TASK_ID='fetch_and_save_weather_data' AIRFLOW_CTX_EXECUTION_DATE='2024-05-08T12:00:00+00:00' AIRFLOW_CTX_TRY_NUMBER='1' AIRFLOW_CTX_DAG_RUN_ID='scheduled__2024-05-08T12:00:00+00:00'
[2024-05-19T13:20:24.412+0000] {taskinstance.py:430} INFO - ::endgroup::
[2024-05-19T13:20:25.587+0000] {logging_mixin.py:188} INFO - Data has been successfully saved to the JSON file
[2024-05-19T13:20:25.588+0000] {python.py:237} INFO - Done. Returned value was: None
[2024-05-19T13:20:25.589+0000] {taskinstance.py:441} INFO - ::group::Post task execution logs
[2024-05-19T13:20:25.601+0000] {taskinstance.py:1205} INFO - Marking task as SUCCESS. dag_id=fetch_parse_store_report_weather_data, task_id=fetch_and_save_weather_data, execution_date=20240508T120000, start_date=20240519T132023, end_date=20240519T132025
[2024-05-19T13:20:25.662+0000] {local_task_job_runner.py:240} INFO - Task exited with return code 0
[2024-05-19T13:20:25.703+0000] {taskinstance.py:3482} INFO - 1 downstream tasks scheduled from follow-on schedule check
[2024-05-19T13:20:25.706+0000] {local_task_job_runner.py:222} INFO - ::endgroup::
