[2024-05-19T12:52:26.416+0000] {local_task_job_runner.py:120} INFO - ::group::Pre task execution logs
[2024-05-19T12:52:26.468+0000] {taskinstance.py:2073} INFO - Dependencies all met for dep_context=non-requeueable deps ti=<TaskInstance: fetch_parse_store_report_weather_data.fetch_and_save_weather_data scheduled__2024-05-05T02:00:00+00:00 [queued]>
[2024-05-19T12:52:26.500+0000] {taskinstance.py:2073} INFO - Dependencies all met for dep_context=requeueable deps ti=<TaskInstance: fetch_parse_store_report_weather_data.fetch_and_save_weather_data scheduled__2024-05-05T02:00:00+00:00 [queued]>
[2024-05-19T12:52:26.505+0000] {taskinstance.py:2303} INFO - Starting attempt 1 of 2
[2024-05-19T12:52:26.551+0000] {taskinstance.py:2327} INFO - Executing <Task(PythonOperator): fetch_and_save_weather_data> on 2024-05-05 02:00:00+00:00
[2024-05-19T12:52:26.566+0000] {warnings.py:110} WARNING - /home/***/.local/lib/python3.12/site-packages/***/task/task_runner/standard_task_runner.py:61: DeprecationWarning: This process (pid=1437) is multi-threaded, use of fork() may lead to deadlocks in the child.
  pid = os.fork()

[2024-05-19T12:52:26.574+0000] {standard_task_runner.py:63} INFO - Started process 1456 to run task
[2024-05-19T12:52:26.580+0000] {standard_task_runner.py:90} INFO - Running: ['***', 'tasks', 'run', 'fetch_parse_store_report_weather_data', 'fetch_and_save_weather_data', 'scheduled__2024-05-05T02:00:00+00:00', '--job-id', '5579', '--raw', '--subdir', 'DAGS_FOLDER/cris.py', '--cfg-path', '/tmp/tmppo5o9d15']
[2024-05-19T12:52:26.582+0000] {standard_task_runner.py:91} INFO - Job 5579: Subtask fetch_and_save_weather_data
[2024-05-19T12:52:26.688+0000] {task_command.py:426} INFO - Running <TaskInstance: fetch_parse_store_report_weather_data.fetch_and_save_weather_data scheduled__2024-05-05T02:00:00+00:00 [running]> on host d2eb9883ca8d
[2024-05-19T12:52:27.242+0000] {taskinstance.py:2644} INFO - Exporting env vars: AIRFLOW_CTX_DAG_OWNER='***' AIRFLOW_CTX_DAG_ID='fetch_parse_store_report_weather_data' AIRFLOW_CTX_TASK_ID='fetch_and_save_weather_data' AIRFLOW_CTX_EXECUTION_DATE='2024-05-05T02:00:00+00:00' AIRFLOW_CTX_TRY_NUMBER='1' AIRFLOW_CTX_DAG_RUN_ID='scheduled__2024-05-05T02:00:00+00:00'
[2024-05-19T12:52:27.246+0000] {taskinstance.py:430} INFO - ::endgroup::
[2024-05-19T12:52:28.386+0000] {logging_mixin.py:188} INFO - Data has been successfully saved to the JSON file
[2024-05-19T12:52:28.387+0000] {python.py:237} INFO - Done. Returned value was: None
[2024-05-19T12:52:28.388+0000] {taskinstance.py:441} INFO - ::group::Post task execution logs
[2024-05-19T12:52:28.403+0000] {taskinstance.py:1205} INFO - Marking task as SUCCESS. dag_id=fetch_parse_store_report_weather_data, task_id=fetch_and_save_weather_data, execution_date=20240505T020000, start_date=20240519T125226, end_date=20240519T125228
[2024-05-19T12:52:28.450+0000] {local_task_job_runner.py:240} INFO - Task exited with return code 0
[2024-05-19T12:52:28.493+0000] {taskinstance.py:3482} INFO - 1 downstream tasks scheduled from follow-on schedule check
[2024-05-19T12:52:28.495+0000] {local_task_job_runner.py:222} INFO - ::endgroup::
