[2024-05-19T12:46:35.906+0000] {local_task_job_runner.py:120} INFO - ::group::Pre task execution logs
[2024-05-19T12:46:35.931+0000] {taskinstance.py:2073} INFO - Dependencies all met for dep_context=non-requeueable deps ti=<TaskInstance: fetch_parse_store_report_weather_data.send_report_to_telegram scheduled__2024-05-04T03:00:00+00:00 [queued]>
[2024-05-19T12:46:35.940+0000] {taskinstance.py:2073} INFO - Dependencies all met for dep_context=requeueable deps ti=<TaskInstance: fetch_parse_store_report_weather_data.send_report_to_telegram scheduled__2024-05-04T03:00:00+00:00 [queued]>
[2024-05-19T12:46:35.940+0000] {taskinstance.py:2303} INFO - Starting attempt 2 of 2
[2024-05-19T12:46:35.955+0000] {taskinstance.py:2327} INFO - Executing <Task(PythonOperator): send_report_to_telegram> on 2024-05-04 03:00:00+00:00
[2024-05-19T12:46:35.965+0000] {warnings.py:110} WARNING - /home/***/.local/lib/python3.12/site-packages/***/task/task_runner/standard_task_runner.py:61: DeprecationWarning: This process (pid=1118) is multi-threaded, use of fork() may lead to deadlocks in the child.
  pid = os.fork()

[2024-05-19T12:46:35.966+0000] {standard_task_runner.py:63} INFO - Started process 1123 to run task
[2024-05-19T12:46:35.967+0000] {standard_task_runner.py:90} INFO - Running: ['***', 'tasks', 'run', 'fetch_parse_store_report_weather_data', 'send_report_to_telegram', 'scheduled__2024-05-04T03:00:00+00:00', '--job-id', '5497', '--raw', '--subdir', 'DAGS_FOLDER/cris.py', '--cfg-path', '/tmp/tmpot4_6r9q']
[2024-05-19T12:46:35.968+0000] {standard_task_runner.py:91} INFO - Job 5497: Subtask send_report_to_telegram
[2024-05-19T12:46:36.024+0000] {task_command.py:426} INFO - Running <TaskInstance: fetch_parse_store_report_weather_data.send_report_to_telegram scheduled__2024-05-04T03:00:00+00:00 [running]> on host d2eb9883ca8d
[2024-05-19T12:46:36.367+0000] {taskinstance.py:2644} INFO - Exporting env vars: AIRFLOW_CTX_DAG_OWNER='***' AIRFLOW_CTX_DAG_ID='fetch_parse_store_report_weather_data' AIRFLOW_CTX_TASK_ID='send_report_to_telegram' AIRFLOW_CTX_EXECUTION_DATE='2024-05-04T03:00:00+00:00' AIRFLOW_CTX_TRY_NUMBER='2' AIRFLOW_CTX_DAG_RUN_ID='scheduled__2024-05-04T03:00:00+00:00'
[2024-05-19T12:46:36.368+0000] {taskinstance.py:430} INFO - ::endgroup::
[2024-05-19T12:46:36.369+0000] {taskinstance.py:441} INFO - ::group::Post task execution logs
[2024-05-19T12:46:36.370+0000] {taskinstance.py:2890} ERROR - Task failed with exception
Traceback (most recent call last):
  File "/home/airflow/.local/lib/python3.12/site-packages/airflow/models/taskinstance.py", line 465, in _execute_task
    result = _execute_callable(context=context, **execute_callable_kwargs)
             ^^^^^^^^^^^^^^^^^^^^^^^^^^^^^^^^^^^^^^^^^^^^^^^^^^^^^^^^^^^^^
  File "/home/airflow/.local/lib/python3.12/site-packages/airflow/models/taskinstance.py", line 432, in _execute_callable
    return execute_callable(context=context, **execute_callable_kwargs)
           ^^^^^^^^^^^^^^^^^^^^^^^^^^^^^^^^^^^^^^^^^^^^^^^^^^^^^^^^^^^^
  File "/home/airflow/.local/lib/python3.12/site-packages/airflow/models/baseoperator.py", line 400, in wrapper
    return func(self, *args, **kwargs)
           ^^^^^^^^^^^^^^^^^^^^^^^^^^^
  File "/home/airflow/.local/lib/python3.12/site-packages/airflow/operators/python.py", line 235, in execute
    return_value = self.execute_callable()
                   ^^^^^^^^^^^^^^^^^^^^^^^
  File "/home/airflow/.local/lib/python3.12/site-packages/airflow/operators/python.py", line 252, in execute_callable
    return self.python_callable(*self.op_args, **self.op_kwargs)
           ^^^^^^^^^^^^^^^^^^^^^^^^^^^^^^^^^^^^^^^^^^^^^^^^^^^^^
  File "/opt/airflow/dags/cris.py", line 171, in send_report_to_telegram
    with open(file, 'rb') as f:
         ^^^^^^^^^^^^^^^^
FileNotFoundError: [Errno 2] No such file or directory: '/tmp/report.txt'
[2024-05-19T12:46:36.382+0000] {taskinstance.py:1205} INFO - Marking task as FAILED. dag_id=fetch_parse_store_report_weather_data, task_id=send_report_to_telegram, execution_date=20240504T030000, start_date=20240519T124635, end_date=20240519T124636
[2024-05-19T12:46:36.401+0000] {standard_task_runner.py:110} ERROR - Failed to execute job 5497 for task send_report_to_telegram ([Errno 2] No such file or directory: '/tmp/report.txt'; 1123)
[2024-05-19T12:46:36.462+0000] {local_task_job_runner.py:240} INFO - Task exited with return code 1
[2024-05-19T12:46:36.478+0000] {taskinstance.py:3482} INFO - 0 downstream tasks scheduled from follow-on schedule check
[2024-05-19T12:46:36.480+0000] {local_task_job_runner.py:222} INFO - ::endgroup::
