[2024-05-27T08:14:48.056+0000] {local_task_job_runner.py:120} INFO - ::group::Pre task execution logs
[2024-05-27T08:14:48.081+0000] {taskinstance.py:2073} INFO - Dependencies all met for dep_context=non-requeueable deps ti=<TaskInstance: fetch_parse_store_report_weather_data.fetch_and_save_weather_data scheduled__2024-05-21T04:00:00+00:00 [queued]>
[2024-05-27T08:14:48.091+0000] {taskinstance.py:2073} INFO - Dependencies all met for dep_context=requeueable deps ti=<TaskInstance: fetch_parse_store_report_weather_data.fetch_and_save_weather_data scheduled__2024-05-21T04:00:00+00:00 [queued]>
[2024-05-27T08:14:48.092+0000] {taskinstance.py:2303} INFO - Starting attempt 1 of 2
[2024-05-27T08:14:48.113+0000] {taskinstance.py:2327} INFO - Executing <Task(PythonOperator): fetch_and_save_weather_data> on 2024-05-21 04:00:00+00:00
[2024-05-27T08:14:48.130+0000] {warnings.py:110} WARNING - /home/***/.local/lib/python3.12/site-packages/***/task/task_runner/standard_task_runner.py:61: DeprecationWarning: This process (pid=16647) is multi-threaded, use of fork() may lead to deadlocks in the child.
  pid = os.fork()

[2024-05-27T08:14:48.132+0000] {standard_task_runner.py:63} INFO - Started process 16742 to run task
[2024-05-27T08:14:48.131+0000] {standard_task_runner.py:90} INFO - Running: ['***', 'tasks', 'run', 'fetch_parse_store_report_weather_data', 'fetch_and_save_weather_data', 'scheduled__2024-05-21T04:00:00+00:00', '--job-id', '11913', '--raw', '--subdir', 'DAGS_FOLDER/cris.py', '--cfg-path', '/tmp/tmpv9hse48y']
[2024-05-27T08:14:48.133+0000] {standard_task_runner.py:91} INFO - Job 11913: Subtask fetch_and_save_weather_data
[2024-05-27T08:14:48.181+0000] {task_command.py:426} INFO - Running <TaskInstance: fetch_parse_store_report_weather_data.fetch_and_save_weather_data scheduled__2024-05-21T04:00:00+00:00 [running]> on host b151419bfa2a
[2024-05-27T08:14:48.288+0000] {taskinstance.py:2644} INFO - Exporting env vars: AIRFLOW_CTX_DAG_OWNER='***' AIRFLOW_CTX_DAG_ID='fetch_parse_store_report_weather_data' AIRFLOW_CTX_TASK_ID='fetch_and_save_weather_data' AIRFLOW_CTX_EXECUTION_DATE='2024-05-21T04:00:00+00:00' AIRFLOW_CTX_TRY_NUMBER='1' AIRFLOW_CTX_DAG_RUN_ID='scheduled__2024-05-21T04:00:00+00:00'
[2024-05-27T08:14:48.290+0000] {taskinstance.py:430} INFO - ::endgroup::
[2024-05-27T08:14:51.301+0000] {logging_mixin.py:188} INFO - Data has been successfully saved to the JSON file
[2024-05-27T08:14:51.303+0000] {python.py:237} INFO - Done. Returned value was: None
[2024-05-27T08:14:51.304+0000] {taskinstance.py:441} INFO - ::group::Post task execution logs
[2024-05-27T08:14:51.320+0000] {taskinstance.py:1205} INFO - Marking task as SUCCESS. dag_id=fetch_parse_store_report_weather_data, task_id=fetch_and_save_weather_data, execution_date=20240521T040000, start_date=20240527T081448, end_date=20240527T081451
[2024-05-27T08:14:51.444+0000] {local_task_job_runner.py:240} INFO - Task exited with return code 0
[2024-05-27T08:14:51.493+0000] {taskinstance.py:3482} INFO - 1 downstream tasks scheduled from follow-on schedule check
[2024-05-27T08:14:51.497+0000] {local_task_job_runner.py:222} INFO - ::endgroup::
