[2024-05-19T12:20:23.580+0000] {local_task_job_runner.py:120} INFO - ::group::Pre task execution logs
[2024-05-19T12:20:23.622+0000] {taskinstance.py:2073} INFO - Dependencies all met for dep_context=non-requeueable deps ti=<TaskInstance: fetch_parse_store_report_weather_data.check_files_exist scheduled__2024-05-01T20:00:00+00:00 [queued]>
[2024-05-19T12:20:23.640+0000] {taskinstance.py:2073} INFO - Dependencies all met for dep_context=requeueable deps ti=<TaskInstance: fetch_parse_store_report_weather_data.check_files_exist scheduled__2024-05-01T20:00:00+00:00 [queued]>
[2024-05-19T12:20:23.642+0000] {taskinstance.py:2303} INFO - Starting attempt 1 of 2
[2024-05-19T12:20:23.668+0000] {taskinstance.py:2327} INFO - Executing <Task(PythonOperator): check_files_exist> on 2024-05-01 20:00:00+00:00
[2024-05-19T12:20:23.681+0000] {warnings.py:110} WARNING - /home/***/.local/lib/python3.12/site-packages/***/task/task_runner/standard_task_runner.py:61: DeprecationWarning: This process (pid=2444) is multi-threaded, use of fork() may lead to deadlocks in the child.
  pid = os.fork()

[2024-05-19T12:20:23.684+0000] {standard_task_runner.py:63} INFO - Started process 2458 to run task
[2024-05-19T12:20:23.686+0000] {standard_task_runner.py:90} INFO - Running: ['***', 'tasks', 'run', 'fetch_parse_store_report_weather_data', 'check_files_exist', 'scheduled__2024-05-01T20:00:00+00:00', '--job-id', '5199', '--raw', '--subdir', 'DAGS_FOLDER/cris.py', '--cfg-path', '/tmp/tmpf1c9yguu']
[2024-05-19T12:20:23.688+0000] {standard_task_runner.py:91} INFO - Job 5199: Subtask check_files_exist
[2024-05-19T12:20:23.773+0000] {task_command.py:426} INFO - Running <TaskInstance: fetch_parse_store_report_weather_data.check_files_exist scheduled__2024-05-01T20:00:00+00:00 [running]> on host d2eb9883ca8d
[2024-05-19T12:20:24.515+0000] {taskinstance.py:2644} INFO - Exporting env vars: AIRFLOW_CTX_DAG_OWNER='***' AIRFLOW_CTX_DAG_ID='fetch_parse_store_report_weather_data' AIRFLOW_CTX_TASK_ID='check_files_exist' AIRFLOW_CTX_EXECUTION_DATE='2024-05-01T20:00:00+00:00' AIRFLOW_CTX_TRY_NUMBER='1' AIRFLOW_CTX_DAG_RUN_ID='scheduled__2024-05-01T20:00:00+00:00'
[2024-05-19T12:20:24.517+0000] {taskinstance.py:430} INFO - ::endgroup::
[2024-05-19T12:20:24.518+0000] {taskinstance.py:441} INFO - ::group::Post task execution logs
[2024-05-19T12:20:24.520+0000] {taskinstance.py:2890} ERROR - Task failed with exception
Traceback (most recent call last):
  File "/home/airflow/.local/lib/python3.12/site-packages/airflow/models/taskinstance.py", line 465, in _execute_task
    result = _execute_callable(context=context, **execute_callable_kwargs)
             ^^^^^^^^^^^^^^^^^^^^^^^^^^^^^^^^^^^^^^^^^^^^^^^^^^^^^^^^^^^^^
  File "/home/airflow/.local/lib/python3.12/site-packages/airflow/models/taskinstance.py", line 432, in _execute_callable
    return execute_callable(context=context, **execute_callable_kwargs)
           ^^^^^^^^^^^^^^^^^^^^^^^^^^^^^^^^^^^^^^^^^^^^^^^^^^^^^^^^^^^^
  File "/home/airflow/.local/lib/python3.12/site-packages/airflow/models/baseoperator.py", line 400, in wrapper
    return func(self, *args, **kwargs)
           ^^^^^^^^^^^^^^^^^^^^^^^^^^^
  File "/home/airflow/.local/lib/python3.12/site-packages/airflow/operators/python.py", line 235, in execute
    return_value = self.execute_callable()
                   ^^^^^^^^^^^^^^^^^^^^^^^
  File "/home/airflow/.local/lib/python3.12/site-packages/airflow/operators/python.py", line 252, in execute_callable
    return self.python_callable(*self.op_args, **self.op_kwargs)
           ^^^^^^^^^^^^^^^^^^^^^^^^^^^^^^^^^^^^^^^^^^^^^^^^^^^^^
  File "/opt/airflow/dags/cris.py", line 184, in check_files_exist
    raise FileNotFoundError(f"File {file} does not exist")
FileNotFoundError: File /tmp/report.txt does not exist
[2024-05-19T12:20:24.556+0000] {taskinstance.py:1205} INFO - Marking task as UP_FOR_RETRY. dag_id=fetch_parse_store_report_weather_data, task_id=check_files_exist, execution_date=20240501T200000, start_date=20240519T122023, end_date=20240519T122024
[2024-05-19T12:20:24.646+0000] {standard_task_runner.py:110} ERROR - Failed to execute job 5199 for task check_files_exist (File /tmp/report.txt does not exist; 2458)
[2024-05-19T12:20:24.719+0000] {local_task_job_runner.py:240} INFO - Task exited with return code 1
[2024-05-19T12:20:24.770+0000] {taskinstance.py:3482} INFO - 0 downstream tasks scheduled from follow-on schedule check
[2024-05-19T12:20:24.782+0000] {local_task_job_runner.py:222} INFO - ::endgroup::
