[2024-05-15T07:17:22.608+0000] {local_task_job_runner.py:120} INFO - ::group::Pre task execution logs
[2024-05-15T07:17:22.733+0000] {taskinstance.py:2073} INFO - Dependencies all met for dep_context=non-requeueable deps ti=<TaskInstance: fetch_and_parse_weather_data.fetch_and_save_weather_data scheduled__2024-05-07T15:00:00+00:00 [queued]>
[2024-05-15T07:17:22.796+0000] {taskinstance.py:2073} INFO - Dependencies all met for dep_context=requeueable deps ti=<TaskInstance: fetch_and_parse_weather_data.fetch_and_save_weather_data scheduled__2024-05-07T15:00:00+00:00 [queued]>
[2024-05-15T07:17:22.801+0000] {taskinstance.py:2303} INFO - Starting attempt 1 of 2
[2024-05-15T07:17:22.900+0000] {taskinstance.py:2327} INFO - Executing <Task(PythonOperator): fetch_and_save_weather_data> on 2024-05-07 15:00:00+00:00
[2024-05-15T07:17:22.976+0000] {warnings.py:110} WARNING - /home/***/.local/lib/python3.12/site-packages/***/task/task_runner/standard_task_runner.py:61: DeprecationWarning: This process (pid=61) is multi-threaded, use of fork() may lead to deadlocks in the child.
  pid = os.fork()

[2024-05-15T07:17:22.981+0000] {standard_task_runner.py:63} INFO - Started process 92 to run task
[2024-05-15T07:17:22.994+0000] {standard_task_runner.py:90} INFO - Running: ['***', 'tasks', 'run', 'fetch_and_parse_weather_data', 'fetch_and_save_weather_data', 'scheduled__2024-05-07T15:00:00+00:00', '--job-id', '1917', '--raw', '--subdir', 'DAGS_FOLDER/json_dag.py', '--cfg-path', '/tmp/tmp3_nwkmck']
[2024-05-15T07:17:22.998+0000] {standard_task_runner.py:91} INFO - Job 1917: Subtask fetch_and_save_weather_data
[2024-05-15T07:17:23.181+0000] {task_command.py:426} INFO - Running <TaskInstance: fetch_and_parse_weather_data.fetch_and_save_weather_data scheduled__2024-05-07T15:00:00+00:00 [running]> on host e8691f41e037
[2024-05-15T07:17:23.906+0000] {taskinstance.py:2644} INFO - Exporting env vars: AIRFLOW_CTX_DAG_OWNER='***' AIRFLOW_CTX_DAG_ID='fetch_and_parse_weather_data' AIRFLOW_CTX_TASK_ID='fetch_and_save_weather_data' AIRFLOW_CTX_EXECUTION_DATE='2024-05-07T15:00:00+00:00' AIRFLOW_CTX_TRY_NUMBER='1' AIRFLOW_CTX_DAG_RUN_ID='scheduled__2024-05-07T15:00:00+00:00'
[2024-05-15T07:17:23.929+0000] {taskinstance.py:430} INFO - ::endgroup::
[2024-05-15T07:17:37.980+0000] {logging_mixin.py:188} INFO - Data has been successfully saved to the JSON file
[2024-05-15T07:17:37.981+0000] {python.py:237} INFO - Done. Returned value was: None
[2024-05-15T07:17:37.982+0000] {taskinstance.py:441} INFO - ::group::Post task execution logs
[2024-05-15T07:17:37.996+0000] {taskinstance.py:1205} INFO - Marking task as SUCCESS. dag_id=fetch_and_parse_weather_data, task_id=fetch_and_save_weather_data, execution_date=20240507T150000, start_date=20240515T071722, end_date=20240515T071737
[2024-05-15T07:17:38.037+0000] {local_task_job_runner.py:240} INFO - Task exited with return code 0
[2024-05-15T07:17:38.059+0000] {taskinstance.py:3482} INFO - 0 downstream tasks scheduled from follow-on schedule check
[2024-05-15T07:17:38.061+0000] {local_task_job_runner.py:222} INFO - ::endgroup::
