[2024-05-25T10:03:53.400+0000] {local_task_job_runner.py:120} INFO - ::group::Pre task execution logs
[2024-05-25T10:03:53.423+0000] {taskinstance.py:2073} INFO - Dependencies all met for dep_context=non-requeueable deps ti=<TaskInstance: integrate.load_local_db_to_postgres scheduled__2024-05-22T00:00:00+00:00 [queued]>
[2024-05-25T10:03:53.432+0000] {taskinstance.py:2073} INFO - Dependencies all met for dep_context=requeueable deps ti=<TaskInstance: integrate.load_local_db_to_postgres scheduled__2024-05-22T00:00:00+00:00 [queued]>
[2024-05-25T10:03:53.433+0000] {taskinstance.py:2303} INFO - Starting attempt 1 of 2
[2024-05-25T10:03:53.446+0000] {taskinstance.py:2327} INFO - Executing <Task(PythonOperator): load_local_db_to_postgres> on 2024-05-22 00:00:00+00:00
[2024-05-25T10:03:53.454+0000] {warnings.py:110} WARNING - /home/***/.local/lib/python3.12/site-packages/***/task/task_runner/standard_task_runner.py:61: DeprecationWarning: This process (pid=1616) is multi-threaded, use of fork() may lead to deadlocks in the child.
  pid = os.fork()

[2024-05-25T10:03:53.455+0000] {standard_task_runner.py:63} INFO - Started process 1625 to run task
[2024-05-25T10:03:53.455+0000] {standard_task_runner.py:90} INFO - Running: ['***', 'tasks', 'run', 'integrate', 'load_local_db_to_postgres', 'scheduled__2024-05-22T00:00:00+00:00', '--job-id', '6382', '--raw', '--subdir', 'DAGS_FOLDER/integrate.py', '--cfg-path', '/tmp/tmpik767mcw']
[2024-05-25T10:03:53.456+0000] {standard_task_runner.py:91} INFO - Job 6382: Subtask load_local_db_to_postgres
[2024-05-25T10:03:53.502+0000] {task_command.py:426} INFO - Running <TaskInstance: integrate.load_local_db_to_postgres scheduled__2024-05-22T00:00:00+00:00 [running]> on host 9dd3157499a4
[2024-05-25T10:03:53.613+0000] {taskinstance.py:2644} INFO - Exporting env vars: AIRFLOW_CTX_DAG_OWNER='***' AIRFLOW_CTX_DAG_ID='integrate' AIRFLOW_CTX_TASK_ID='load_local_db_to_postgres' AIRFLOW_CTX_EXECUTION_DATE='2024-05-22T00:00:00+00:00' AIRFLOW_CTX_TRY_NUMBER='1' AIRFLOW_CTX_DAG_RUN_ID='scheduled__2024-05-22T00:00:00+00:00'
[2024-05-25T10:03:53.615+0000] {taskinstance.py:430} INFO - ::endgroup::
[2024-05-25T10:03:53.616+0000] {taskinstance.py:441} INFO - ::group::Post task execution logs
[2024-05-25T10:03:53.617+0000] {taskinstance.py:2890} ERROR - Task failed with exception
Traceback (most recent call last):
  File "/home/airflow/.local/lib/python3.12/site-packages/airflow/models/taskinstance.py", line 465, in _execute_task
    result = _execute_callable(context=context, **execute_callable_kwargs)
             ^^^^^^^^^^^^^^^^^^^^^^^^^^^^^^^^^^^^^^^^^^^^^^^^^^^^^^^^^^^^^
  File "/home/airflow/.local/lib/python3.12/site-packages/airflow/models/taskinstance.py", line 432, in _execute_callable
    return execute_callable(context=context, **execute_callable_kwargs)
           ^^^^^^^^^^^^^^^^^^^^^^^^^^^^^^^^^^^^^^^^^^^^^^^^^^^^^^^^^^^^
  File "/home/airflow/.local/lib/python3.12/site-packages/airflow/models/baseoperator.py", line 400, in wrapper
    return func(self, *args, **kwargs)
           ^^^^^^^^^^^^^^^^^^^^^^^^^^^
  File "/home/airflow/.local/lib/python3.12/site-packages/airflow/operators/python.py", line 235, in execute
    return_value = self.execute_callable()
                   ^^^^^^^^^^^^^^^^^^^^^^^
  File "/home/airflow/.local/lib/python3.12/site-packages/airflow/operators/python.py", line 252, in execute_callable
    return self.python_callable(*self.op_args, **self.op_kwargs)
           ^^^^^^^^^^^^^^^^^^^^^^^^^^^^^^^^^^^^^^^^^^^^^^^^^^^^^
  File "/opt/airflow/dags/integrate.py", line 25, in load_local_db_to_postgres
    sqlite_conn = sqlite3.connect(sqlite_db_path)
                  ^^^^^^^^^^^^^^^^^^^^^^^^^^^^^^^
sqlite3.OperationalError: unable to open database file
[2024-05-25T10:03:53.631+0000] {taskinstance.py:1205} INFO - Marking task as UP_FOR_RETRY. dag_id=integrate, task_id=load_local_db_to_postgres, execution_date=20240522T000000, start_date=20240525T100353, end_date=20240525T100353
[2024-05-25T10:03:53.645+0000] {standard_task_runner.py:110} ERROR - Failed to execute job 6382 for task load_local_db_to_postgres (unable to open database file; 1625)
[2024-05-25T10:03:53.669+0000] {local_task_job_runner.py:240} INFO - Task exited with return code 1
[2024-05-25T10:03:53.823+0000] {taskinstance.py:3482} INFO - 0 downstream tasks scheduled from follow-on schedule check
[2024-05-25T10:03:53.825+0000] {local_task_job_runner.py:222} INFO - ::endgroup::
