[2024-05-25T12:14:24.251+0000] {local_task_job_runner.py:120} INFO - ::group::Pre task execution logs
[2024-05-25T12:14:24.277+0000] {taskinstance.py:2073} INFO - Dependencies all met for dep_context=non-requeueable deps ti=<TaskInstance: fetch_parse_store_report_forecast_weather_data.fetch_and_save_weather_data scheduled__2024-04-26T03:00:00+00:00 [queued]>
[2024-05-25T12:14:24.283+0000] {taskinstance.py:2073} INFO - Dependencies all met for dep_context=requeueable deps ti=<TaskInstance: fetch_parse_store_report_forecast_weather_data.fetch_and_save_weather_data scheduled__2024-04-26T03:00:00+00:00 [queued]>
[2024-05-25T12:14:24.284+0000] {taskinstance.py:2303} INFO - Starting attempt 1 of 2
[2024-05-25T12:14:24.299+0000] {taskinstance.py:2327} INFO - Executing <Task(PythonOperator): fetch_and_save_weather_data> on 2024-04-26 03:00:00+00:00
[2024-05-25T12:14:24.312+0000] {warnings.py:110} WARNING - /home/***/.local/lib/python3.12/site-packages/***/task/task_runner/standard_task_runner.py:61: DeprecationWarning: This process (pid=4226) is multi-threaded, use of fork() may lead to deadlocks in the child.
  pid = os.fork()

[2024-05-25T12:14:24.313+0000] {standard_task_runner.py:90} INFO - Running: ['***', 'tasks', 'run', 'fetch_parse_store_report_forecast_weather_data', 'fetch_and_save_weather_data', 'scheduled__2024-04-26T03:00:00+00:00', '--job-id', '7736', '--raw', '--subdir', 'DAGS_FOLDER/cris.py', '--cfg-path', '/tmp/tmp9tevdcsa']
[2024-05-25T12:14:24.314+0000] {standard_task_runner.py:63} INFO - Started process 4254 to run task
[2024-05-25T12:14:24.314+0000] {standard_task_runner.py:91} INFO - Job 7736: Subtask fetch_and_save_weather_data
[2024-05-25T12:14:24.355+0000] {task_command.py:426} INFO - Running <TaskInstance: fetch_parse_store_report_forecast_weather_data.fetch_and_save_weather_data scheduled__2024-04-26T03:00:00+00:00 [running]> on host b151419bfa2a
[2024-05-25T12:14:24.439+0000] {taskinstance.py:2644} INFO - Exporting env vars: AIRFLOW_CTX_DAG_OWNER='***' AIRFLOW_CTX_DAG_ID='fetch_parse_store_report_forecast_weather_data' AIRFLOW_CTX_TASK_ID='fetch_and_save_weather_data' AIRFLOW_CTX_EXECUTION_DATE='2024-04-26T03:00:00+00:00' AIRFLOW_CTX_TRY_NUMBER='1' AIRFLOW_CTX_DAG_RUN_ID='scheduled__2024-04-26T03:00:00+00:00'
[2024-05-25T12:14:24.440+0000] {taskinstance.py:430} INFO - ::endgroup::
[2024-05-25T12:14:25.602+0000] {logging_mixin.py:188} INFO - Data has been successfully saved to the JSON file
[2024-05-25T12:14:25.603+0000] {python.py:237} INFO - Done. Returned value was: None
[2024-05-25T12:14:25.603+0000] {taskinstance.py:441} INFO - ::group::Post task execution logs
[2024-05-25T12:14:25.612+0000] {taskinstance.py:1205} INFO - Marking task as SUCCESS. dag_id=fetch_parse_store_report_forecast_weather_data, task_id=fetch_and_save_weather_data, execution_date=20240426T030000, start_date=20240525T121424, end_date=20240525T121425
[2024-05-25T12:14:25.651+0000] {local_task_job_runner.py:240} INFO - Task exited with return code 0
[2024-05-25T12:14:25.675+0000] {taskinstance.py:3482} INFO - 1 downstream tasks scheduled from follow-on schedule check
[2024-05-25T12:14:25.677+0000] {local_task_job_runner.py:222} INFO - ::endgroup::
