[2024-05-27T08:30:34.865+0000] {local_task_job_runner.py:120} INFO - ::group::Pre task execution logs
[2024-05-27T08:30:34.897+0000] {taskinstance.py:2073} INFO - Dependencies all met for dep_context=non-requeueable deps ti=<TaskInstance: fetch_parse_store_report_weather_data.generate_report scheduled__2024-05-27T00:00:00+00:00 [queued]>
[2024-05-27T08:30:34.914+0000] {taskinstance.py:2073} INFO - Dependencies all met for dep_context=requeueable deps ti=<TaskInstance: fetch_parse_store_report_weather_data.generate_report scheduled__2024-05-27T00:00:00+00:00 [queued]>
[2024-05-27T08:30:34.915+0000] {taskinstance.py:2303} INFO - Starting attempt 1 of 2
[2024-05-27T08:30:34.936+0000] {taskinstance.py:2327} INFO - Executing <Task(PythonOperator): generate_report> on 2024-05-27 00:00:00+00:00
[2024-05-27T08:30:34.955+0000] {warnings.py:110} WARNING - /home/***/.local/lib/python3.12/site-packages/***/task/task_runner/standard_task_runner.py:61: DeprecationWarning: This process (pid=25905) is multi-threaded, use of fork() may lead to deadlocks in the child.
  pid = os.fork()

[2024-05-27T08:30:34.957+0000] {standard_task_runner.py:63} INFO - Started process 25941 to run task
[2024-05-27T08:30:34.957+0000] {standard_task_runner.py:90} INFO - Running: ['***', 'tasks', 'run', 'fetch_parse_store_report_weather_data', 'generate_report', 'scheduled__2024-05-27T00:00:00+00:00', '--job-id', '12509', '--raw', '--subdir', 'DAGS_FOLDER/cris.py', '--cfg-path', '/tmp/tmptup3idu4']
[2024-05-27T08:30:34.958+0000] {standard_task_runner.py:91} INFO - Job 12509: Subtask generate_report
[2024-05-27T08:30:35.011+0000] {task_command.py:426} INFO - Running <TaskInstance: fetch_parse_store_report_weather_data.generate_report scheduled__2024-05-27T00:00:00+00:00 [running]> on host b151419bfa2a
[2024-05-27T08:30:35.124+0000] {taskinstance.py:2644} INFO - Exporting env vars: AIRFLOW_CTX_DAG_OWNER='***' AIRFLOW_CTX_DAG_ID='fetch_parse_store_report_weather_data' AIRFLOW_CTX_TASK_ID='generate_report' AIRFLOW_CTX_EXECUTION_DATE='2024-05-27T00:00:00+00:00' AIRFLOW_CTX_TRY_NUMBER='1' AIRFLOW_CTX_DAG_RUN_ID='scheduled__2024-05-27T00:00:00+00:00'
[2024-05-27T08:30:35.126+0000] {taskinstance.py:430} INFO - ::endgroup::
[2024-05-27T08:30:35.139+0000] {base.py:84} INFO - Using connection ID 'postgres_default' for task execution.
[2024-05-27T08:30:35.144+0000] {logging_mixin.py:188} INFO - Error connecting to the database or fetching data: connection to server at "postgres" (172.21.0.4), port 5432 failed: FATAL:  database "weather_data" does not exist
[2024-05-27T08:30:35.144+0000] {python.py:237} INFO - Done. Returned value was: None
[2024-05-27T08:30:35.145+0000] {taskinstance.py:441} INFO - ::group::Post task execution logs
[2024-05-27T08:30:35.156+0000] {taskinstance.py:1205} INFO - Marking task as SUCCESS. dag_id=fetch_parse_store_report_weather_data, task_id=generate_report, execution_date=20240527T000000, start_date=20240527T083034, end_date=20240527T083035
[2024-05-27T08:30:35.212+0000] {local_task_job_runner.py:240} INFO - Task exited with return code 0
[2024-05-27T08:30:35.238+0000] {taskinstance.py:3482} INFO - 1 downstream tasks scheduled from follow-on schedule check
[2024-05-27T08:30:35.241+0000] {local_task_job_runner.py:222} INFO - ::endgroup::
