[2024-05-18T14:02:21.176+0000] {local_task_job_runner.py:120} INFO - ::group::Pre task execution logs
[2024-05-18T14:02:21.219+0000] {taskinstance.py:2073} INFO - Dependencies all met for dep_context=non-requeueable deps ti=<TaskInstance: fetch_parse_store_report_weather_data.generate_report scheduled__2024-04-21T23:00:00+00:00 [queued]>
[2024-05-18T14:02:21.240+0000] {taskinstance.py:2073} INFO - Dependencies all met for dep_context=requeueable deps ti=<TaskInstance: fetch_parse_store_report_weather_data.generate_report scheduled__2024-04-21T23:00:00+00:00 [queued]>
[2024-05-18T14:02:21.242+0000] {taskinstance.py:2303} INFO - Starting attempt 1 of 2
[2024-05-18T14:02:21.268+0000] {taskinstance.py:2327} INFO - Executing <Task(PythonOperator): generate_report> on 2024-04-21 23:00:00+00:00
[2024-05-18T14:02:21.281+0000] {warnings.py:110} WARNING - /home/***/.local/lib/python3.12/site-packages/***/task/task_runner/standard_task_runner.py:61: DeprecationWarning: This process (pid=3405) is multi-threaded, use of fork() may lead to deadlocks in the child.
  pid = os.fork()

[2024-05-18T14:02:21.283+0000] {standard_task_runner.py:63} INFO - Started process 3420 to run task
[2024-05-18T14:02:21.283+0000] {standard_task_runner.py:90} INFO - Running: ['***', 'tasks', 'run', 'fetch_parse_store_report_weather_data', 'generate_report', 'scheduled__2024-04-21T23:00:00+00:00', '--job-id', '3938', '--raw', '--subdir', 'DAGS_FOLDER/cris.py', '--cfg-path', '/tmp/tmpdc01sifk']
[2024-05-18T14:02:21.285+0000] {standard_task_runner.py:91} INFO - Job 3938: Subtask generate_report
[2024-05-18T14:02:21.368+0000] {task_command.py:426} INFO - Running <TaskInstance: fetch_parse_store_report_weather_data.generate_report scheduled__2024-04-21T23:00:00+00:00 [running]> on host d2eb9883ca8d
[2024-05-18T14:02:21.869+0000] {taskinstance.py:2644} INFO - Exporting env vars: AIRFLOW_CTX_DAG_OWNER='***' AIRFLOW_CTX_DAG_ID='fetch_parse_store_report_weather_data' AIRFLOW_CTX_TASK_ID='generate_report' AIRFLOW_CTX_EXECUTION_DATE='2024-04-21T23:00:00+00:00' AIRFLOW_CTX_TRY_NUMBER='1' AIRFLOW_CTX_DAG_RUN_ID='scheduled__2024-04-21T23:00:00+00:00'
[2024-05-18T14:02:21.872+0000] {taskinstance.py:430} INFO - ::endgroup::
[2024-05-18T14:02:21.891+0000] {base.py:84} INFO - Using connection ID 'postgres_default' for task execution.
[2024-05-18T14:02:21.899+0000] {logging_mixin.py:188} INFO - Error connecting to the database or fetching data: connection to server at "postgres" (172.18.0.3), port 5432 failed: FATAL:  database "weather_data" does not exist
[2024-05-18T14:02:21.900+0000] {python.py:237} INFO - Done. Returned value was: None
[2024-05-18T14:02:21.901+0000] {taskinstance.py:441} INFO - ::group::Post task execution logs
[2024-05-18T14:02:21.919+0000] {taskinstance.py:1205} INFO - Marking task as SUCCESS. dag_id=fetch_parse_store_report_weather_data, task_id=generate_report, execution_date=20240421T230000, start_date=20240518T140221, end_date=20240518T140221
[2024-05-18T14:02:21.984+0000] {local_task_job_runner.py:240} INFO - Task exited with return code 0
[2024-05-18T14:02:22.022+0000] {taskinstance.py:3482} INFO - 1 downstream tasks scheduled from follow-on schedule check
[2024-05-18T14:02:22.024+0000] {local_task_job_runner.py:222} INFO - ::endgroup::
