[2024-05-25T10:00:47.841+0000] {local_task_job_runner.py:120} INFO - ::group::Pre task execution logs
[2024-05-25T10:00:47.877+0000] {taskinstance.py:2073} INFO - Dependencies all met for dep_context=non-requeueable deps ti=<TaskInstance: fetch_and_parse_weather_data.fetch_and_save_weather_data scheduled__2024-05-22T00:00:00+00:00 [queued]>
[2024-05-25T10:00:47.889+0000] {taskinstance.py:2073} INFO - Dependencies all met for dep_context=requeueable deps ti=<TaskInstance: fetch_and_parse_weather_data.fetch_and_save_weather_data scheduled__2024-05-22T00:00:00+00:00 [queued]>
[2024-05-25T10:00:47.891+0000] {taskinstance.py:2303} INFO - Starting attempt 1 of 2
[2024-05-25T10:00:47.906+0000] {taskinstance.py:2327} INFO - Executing <Task(PythonOperator): fetch_and_save_weather_data> on 2024-05-22 00:00:00+00:00
[2024-05-25T10:00:47.915+0000] {warnings.py:110} WARNING - /home/***/.local/lib/python3.12/site-packages/***/task/task_runner/standard_task_runner.py:61: DeprecationWarning: This process (pid=1303) is multi-threaded, use of fork() may lead to deadlocks in the child.
  pid = os.fork()

[2024-05-25T10:00:47.917+0000] {standard_task_runner.py:63} INFO - Started process 1319 to run task
[2024-05-25T10:00:47.916+0000] {standard_task_runner.py:90} INFO - Running: ['***', 'tasks', 'run', 'fetch_and_parse_weather_data', 'fetch_and_save_weather_data', 'scheduled__2024-05-22T00:00:00+00:00', '--job-id', '6290', '--raw', '--subdir', 'DAGS_FOLDER/json_dag.py', '--cfg-path', '/tmp/tmpq0642fyq']
[2024-05-25T10:00:47.919+0000] {standard_task_runner.py:91} INFO - Job 6290: Subtask fetch_and_save_weather_data
[2024-05-25T10:00:47.975+0000] {task_command.py:426} INFO - Running <TaskInstance: fetch_and_parse_weather_data.fetch_and_save_weather_data scheduled__2024-05-22T00:00:00+00:00 [running]> on host 9dd3157499a4
[2024-05-25T10:00:48.103+0000] {taskinstance.py:2644} INFO - Exporting env vars: AIRFLOW_CTX_DAG_OWNER='***' AIRFLOW_CTX_DAG_ID='fetch_and_parse_weather_data' AIRFLOW_CTX_TASK_ID='fetch_and_save_weather_data' AIRFLOW_CTX_EXECUTION_DATE='2024-05-22T00:00:00+00:00' AIRFLOW_CTX_TRY_NUMBER='1' AIRFLOW_CTX_DAG_RUN_ID='scheduled__2024-05-22T00:00:00+00:00'
[2024-05-25T10:00:48.105+0000] {taskinstance.py:430} INFO - ::endgroup::
[2024-05-25T10:00:49.174+0000] {logging_mixin.py:188} INFO - Data has been successfully saved to the JSON file
[2024-05-25T10:00:49.174+0000] {python.py:237} INFO - Done. Returned value was: None
[2024-05-25T10:00:49.175+0000] {taskinstance.py:441} INFO - ::group::Post task execution logs
[2024-05-25T10:00:49.186+0000] {taskinstance.py:1205} INFO - Marking task as SUCCESS. dag_id=fetch_and_parse_weather_data, task_id=fetch_and_save_weather_data, execution_date=20240522T000000, start_date=20240525T100047, end_date=20240525T100049
[2024-05-25T10:00:49.222+0000] {local_task_job_runner.py:240} INFO - Task exited with return code 0
[2024-05-25T10:00:49.239+0000] {taskinstance.py:3482} INFO - 0 downstream tasks scheduled from follow-on schedule check
[2024-05-25T10:00:49.241+0000] {local_task_job_runner.py:222} INFO - ::endgroup::
