[2024-04-15T02:11:33.913+0000] {local_task_job_runner.py:120} INFO - ::group::Pre task execution logs
[2024-04-15T02:11:33.952+0000] {taskinstance.py:2073} INFO - Dependencies all met for dep_context=non-requeueable deps ti=<TaskInstance: fetch_and_parse_weather_data.fetch_and_save_weather_data scheduled__2024-04-13T18:00:00+00:00 [queued]>
[2024-04-15T02:11:33.963+0000] {taskinstance.py:2073} INFO - Dependencies all met for dep_context=requeueable deps ti=<TaskInstance: fetch_and_parse_weather_data.fetch_and_save_weather_data scheduled__2024-04-13T18:00:00+00:00 [queued]>
[2024-04-15T02:11:33.965+0000] {taskinstance.py:2303} INFO - Starting attempt 1 of 2
[2024-04-15T02:11:33.985+0000] {taskinstance.py:2327} INFO - Executing <Task(PythonOperator): fetch_and_save_weather_data> on 2024-04-13 18:00:00+00:00
[2024-04-15T02:11:33.994+0000] {warnings.py:110} WARNING - /home/***/.local/lib/python3.12/site-packages/***/task/task_runner/standard_task_runner.py:61: DeprecationWarning: This process (pid=449) is multi-threaded, use of fork() may lead to deadlocks in the child.
  pid = os.fork()

[2024-04-15T02:11:33.995+0000] {standard_task_runner.py:63} INFO - Started process 474 to run task
[2024-04-15T02:11:33.996+0000] {standard_task_runner.py:90} INFO - Running: ['***', 'tasks', 'run', 'fetch_and_parse_weather_data', 'fetch_and_save_weather_data', 'scheduled__2024-04-13T18:00:00+00:00', '--job-id', '84', '--raw', '--subdir', 'DAGS_FOLDER/json_dag.py', '--cfg-path', '/tmp/tmpngl2_ty0']
[2024-04-15T02:11:33.999+0000] {standard_task_runner.py:91} INFO - Job 84: Subtask fetch_and_save_weather_data
[2024-04-15T02:11:34.056+0000] {task_command.py:426} INFO - Running <TaskInstance: fetch_and_parse_weather_data.fetch_and_save_weather_data scheduled__2024-04-13T18:00:00+00:00 [running]> on host 2c3c8df482d9
[2024-04-15T02:11:34.164+0000] {taskinstance.py:2644} INFO - Exporting env vars: AIRFLOW_CTX_DAG_OWNER='***' AIRFLOW_CTX_DAG_ID='fetch_and_parse_weather_data' AIRFLOW_CTX_TASK_ID='fetch_and_save_weather_data' AIRFLOW_CTX_EXECUTION_DATE='2024-04-13T18:00:00+00:00' AIRFLOW_CTX_TRY_NUMBER='1' AIRFLOW_CTX_DAG_RUN_ID='scheduled__2024-04-13T18:00:00+00:00'
[2024-04-15T02:11:34.166+0000] {taskinstance.py:430} INFO - ::endgroup::
[2024-04-15T02:11:35.450+0000] {taskinstance.py:441} INFO - ::group::Post task execution logs
[2024-04-15T02:11:35.451+0000] {taskinstance.py:2890} ERROR - Task failed with exception
Traceback (most recent call last):
  File "/home/airflow/.local/lib/python3.12/site-packages/airflow/models/taskinstance.py", line 465, in _execute_task
    result = _execute_callable(context=context, **execute_callable_kwargs)
             ^^^^^^^^^^^^^^^^^^^^^^^^^^^^^^^^^^^^^^^^^^^^^^^^^^^^^^^^^^^^^
  File "/home/airflow/.local/lib/python3.12/site-packages/airflow/models/taskinstance.py", line 432, in _execute_callable
    return execute_callable(context=context, **execute_callable_kwargs)
           ^^^^^^^^^^^^^^^^^^^^^^^^^^^^^^^^^^^^^^^^^^^^^^^^^^^^^^^^^^^^
  File "/home/airflow/.local/lib/python3.12/site-packages/airflow/models/baseoperator.py", line 400, in wrapper
    return func(self, *args, **kwargs)
           ^^^^^^^^^^^^^^^^^^^^^^^^^^^
  File "/home/airflow/.local/lib/python3.12/site-packages/airflow/operators/python.py", line 235, in execute
    return_value = self.execute_callable()
                   ^^^^^^^^^^^^^^^^^^^^^^^
  File "/home/airflow/.local/lib/python3.12/site-packages/airflow/operators/python.py", line 252, in execute_callable
    return self.python_callable(*self.op_args, **self.op_kwargs)
           ^^^^^^^^^^^^^^^^^^^^^^^^^^^^^^^^^^^^^^^^^^^^^^^^^^^^^
  File "/opt/airflow/dags/json_dag.py", line 24, in fetch_and_save_weather_data
    with open('C://Users/YtkaB/AppData/Roaming/JetBrains/PyCharm2024.1/scratches/output.json', 'w') as f:
         ^^^^^^^^^^^^^^^^^^^^^^^^^^^^^^^^^^^^^^^^^^^^^^^^^^^^^^^^^^^^^^^^^^^^^^^^^^^^^^^^^^^^^^^^^^
FileNotFoundError: [Errno 2] No such file or directory: 'C://Users/YtkaB/AppData/Roaming/JetBrains/PyCharm2024.1/scratches/output.json'
[2024-04-15T02:11:35.462+0000] {taskinstance.py:1205} INFO - Marking task as UP_FOR_RETRY. dag_id=fetch_and_parse_weather_data, task_id=fetch_and_save_weather_data, execution_date=20240413T180000, start_date=20240415T021133, end_date=20240415T021135
[2024-04-15T02:11:35.473+0000] {standard_task_runner.py:110} ERROR - Failed to execute job 84 for task fetch_and_save_weather_data ([Errno 2] No such file or directory: 'C://Users/YtkaB/AppData/Roaming/JetBrains/PyCharm2024.1/scratches/output.json'; 474)
[2024-04-15T02:11:35.494+0000] {local_task_job_runner.py:240} INFO - Task exited with return code 1
[2024-04-15T02:11:35.508+0000] {taskinstance.py:3482} INFO - 0 downstream tasks scheduled from follow-on schedule check
[2024-04-15T02:11:35.510+0000] {local_task_job_runner.py:222} INFO - ::endgroup::
[2024-04-16T01:26:43.863+0000] {local_task_job_runner.py:120} INFO - ::group::Pre task execution logs
[2024-04-16T01:26:43.934+0000] {taskinstance.py:2073} INFO - Dependencies all met for dep_context=non-requeueable deps ti=<TaskInstance: fetch_and_parse_weather_data.fetch_and_save_weather_data scheduled__2024-04-13T18:00:00+00:00 [queued]>
[2024-04-16T01:26:43.974+0000] {taskinstance.py:2073} INFO - Dependencies all met for dep_context=requeueable deps ti=<TaskInstance: fetch_and_parse_weather_data.fetch_and_save_weather_data scheduled__2024-04-13T18:00:00+00:00 [queued]>
[2024-04-16T01:26:43.978+0000] {taskinstance.py:2303} INFO - Starting attempt 1 of 2
[2024-04-16T01:26:44.042+0000] {taskinstance.py:2327} INFO - Executing <Task(PythonOperator): fetch_and_save_weather_data> on 2024-04-13 18:00:00+00:00
[2024-04-16T01:26:44.058+0000] {warnings.py:110} WARNING - /home/***/.local/lib/python3.12/site-packages/***/task/task_runner/standard_task_runner.py:61: DeprecationWarning: This process (pid=213) is multi-threaded, use of fork() may lead to deadlocks in the child.
  pid = os.fork()

[2024-04-16T01:26:44.061+0000] {standard_task_runner.py:63} INFO - Started process 240 to run task
[2024-04-16T01:26:44.060+0000] {standard_task_runner.py:90} INFO - Running: ['***', 'tasks', 'run', 'fetch_and_parse_weather_data', 'fetch_and_save_weather_data', 'scheduled__2024-04-13T18:00:00+00:00', '--job-id', '46', '--raw', '--subdir', 'DAGS_FOLDER/json_dag.py', '--cfg-path', '/tmp/tmp1gpf1e1t']
[2024-04-16T01:26:44.065+0000] {standard_task_runner.py:91} INFO - Job 46: Subtask fetch_and_save_weather_data
[2024-04-16T01:26:44.172+0000] {task_command.py:426} INFO - Running <TaskInstance: fetch_and_parse_weather_data.fetch_and_save_weather_data scheduled__2024-04-13T18:00:00+00:00 [running]> on host e8691f41e037
[2024-04-16T01:26:44.419+0000] {taskinstance.py:2644} INFO - Exporting env vars: AIRFLOW_CTX_DAG_OWNER='***' AIRFLOW_CTX_DAG_ID='fetch_and_parse_weather_data' AIRFLOW_CTX_TASK_ID='fetch_and_save_weather_data' AIRFLOW_CTX_EXECUTION_DATE='2024-04-13T18:00:00+00:00' AIRFLOW_CTX_TRY_NUMBER='1' AIRFLOW_CTX_DAG_RUN_ID='scheduled__2024-04-13T18:00:00+00:00'
[2024-04-16T01:26:44.422+0000] {taskinstance.py:430} INFO - ::endgroup::
[2024-04-16T01:26:45.914+0000] {logging_mixin.py:188} INFO - Data has been successfully saved to the JSON file
[2024-04-16T01:26:45.915+0000] {python.py:237} INFO - Done. Returned value was: None
[2024-04-16T01:26:45.917+0000] {taskinstance.py:441} INFO - ::group::Post task execution logs
[2024-04-16T01:26:45.930+0000] {taskinstance.py:1205} INFO - Marking task as SUCCESS. dag_id=fetch_and_parse_weather_data, task_id=fetch_and_save_weather_data, execution_date=20240413T180000, start_date=20240416T012643, end_date=20240416T012645
[2024-04-16T01:26:45.978+0000] {local_task_job_runner.py:240} INFO - Task exited with return code 0
[2024-04-16T01:26:46.001+0000] {taskinstance.py:3482} INFO - 0 downstream tasks scheduled from follow-on schedule check
[2024-04-16T01:26:46.003+0000] {local_task_job_runner.py:222} INFO - ::endgroup::
