[2024-05-15T07:17:23.454+0000] {local_task_job_runner.py:120} INFO - ::group::Pre task execution logs
[2024-05-15T07:17:23.551+0000] {taskinstance.py:2073} INFO - Dependencies all met for dep_context=non-requeueable deps ti=<TaskInstance: fetch_and_parse_cris_data.fetch_cris_data scheduled__2024-05-08T02:00:00+00:00 [queued]>
[2024-05-15T07:17:23.604+0000] {taskinstance.py:2073} INFO - Dependencies all met for dep_context=requeueable deps ti=<TaskInstance: fetch_and_parse_cris_data.fetch_cris_data scheduled__2024-05-08T02:00:00+00:00 [queued]>
[2024-05-15T07:17:23.605+0000] {taskinstance.py:2303} INFO - Starting attempt 1 of 2
[2024-05-15T07:17:23.679+0000] {taskinstance.py:2327} INFO - Executing <Task(PythonOperator): fetch_cris_data> on 2024-05-08 02:00:00+00:00
[2024-05-15T07:17:23.713+0000] {warnings.py:110} WARNING - /home/***/.local/lib/python3.12/site-packages/***/task/task_runner/standard_task_runner.py:61: DeprecationWarning: This process (pid=55) is multi-threaded, use of fork() may lead to deadlocks in the child.
  pid = os.fork()

[2024-05-15T07:17:23.725+0000] {standard_task_runner.py:63} INFO - Started process 95 to run task
[2024-05-15T07:17:23.732+0000] {standard_task_runner.py:90} INFO - Running: ['***', 'tasks', 'run', 'fetch_and_parse_cris_data', 'fetch_cris_data', 'scheduled__2024-05-08T02:00:00+00:00', '--job-id', '1920', '--raw', '--subdir', 'DAGS_FOLDER/cris.py', '--cfg-path', '/tmp/tmp2n4d5g5n']
[2024-05-15T07:17:23.750+0000] {standard_task_runner.py:91} INFO - Job 1920: Subtask fetch_cris_data
[2024-05-15T07:17:24.250+0000] {task_command.py:426} INFO - Running <TaskInstance: fetch_and_parse_cris_data.fetch_cris_data scheduled__2024-05-08T02:00:00+00:00 [running]> on host e8691f41e037
[2024-05-15T07:17:24.841+0000] {taskinstance.py:2644} INFO - Exporting env vars: AIRFLOW_CTX_DAG_OWNER='***' AIRFLOW_CTX_DAG_ID='fetch_and_parse_cris_data' AIRFLOW_CTX_TASK_ID='fetch_cris_data' AIRFLOW_CTX_EXECUTION_DATE='2024-05-08T02:00:00+00:00' AIRFLOW_CTX_TRY_NUMBER='1' AIRFLOW_CTX_DAG_RUN_ID='scheduled__2024-05-08T02:00:00+00:00'
[2024-05-15T07:17:24.850+0000] {taskinstance.py:430} INFO - ::endgroup::
[2024-05-15T07:17:46.026+0000] {logging_mixin.py:188} INFO - Failed to fetch data from the URL: 403
[2024-05-15T07:17:46.027+0000] {python.py:237} INFO - Done. Returned value was: None
[2024-05-15T07:17:46.028+0000] {taskinstance.py:441} INFO - ::group::Post task execution logs
[2024-05-15T07:17:46.040+0000] {taskinstance.py:1205} INFO - Marking task as SUCCESS. dag_id=fetch_and_parse_cris_data, task_id=fetch_cris_data, execution_date=20240508T020000, start_date=20240515T071723, end_date=20240515T071746
[2024-05-15T07:17:46.107+0000] {local_task_job_runner.py:240} INFO - Task exited with return code 0
[2024-05-15T07:17:46.142+0000] {taskinstance.py:3482} INFO - 1 downstream tasks scheduled from follow-on schedule check
[2024-05-15T07:17:46.144+0000] {local_task_job_runner.py:222} INFO - ::endgroup::
