[2024-05-27T07:56:48.275+0000] {local_task_job_runner.py:120} INFO - ::group::Pre task execution logs
[2024-05-27T07:56:48.340+0000] {taskinstance.py:2073} INFO - Dependencies all met for dep_context=non-requeueable deps ti=<TaskInstance: fetch_parse_store_report_weather_data.fetch_and_save_weather_data scheduled__2024-05-14T05:00:00+00:00 [queued]>
[2024-05-27T07:56:48.358+0000] {taskinstance.py:2073} INFO - Dependencies all met for dep_context=requeueable deps ti=<TaskInstance: fetch_parse_store_report_weather_data.fetch_and_save_weather_data scheduled__2024-05-14T05:00:00+00:00 [queued]>
[2024-05-27T07:56:48.360+0000] {taskinstance.py:2303} INFO - Starting attempt 1 of 2
[2024-05-27T07:56:48.626+0000] {taskinstance.py:2327} INFO - Executing <Task(PythonOperator): fetch_and_save_weather_data> on 2024-05-14 05:00:00+00:00
[2024-05-27T07:56:48.660+0000] {warnings.py:110} WARNING - /home/***/.local/lib/python3.12/site-packages/***/task/task_runner/standard_task_runner.py:61: DeprecationWarning: This process (pid=6543) is multi-threaded, use of fork() may lead to deadlocks in the child.
  pid = os.fork()

[2024-05-27T07:56:48.663+0000] {standard_task_runner.py:63} INFO - Started process 6714 to run task
[2024-05-27T07:56:48.665+0000] {standard_task_runner.py:90} INFO - Running: ['***', 'tasks', 'run', 'fetch_parse_store_report_weather_data', 'fetch_and_save_weather_data', 'scheduled__2024-05-14T05:00:00+00:00', '--job-id', '11267', '--raw', '--subdir', 'DAGS_FOLDER/cris.py', '--cfg-path', '/tmp/tmp85suew8l']
[2024-05-27T07:56:48.668+0000] {standard_task_runner.py:91} INFO - Job 11267: Subtask fetch_and_save_weather_data
[2024-05-27T07:56:48.777+0000] {task_command.py:426} INFO - Running <TaskInstance: fetch_parse_store_report_weather_data.fetch_and_save_weather_data scheduled__2024-05-14T05:00:00+00:00 [running]> on host b151419bfa2a
[2024-05-27T07:56:48.981+0000] {taskinstance.py:2644} INFO - Exporting env vars: AIRFLOW_CTX_DAG_OWNER='***' AIRFLOW_CTX_DAG_ID='fetch_parse_store_report_weather_data' AIRFLOW_CTX_TASK_ID='fetch_and_save_weather_data' AIRFLOW_CTX_EXECUTION_DATE='2024-05-14T05:00:00+00:00' AIRFLOW_CTX_TRY_NUMBER='1' AIRFLOW_CTX_DAG_RUN_ID='scheduled__2024-05-14T05:00:00+00:00'
[2024-05-27T07:56:48.983+0000] {taskinstance.py:430} INFO - ::endgroup::
[2024-05-27T07:56:52.980+0000] {logging_mixin.py:188} INFO - Data has been successfully saved to the JSON file
[2024-05-27T07:56:52.981+0000] {python.py:237} INFO - Done. Returned value was: None
[2024-05-27T07:56:52.983+0000] {taskinstance.py:441} INFO - ::group::Post task execution logs
[2024-05-27T07:56:53.011+0000] {taskinstance.py:1205} INFO - Marking task as SUCCESS. dag_id=fetch_parse_store_report_weather_data, task_id=fetch_and_save_weather_data, execution_date=20240514T050000, start_date=20240527T075648, end_date=20240527T075653
[2024-05-27T07:56:53.122+0000] {local_task_job_runner.py:240} INFO - Task exited with return code 0
[2024-05-27T07:56:53.193+0000] {taskinstance.py:3482} INFO - 1 downstream tasks scheduled from follow-on schedule check
[2024-05-27T07:56:53.198+0000] {local_task_job_runner.py:222} INFO - ::endgroup::
