[2024-05-19T11:27:56.759+0000] {local_task_job_runner.py:120} INFO - ::group::Pre task execution logs
[2024-05-19T11:27:56.807+0000] {taskinstance.py:2073} INFO - Dependencies all met for dep_context=non-requeueable deps ti=<TaskInstance: fetch_parse_store_report_weather_data.generate_report scheduled__2024-04-26T15:00:00+00:00 [queued]>
[2024-05-19T11:27:56.826+0000] {taskinstance.py:2073} INFO - Dependencies all met for dep_context=requeueable deps ti=<TaskInstance: fetch_parse_store_report_weather_data.generate_report scheduled__2024-04-26T15:00:00+00:00 [queued]>
[2024-05-19T11:27:56.828+0000] {taskinstance.py:2303} INFO - Starting attempt 1 of 2
[2024-05-19T11:27:56.869+0000] {taskinstance.py:2327} INFO - Executing <Task(PythonOperator): generate_report> on 2024-04-26 15:00:00+00:00
[2024-05-19T11:27:56.896+0000] {warnings.py:110} WARNING - /home/***/.local/lib/python3.12/site-packages/***/task/task_runner/standard_task_runner.py:61: DeprecationWarning: This process (pid=1205) is multi-threaded, use of fork() may lead to deadlocks in the child.
  pid = os.fork()

[2024-05-19T11:27:56.902+0000] {standard_task_runner.py:63} INFO - Started process 1225 to run task
[2024-05-19T11:27:56.902+0000] {standard_task_runner.py:90} INFO - Running: ['***', 'tasks', 'run', 'fetch_parse_store_report_weather_data', 'generate_report', 'scheduled__2024-04-26T15:00:00+00:00', '--job-id', '4551', '--raw', '--subdir', 'DAGS_FOLDER/cris.py', '--cfg-path', '/tmp/tmpz93a6icx']
[2024-05-19T11:27:56.907+0000] {standard_task_runner.py:91} INFO - Job 4551: Subtask generate_report
[2024-05-19T11:27:57.033+0000] {task_command.py:426} INFO - Running <TaskInstance: fetch_parse_store_report_weather_data.generate_report scheduled__2024-04-26T15:00:00+00:00 [running]> on host d2eb9883ca8d
[2024-05-19T11:27:57.595+0000] {taskinstance.py:2644} INFO - Exporting env vars: AIRFLOW_CTX_DAG_OWNER='***' AIRFLOW_CTX_DAG_ID='fetch_parse_store_report_weather_data' AIRFLOW_CTX_TASK_ID='generate_report' AIRFLOW_CTX_EXECUTION_DATE='2024-04-26T15:00:00+00:00' AIRFLOW_CTX_TRY_NUMBER='1' AIRFLOW_CTX_DAG_RUN_ID='scheduled__2024-04-26T15:00:00+00:00'
[2024-05-19T11:27:57.597+0000] {taskinstance.py:430} INFO - ::endgroup::
[2024-05-19T11:27:57.609+0000] {base.py:84} INFO - Using connection ID 'postgres_default' for task execution.
[2024-05-19T11:27:57.614+0000] {logging_mixin.py:188} INFO - Error connecting to the database or fetching data: connection to server at "postgres" (172.18.0.5), port 5432 failed: FATAL:  database "weather_data" does not exist
[2024-05-19T11:27:57.615+0000] {python.py:237} INFO - Done. Returned value was: None
[2024-05-19T11:27:57.616+0000] {taskinstance.py:441} INFO - ::group::Post task execution logs
[2024-05-19T11:27:57.630+0000] {taskinstance.py:1205} INFO - Marking task as SUCCESS. dag_id=fetch_parse_store_report_weather_data, task_id=generate_report, execution_date=20240426T150000, start_date=20240519T112756, end_date=20240519T112757
[2024-05-19T11:27:57.686+0000] {local_task_job_runner.py:240} INFO - Task exited with return code 0
[2024-05-19T11:27:57.717+0000] {taskinstance.py:3482} INFO - 1 downstream tasks scheduled from follow-on schedule check
[2024-05-19T11:27:57.720+0000] {local_task_job_runner.py:222} INFO - ::endgroup::
