[2024-05-27T06:00:25.718+0000] {local_task_job_runner.py:120} INFO - ::group::Pre task execution logs
[2024-05-27T06:00:25.771+0000] {taskinstance.py:2073} INFO - Dependencies all met for dep_context=non-requeueable deps ti=<TaskInstance: fetch_parse_store_report_forecast_weather_data.forecast_weather scheduled__2024-05-18T15:00:00+00:00 [queued]>
[2024-05-27T06:00:25.787+0000] {taskinstance.py:2073} INFO - Dependencies all met for dep_context=requeueable deps ti=<TaskInstance: fetch_parse_store_report_forecast_weather_data.forecast_weather scheduled__2024-05-18T15:00:00+00:00 [queued]>
[2024-05-27T06:00:25.788+0000] {taskinstance.py:2303} INFO - Starting attempt 1 of 2
[2024-05-27T06:00:25.809+0000] {taskinstance.py:2327} INFO - Executing <Task(PythonOperator): forecast_weather> on 2024-05-18 15:00:00+00:00
[2024-05-27T06:00:25.828+0000] {warnings.py:110} WARNING - /home/***/.local/lib/python3.12/site-packages/***/task/task_runner/standard_task_runner.py:61: DeprecationWarning: This process (pid=4857) is multi-threaded, use of fork() may lead to deadlocks in the child.
  pid = os.fork()

[2024-05-27T06:00:25.830+0000] {standard_task_runner.py:63} INFO - Started process 4912 to run task
[2024-05-27T06:00:25.838+0000] {standard_task_runner.py:90} INFO - Running: ['***', 'tasks', 'run', 'fetch_parse_store_report_forecast_weather_data', 'forecast_weather', 'scheduled__2024-05-18T15:00:00+00:00', '--job-id', '10014', '--raw', '--subdir', 'DAGS_FOLDER/cris.py', '--cfg-path', '/tmp/tmprwxz0koy']
[2024-05-27T06:00:25.839+0000] {standard_task_runner.py:91} INFO - Job 10014: Subtask forecast_weather
[2024-05-27T06:00:25.913+0000] {task_command.py:426} INFO - Running <TaskInstance: fetch_parse_store_report_forecast_weather_data.forecast_weather scheduled__2024-05-18T15:00:00+00:00 [running]> on host b151419bfa2a
[2024-05-27T06:00:26.015+0000] {taskinstance.py:2644} INFO - Exporting env vars: AIRFLOW_CTX_DAG_OWNER='***' AIRFLOW_CTX_DAG_ID='fetch_parse_store_report_forecast_weather_data' AIRFLOW_CTX_TASK_ID='forecast_weather' AIRFLOW_CTX_EXECUTION_DATE='2024-05-18T15:00:00+00:00' AIRFLOW_CTX_TRY_NUMBER='1' AIRFLOW_CTX_DAG_RUN_ID='scheduled__2024-05-18T15:00:00+00:00'
[2024-05-27T06:00:26.017+0000] {taskinstance.py:430} INFO - ::endgroup::
[2024-05-27T06:00:26.026+0000] {base.py:84} INFO - Using connection ID 'postgres_default' for task execution.
[2024-05-27T06:00:26.031+0000] {logging_mixin.py:188} INFO - Error connecting to the database or fetching data: connection to server at "postgres" (172.21.0.4), port 5432 failed: FATAL:  database "weather_data" does not exist
[2024-05-27T06:00:26.031+0000] {taskinstance.py:441} INFO - ::group::Post task execution logs
[2024-05-27T06:00:26.032+0000] {taskinstance.py:2890} ERROR - Task failed with exception
Traceback (most recent call last):
  File "/home/airflow/.local/lib/python3.12/site-packages/airflow/models/taskinstance.py", line 465, in _execute_task
    result = _execute_callable(context=context, **execute_callable_kwargs)
             ^^^^^^^^^^^^^^^^^^^^^^^^^^^^^^^^^^^^^^^^^^^^^^^^^^^^^^^^^^^^^
  File "/home/airflow/.local/lib/python3.12/site-packages/airflow/models/taskinstance.py", line 432, in _execute_callable
    return execute_callable(context=context, **execute_callable_kwargs)
           ^^^^^^^^^^^^^^^^^^^^^^^^^^^^^^^^^^^^^^^^^^^^^^^^^^^^^^^^^^^^
  File "/home/airflow/.local/lib/python3.12/site-packages/airflow/models/baseoperator.py", line 400, in wrapper
    return func(self, *args, **kwargs)
           ^^^^^^^^^^^^^^^^^^^^^^^^^^^
  File "/home/airflow/.local/lib/python3.12/site-packages/airflow/operators/python.py", line 235, in execute
    return_value = self.execute_callable()
                   ^^^^^^^^^^^^^^^^^^^^^^^
  File "/home/airflow/.local/lib/python3.12/site-packages/airflow/operators/python.py", line 252, in execute_callable
    return self.python_callable(*self.op_args, **self.op_kwargs)
           ^^^^^^^^^^^^^^^^^^^^^^^^^^^^^^^^^^^^^^^^^^^^^^^^^^^^^
  File "/opt/airflow/dags/cris.py", line 123, in forecast_weather
    pg_conn.close()
    ^^^^^^^
UnboundLocalError: cannot access local variable 'pg_conn' where it is not associated with a value
[2024-05-27T06:00:26.048+0000] {taskinstance.py:1205} INFO - Marking task as UP_FOR_RETRY. dag_id=fetch_parse_store_report_forecast_weather_data, task_id=forecast_weather, execution_date=20240518T150000, start_date=20240527T060025, end_date=20240527T060026
[2024-05-27T06:00:26.067+0000] {standard_task_runner.py:110} ERROR - Failed to execute job 10014 for task forecast_weather (cannot access local variable 'pg_conn' where it is not associated with a value; 4912)
[2024-05-27T06:00:26.125+0000] {local_task_job_runner.py:240} INFO - Task exited with return code 1
[2024-05-27T06:00:26.285+0000] {taskinstance.py:3482} INFO - 0 downstream tasks scheduled from follow-on schedule check
[2024-05-27T06:00:26.287+0000] {local_task_job_runner.py:222} INFO - ::endgroup::
