[2024-05-18T10:30:49.053+0000] {local_task_job_runner.py:120} INFO - ::group::Pre task execution logs
[2024-05-18T10:30:49.122+0000] {taskinstance.py:2073} INFO - Dependencies all met for dep_context=non-requeueable deps ti=<TaskInstance: fetch_and_parse_weather_data.fetch_and_save_weather_data scheduled__2024-05-16T07:00:00+00:00 [queued]>
[2024-05-18T10:30:49.143+0000] {taskinstance.py:2073} INFO - Dependencies all met for dep_context=requeueable deps ti=<TaskInstance: fetch_and_parse_weather_data.fetch_and_save_weather_data scheduled__2024-05-16T07:00:00+00:00 [queued]>
[2024-05-18T10:30:49.144+0000] {taskinstance.py:2303} INFO - Starting attempt 1 of 2
[2024-05-18T10:30:49.176+0000] {taskinstance.py:2327} INFO - Executing <Task(PythonOperator): fetch_and_save_weather_data> on 2024-05-16 07:00:00+00:00
[2024-05-18T10:30:49.189+0000] {warnings.py:110} WARNING - /home/***/.local/lib/python3.12/site-packages/***/task/task_runner/standard_task_runner.py:61: DeprecationWarning: This process (pid=157) is multi-threaded, use of fork() may lead to deadlocks in the child.
  pid = os.fork()

[2024-05-18T10:30:49.192+0000] {standard_task_runner.py:63} INFO - Started process 190 to run task
[2024-05-18T10:30:49.192+0000] {standard_task_runner.py:90} INFO - Running: ['***', 'tasks', 'run', 'fetch_and_parse_weather_data', 'fetch_and_save_weather_data', 'scheduled__2024-05-16T07:00:00+00:00', '--job-id', '2703', '--raw', '--subdir', 'DAGS_FOLDER/json_dag.py', '--cfg-path', '/tmp/tmpfujbhhdy']
[2024-05-18T10:30:49.197+0000] {standard_task_runner.py:91} INFO - Job 2703: Subtask fetch_and_save_weather_data
[2024-05-18T10:30:49.288+0000] {task_command.py:426} INFO - Running <TaskInstance: fetch_and_parse_weather_data.fetch_and_save_weather_data scheduled__2024-05-16T07:00:00+00:00 [running]> on host e8691f41e037
[2024-05-18T10:30:49.517+0000] {taskinstance.py:2644} INFO - Exporting env vars: AIRFLOW_CTX_DAG_OWNER='***' AIRFLOW_CTX_DAG_ID='fetch_and_parse_weather_data' AIRFLOW_CTX_TASK_ID='fetch_and_save_weather_data' AIRFLOW_CTX_EXECUTION_DATE='2024-05-16T07:00:00+00:00' AIRFLOW_CTX_TRY_NUMBER='1' AIRFLOW_CTX_DAG_RUN_ID='scheduled__2024-05-16T07:00:00+00:00'
[2024-05-18T10:30:49.521+0000] {taskinstance.py:430} INFO - ::endgroup::
[2024-05-18T10:30:50.717+0000] {logging_mixin.py:188} INFO - Data has been successfully saved to the JSON file
[2024-05-18T10:30:50.718+0000] {python.py:237} INFO - Done. Returned value was: None
[2024-05-18T10:30:50.720+0000] {taskinstance.py:441} INFO - ::group::Post task execution logs
[2024-05-18T10:30:50.735+0000] {taskinstance.py:1205} INFO - Marking task as SUCCESS. dag_id=fetch_and_parse_weather_data, task_id=fetch_and_save_weather_data, execution_date=20240516T070000, start_date=20240518T103049, end_date=20240518T103050
[2024-05-18T10:30:50.793+0000] {local_task_job_runner.py:240} INFO - Task exited with return code 0
[2024-05-18T10:30:50.827+0000] {taskinstance.py:3482} INFO - 0 downstream tasks scheduled from follow-on schedule check
[2024-05-18T10:30:50.830+0000] {local_task_job_runner.py:222} INFO - ::endgroup::
