[2024-05-27T08:25:29.979+0000] {local_task_job_runner.py:120} INFO - ::group::Pre task execution logs
[2024-05-27T08:25:30.040+0000] {taskinstance.py:2073} INFO - Dependencies all met for dep_context=non-requeueable deps ti=<TaskInstance: fetch_parse_store_report_weather_data.send_report_to_telegram scheduled__2024-05-24T17:00:00+00:00 [queued]>
[2024-05-27T08:25:30.056+0000] {taskinstance.py:2073} INFO - Dependencies all met for dep_context=requeueable deps ti=<TaskInstance: fetch_parse_store_report_weather_data.send_report_to_telegram scheduled__2024-05-24T17:00:00+00:00 [queued]>
[2024-05-27T08:25:30.057+0000] {taskinstance.py:2303} INFO - Starting attempt 1 of 2
[2024-05-27T08:25:30.081+0000] {taskinstance.py:2327} INFO - Executing <Task(PythonOperator): send_report_to_telegram> on 2024-05-24 17:00:00+00:00
[2024-05-27T08:25:30.107+0000] {warnings.py:110} WARNING - /home/***/.local/lib/python3.12/site-packages/***/task/task_runner/standard_task_runner.py:61: DeprecationWarning: This process (pid=22543) is multi-threaded, use of fork() may lead to deadlocks in the child.
  pid = os.fork()

[2024-05-27T08:25:30.110+0000] {standard_task_runner.py:63} INFO - Started process 22692 to run task
[2024-05-27T08:25:30.137+0000] {standard_task_runner.py:90} INFO - Running: ['***', 'tasks', 'run', 'fetch_parse_store_report_weather_data', 'send_report_to_telegram', 'scheduled__2024-05-24T17:00:00+00:00', '--job-id', '12292', '--raw', '--subdir', 'DAGS_FOLDER/cris.py', '--cfg-path', '/tmp/tmpbq4atme6']
[2024-05-27T08:25:30.139+0000] {standard_task_runner.py:91} INFO - Job 12292: Subtask send_report_to_telegram
[2024-05-27T08:25:30.250+0000] {task_command.py:426} INFO - Running <TaskInstance: fetch_parse_store_report_weather_data.send_report_to_telegram scheduled__2024-05-24T17:00:00+00:00 [running]> on host b151419bfa2a
[2024-05-27T08:25:30.437+0000] {taskinstance.py:2644} INFO - Exporting env vars: AIRFLOW_CTX_DAG_OWNER='***' AIRFLOW_CTX_DAG_ID='fetch_parse_store_report_weather_data' AIRFLOW_CTX_TASK_ID='send_report_to_telegram' AIRFLOW_CTX_EXECUTION_DATE='2024-05-24T17:00:00+00:00' AIRFLOW_CTX_TRY_NUMBER='1' AIRFLOW_CTX_DAG_RUN_ID='scheduled__2024-05-24T17:00:00+00:00'
[2024-05-27T08:25:30.439+0000] {taskinstance.py:430} INFO - ::endgroup::
[2024-05-27T08:25:30.443+0000] {logging_mixin.py:188} INFO - File /tmp/report.txt does not exist
[2024-05-27T08:25:30.445+0000] {logging_mixin.py:188} INFO - File /tmp/temperature_plot.png does not exist
[2024-05-27T08:25:30.451+0000] {logging_mixin.py:188} INFO - File /tmp/pressure_plot.png does not exist
[2024-05-27T08:25:30.452+0000] {python.py:237} INFO - Done. Returned value was: None
[2024-05-27T08:25:30.453+0000] {taskinstance.py:441} INFO - ::group::Post task execution logs
[2024-05-27T08:25:30.472+0000] {taskinstance.py:1205} INFO - Marking task as SUCCESS. dag_id=fetch_parse_store_report_weather_data, task_id=send_report_to_telegram, execution_date=20240524T170000, start_date=20240527T082530, end_date=20240527T082530
[2024-05-27T08:25:30.571+0000] {local_task_job_runner.py:240} INFO - Task exited with return code 0
[2024-05-27T08:25:30.790+0000] {taskinstance.py:3482} INFO - 0 downstream tasks scheduled from follow-on schedule check
[2024-05-27T08:25:30.795+0000] {local_task_job_runner.py:222} INFO - ::endgroup::
