[2024-05-03T02:11:25.382+0000] {local_task_job_runner.py:120} INFO - ::group::Pre task execution logs
[2024-05-03T02:11:25.407+0000] {taskinstance.py:2073} INFO - Dependencies all met for dep_context=non-requeueable deps ti=<TaskInstance: fetch_and_parse_weather_data.fetch_and_save_weather_data scheduled__2024-04-26T23:00:00+00:00 [queued]>
[2024-05-03T02:11:25.417+0000] {taskinstance.py:2073} INFO - Dependencies all met for dep_context=requeueable deps ti=<TaskInstance: fetch_and_parse_weather_data.fetch_and_save_weather_data scheduled__2024-04-26T23:00:00+00:00 [queued]>
[2024-05-03T02:11:25.418+0000] {taskinstance.py:2303} INFO - Starting attempt 1 of 2
[2024-05-03T02:11:25.435+0000] {taskinstance.py:2327} INFO - Executing <Task(PythonOperator): fetch_and_save_weather_data> on 2024-04-26 23:00:00+00:00
[2024-05-03T02:11:25.444+0000] {warnings.py:110} WARNING - /home/***/.local/lib/python3.12/site-packages/***/task/task_runner/standard_task_runner.py:61: DeprecationWarning: This process (pid=848) is multi-threaded, use of fork() may lead to deadlocks in the child.
  pid = os.fork()

[2024-05-03T02:11:25.445+0000] {standard_task_runner.py:63} INFO - Started process 873 to run task
[2024-05-03T02:11:25.445+0000] {standard_task_runner.py:90} INFO - Running: ['***', 'tasks', 'run', 'fetch_and_parse_weather_data', 'fetch_and_save_weather_data', 'scheduled__2024-04-26T23:00:00+00:00', '--job-id', '380', '--raw', '--subdir', 'DAGS_FOLDER/json_dag.py', '--cfg-path', '/tmp/tmpgpxhrktp']
[2024-05-03T02:11:25.448+0000] {standard_task_runner.py:91} INFO - Job 380: Subtask fetch_and_save_weather_data
[2024-05-03T02:11:25.499+0000] {task_command.py:426} INFO - Running <TaskInstance: fetch_and_parse_weather_data.fetch_and_save_weather_data scheduled__2024-04-26T23:00:00+00:00 [running]> on host e8691f41e037
[2024-05-03T02:11:25.619+0000] {taskinstance.py:2644} INFO - Exporting env vars: AIRFLOW_CTX_DAG_OWNER='***' AIRFLOW_CTX_DAG_ID='fetch_and_parse_weather_data' AIRFLOW_CTX_TASK_ID='fetch_and_save_weather_data' AIRFLOW_CTX_EXECUTION_DATE='2024-04-26T23:00:00+00:00' AIRFLOW_CTX_TRY_NUMBER='1' AIRFLOW_CTX_DAG_RUN_ID='scheduled__2024-04-26T23:00:00+00:00'
[2024-05-03T02:11:25.621+0000] {taskinstance.py:430} INFO - ::endgroup::
[2024-05-03T02:11:27.264+0000] {logging_mixin.py:188} INFO - Data has been successfully saved to the JSON file
[2024-05-03T02:11:27.265+0000] {python.py:237} INFO - Done. Returned value was: None
[2024-05-03T02:11:27.266+0000] {taskinstance.py:441} INFO - ::group::Post task execution logs
[2024-05-03T02:11:27.278+0000] {taskinstance.py:1205} INFO - Marking task as SUCCESS. dag_id=fetch_and_parse_weather_data, task_id=fetch_and_save_weather_data, execution_date=20240426T230000, start_date=20240503T021125, end_date=20240503T021127
[2024-05-03T02:11:27.350+0000] {local_task_job_runner.py:240} INFO - Task exited with return code 0
[2024-05-03T02:11:27.373+0000] {taskinstance.py:3482} INFO - 0 downstream tasks scheduled from follow-on schedule check
[2024-05-03T02:11:27.375+0000] {local_task_job_runner.py:222} INFO - ::endgroup::
