[2024-05-27T07:51:54.107+0000] {local_task_job_runner.py:120} INFO - ::group::Pre task execution logs
[2024-05-27T07:51:54.140+0000] {taskinstance.py:2073} INFO - Dependencies all met for dep_context=non-requeueable deps ti=<TaskInstance: fetch_parse_store_report_weather_data.generate_report scheduled__2024-05-12T06:00:00+00:00 [queued]>
[2024-05-27T07:51:54.155+0000] {taskinstance.py:2073} INFO - Dependencies all met for dep_context=requeueable deps ti=<TaskInstance: fetch_parse_store_report_weather_data.generate_report scheduled__2024-05-12T06:00:00+00:00 [queued]>
[2024-05-27T07:51:54.156+0000] {taskinstance.py:2303} INFO - Starting attempt 1 of 2
[2024-05-27T07:51:54.180+0000] {taskinstance.py:2327} INFO - Executing <Task(PythonOperator): generate_report> on 2024-05-12 06:00:00+00:00
[2024-05-27T07:51:54.212+0000] {warnings.py:110} WARNING - /home/***/.local/lib/python3.12/site-packages/***/task/task_runner/standard_task_runner.py:61: DeprecationWarning: This process (pid=3810) is multi-threaded, use of fork() may lead to deadlocks in the child.
  pid = os.fork()

[2024-05-27T07:51:54.214+0000] {standard_task_runner.py:63} INFO - Started process 3913 to run task
[2024-05-27T07:51:54.216+0000] {standard_task_runner.py:90} INFO - Running: ['***', 'tasks', 'run', 'fetch_parse_store_report_weather_data', 'generate_report', 'scheduled__2024-05-12T06:00:00+00:00', '--job-id', '11087', '--raw', '--subdir', 'DAGS_FOLDER/cris.py', '--cfg-path', '/tmp/tmpknlb6avz']
[2024-05-27T07:51:54.218+0000] {standard_task_runner.py:91} INFO - Job 11087: Subtask generate_report
[2024-05-27T07:51:54.315+0000] {task_command.py:426} INFO - Running <TaskInstance: fetch_parse_store_report_weather_data.generate_report scheduled__2024-05-12T06:00:00+00:00 [running]> on host b151419bfa2a
[2024-05-27T07:51:54.501+0000] {taskinstance.py:2644} INFO - Exporting env vars: AIRFLOW_CTX_DAG_OWNER='***' AIRFLOW_CTX_DAG_ID='fetch_parse_store_report_weather_data' AIRFLOW_CTX_TASK_ID='generate_report' AIRFLOW_CTX_EXECUTION_DATE='2024-05-12T06:00:00+00:00' AIRFLOW_CTX_TRY_NUMBER='1' AIRFLOW_CTX_DAG_RUN_ID='scheduled__2024-05-12T06:00:00+00:00'
[2024-05-27T07:51:54.503+0000] {taskinstance.py:430} INFO - ::endgroup::
[2024-05-27T07:51:54.516+0000] {base.py:84} INFO - Using connection ID 'postgres_default' for task execution.
[2024-05-27T07:51:54.521+0000] {logging_mixin.py:188} INFO - Error connecting to the database or fetching data: connection to server at "postgres" (172.21.0.4), port 5432 failed: FATAL:  database "weather_data" does not exist
[2024-05-27T07:51:54.522+0000] {python.py:237} INFO - Done. Returned value was: None
[2024-05-27T07:51:54.522+0000] {taskinstance.py:441} INFO - ::group::Post task execution logs
[2024-05-27T07:51:54.534+0000] {taskinstance.py:1205} INFO - Marking task as SUCCESS. dag_id=fetch_parse_store_report_weather_data, task_id=generate_report, execution_date=20240512T060000, start_date=20240527T075154, end_date=20240527T075154
[2024-05-27T07:51:54.591+0000] {local_task_job_runner.py:240} INFO - Task exited with return code 0
[2024-05-27T07:51:54.619+0000] {taskinstance.py:3482} INFO - 1 downstream tasks scheduled from follow-on schedule check
[2024-05-27T07:51:54.621+0000] {local_task_job_runner.py:222} INFO - ::endgroup::
