[2024-05-18T14:07:11.948+0000] {local_task_job_runner.py:120} INFO - ::group::Pre task execution logs
[2024-05-18T14:07:11.973+0000] {taskinstance.py:2073} INFO - Dependencies all met for dep_context=non-requeueable deps ti=<TaskInstance: fetch_parse_store_report_weather_data.fetch_and_save_weather_data scheduled__2024-04-22T10:00:00+00:00 [queued]>
[2024-05-18T14:07:11.982+0000] {taskinstance.py:2073} INFO - Dependencies all met for dep_context=requeueable deps ti=<TaskInstance: fetch_parse_store_report_weather_data.fetch_and_save_weather_data scheduled__2024-04-22T10:00:00+00:00 [queued]>
[2024-05-18T14:07:11.983+0000] {taskinstance.py:2303} INFO - Starting attempt 1 of 2
[2024-05-18T14:07:12.001+0000] {taskinstance.py:2327} INFO - Executing <Task(PythonOperator): fetch_and_save_weather_data> on 2024-04-22 10:00:00+00:00
[2024-05-18T14:07:12.010+0000] {warnings.py:110} WARNING - /home/***/.local/lib/python3.12/site-packages/***/task/task_runner/standard_task_runner.py:61: DeprecationWarning: This process (pid=3581) is multi-threaded, use of fork() may lead to deadlocks in the child.
  pid = os.fork()

[2024-05-18T14:07:12.013+0000] {standard_task_runner.py:63} INFO - Started process 3588 to run task
[2024-05-18T14:07:12.013+0000] {standard_task_runner.py:90} INFO - Running: ['***', 'tasks', 'run', 'fetch_parse_store_report_weather_data', 'fetch_and_save_weather_data', 'scheduled__2024-04-22T10:00:00+00:00', '--job-id', '3976', '--raw', '--subdir', 'DAGS_FOLDER/cris.py', '--cfg-path', '/tmp/tmppazhrxyo']
[2024-05-18T14:07:12.015+0000] {standard_task_runner.py:91} INFO - Job 3976: Subtask fetch_and_save_weather_data
[2024-05-18T14:07:12.072+0000] {task_command.py:426} INFO - Running <TaskInstance: fetch_parse_store_report_weather_data.fetch_and_save_weather_data scheduled__2024-04-22T10:00:00+00:00 [running]> on host d2eb9883ca8d
[2024-05-18T14:07:12.418+0000] {taskinstance.py:2644} INFO - Exporting env vars: AIRFLOW_CTX_DAG_OWNER='***' AIRFLOW_CTX_DAG_ID='fetch_parse_store_report_weather_data' AIRFLOW_CTX_TASK_ID='fetch_and_save_weather_data' AIRFLOW_CTX_EXECUTION_DATE='2024-04-22T10:00:00+00:00' AIRFLOW_CTX_TRY_NUMBER='1' AIRFLOW_CTX_DAG_RUN_ID='scheduled__2024-04-22T10:00:00+00:00'
[2024-05-18T14:07:12.420+0000] {taskinstance.py:430} INFO - ::endgroup::
[2024-05-18T14:07:13.566+0000] {logging_mixin.py:188} INFO - Data has been successfully saved to the JSON file
[2024-05-18T14:07:13.567+0000] {python.py:237} INFO - Done. Returned value was: None
[2024-05-18T14:07:13.568+0000] {taskinstance.py:441} INFO - ::group::Post task execution logs
[2024-05-18T14:07:13.578+0000] {taskinstance.py:1205} INFO - Marking task as SUCCESS. dag_id=fetch_parse_store_report_weather_data, task_id=fetch_and_save_weather_data, execution_date=20240422T100000, start_date=20240518T140711, end_date=20240518T140713
[2024-05-18T14:07:13.632+0000] {local_task_job_runner.py:240} INFO - Task exited with return code 0
[2024-05-18T14:07:13.751+0000] {taskinstance.py:3482} INFO - 0 downstream tasks scheduled from follow-on schedule check
[2024-05-18T14:07:13.763+0000] {local_task_job_runner.py:222} INFO - ::endgroup::
