[2024-05-19T11:57:34.739+0000] {local_task_job_runner.py:120} INFO - ::group::Pre task execution logs
[2024-05-19T11:57:34.798+0000] {taskinstance.py:2073} INFO - Dependencies all met for dep_context=non-requeueable deps ti=<TaskInstance: fetch_parse_store_report_weather_data.fetch_and_save_weather_data scheduled__2024-04-29T06:00:00+00:00 [queued]>
[2024-05-19T11:57:34.826+0000] {taskinstance.py:2073} INFO - Dependencies all met for dep_context=requeueable deps ti=<TaskInstance: fetch_parse_store_report_weather_data.fetch_and_save_weather_data scheduled__2024-04-29T06:00:00+00:00 [queued]>
[2024-05-19T11:57:34.834+0000] {taskinstance.py:2303} INFO - Starting attempt 1 of 2
[2024-05-19T11:57:34.876+0000] {taskinstance.py:2327} INFO - Executing <Task(PythonOperator): fetch_and_save_weather_data> on 2024-04-29 06:00:00+00:00
[2024-05-19T11:57:34.918+0000] {warnings.py:110} WARNING - /home/***/.local/lib/python3.12/site-packages/***/task/task_runner/standard_task_runner.py:61: DeprecationWarning: This process (pid=1158) is multi-threaded, use of fork() may lead to deadlocks in the child.
  pid = os.fork()

[2024-05-19T11:57:34.922+0000] {standard_task_runner.py:63} INFO - Started process 1177 to run task
[2024-05-19T11:57:34.933+0000] {standard_task_runner.py:90} INFO - Running: ['***', 'tasks', 'run', 'fetch_parse_store_report_weather_data', 'fetch_and_save_weather_data', 'scheduled__2024-04-29T06:00:00+00:00', '--job-id', '4864', '--raw', '--subdir', 'DAGS_FOLDER/cris.py', '--cfg-path', '/tmp/tmpyyfe53f8']
[2024-05-19T11:57:34.937+0000] {standard_task_runner.py:91} INFO - Job 4864: Subtask fetch_and_save_weather_data
[2024-05-19T11:57:35.033+0000] {task_command.py:426} INFO - Running <TaskInstance: fetch_parse_store_report_weather_data.fetch_and_save_weather_data scheduled__2024-04-29T06:00:00+00:00 [running]> on host d2eb9883ca8d
[2024-05-19T11:57:35.548+0000] {taskinstance.py:2644} INFO - Exporting env vars: AIRFLOW_CTX_DAG_OWNER='***' AIRFLOW_CTX_DAG_ID='fetch_parse_store_report_weather_data' AIRFLOW_CTX_TASK_ID='fetch_and_save_weather_data' AIRFLOW_CTX_EXECUTION_DATE='2024-04-29T06:00:00+00:00' AIRFLOW_CTX_TRY_NUMBER='1' AIRFLOW_CTX_DAG_RUN_ID='scheduled__2024-04-29T06:00:00+00:00'
[2024-05-19T11:57:35.550+0000] {taskinstance.py:430} INFO - ::endgroup::
[2024-05-19T11:57:36.627+0000] {logging_mixin.py:188} INFO - Data has been successfully saved to the JSON file
[2024-05-19T11:57:36.628+0000] {python.py:237} INFO - Done. Returned value was: None
[2024-05-19T11:57:36.629+0000] {taskinstance.py:441} INFO - ::group::Post task execution logs
[2024-05-19T11:57:36.641+0000] {taskinstance.py:1205} INFO - Marking task as SUCCESS. dag_id=fetch_parse_store_report_weather_data, task_id=fetch_and_save_weather_data, execution_date=20240429T060000, start_date=20240519T115734, end_date=20240519T115736
[2024-05-19T11:57:36.965+0000] {local_task_job_runner.py:240} INFO - Task exited with return code 0
[2024-05-19T11:57:37.030+0000] {taskinstance.py:3482} INFO - 1 downstream tasks scheduled from follow-on schedule check
[2024-05-19T11:57:37.039+0000] {local_task_job_runner.py:222} INFO - ::endgroup::
