[2024-05-27T08:28:36.381+0000] {local_task_job_runner.py:120} INFO - ::group::Pre task execution logs
[2024-05-27T08:28:36.432+0000] {taskinstance.py:2073} INFO - Dependencies all met for dep_context=non-requeueable deps ti=<TaskInstance: fetch_parse_store_report_weather_data.send_report_to_telegram scheduled__2024-05-26T04:00:00+00:00 [queued]>
[2024-05-27T08:28:36.451+0000] {taskinstance.py:2073} INFO - Dependencies all met for dep_context=requeueable deps ti=<TaskInstance: fetch_parse_store_report_weather_data.send_report_to_telegram scheduled__2024-05-26T04:00:00+00:00 [queued]>
[2024-05-27T08:28:36.453+0000] {taskinstance.py:2303} INFO - Starting attempt 1 of 2
[2024-05-27T08:28:36.514+0000] {taskinstance.py:2327} INFO - Executing <Task(PythonOperator): send_report_to_telegram> on 2024-05-26 04:00:00+00:00
[2024-05-27T08:28:36.553+0000] {standard_task_runner.py:90} INFO - Running: ['***', 'tasks', 'run', 'fetch_parse_store_report_weather_data', 'send_report_to_telegram', 'scheduled__2024-05-26T04:00:00+00:00', '--job-id', '12435', '--raw', '--subdir', 'DAGS_FOLDER/cris.py', '--cfg-path', '/tmp/tmpbuyalxct']
[2024-05-27T08:28:36.555+0000] {standard_task_runner.py:91} INFO - Job 12435: Subtask send_report_to_telegram
[2024-05-27T08:28:36.548+0000] {warnings.py:110} WARNING - /home/***/.local/lib/python3.12/site-packages/***/task/task_runner/standard_task_runner.py:61: DeprecationWarning: This process (pid=24638) is multi-threaded, use of fork() may lead to deadlocks in the child.
  pid = os.fork()

[2024-05-27T08:28:36.559+0000] {standard_task_runner.py:63} INFO - Started process 24816 to run task
[2024-05-27T08:28:36.636+0000] {task_command.py:426} INFO - Running <TaskInstance: fetch_parse_store_report_weather_data.send_report_to_telegram scheduled__2024-05-26T04:00:00+00:00 [running]> on host b151419bfa2a
[2024-05-27T08:28:36.827+0000] {taskinstance.py:2644} INFO - Exporting env vars: AIRFLOW_CTX_DAG_OWNER='***' AIRFLOW_CTX_DAG_ID='fetch_parse_store_report_weather_data' AIRFLOW_CTX_TASK_ID='send_report_to_telegram' AIRFLOW_CTX_EXECUTION_DATE='2024-05-26T04:00:00+00:00' AIRFLOW_CTX_TRY_NUMBER='1' AIRFLOW_CTX_DAG_RUN_ID='scheduled__2024-05-26T04:00:00+00:00'
[2024-05-27T08:28:36.830+0000] {taskinstance.py:430} INFO - ::endgroup::
[2024-05-27T08:28:36.833+0000] {logging_mixin.py:188} INFO - File /tmp/report.txt does not exist
[2024-05-27T08:28:36.834+0000] {logging_mixin.py:188} INFO - File /tmp/temperature_plot.png does not exist
[2024-05-27T08:28:36.835+0000] {logging_mixin.py:188} INFO - File /tmp/pressure_plot.png does not exist
[2024-05-27T08:28:36.836+0000] {python.py:237} INFO - Done. Returned value was: None
[2024-05-27T08:28:36.836+0000] {taskinstance.py:441} INFO - ::group::Post task execution logs
[2024-05-27T08:28:36.851+0000] {taskinstance.py:1205} INFO - Marking task as SUCCESS. dag_id=fetch_parse_store_report_weather_data, task_id=send_report_to_telegram, execution_date=20240526T040000, start_date=20240527T082836, end_date=20240527T082836
[2024-05-27T08:28:36.902+0000] {local_task_job_runner.py:240} INFO - Task exited with return code 0
[2024-05-27T08:28:36.931+0000] {taskinstance.py:3482} INFO - 0 downstream tasks scheduled from follow-on schedule check
[2024-05-27T08:28:36.934+0000] {local_task_job_runner.py:222} INFO - ::endgroup::
