[2024-05-19T11:41:03.466+0000] {local_task_job_runner.py:120} INFO - ::group::Pre task execution logs
[2024-05-19T11:41:03.517+0000] {taskinstance.py:2073} INFO - Dependencies all met for dep_context=non-requeueable deps ti=<TaskInstance: fetch_parse_store_report_weather_data.generate_report scheduled__2024-04-27T11:00:00+00:00 [queued]>
[2024-05-19T11:41:03.540+0000] {taskinstance.py:2073} INFO - Dependencies all met for dep_context=requeueable deps ti=<TaskInstance: fetch_parse_store_report_weather_data.generate_report scheduled__2024-04-27T11:00:00+00:00 [queued]>
[2024-05-19T11:41:03.545+0000] {taskinstance.py:2303} INFO - Starting attempt 1 of 2
[2024-05-19T11:41:03.587+0000] {taskinstance.py:2327} INFO - Executing <Task(PythonOperator): generate_report> on 2024-04-27 11:00:00+00:00
[2024-05-19T11:41:03.609+0000] {warnings.py:110} WARNING - /home/***/.local/lib/python3.12/site-packages/***/task/task_runner/standard_task_runner.py:61: DeprecationWarning: This process (pid=308) is multi-threaded, use of fork() may lead to deadlocks in the child.
  pid = os.fork()

[2024-05-19T11:41:03.613+0000] {standard_task_runner.py:63} INFO - Started process 331 to run task
[2024-05-19T11:41:03.613+0000] {standard_task_runner.py:90} INFO - Running: ['***', 'tasks', 'run', 'fetch_parse_store_report_weather_data', 'generate_report', 'scheduled__2024-04-27T11:00:00+00:00', '--job-id', '4652', '--raw', '--subdir', 'DAGS_FOLDER/cris.py', '--cfg-path', '/tmp/tmpxwwbh4kh']
[2024-05-19T11:41:03.615+0000] {standard_task_runner.py:91} INFO - Job 4652: Subtask generate_report
[2024-05-19T11:41:03.774+0000] {task_command.py:426} INFO - Running <TaskInstance: fetch_parse_store_report_weather_data.generate_report scheduled__2024-04-27T11:00:00+00:00 [running]> on host d2eb9883ca8d
[2024-05-19T11:41:04.429+0000] {taskinstance.py:2644} INFO - Exporting env vars: AIRFLOW_CTX_DAG_OWNER='***' AIRFLOW_CTX_DAG_ID='fetch_parse_store_report_weather_data' AIRFLOW_CTX_TASK_ID='generate_report' AIRFLOW_CTX_EXECUTION_DATE='2024-04-27T11:00:00+00:00' AIRFLOW_CTX_TRY_NUMBER='1' AIRFLOW_CTX_DAG_RUN_ID='scheduled__2024-04-27T11:00:00+00:00'
[2024-05-19T11:41:04.434+0000] {taskinstance.py:430} INFO - ::endgroup::
[2024-05-19T11:41:04.452+0000] {base.py:84} INFO - Using connection ID 'postgres_default' for task execution.
[2024-05-19T11:41:04.460+0000] {logging_mixin.py:188} INFO - Error connecting to the database or fetching data: connection to server at "postgres" (172.18.0.5), port 5432 failed: FATAL:  database "weather_data" does not exist
[2024-05-19T11:41:04.461+0000] {python.py:237} INFO - Done. Returned value was: None
[2024-05-19T11:41:04.462+0000] {taskinstance.py:441} INFO - ::group::Post task execution logs
[2024-05-19T11:41:04.483+0000] {taskinstance.py:1205} INFO - Marking task as SUCCESS. dag_id=fetch_parse_store_report_weather_data, task_id=generate_report, execution_date=20240427T110000, start_date=20240519T114103, end_date=20240519T114104
[2024-05-19T11:41:04.719+0000] {local_task_job_runner.py:240} INFO - Task exited with return code 0
[2024-05-19T11:41:04.817+0000] {taskinstance.py:3482} INFO - 1 downstream tasks scheduled from follow-on schedule check
[2024-05-19T11:41:04.838+0000] {local_task_job_runner.py:222} INFO - ::endgroup::
