[2024-05-03T02:07:41.529+0000] {local_task_job_runner.py:120} INFO - ::group::Pre task execution logs
[2024-05-03T02:07:41.616+0000] {taskinstance.py:2073} INFO - Dependencies all met for dep_context=non-requeueable deps ti=<TaskInstance: fetch_and_parse_weather_data.fetch_and_save_weather_data scheduled__2024-04-16T19:00:00+00:00 [queued]>
[2024-05-03T02:07:41.638+0000] {taskinstance.py:2073} INFO - Dependencies all met for dep_context=requeueable deps ti=<TaskInstance: fetch_and_parse_weather_data.fetch_and_save_weather_data scheduled__2024-04-16T19:00:00+00:00 [queued]>
[2024-05-03T02:07:41.641+0000] {taskinstance.py:2303} INFO - Starting attempt 2 of 2
[2024-05-03T02:07:41.700+0000] {taskinstance.py:2327} INFO - Executing <Task(PythonOperator): fetch_and_save_weather_data> on 2024-04-16 19:00:00+00:00
[2024-05-03T02:07:41.724+0000] {standard_task_runner.py:90} INFO - Running: ['***', 'tasks', 'run', 'fetch_and_parse_weather_data', 'fetch_and_save_weather_data', 'scheduled__2024-04-16T19:00:00+00:00', '--job-id', '130', '--raw', '--subdir', 'DAGS_FOLDER/json_dag.py', '--cfg-path', '/tmp/tmpdobax4wp']
[2024-05-03T02:07:41.738+0000] {standard_task_runner.py:91} INFO - Job 130: Subtask fetch_and_save_weather_data
[2024-05-03T02:07:41.729+0000] {warnings.py:110} WARNING - /home/***/.local/lib/python3.12/site-packages/***/task/task_runner/standard_task_runner.py:61: DeprecationWarning: This process (pid=54) is multi-threaded, use of fork() may lead to deadlocks in the child.
  pid = os.fork()

[2024-05-03T02:07:41.751+0000] {standard_task_runner.py:63} INFO - Started process 87 to run task
[2024-05-03T02:07:42.174+0000] {task_command.py:426} INFO - Running <TaskInstance: fetch_and_parse_weather_data.fetch_and_save_weather_data scheduled__2024-04-16T19:00:00+00:00 [running]> on host e8691f41e037
[2024-05-03T02:07:43.064+0000] {taskinstance.py:2644} INFO - Exporting env vars: AIRFLOW_CTX_DAG_OWNER='***' AIRFLOW_CTX_DAG_ID='fetch_and_parse_weather_data' AIRFLOW_CTX_TASK_ID='fetch_and_save_weather_data' AIRFLOW_CTX_EXECUTION_DATE='2024-04-16T19:00:00+00:00' AIRFLOW_CTX_TRY_NUMBER='2' AIRFLOW_CTX_DAG_RUN_ID='scheduled__2024-04-16T19:00:00+00:00'
[2024-05-03T02:07:43.069+0000] {taskinstance.py:430} INFO - ::endgroup::
[2024-05-03T02:07:46.452+0000] {logging_mixin.py:188} INFO - Failed to fetch data from the URL
[2024-05-03T02:07:46.453+0000] {python.py:237} INFO - Done. Returned value was: None
[2024-05-03T02:07:46.454+0000] {taskinstance.py:441} INFO - ::group::Post task execution logs
[2024-05-03T02:07:46.466+0000] {taskinstance.py:1205} INFO - Marking task as SUCCESS. dag_id=fetch_and_parse_weather_data, task_id=fetch_and_save_weather_data, execution_date=20240416T190000, start_date=20240503T020741, end_date=20240503T020746
[2024-05-03T02:07:46.507+0000] {local_task_job_runner.py:240} INFO - Task exited with return code 0
[2024-05-03T02:07:46.534+0000] {taskinstance.py:3482} INFO - 0 downstream tasks scheduled from follow-on schedule check
[2024-05-03T02:07:46.537+0000] {local_task_job_runner.py:222} INFO - ::endgroup::
