[2024-05-27T07:52:53.595+0000] {local_task_job_runner.py:120} INFO - ::group::Pre task execution logs
[2024-05-27T07:52:53.623+0000] {taskinstance.py:2073} INFO - Dependencies all met for dep_context=non-requeueable deps ti=<TaskInstance: fetch_parse_store_report_weather_data.send_report_to_telegram scheduled__2024-05-12T14:00:00+00:00 [queued]>
[2024-05-27T07:52:53.633+0000] {taskinstance.py:2073} INFO - Dependencies all met for dep_context=requeueable deps ti=<TaskInstance: fetch_parse_store_report_weather_data.send_report_to_telegram scheduled__2024-05-12T14:00:00+00:00 [queued]>
[2024-05-27T07:52:53.634+0000] {taskinstance.py:2303} INFO - Starting attempt 1 of 2
[2024-05-27T07:52:53.650+0000] {taskinstance.py:2327} INFO - Executing <Task(PythonOperator): send_report_to_telegram> on 2024-05-12 14:00:00+00:00
[2024-05-27T07:52:53.666+0000] {warnings.py:110} WARNING - /home/***/.local/lib/python3.12/site-packages/***/task/task_runner/standard_task_runner.py:61: DeprecationWarning: This process (pid=4496) is multi-threaded, use of fork() may lead to deadlocks in the child.
  pid = os.fork()

[2024-05-27T07:52:53.668+0000] {standard_task_runner.py:63} INFO - Started process 4564 to run task
[2024-05-27T07:52:53.667+0000] {standard_task_runner.py:90} INFO - Running: ['***', 'tasks', 'run', 'fetch_parse_store_report_weather_data', 'send_report_to_telegram', 'scheduled__2024-05-12T14:00:00+00:00', '--job-id', '11130', '--raw', '--subdir', 'DAGS_FOLDER/cris.py', '--cfg-path', '/tmp/tmpnz95uwxq']
[2024-05-27T07:52:53.669+0000] {standard_task_runner.py:91} INFO - Job 11130: Subtask send_report_to_telegram
[2024-05-27T07:52:53.718+0000] {task_command.py:426} INFO - Running <TaskInstance: fetch_parse_store_report_weather_data.send_report_to_telegram scheduled__2024-05-12T14:00:00+00:00 [running]> on host b151419bfa2a
[2024-05-27T07:52:53.829+0000] {taskinstance.py:2644} INFO - Exporting env vars: AIRFLOW_CTX_DAG_OWNER='***' AIRFLOW_CTX_DAG_ID='fetch_parse_store_report_weather_data' AIRFLOW_CTX_TASK_ID='send_report_to_telegram' AIRFLOW_CTX_EXECUTION_DATE='2024-05-12T14:00:00+00:00' AIRFLOW_CTX_TRY_NUMBER='1' AIRFLOW_CTX_DAG_RUN_ID='scheduled__2024-05-12T14:00:00+00:00'
[2024-05-27T07:52:53.831+0000] {taskinstance.py:430} INFO - ::endgroup::
[2024-05-27T07:52:53.832+0000] {logging_mixin.py:188} INFO - File /tmp/report.txt does not exist
[2024-05-27T07:52:53.832+0000] {logging_mixin.py:188} INFO - File /tmp/temperature_plot.png does not exist
[2024-05-27T07:52:53.833+0000] {logging_mixin.py:188} INFO - File /tmp/pressure_plot.png does not exist
[2024-05-27T07:52:53.833+0000] {python.py:237} INFO - Done. Returned value was: None
[2024-05-27T07:52:53.834+0000] {taskinstance.py:441} INFO - ::group::Post task execution logs
[2024-05-27T07:52:53.846+0000] {taskinstance.py:1205} INFO - Marking task as SUCCESS. dag_id=fetch_parse_store_report_weather_data, task_id=send_report_to_telegram, execution_date=20240512T140000, start_date=20240527T075253, end_date=20240527T075253
[2024-05-27T07:52:53.922+0000] {local_task_job_runner.py:240} INFO - Task exited with return code 0
[2024-05-27T07:52:54.007+0000] {taskinstance.py:3482} INFO - 0 downstream tasks scheduled from follow-on schedule check
[2024-05-27T07:52:54.010+0000] {local_task_job_runner.py:222} INFO - ::endgroup::
