[2024-04-15T02:00:41.023+0000] {local_task_job_runner.py:120} INFO - ::group::Pre task execution logs
[2024-04-15T02:00:41.090+0000] {taskinstance.py:2073} INFO - Dependencies all met for dep_context=non-requeueable deps ti=<TaskInstance: fetch_and_parse_weather_data.fetch_and_save_weather_data scheduled__2024-04-12T08:00:00+00:00 [queued]>
[2024-04-15T02:00:41.142+0000] {taskinstance.py:2073} INFO - Dependencies all met for dep_context=requeueable deps ti=<TaskInstance: fetch_and_parse_weather_data.fetch_and_save_weather_data scheduled__2024-04-12T08:00:00+00:00 [queued]>
[2024-04-15T02:00:41.153+0000] {taskinstance.py:2303} INFO - Starting attempt 1 of 2
[2024-04-15T02:00:41.210+0000] {taskinstance.py:2327} INFO - Executing <Task(PythonOperator): fetch_and_save_weather_data> on 2024-04-12 08:00:00+00:00
[2024-04-15T02:00:41.227+0000] {warnings.py:110} WARNING - /home/***/.local/lib/python3.12/site-packages/***/task/task_runner/standard_task_runner.py:61: DeprecationWarning: This process (pid=117) is multi-threaded, use of fork() may lead to deadlocks in the child.
  pid = os.fork()

[2024-04-15T02:00:41.230+0000] {standard_task_runner.py:63} INFO - Started process 147 to run task
[2024-04-15T02:00:41.231+0000] {standard_task_runner.py:90} INFO - Running: ['***', 'tasks', 'run', 'fetch_and_parse_weather_data', 'fetch_and_save_weather_data', 'scheduled__2024-04-12T08:00:00+00:00', '--job-id', '15', '--raw', '--subdir', 'DAGS_FOLDER/json_dag.py', '--cfg-path', '/tmp/tmpkw_p3fkh']
[2024-04-15T02:00:41.234+0000] {standard_task_runner.py:91} INFO - Job 15: Subtask fetch_and_save_weather_data
[2024-04-15T02:00:41.398+0000] {task_command.py:426} INFO - Running <TaskInstance: fetch_and_parse_weather_data.fetch_and_save_weather_data scheduled__2024-04-12T08:00:00+00:00 [running]> on host 2c3c8df482d9
[2024-04-15T02:00:41.641+0000] {taskinstance.py:2644} INFO - Exporting env vars: AIRFLOW_CTX_DAG_OWNER='***' AIRFLOW_CTX_DAG_ID='fetch_and_parse_weather_data' AIRFLOW_CTX_TASK_ID='fetch_and_save_weather_data' AIRFLOW_CTX_EXECUTION_DATE='2024-04-12T08:00:00+00:00' AIRFLOW_CTX_TRY_NUMBER='1' AIRFLOW_CTX_DAG_RUN_ID='scheduled__2024-04-12T08:00:00+00:00'
[2024-04-15T02:00:41.647+0000] {taskinstance.py:430} INFO - ::endgroup::
[2024-04-15T02:00:43.718+0000] {taskinstance.py:441} INFO - ::group::Post task execution logs
[2024-04-15T02:00:43.719+0000] {taskinstance.py:2890} ERROR - Task failed with exception
Traceback (most recent call last):
  File "/home/airflow/.local/lib/python3.12/site-packages/airflow/models/taskinstance.py", line 465, in _execute_task
    result = _execute_callable(context=context, **execute_callable_kwargs)
             ^^^^^^^^^^^^^^^^^^^^^^^^^^^^^^^^^^^^^^^^^^^^^^^^^^^^^^^^^^^^^
  File "/home/airflow/.local/lib/python3.12/site-packages/airflow/models/taskinstance.py", line 432, in _execute_callable
    return execute_callable(context=context, **execute_callable_kwargs)
           ^^^^^^^^^^^^^^^^^^^^^^^^^^^^^^^^^^^^^^^^^^^^^^^^^^^^^^^^^^^^
  File "/home/airflow/.local/lib/python3.12/site-packages/airflow/models/baseoperator.py", line 400, in wrapper
    return func(self, *args, **kwargs)
           ^^^^^^^^^^^^^^^^^^^^^^^^^^^
  File "/home/airflow/.local/lib/python3.12/site-packages/airflow/operators/python.py", line 235, in execute
    return_value = self.execute_callable()
                   ^^^^^^^^^^^^^^^^^^^^^^^
  File "/home/airflow/.local/lib/python3.12/site-packages/airflow/operators/python.py", line 252, in execute_callable
    return self.python_callable(*self.op_args, **self.op_kwargs)
           ^^^^^^^^^^^^^^^^^^^^^^^^^^^^^^^^^^^^^^^^^^^^^^^^^^^^^
  File "/opt/airflow/dags/json_dag.py", line 24, in fetch_and_save_weather_data
    with open('C://Users/YtkaB/AppData/Roaming/JetBrains/PyCharm2024.1/scratches/output.json', 'w') as f:
         ^^^^^^^^^^^^^^^^^^^^^^^^^^^^^^^^^^^^^^^^^^^^^^^^^^^^^^^^^^^^^^^^^^^^^^^^^^^^^^^^^^^^^^^^^^
FileNotFoundError: [Errno 2] No such file or directory: 'C://Users/YtkaB/AppData/Roaming/JetBrains/PyCharm2024.1/scratches/output.json'
[2024-04-15T02:00:43.730+0000] {taskinstance.py:1205} INFO - Marking task as UP_FOR_RETRY. dag_id=fetch_and_parse_weather_data, task_id=fetch_and_save_weather_data, execution_date=20240412T080000, start_date=20240415T020041, end_date=20240415T020043
[2024-04-15T02:00:43.741+0000] {standard_task_runner.py:110} ERROR - Failed to execute job 15 for task fetch_and_save_weather_data ([Errno 2] No such file or directory: 'C://Users/YtkaB/AppData/Roaming/JetBrains/PyCharm2024.1/scratches/output.json'; 147)
[2024-04-15T02:00:43.751+0000] {local_task_job_runner.py:240} INFO - Task exited with return code 1
[2024-04-15T02:00:43.765+0000] {taskinstance.py:3482} INFO - 0 downstream tasks scheduled from follow-on schedule check
[2024-04-15T02:00:43.767+0000] {local_task_job_runner.py:222} INFO - ::endgroup::
[2024-04-16T01:25:53.532+0000] {local_task_job_runner.py:120} INFO - ::group::Pre task execution logs
[2024-04-16T01:25:53.628+0000] {taskinstance.py:2073} INFO - Dependencies all met for dep_context=non-requeueable deps ti=<TaskInstance: fetch_and_parse_weather_data.fetch_and_save_weather_data scheduled__2024-04-12T08:00:00+00:00 [queued]>
[2024-04-16T01:25:53.648+0000] {taskinstance.py:2073} INFO - Dependencies all met for dep_context=requeueable deps ti=<TaskInstance: fetch_and_parse_weather_data.fetch_and_save_weather_data scheduled__2024-04-12T08:00:00+00:00 [queued]>
[2024-04-16T01:25:53.656+0000] {taskinstance.py:2303} INFO - Starting attempt 1 of 2
[2024-04-16T01:25:53.711+0000] {taskinstance.py:2327} INFO - Executing <Task(PythonOperator): fetch_and_save_weather_data> on 2024-04-12 08:00:00+00:00
[2024-04-16T01:25:53.738+0000] {warnings.py:110} WARNING - /home/***/.local/lib/python3.12/site-packages/***/task/task_runner/standard_task_runner.py:61: DeprecationWarning: This process (pid=96) is multi-threaded, use of fork() may lead to deadlocks in the child.
  pid = os.fork()

[2024-04-16T01:25:53.763+0000] {standard_task_runner.py:63} INFO - Started process 119 to run task
[2024-04-16T01:25:53.766+0000] {standard_task_runner.py:90} INFO - Running: ['***', 'tasks', 'run', 'fetch_and_parse_weather_data', 'fetch_and_save_weather_data', 'scheduled__2024-04-12T08:00:00+00:00', '--job-id', '5', '--raw', '--subdir', 'DAGS_FOLDER/json_dag.py', '--cfg-path', '/tmp/tmp7gkqo66t']
[2024-04-16T01:25:53.787+0000] {standard_task_runner.py:91} INFO - Job 5: Subtask fetch_and_save_weather_data
[2024-04-16T01:25:54.075+0000] {task_command.py:426} INFO - Running <TaskInstance: fetch_and_parse_weather_data.fetch_and_save_weather_data scheduled__2024-04-12T08:00:00+00:00 [running]> on host e8691f41e037
[2024-04-16T01:25:54.760+0000] {taskinstance.py:2644} INFO - Exporting env vars: AIRFLOW_CTX_DAG_OWNER='***' AIRFLOW_CTX_DAG_ID='fetch_and_parse_weather_data' AIRFLOW_CTX_TASK_ID='fetch_and_save_weather_data' AIRFLOW_CTX_EXECUTION_DATE='2024-04-12T08:00:00+00:00' AIRFLOW_CTX_TRY_NUMBER='1' AIRFLOW_CTX_DAG_RUN_ID='scheduled__2024-04-12T08:00:00+00:00'
[2024-04-16T01:25:54.774+0000] {taskinstance.py:430} INFO - ::endgroup::
[2024-04-16T01:25:57.071+0000] {logging_mixin.py:188} INFO - Data has been successfully saved to the JSON file
[2024-04-16T01:25:57.072+0000] {python.py:237} INFO - Done. Returned value was: None
[2024-04-16T01:25:57.073+0000] {taskinstance.py:441} INFO - ::group::Post task execution logs
[2024-04-16T01:25:57.086+0000] {taskinstance.py:1205} INFO - Marking task as SUCCESS. dag_id=fetch_and_parse_weather_data, task_id=fetch_and_save_weather_data, execution_date=20240412T080000, start_date=20240416T012553, end_date=20240416T012557
[2024-04-16T01:25:57.153+0000] {local_task_job_runner.py:240} INFO - Task exited with return code 0
[2024-04-16T01:25:57.173+0000] {taskinstance.py:3482} INFO - 0 downstream tasks scheduled from follow-on schedule check
[2024-04-16T01:25:57.175+0000] {local_task_job_runner.py:222} INFO - ::endgroup::
