[2024-05-03T02:11:48.728+0000] {local_task_job_runner.py:120} INFO - ::group::Pre task execution logs
[2024-05-03T02:11:48.766+0000] {taskinstance.py:2073} INFO - Dependencies all met for dep_context=non-requeueable deps ti=<TaskInstance: fetch_and_parse_weather_data.fetch_and_save_weather_data scheduled__2024-04-28T05:00:00+00:00 [queued]>
[2024-05-03T02:11:48.780+0000] {taskinstance.py:2073} INFO - Dependencies all met for dep_context=requeueable deps ti=<TaskInstance: fetch_and_parse_weather_data.fetch_and_save_weather_data scheduled__2024-04-28T05:00:00+00:00 [queued]>
[2024-05-03T02:11:48.781+0000] {taskinstance.py:2303} INFO - Starting attempt 1 of 2
[2024-05-03T02:11:48.805+0000] {taskinstance.py:2327} INFO - Executing <Task(PythonOperator): fetch_and_save_weather_data> on 2024-04-28 05:00:00+00:00
[2024-05-03T02:11:48.814+0000] {warnings.py:110} WARNING - /home/***/.local/lib/python3.12/site-packages/***/task/task_runner/standard_task_runner.py:61: DeprecationWarning: This process (pid=952) is multi-threaded, use of fork() may lead to deadlocks in the child.
  pid = os.fork()

[2024-05-03T02:11:48.817+0000] {standard_task_runner.py:63} INFO - Started process 972 to run task
[2024-05-03T02:11:48.817+0000] {standard_task_runner.py:90} INFO - Running: ['***', 'tasks', 'run', 'fetch_and_parse_weather_data', 'fetch_and_save_weather_data', 'scheduled__2024-04-28T05:00:00+00:00', '--job-id', '410', '--raw', '--subdir', 'DAGS_FOLDER/json_dag.py', '--cfg-path', '/tmp/tmp73nvknju']
[2024-05-03T02:11:48.820+0000] {standard_task_runner.py:91} INFO - Job 410: Subtask fetch_and_save_weather_data
[2024-05-03T02:11:48.880+0000] {task_command.py:426} INFO - Running <TaskInstance: fetch_and_parse_weather_data.fetch_and_save_weather_data scheduled__2024-04-28T05:00:00+00:00 [running]> on host e8691f41e037
[2024-05-03T02:11:49.019+0000] {taskinstance.py:2644} INFO - Exporting env vars: AIRFLOW_CTX_DAG_OWNER='***' AIRFLOW_CTX_DAG_ID='fetch_and_parse_weather_data' AIRFLOW_CTX_TASK_ID='fetch_and_save_weather_data' AIRFLOW_CTX_EXECUTION_DATE='2024-04-28T05:00:00+00:00' AIRFLOW_CTX_TRY_NUMBER='1' AIRFLOW_CTX_DAG_RUN_ID='scheduled__2024-04-28T05:00:00+00:00'
[2024-05-03T02:11:49.022+0000] {taskinstance.py:430} INFO - ::endgroup::
[2024-05-03T02:11:56.015+0000] {logging_mixin.py:188} INFO - Data has been successfully saved to the JSON file
[2024-05-03T02:11:56.016+0000] {python.py:237} INFO - Done. Returned value was: None
[2024-05-03T02:11:56.017+0000] {taskinstance.py:441} INFO - ::group::Post task execution logs
[2024-05-03T02:11:56.030+0000] {taskinstance.py:1205} INFO - Marking task as SUCCESS. dag_id=fetch_and_parse_weather_data, task_id=fetch_and_save_weather_data, execution_date=20240428T050000, start_date=20240503T021148, end_date=20240503T021156
[2024-05-03T02:11:56.086+0000] {local_task_job_runner.py:240} INFO - Task exited with return code 0
[2024-05-03T02:11:56.102+0000] {taskinstance.py:3482} INFO - 0 downstream tasks scheduled from follow-on schedule check
[2024-05-03T02:11:56.104+0000] {local_task_job_runner.py:222} INFO - ::endgroup::
