[2024-05-26T00:48:08.027+0000] {local_task_job_runner.py:120} INFO - ::group::Pre task execution logs
[2024-05-26T00:48:08.082+0000] {taskinstance.py:2073} INFO - Dependencies all met for dep_context=non-requeueable deps ti=<TaskInstance: fetch_parse_store_report_forecast_weather_data.fetch_and_save_weather_data scheduled__2024-05-09T03:00:00+00:00 [queued]>
[2024-05-26T00:48:08.103+0000] {taskinstance.py:2073} INFO - Dependencies all met for dep_context=requeueable deps ti=<TaskInstance: fetch_parse_store_report_forecast_weather_data.fetch_and_save_weather_data scheduled__2024-05-09T03:00:00+00:00 [queued]>
[2024-05-26T00:48:08.105+0000] {taskinstance.py:2303} INFO - Starting attempt 1 of 2
[2024-05-26T00:48:08.140+0000] {taskinstance.py:2327} INFO - Executing <Task(PythonOperator): fetch_and_save_weather_data> on 2024-05-09 03:00:00+00:00
[2024-05-26T00:48:08.160+0000] {warnings.py:110} WARNING - /home/***/.local/lib/python3.12/site-packages/***/task/task_runner/standard_task_runner.py:61: DeprecationWarning: This process (pid=13734) is multi-threaded, use of fork() may lead to deadlocks in the child.
  pid = os.fork()

[2024-05-26T00:48:08.162+0000] {standard_task_runner.py:63} INFO - Started process 13881 to run task
[2024-05-26T00:48:08.163+0000] {standard_task_runner.py:90} INFO - Running: ['***', 'tasks', 'run', 'fetch_parse_store_report_forecast_weather_data', 'fetch_and_save_weather_data', 'scheduled__2024-05-09T03:00:00+00:00', '--job-id', '8992', '--raw', '--subdir', 'DAGS_FOLDER/cris.py', '--cfg-path', '/tmp/tmptrh822v5']
[2024-05-26T00:48:08.169+0000] {standard_task_runner.py:91} INFO - Job 8992: Subtask fetch_and_save_weather_data
[2024-05-26T00:48:08.252+0000] {task_command.py:426} INFO - Running <TaskInstance: fetch_parse_store_report_forecast_weather_data.fetch_and_save_weather_data scheduled__2024-05-09T03:00:00+00:00 [running]> on host b151419bfa2a
[2024-05-26T00:48:08.401+0000] {taskinstance.py:2644} INFO - Exporting env vars: AIRFLOW_CTX_DAG_OWNER='***' AIRFLOW_CTX_DAG_ID='fetch_parse_store_report_forecast_weather_data' AIRFLOW_CTX_TASK_ID='fetch_and_save_weather_data' AIRFLOW_CTX_EXECUTION_DATE='2024-05-09T03:00:00+00:00' AIRFLOW_CTX_TRY_NUMBER='1' AIRFLOW_CTX_DAG_RUN_ID='scheduled__2024-05-09T03:00:00+00:00'
[2024-05-26T00:48:08.404+0000] {taskinstance.py:430} INFO - ::endgroup::
[2024-05-26T00:48:12.442+0000] {logging_mixin.py:188} INFO - Data has been successfully saved to the JSON file
[2024-05-26T00:48:12.443+0000] {python.py:237} INFO - Done. Returned value was: None
[2024-05-26T00:48:12.444+0000] {taskinstance.py:441} INFO - ::group::Post task execution logs
[2024-05-26T00:48:12.458+0000] {taskinstance.py:1205} INFO - Marking task as SUCCESS. dag_id=fetch_parse_store_report_forecast_weather_data, task_id=fetch_and_save_weather_data, execution_date=20240509T030000, start_date=20240526T004808, end_date=20240526T004812
[2024-05-26T00:48:12.511+0000] {local_task_job_runner.py:240} INFO - Task exited with return code 0
[2024-05-26T00:48:12.845+0000] {taskinstance.py:3482} INFO - 0 downstream tasks scheduled from follow-on schedule check
[2024-05-26T00:48:12.849+0000] {local_task_job_runner.py:222} INFO - ::endgroup::
