[2024-05-26T13:09:28.422+0000] {local_task_job_runner.py:120} INFO - ::group::Pre task execution logs
[2024-05-26T13:09:28.453+0000] {taskinstance.py:2073} INFO - Dependencies all met for dep_context=non-requeueable deps ti=<TaskInstance: fetch_parse_store_report_forecast_weather_data.fetch_and_save_weather_data scheduled__2024-05-10T15:00:00+00:00 [queued]>
[2024-05-26T13:09:28.464+0000] {taskinstance.py:2073} INFO - Dependencies all met for dep_context=requeueable deps ti=<TaskInstance: fetch_parse_store_report_forecast_weather_data.fetch_and_save_weather_data scheduled__2024-05-10T15:00:00+00:00 [queued]>
[2024-05-26T13:09:28.465+0000] {taskinstance.py:2303} INFO - Starting attempt 1 of 2
[2024-05-26T13:09:28.483+0000] {taskinstance.py:2327} INFO - Executing <Task(PythonOperator): fetch_and_save_weather_data> on 2024-05-10 15:00:00+00:00
[2024-05-26T13:09:28.499+0000] {warnings.py:110} WARNING - /home/***/.local/lib/python3.12/site-packages/***/task/task_runner/standard_task_runner.py:61: DeprecationWarning: This process (pid=16528) is multi-threaded, use of fork() may lead to deadlocks in the child.
  pid = os.fork()

[2024-05-26T13:09:28.501+0000] {standard_task_runner.py:63} INFO - Started process 16612 to run task
[2024-05-26T13:09:28.501+0000] {standard_task_runner.py:90} INFO - Running: ['***', 'tasks', 'run', 'fetch_parse_store_report_forecast_weather_data', 'fetch_and_save_weather_data', 'scheduled__2024-05-10T15:00:00+00:00', '--job-id', '9169', '--raw', '--subdir', 'DAGS_FOLDER/cris.py', '--cfg-path', '/tmp/tmpt5o6l4g4']
[2024-05-26T13:09:28.502+0000] {standard_task_runner.py:91} INFO - Job 9169: Subtask fetch_and_save_weather_data
[2024-05-26T13:09:28.557+0000] {task_command.py:426} INFO - Running <TaskInstance: fetch_parse_store_report_forecast_weather_data.fetch_and_save_weather_data scheduled__2024-05-10T15:00:00+00:00 [running]> on host b151419bfa2a
[2024-05-26T13:09:28.645+0000] {taskinstance.py:2644} INFO - Exporting env vars: AIRFLOW_CTX_DAG_OWNER='***' AIRFLOW_CTX_DAG_ID='fetch_parse_store_report_forecast_weather_data' AIRFLOW_CTX_TASK_ID='fetch_and_save_weather_data' AIRFLOW_CTX_EXECUTION_DATE='2024-05-10T15:00:00+00:00' AIRFLOW_CTX_TRY_NUMBER='1' AIRFLOW_CTX_DAG_RUN_ID='scheduled__2024-05-10T15:00:00+00:00'
[2024-05-26T13:09:28.647+0000] {taskinstance.py:430} INFO - ::endgroup::
[2024-05-26T13:09:29.718+0000] {logging_mixin.py:188} INFO - Data has been successfully saved to the JSON file
[2024-05-26T13:09:29.719+0000] {python.py:237} INFO - Done. Returned value was: None
[2024-05-26T13:09:29.720+0000] {taskinstance.py:441} INFO - ::group::Post task execution logs
[2024-05-26T13:09:29.731+0000] {taskinstance.py:1205} INFO - Marking task as SUCCESS. dag_id=fetch_parse_store_report_forecast_weather_data, task_id=fetch_and_save_weather_data, execution_date=20240510T150000, start_date=20240526T130928, end_date=20240526T130929
[2024-05-26T13:09:29.800+0000] {local_task_job_runner.py:240} INFO - Task exited with return code 0
[2024-05-26T13:09:29.846+0000] {taskinstance.py:3482} INFO - 1 downstream tasks scheduled from follow-on schedule check
[2024-05-26T13:09:29.850+0000] {local_task_job_runner.py:222} INFO - ::endgroup::
