[2024-05-27T08:07:59.852+0000] {local_task_job_runner.py:120} INFO - ::group::Pre task execution logs
[2024-05-27T08:07:59.929+0000] {taskinstance.py:2073} INFO - Dependencies all met for dep_context=non-requeueable deps ti=<TaskInstance: fetch_parse_store_report_weather_data.generate_report scheduled__2024-05-18T09:00:00+00:00 [queued]>
[2024-05-27T08:07:59.955+0000] {taskinstance.py:2073} INFO - Dependencies all met for dep_context=requeueable deps ti=<TaskInstance: fetch_parse_store_report_weather_data.generate_report scheduled__2024-05-18T09:00:00+00:00 [queued]>
[2024-05-27T08:07:59.957+0000] {taskinstance.py:2303} INFO - Starting attempt 1 of 2
[2024-05-27T08:08:00.019+0000] {taskinstance.py:2327} INFO - Executing <Task(PythonOperator): generate_report> on 2024-05-18 09:00:00+00:00
[2024-05-27T08:08:00.084+0000] {warnings.py:110} WARNING - /home/***/.local/lib/python3.12/site-packages/***/task/task_runner/standard_task_runner.py:61: DeprecationWarning: This process (pid=13089) is multi-threaded, use of fork() may lead to deadlocks in the child.
  pid = os.fork()

[2024-05-27T08:08:00.157+0000] {standard_task_runner.py:63} INFO - Started process 13295 to run task
[2024-05-27T08:08:00.232+0000] {standard_task_runner.py:90} INFO - Running: ['***', 'tasks', 'run', 'fetch_parse_store_report_weather_data', 'generate_report', 'scheduled__2024-05-18T09:00:00+00:00', '--job-id', '11694', '--raw', '--subdir', 'DAGS_FOLDER/cris.py', '--cfg-path', '/tmp/tmp7m1zqy99']
[2024-05-27T08:08:00.259+0000] {standard_task_runner.py:91} INFO - Job 11694: Subtask generate_report
[2024-05-27T08:08:10.388+0000] {cli_action_loggers.py:137} WARNING - Failed to log action (psycopg2.OperationalError) could not translate host name "postgres" to address: Temporary failure in name resolution

(Background on this error at: https://sqlalche.me/e/14/e3q8)
[2024-05-27T08:08:12.783+0000] {task_command.py:426} INFO - Running <TaskInstance: fetch_parse_store_report_weather_data.generate_report scheduled__2024-05-18T09:00:00+00:00 [running]> on host b151419bfa2a
[2024-05-27T08:08:13.396+0000] {taskinstance.py:2644} INFO - Exporting env vars: AIRFLOW_CTX_DAG_OWNER='***' AIRFLOW_CTX_DAG_ID='fetch_parse_store_report_weather_data' AIRFLOW_CTX_TASK_ID='generate_report' AIRFLOW_CTX_EXECUTION_DATE='2024-05-18T09:00:00+00:00' AIRFLOW_CTX_TRY_NUMBER='1' AIRFLOW_CTX_DAG_RUN_ID='scheduled__2024-05-18T09:00:00+00:00'
[2024-05-27T08:08:13.399+0000] {taskinstance.py:430} INFO - ::endgroup::
[2024-05-27T08:08:13.416+0000] {base.py:84} INFO - Using connection ID 'postgres_default' for task execution.
[2024-05-27T08:08:13.422+0000] {logging_mixin.py:188} INFO - Error connecting to the database or fetching data: connection to server at "postgres" (172.21.0.4), port 5432 failed: FATAL:  database "weather_data" does not exist
[2024-05-27T08:08:13.423+0000] {python.py:237} INFO - Done. Returned value was: None
[2024-05-27T08:08:13.424+0000] {taskinstance.py:441} INFO - ::group::Post task execution logs
[2024-05-27T08:08:13.439+0000] {taskinstance.py:1205} INFO - Marking task as SUCCESS. dag_id=fetch_parse_store_report_weather_data, task_id=generate_report, execution_date=20240518T090000, start_date=20240527T080759, end_date=20240527T080813
[2024-05-27T08:08:13.531+0000] {local_task_job_runner.py:240} INFO - Task exited with return code 0
[2024-05-27T08:08:13.561+0000] {taskinstance.py:3482} INFO - 1 downstream tasks scheduled from follow-on schedule check
[2024-05-27T08:08:13.564+0000] {local_task_job_runner.py:222} INFO - ::endgroup::
