[2024-05-19T13:09:25.600+0000] {local_task_job_runner.py:120} INFO - ::group::Pre task execution logs
[2024-05-19T13:09:25.631+0000] {taskinstance.py:2073} INFO - Dependencies all met for dep_context=non-requeueable deps ti=<TaskInstance: fetch_parse_store_report_weather_data.generate_report scheduled__2024-05-07T04:00:00+00:00 [queued]>
[2024-05-19T13:09:25.642+0000] {taskinstance.py:2073} INFO - Dependencies all met for dep_context=requeueable deps ti=<TaskInstance: fetch_parse_store_report_weather_data.generate_report scheduled__2024-05-07T04:00:00+00:00 [queued]>
[2024-05-19T13:09:25.643+0000] {taskinstance.py:2303} INFO - Starting attempt 1 of 2
[2024-05-19T13:09:25.665+0000] {taskinstance.py:2327} INFO - Executing <Task(PythonOperator): generate_report> on 2024-05-07 04:00:00+00:00
[2024-05-19T13:09:25.677+0000] {warnings.py:110} WARNING - /home/***/.local/lib/python3.12/site-packages/***/task/task_runner/standard_task_runner.py:61: DeprecationWarning: This process (pid=2449) is multi-threaded, use of fork() may lead to deadlocks in the child.
  pid = os.fork()

[2024-05-19T13:09:25.680+0000] {standard_task_runner.py:63} INFO - Started process 2457 to run task
[2024-05-19T13:09:25.679+0000] {standard_task_runner.py:90} INFO - Running: ['***', 'tasks', 'run', 'fetch_parse_store_report_weather_data', 'generate_report', 'scheduled__2024-05-07T04:00:00+00:00', '--job-id', '5843', '--raw', '--subdir', 'DAGS_FOLDER/cris.py', '--cfg-path', '/tmp/tmpfy4fp54m']
[2024-05-19T13:09:25.681+0000] {standard_task_runner.py:91} INFO - Job 5843: Subtask generate_report
[2024-05-19T13:09:25.739+0000] {task_command.py:426} INFO - Running <TaskInstance: fetch_parse_store_report_weather_data.generate_report scheduled__2024-05-07T04:00:00+00:00 [running]> on host d2eb9883ca8d
[2024-05-19T13:09:26.110+0000] {taskinstance.py:2644} INFO - Exporting env vars: AIRFLOW_CTX_DAG_OWNER='***' AIRFLOW_CTX_DAG_ID='fetch_parse_store_report_weather_data' AIRFLOW_CTX_TASK_ID='generate_report' AIRFLOW_CTX_EXECUTION_DATE='2024-05-07T04:00:00+00:00' AIRFLOW_CTX_TRY_NUMBER='1' AIRFLOW_CTX_DAG_RUN_ID='scheduled__2024-05-07T04:00:00+00:00'
[2024-05-19T13:09:26.112+0000] {taskinstance.py:430} INFO - ::endgroup::
[2024-05-19T13:09:26.127+0000] {base.py:84} INFO - Using connection ID 'postgres_default' for task execution.
[2024-05-19T13:09:26.131+0000] {logging_mixin.py:188} INFO - Error connecting to the database or fetching data: connection to server at "postgres" (172.18.0.5), port 5432 failed: FATAL:  database "weather_data" does not exist
[2024-05-19T13:09:26.133+0000] {python.py:237} INFO - Done. Returned value was: None
[2024-05-19T13:09:26.134+0000] {taskinstance.py:441} INFO - ::group::Post task execution logs
[2024-05-19T13:09:26.153+0000] {taskinstance.py:1205} INFO - Marking task as SUCCESS. dag_id=fetch_parse_store_report_weather_data, task_id=generate_report, execution_date=20240507T040000, start_date=20240519T130925, end_date=20240519T130926
[2024-05-19T13:09:26.217+0000] {local_task_job_runner.py:240} INFO - Task exited with return code 0
[2024-05-19T13:09:26.250+0000] {taskinstance.py:3482} INFO - 1 downstream tasks scheduled from follow-on schedule check
[2024-05-19T13:09:26.253+0000] {local_task_job_runner.py:222} INFO - ::endgroup::
