[2024-05-25T13:17:13.539+0000] {local_task_job_runner.py:120} INFO - ::group::Pre task execution logs
[2024-05-25T13:17:13.562+0000] {taskinstance.py:2073} INFO - Dependencies all met for dep_context=non-requeueable deps ti=<TaskInstance: fetch_parse_store_report_forecast_weather_data.fetch_and_save_weather_data scheduled__2024-05-03T12:00:00+00:00 [queued]>
[2024-05-25T13:17:13.570+0000] {taskinstance.py:2073} INFO - Dependencies all met for dep_context=requeueable deps ti=<TaskInstance: fetch_parse_store_report_forecast_weather_data.fetch_and_save_weather_data scheduled__2024-05-03T12:00:00+00:00 [queued]>
[2024-05-25T13:17:13.571+0000] {taskinstance.py:2303} INFO - Starting attempt 1 of 2
[2024-05-25T13:17:13.584+0000] {taskinstance.py:2327} INFO - Executing <Task(PythonOperator): fetch_and_save_weather_data> on 2024-05-03 12:00:00+00:00
[2024-05-25T13:17:13.597+0000] {warnings.py:110} WARNING - /home/***/.local/lib/python3.12/site-packages/***/task/task_runner/standard_task_runner.py:61: DeprecationWarning: This process (pid=5264) is multi-threaded, use of fork() may lead to deadlocks in the child.
  pid = os.fork()

[2024-05-25T13:17:13.599+0000] {standard_task_runner.py:63} INFO - Started process 5306 to run task
[2024-05-25T13:17:13.599+0000] {standard_task_runner.py:90} INFO - Running: ['***', 'tasks', 'run', 'fetch_parse_store_report_forecast_weather_data', 'fetch_and_save_weather_data', 'scheduled__2024-05-03T12:00:00+00:00', '--job-id', '8449', '--raw', '--subdir', 'DAGS_FOLDER/cris.py', '--cfg-path', '/tmp/tmpinquk3gq']
[2024-05-25T13:17:13.600+0000] {standard_task_runner.py:91} INFO - Job 8449: Subtask fetch_and_save_weather_data
[2024-05-25T13:17:13.643+0000] {task_command.py:426} INFO - Running <TaskInstance: fetch_parse_store_report_forecast_weather_data.fetch_and_save_weather_data scheduled__2024-05-03T12:00:00+00:00 [running]> on host b151419bfa2a
[2024-05-25T13:17:13.732+0000] {taskinstance.py:2644} INFO - Exporting env vars: AIRFLOW_CTX_DAG_OWNER='***' AIRFLOW_CTX_DAG_ID='fetch_parse_store_report_forecast_weather_data' AIRFLOW_CTX_TASK_ID='fetch_and_save_weather_data' AIRFLOW_CTX_EXECUTION_DATE='2024-05-03T12:00:00+00:00' AIRFLOW_CTX_TRY_NUMBER='1' AIRFLOW_CTX_DAG_RUN_ID='scheduled__2024-05-03T12:00:00+00:00'
[2024-05-25T13:17:13.733+0000] {taskinstance.py:430} INFO - ::endgroup::
[2024-05-25T13:17:14.884+0000] {logging_mixin.py:188} INFO - Data has been successfully saved to the JSON file
[2024-05-25T13:17:14.885+0000] {python.py:237} INFO - Done. Returned value was: None
[2024-05-25T13:17:14.885+0000] {taskinstance.py:441} INFO - ::group::Post task execution logs
[2024-05-25T13:17:14.895+0000] {taskinstance.py:1205} INFO - Marking task as SUCCESS. dag_id=fetch_parse_store_report_forecast_weather_data, task_id=fetch_and_save_weather_data, execution_date=20240503T120000, start_date=20240525T131713, end_date=20240525T131714
[2024-05-25T13:17:14.937+0000] {local_task_job_runner.py:240} INFO - Task exited with return code 0
[2024-05-25T13:17:14.965+0000] {taskinstance.py:3482} INFO - 1 downstream tasks scheduled from follow-on schedule check
[2024-05-25T13:17:14.968+0000] {local_task_job_runner.py:222} INFO - ::endgroup::
