[2024-05-19T11:10:44.204+0000] {local_task_job_runner.py:120} INFO - ::group::Pre task execution logs
[2024-05-19T11:10:44.289+0000] {taskinstance.py:2073} INFO - Dependencies all met for dep_context=non-requeueable deps ti=<TaskInstance: fetch_parse_store_report_weather_data.generate_report scheduled__2024-04-24T14:00:00+00:00 [queued]>
[2024-05-19T11:10:44.333+0000] {taskinstance.py:2073} INFO - Dependencies all met for dep_context=requeueable deps ti=<TaskInstance: fetch_parse_store_report_weather_data.generate_report scheduled__2024-04-24T14:00:00+00:00 [queued]>
[2024-05-19T11:10:44.339+0000] {taskinstance.py:2303} INFO - Starting attempt 1 of 2
[2024-05-19T11:10:44.395+0000] {taskinstance.py:2327} INFO - Executing <Task(PythonOperator): generate_report> on 2024-04-24 14:00:00+00:00
[2024-05-19T11:10:44.418+0000] {warnings.py:110} WARNING - /home/***/.local/lib/python3.12/site-packages/***/task/task_runner/standard_task_runner.py:61: DeprecationWarning: This process (pid=284) is multi-threaded, use of fork() may lead to deadlocks in the child.
  pid = os.fork()

[2024-05-19T11:10:44.421+0000] {standard_task_runner.py:63} INFO - Started process 314 to run task
[2024-05-19T11:10:44.425+0000] {standard_task_runner.py:90} INFO - Running: ['***', 'tasks', 'run', 'fetch_parse_store_report_weather_data', 'generate_report', 'scheduled__2024-04-24T14:00:00+00:00', '--job-id', '4315', '--raw', '--subdir', 'DAGS_FOLDER/cris.py', '--cfg-path', '/tmp/tmp525o9u4r']
[2024-05-19T11:10:44.428+0000] {standard_task_runner.py:91} INFO - Job 4315: Subtask generate_report
[2024-05-19T11:10:44.620+0000] {task_command.py:426} INFO - Running <TaskInstance: fetch_parse_store_report_weather_data.generate_report scheduled__2024-04-24T14:00:00+00:00 [running]> on host d2eb9883ca8d
[2024-05-19T11:10:45.403+0000] {taskinstance.py:2644} INFO - Exporting env vars: AIRFLOW_CTX_DAG_OWNER='***' AIRFLOW_CTX_DAG_ID='fetch_parse_store_report_weather_data' AIRFLOW_CTX_TASK_ID='generate_report' AIRFLOW_CTX_EXECUTION_DATE='2024-04-24T14:00:00+00:00' AIRFLOW_CTX_TRY_NUMBER='1' AIRFLOW_CTX_DAG_RUN_ID='scheduled__2024-04-24T14:00:00+00:00'
[2024-05-19T11:10:45.405+0000] {taskinstance.py:430} INFO - ::endgroup::
[2024-05-19T11:10:45.424+0000] {base.py:84} INFO - Using connection ID 'postgres_default' for task execution.
[2024-05-19T11:10:45.433+0000] {logging_mixin.py:188} INFO - Error connecting to the database or fetching data: connection to server at "postgres" (172.18.0.5), port 5432 failed: FATAL:  database "weather_data" does not exist
[2024-05-19T11:10:45.436+0000] {python.py:237} INFO - Done. Returned value was: None
[2024-05-19T11:10:45.437+0000] {taskinstance.py:441} INFO - ::group::Post task execution logs
[2024-05-19T11:10:45.458+0000] {taskinstance.py:1205} INFO - Marking task as SUCCESS. dag_id=fetch_parse_store_report_weather_data, task_id=generate_report, execution_date=20240424T140000, start_date=20240519T111044, end_date=20240519T111045
[2024-05-19T11:10:45.560+0000] {local_task_job_runner.py:240} INFO - Task exited with return code 0
[2024-05-19T11:10:45.660+0000] {taskinstance.py:3482} INFO - 1 downstream tasks scheduled from follow-on schedule check
[2024-05-19T11:10:45.670+0000] {local_task_job_runner.py:222} INFO - ::endgroup::
