[2024-05-19T11:10:02.497+0000] {local_task_job_runner.py:120} INFO - ::group::Pre task execution logs
[2024-05-19T11:10:02.578+0000] {taskinstance.py:2073} INFO - Dependencies all met for dep_context=non-requeueable deps ti=<TaskInstance: fetch_and_parse_weather_data.fetch_and_save_weather_data scheduled__2024-05-18T23:00:00+00:00 [queued]>
[2024-05-19T11:10:02.597+0000] {taskinstance.py:2073} INFO - Dependencies all met for dep_context=requeueable deps ti=<TaskInstance: fetch_and_parse_weather_data.fetch_and_save_weather_data scheduled__2024-05-18T23:00:00+00:00 [queued]>
[2024-05-19T11:10:02.598+0000] {taskinstance.py:2303} INFO - Starting attempt 1 of 2
[2024-05-19T11:10:02.652+0000] {taskinstance.py:2327} INFO - Executing <Task(PythonOperator): fetch_and_save_weather_data> on 2024-05-18 23:00:00+00:00
[2024-05-19T11:10:02.671+0000] {warnings.py:110} WARNING - /home/***/.local/lib/python3.12/site-packages/***/task/task_runner/standard_task_runner.py:61: DeprecationWarning: This process (pid=119) is multi-threaded, use of fork() may lead to deadlocks in the child.
  pid = os.fork()

[2024-05-19T11:10:02.677+0000] {standard_task_runner.py:63} INFO - Started process 146 to run task
[2024-05-19T11:10:02.672+0000] {standard_task_runner.py:90} INFO - Running: ['***', 'tasks', 'run', 'fetch_and_parse_weather_data', 'fetch_and_save_weather_data', 'scheduled__2024-05-18T23:00:00+00:00', '--job-id', '4263', '--raw', '--subdir', 'DAGS_FOLDER/json_dag.py', '--cfg-path', '/tmp/tmppcxaloh_']
[2024-05-19T11:10:02.688+0000] {standard_task_runner.py:91} INFO - Job 4263: Subtask fetch_and_save_weather_data
[2024-05-19T11:10:02.871+0000] {task_command.py:426} INFO - Running <TaskInstance: fetch_and_parse_weather_data.fetch_and_save_weather_data scheduled__2024-05-18T23:00:00+00:00 [running]> on host d2eb9883ca8d
[2024-05-19T11:10:03.172+0000] {taskinstance.py:2644} INFO - Exporting env vars: AIRFLOW_CTX_DAG_OWNER='***' AIRFLOW_CTX_DAG_ID='fetch_and_parse_weather_data' AIRFLOW_CTX_TASK_ID='fetch_and_save_weather_data' AIRFLOW_CTX_EXECUTION_DATE='2024-05-18T23:00:00+00:00' AIRFLOW_CTX_TRY_NUMBER='1' AIRFLOW_CTX_DAG_RUN_ID='scheduled__2024-05-18T23:00:00+00:00'
[2024-05-19T11:10:03.176+0000] {taskinstance.py:430} INFO - ::endgroup::
[2024-05-19T11:10:11.317+0000] {logging_mixin.py:188} INFO - Data has been successfully saved to the JSON file
[2024-05-19T11:10:11.319+0000] {python.py:237} INFO - Done. Returned value was: None
[2024-05-19T11:10:11.320+0000] {taskinstance.py:441} INFO - ::group::Post task execution logs
[2024-05-19T11:10:11.331+0000] {taskinstance.py:1205} INFO - Marking task as SUCCESS. dag_id=fetch_and_parse_weather_data, task_id=fetch_and_save_weather_data, execution_date=20240518T230000, start_date=20240519T111002, end_date=20240519T111011
[2024-05-19T11:10:11.390+0000] {local_task_job_runner.py:240} INFO - Task exited with return code 0
[2024-05-19T11:10:11.414+0000] {taskinstance.py:3482} INFO - 0 downstream tasks scheduled from follow-on schedule check
[2024-05-19T11:10:11.417+0000] {local_task_job_runner.py:222} INFO - ::endgroup::
