[2024-05-27T08:15:45.940+0000] {local_task_job_runner.py:120} INFO - ::group::Pre task execution logs
[2024-05-27T08:15:46.003+0000] {taskinstance.py:2073} INFO - Dependencies all met for dep_context=non-requeueable deps ti=<TaskInstance: fetch_parse_store_report_weather_data.send_report_to_telegram scheduled__2024-05-21T04:00:00+00:00 [queued]>
[2024-05-27T08:15:46.024+0000] {taskinstance.py:2073} INFO - Dependencies all met for dep_context=requeueable deps ti=<TaskInstance: fetch_parse_store_report_weather_data.send_report_to_telegram scheduled__2024-05-21T04:00:00+00:00 [queued]>
[2024-05-27T08:15:46.025+0000] {taskinstance.py:2303} INFO - Starting attempt 1 of 2
[2024-05-27T08:15:46.056+0000] {taskinstance.py:2327} INFO - Executing <Task(PythonOperator): send_report_to_telegram> on 2024-05-21 04:00:00+00:00
[2024-05-27T08:15:46.085+0000] {warnings.py:110} WARNING - /home/***/.local/lib/python3.12/site-packages/***/task/task_runner/standard_task_runner.py:61: DeprecationWarning: This process (pid=17089) is multi-threaded, use of fork() may lead to deadlocks in the child.
  pid = os.fork()

[2024-05-27T08:15:46.088+0000] {standard_task_runner.py:63} INFO - Started process 17242 to run task
[2024-05-27T08:15:46.089+0000] {standard_task_runner.py:90} INFO - Running: ['***', 'tasks', 'run', 'fetch_parse_store_report_weather_data', 'send_report_to_telegram', 'scheduled__2024-05-21T04:00:00+00:00', '--job-id', '11941', '--raw', '--subdir', 'DAGS_FOLDER/cris.py', '--cfg-path', '/tmp/tmpq085f47n']
[2024-05-27T08:15:46.092+0000] {standard_task_runner.py:91} INFO - Job 11941: Subtask send_report_to_telegram
[2024-05-27T08:15:46.245+0000] {task_command.py:426} INFO - Running <TaskInstance: fetch_parse_store_report_weather_data.send_report_to_telegram scheduled__2024-05-21T04:00:00+00:00 [running]> on host b151419bfa2a
[2024-05-27T08:15:46.480+0000] {taskinstance.py:2644} INFO - Exporting env vars: AIRFLOW_CTX_DAG_OWNER='***' AIRFLOW_CTX_DAG_ID='fetch_parse_store_report_weather_data' AIRFLOW_CTX_TASK_ID='send_report_to_telegram' AIRFLOW_CTX_EXECUTION_DATE='2024-05-21T04:00:00+00:00' AIRFLOW_CTX_TRY_NUMBER='1' AIRFLOW_CTX_DAG_RUN_ID='scheduled__2024-05-21T04:00:00+00:00'
[2024-05-27T08:15:46.483+0000] {taskinstance.py:430} INFO - ::endgroup::
[2024-05-27T08:15:46.484+0000] {logging_mixin.py:188} INFO - File /tmp/report.txt does not exist
[2024-05-27T08:15:46.485+0000] {logging_mixin.py:188} INFO - File /tmp/temperature_plot.png does not exist
[2024-05-27T08:15:46.486+0000] {logging_mixin.py:188} INFO - File /tmp/pressure_plot.png does not exist
[2024-05-27T08:15:46.487+0000] {python.py:237} INFO - Done. Returned value was: None
[2024-05-27T08:15:46.487+0000] {taskinstance.py:441} INFO - ::group::Post task execution logs
[2024-05-27T08:15:46.506+0000] {taskinstance.py:1205} INFO - Marking task as SUCCESS. dag_id=fetch_parse_store_report_weather_data, task_id=send_report_to_telegram, execution_date=20240521T040000, start_date=20240527T081546, end_date=20240527T081546
[2024-05-27T08:15:46.594+0000] {local_task_job_runner.py:240} INFO - Task exited with return code 0
[2024-05-27T08:15:46.619+0000] {taskinstance.py:3482} INFO - 0 downstream tasks scheduled from follow-on schedule check
[2024-05-27T08:15:46.622+0000] {local_task_job_runner.py:222} INFO - ::endgroup::
