[2024-05-25T13:09:12.785+0000] {local_task_job_runner.py:120} INFO - ::group::Pre task execution logs
[2024-05-25T13:09:12.819+0000] {taskinstance.py:2073} INFO - Dependencies all met for dep_context=non-requeueable deps ti=<TaskInstance: fetch_parse_store_report_forecast_weather_data.fetch_and_save_weather_data scheduled__2024-05-02T13:00:00+00:00 [queued]>
[2024-05-25T13:09:12.832+0000] {taskinstance.py:2073} INFO - Dependencies all met for dep_context=requeueable deps ti=<TaskInstance: fetch_parse_store_report_forecast_weather_data.fetch_and_save_weather_data scheduled__2024-05-02T13:00:00+00:00 [queued]>
[2024-05-25T13:09:12.833+0000] {taskinstance.py:2303} INFO - Starting attempt 1 of 2
[2024-05-25T13:09:12.851+0000] {taskinstance.py:2327} INFO - Executing <Task(PythonOperator): fetch_and_save_weather_data> on 2024-05-02 13:00:00+00:00
[2024-05-25T13:09:12.869+0000] {warnings.py:110} WARNING - /home/***/.local/lib/python3.12/site-packages/***/task/task_runner/standard_task_runner.py:61: DeprecationWarning: This process (pid=3846) is multi-threaded, use of fork() may lead to deadlocks in the child.
  pid = os.fork()

[2024-05-25T13:09:12.871+0000] {standard_task_runner.py:63} INFO - Started process 3944 to run task
[2024-05-25T13:09:12.871+0000] {standard_task_runner.py:90} INFO - Running: ['***', 'tasks', 'run', 'fetch_parse_store_report_forecast_weather_data', 'fetch_and_save_weather_data', 'scheduled__2024-05-02T13:00:00+00:00', '--job-id', '8361', '--raw', '--subdir', 'DAGS_FOLDER/cris.py', '--cfg-path', '/tmp/tmpo6qnsyzz']
[2024-05-25T13:09:12.873+0000] {standard_task_runner.py:91} INFO - Job 8361: Subtask fetch_and_save_weather_data
[2024-05-25T13:09:12.941+0000] {task_command.py:426} INFO - Running <TaskInstance: fetch_parse_store_report_forecast_weather_data.fetch_and_save_weather_data scheduled__2024-05-02T13:00:00+00:00 [running]> on host b151419bfa2a
[2024-05-25T13:09:13.058+0000] {taskinstance.py:2644} INFO - Exporting env vars: AIRFLOW_CTX_DAG_OWNER='***' AIRFLOW_CTX_DAG_ID='fetch_parse_store_report_forecast_weather_data' AIRFLOW_CTX_TASK_ID='fetch_and_save_weather_data' AIRFLOW_CTX_EXECUTION_DATE='2024-05-02T13:00:00+00:00' AIRFLOW_CTX_TRY_NUMBER='1' AIRFLOW_CTX_DAG_RUN_ID='scheduled__2024-05-02T13:00:00+00:00'
[2024-05-25T13:09:13.060+0000] {taskinstance.py:430} INFO - ::endgroup::
[2024-05-25T13:09:14.123+0000] {logging_mixin.py:188} INFO - Data has been successfully saved to the JSON file
[2024-05-25T13:09:14.124+0000] {python.py:237} INFO - Done. Returned value was: None
[2024-05-25T13:09:14.124+0000] {taskinstance.py:441} INFO - ::group::Post task execution logs
[2024-05-25T13:09:14.137+0000] {taskinstance.py:1205} INFO - Marking task as SUCCESS. dag_id=fetch_parse_store_report_forecast_weather_data, task_id=fetch_and_save_weather_data, execution_date=20240502T130000, start_date=20240525T130912, end_date=20240525T130914
[2024-05-25T13:09:14.209+0000] {local_task_job_runner.py:240} INFO - Task exited with return code 0
[2024-05-25T13:09:14.248+0000] {taskinstance.py:3482} INFO - 1 downstream tasks scheduled from follow-on schedule check
[2024-05-25T13:09:14.250+0000] {local_task_job_runner.py:222} INFO - ::endgroup::
