[2024-05-27T08:08:58.955+0000] {local_task_job_runner.py:120} INFO - ::group::Pre task execution logs
[2024-05-27T08:08:58.996+0000] {taskinstance.py:2073} INFO - Dependencies all met for dep_context=non-requeueable deps ti=<TaskInstance: fetch_parse_store_report_weather_data.generate_report scheduled__2024-05-18T16:00:00+00:00 [queued]>
[2024-05-27T08:08:59.015+0000] {taskinstance.py:2073} INFO - Dependencies all met for dep_context=requeueable deps ti=<TaskInstance: fetch_parse_store_report_weather_data.generate_report scheduled__2024-05-18T16:00:00+00:00 [queued]>
[2024-05-27T08:08:59.017+0000] {taskinstance.py:2303} INFO - Starting attempt 1 of 2
[2024-05-27T08:08:59.044+0000] {taskinstance.py:2327} INFO - Executing <Task(PythonOperator): generate_report> on 2024-05-18 16:00:00+00:00
[2024-05-27T08:08:59.068+0000] {warnings.py:110} WARNING - /home/***/.local/lib/python3.12/site-packages/***/task/task_runner/standard_task_runner.py:61: DeprecationWarning: This process (pid=13682) is multi-threaded, use of fork() may lead to deadlocks in the child.
  pid = os.fork()

[2024-05-27T08:08:59.071+0000] {standard_task_runner.py:90} INFO - Running: ['***', 'tasks', 'run', 'fetch_parse_store_report_weather_data', 'generate_report', 'scheduled__2024-05-18T16:00:00+00:00', '--job-id', '11723', '--raw', '--subdir', 'DAGS_FOLDER/cris.py', '--cfg-path', '/tmp/tmp3lqdwtvr']
[2024-05-27T08:08:59.072+0000] {standard_task_runner.py:63} INFO - Started process 13769 to run task
[2024-05-27T08:08:59.074+0000] {standard_task_runner.py:91} INFO - Job 11723: Subtask generate_report
[2024-05-27T08:08:59.158+0000] {task_command.py:426} INFO - Running <TaskInstance: fetch_parse_store_report_weather_data.generate_report scheduled__2024-05-18T16:00:00+00:00 [running]> on host b151419bfa2a
[2024-05-27T08:08:59.383+0000] {taskinstance.py:2644} INFO - Exporting env vars: AIRFLOW_CTX_DAG_OWNER='***' AIRFLOW_CTX_DAG_ID='fetch_parse_store_report_weather_data' AIRFLOW_CTX_TASK_ID='generate_report' AIRFLOW_CTX_EXECUTION_DATE='2024-05-18T16:00:00+00:00' AIRFLOW_CTX_TRY_NUMBER='1' AIRFLOW_CTX_DAG_RUN_ID='scheduled__2024-05-18T16:00:00+00:00'
[2024-05-27T08:08:59.385+0000] {taskinstance.py:430} INFO - ::endgroup::
[2024-05-27T08:08:59.409+0000] {base.py:84} INFO - Using connection ID 'postgres_default' for task execution.
[2024-05-27T08:08:59.420+0000] {logging_mixin.py:188} INFO - Error connecting to the database or fetching data: connection to server at "postgres" (172.21.0.4), port 5432 failed: FATAL:  database "weather_data" does not exist
[2024-05-27T08:08:59.424+0000] {python.py:237} INFO - Done. Returned value was: None
[2024-05-27T08:08:59.425+0000] {taskinstance.py:441} INFO - ::group::Post task execution logs
[2024-05-27T08:08:59.447+0000] {taskinstance.py:1205} INFO - Marking task as SUCCESS. dag_id=fetch_parse_store_report_weather_data, task_id=generate_report, execution_date=20240518T160000, start_date=20240527T080858, end_date=20240527T080859
[2024-05-27T08:08:59.536+0000] {local_task_job_runner.py:240} INFO - Task exited with return code 0
[2024-05-27T08:08:59.715+0000] {taskinstance.py:3482} INFO - 0 downstream tasks scheduled from follow-on schedule check
[2024-05-27T08:08:59.722+0000] {local_task_job_runner.py:222} INFO - ::endgroup::
