[2024-05-27T08:20:38.865+0000] {local_task_job_runner.py:120} INFO - ::group::Pre task execution logs
[2024-05-27T08:20:38.916+0000] {taskinstance.py:2073} INFO - Dependencies all met for dep_context=non-requeueable deps ti=<TaskInstance: fetch_parse_store_report_weather_data.send_report_to_telegram scheduled__2024-05-22T23:00:00+00:00 [queued]>
[2024-05-27T08:20:38.934+0000] {taskinstance.py:2073} INFO - Dependencies all met for dep_context=requeueable deps ti=<TaskInstance: fetch_parse_store_report_weather_data.send_report_to_telegram scheduled__2024-05-22T23:00:00+00:00 [queued]>
[2024-05-27T08:20:38.935+0000] {taskinstance.py:2303} INFO - Starting attempt 1 of 2
[2024-05-27T08:20:38.980+0000] {taskinstance.py:2327} INFO - Executing <Task(PythonOperator): send_report_to_telegram> on 2024-05-22 23:00:00+00:00
[2024-05-27T08:20:39.035+0000] {warnings.py:110} WARNING - /home/***/.local/lib/python3.12/site-packages/***/task/task_runner/standard_task_runner.py:61: DeprecationWarning: This process (pid=19878) is multi-threaded, use of fork() may lead to deadlocks in the child.
  pid = os.fork()

[2024-05-27T08:20:39.038+0000] {standard_task_runner.py:63} INFO - Started process 19956 to run task
[2024-05-27T08:20:39.031+0000] {standard_task_runner.py:90} INFO - Running: ['***', 'tasks', 'run', 'fetch_parse_store_report_weather_data', 'send_report_to_telegram', 'scheduled__2024-05-22T23:00:00+00:00', '--job-id', '12114', '--raw', '--subdir', 'DAGS_FOLDER/cris.py', '--cfg-path', '/tmp/tmp47_8zzcv']
[2024-05-27T08:20:39.044+0000] {standard_task_runner.py:91} INFO - Job 12114: Subtask send_report_to_telegram
[2024-05-27T08:20:39.207+0000] {task_command.py:426} INFO - Running <TaskInstance: fetch_parse_store_report_weather_data.send_report_to_telegram scheduled__2024-05-22T23:00:00+00:00 [running]> on host b151419bfa2a
[2024-05-27T08:20:39.370+0000] {taskinstance.py:2644} INFO - Exporting env vars: AIRFLOW_CTX_DAG_OWNER='***' AIRFLOW_CTX_DAG_ID='fetch_parse_store_report_weather_data' AIRFLOW_CTX_TASK_ID='send_report_to_telegram' AIRFLOW_CTX_EXECUTION_DATE='2024-05-22T23:00:00+00:00' AIRFLOW_CTX_TRY_NUMBER='1' AIRFLOW_CTX_DAG_RUN_ID='scheduled__2024-05-22T23:00:00+00:00'
[2024-05-27T08:20:39.373+0000] {taskinstance.py:430} INFO - ::endgroup::
[2024-05-27T08:20:39.375+0000] {logging_mixin.py:188} INFO - File /tmp/report.txt does not exist
[2024-05-27T08:20:39.376+0000] {logging_mixin.py:188} INFO - File /tmp/temperature_plot.png does not exist
[2024-05-27T08:20:39.376+0000] {logging_mixin.py:188} INFO - File /tmp/pressure_plot.png does not exist
[2024-05-27T08:20:39.377+0000] {python.py:237} INFO - Done. Returned value was: None
[2024-05-27T08:20:39.377+0000] {taskinstance.py:441} INFO - ::group::Post task execution logs
[2024-05-27T08:20:39.392+0000] {taskinstance.py:1205} INFO - Marking task as SUCCESS. dag_id=fetch_parse_store_report_weather_data, task_id=send_report_to_telegram, execution_date=20240522T230000, start_date=20240527T082038, end_date=20240527T082039
[2024-05-27T08:20:39.455+0000] {local_task_job_runner.py:240} INFO - Task exited with return code 0
[2024-05-27T08:20:39.490+0000] {taskinstance.py:3482} INFO - 0 downstream tasks scheduled from follow-on schedule check
[2024-05-27T08:20:39.493+0000] {local_task_job_runner.py:222} INFO - ::endgroup::
