[2024-05-19T12:58:19.107+0000] {local_task_job_runner.py:120} INFO - ::group::Pre task execution logs
[2024-05-19T12:58:19.141+0000] {taskinstance.py:2073} INFO - Dependencies all met for dep_context=non-requeueable deps ti=<TaskInstance: fetch_parse_store_report_weather_data.generate_report scheduled__2024-05-06T02:00:00+00:00 [queued]>
[2024-05-19T12:58:19.154+0000] {taskinstance.py:2073} INFO - Dependencies all met for dep_context=requeueable deps ti=<TaskInstance: fetch_parse_store_report_weather_data.generate_report scheduled__2024-05-06T02:00:00+00:00 [queued]>
[2024-05-19T12:58:19.155+0000] {taskinstance.py:2303} INFO - Starting attempt 1 of 2
[2024-05-19T12:58:19.176+0000] {taskinstance.py:2327} INFO - Executing <Task(PythonOperator): generate_report> on 2024-05-06 02:00:00+00:00
[2024-05-19T12:58:19.186+0000] {warnings.py:110} WARNING - /home/***/.local/lib/python3.12/site-packages/***/task/task_runner/standard_task_runner.py:61: DeprecationWarning: This process (pid=1859) is multi-threaded, use of fork() may lead to deadlocks in the child.
  pid = os.fork()

[2024-05-19T12:58:19.187+0000] {standard_task_runner.py:63} INFO - Started process 1872 to run task
[2024-05-19T12:58:19.188+0000] {standard_task_runner.py:90} INFO - Running: ['***', 'tasks', 'run', 'fetch_parse_store_report_weather_data', 'generate_report', 'scheduled__2024-05-06T02:00:00+00:00', '--job-id', '5695', '--raw', '--subdir', 'DAGS_FOLDER/cris.py', '--cfg-path', '/tmp/tmpor3izgvu']
[2024-05-19T12:58:19.189+0000] {standard_task_runner.py:91} INFO - Job 5695: Subtask generate_report
[2024-05-19T12:58:19.254+0000] {task_command.py:426} INFO - Running <TaskInstance: fetch_parse_store_report_weather_data.generate_report scheduled__2024-05-06T02:00:00+00:00 [running]> on host d2eb9883ca8d
[2024-05-19T12:58:19.664+0000] {taskinstance.py:2644} INFO - Exporting env vars: AIRFLOW_CTX_DAG_OWNER='***' AIRFLOW_CTX_DAG_ID='fetch_parse_store_report_weather_data' AIRFLOW_CTX_TASK_ID='generate_report' AIRFLOW_CTX_EXECUTION_DATE='2024-05-06T02:00:00+00:00' AIRFLOW_CTX_TRY_NUMBER='1' AIRFLOW_CTX_DAG_RUN_ID='scheduled__2024-05-06T02:00:00+00:00'
[2024-05-19T12:58:19.666+0000] {taskinstance.py:430} INFO - ::endgroup::
[2024-05-19T12:58:19.677+0000] {base.py:84} INFO - Using connection ID 'postgres_default' for task execution.
[2024-05-19T12:58:19.681+0000] {logging_mixin.py:188} INFO - Error connecting to the database or fetching data: connection to server at "postgres" (172.18.0.5), port 5432 failed: FATAL:  database "weather_data" does not exist
[2024-05-19T12:58:19.682+0000] {python.py:237} INFO - Done. Returned value was: None
[2024-05-19T12:58:19.682+0000] {taskinstance.py:441} INFO - ::group::Post task execution logs
[2024-05-19T12:58:19.694+0000] {taskinstance.py:1205} INFO - Marking task as SUCCESS. dag_id=fetch_parse_store_report_weather_data, task_id=generate_report, execution_date=20240506T020000, start_date=20240519T125819, end_date=20240519T125819
[2024-05-19T12:58:19.764+0000] {local_task_job_runner.py:240} INFO - Task exited with return code 0
[2024-05-19T12:58:19.785+0000] {taskinstance.py:3482} INFO - 1 downstream tasks scheduled from follow-on schedule check
[2024-05-19T12:58:19.787+0000] {local_task_job_runner.py:222} INFO - ::endgroup::
