[2024-05-27T07:56:13.774+0000] {local_task_job_runner.py:120} INFO - ::group::Pre task execution logs
[2024-05-27T07:56:13.832+0000] {taskinstance.py:2073} INFO - Dependencies all met for dep_context=non-requeueable deps ti=<TaskInstance: fetch_parse_store_report_weather_data.fetch_and_save_weather_data scheduled__2024-05-13T20:00:00+00:00 [queued]>
[2024-05-27T07:56:13.857+0000] {taskinstance.py:2073} INFO - Dependencies all met for dep_context=requeueable deps ti=<TaskInstance: fetch_parse_store_report_weather_data.fetch_and_save_weather_data scheduled__2024-05-13T20:00:00+00:00 [queued]>
[2024-05-27T07:56:13.860+0000] {taskinstance.py:2303} INFO - Starting attempt 1 of 2
[2024-05-27T07:56:13.906+0000] {taskinstance.py:2327} INFO - Executing <Task(PythonOperator): fetch_and_save_weather_data> on 2024-05-13 20:00:00+00:00
[2024-05-27T07:56:13.938+0000] {warnings.py:110} WARNING - /home/***/.local/lib/python3.12/site-packages/***/task/task_runner/standard_task_runner.py:61: DeprecationWarning: This process (pid=6183) is multi-threaded, use of fork() may lead to deadlocks in the child.
  pid = os.fork()

[2024-05-27T07:56:13.940+0000] {standard_task_runner.py:63} INFO - Started process 6348 to run task
[2024-05-27T07:56:13.945+0000] {standard_task_runner.py:90} INFO - Running: ['***', 'tasks', 'run', 'fetch_parse_store_report_weather_data', 'fetch_and_save_weather_data', 'scheduled__2024-05-13T20:00:00+00:00', '--job-id', '11243', '--raw', '--subdir', 'DAGS_FOLDER/cris.py', '--cfg-path', '/tmp/tmptrxdzygj']
[2024-05-27T07:56:13.948+0000] {standard_task_runner.py:91} INFO - Job 11243: Subtask fetch_and_save_weather_data
[2024-05-27T07:56:14.132+0000] {task_command.py:426} INFO - Running <TaskInstance: fetch_parse_store_report_weather_data.fetch_and_save_weather_data scheduled__2024-05-13T20:00:00+00:00 [running]> on host b151419bfa2a
[2024-05-27T07:56:14.451+0000] {taskinstance.py:2644} INFO - Exporting env vars: AIRFLOW_CTX_DAG_OWNER='***' AIRFLOW_CTX_DAG_ID='fetch_parse_store_report_weather_data' AIRFLOW_CTX_TASK_ID='fetch_and_save_weather_data' AIRFLOW_CTX_EXECUTION_DATE='2024-05-13T20:00:00+00:00' AIRFLOW_CTX_TRY_NUMBER='1' AIRFLOW_CTX_DAG_RUN_ID='scheduled__2024-05-13T20:00:00+00:00'
[2024-05-27T07:56:14.454+0000] {taskinstance.py:430} INFO - ::endgroup::
[2024-05-27T07:56:17.262+0000] {logging_mixin.py:188} INFO - Data has been successfully saved to the JSON file
[2024-05-27T07:56:17.268+0000] {python.py:237} INFO - Done. Returned value was: None
[2024-05-27T07:56:17.270+0000] {taskinstance.py:441} INFO - ::group::Post task execution logs
[2024-05-27T07:56:17.289+0000] {taskinstance.py:1205} INFO - Marking task as SUCCESS. dag_id=fetch_parse_store_report_weather_data, task_id=fetch_and_save_weather_data, execution_date=20240513T200000, start_date=20240527T075613, end_date=20240527T075617
[2024-05-27T07:56:17.638+0000] {local_task_job_runner.py:240} INFO - Task exited with return code 0
[2024-05-27T07:56:17.691+0000] {taskinstance.py:3482} INFO - 1 downstream tasks scheduled from follow-on schedule check
[2024-05-27T07:56:17.694+0000] {local_task_job_runner.py:222} INFO - ::endgroup::
