[2024-04-15T02:06:09.133+0000] {local_task_job_runner.py:120} INFO - ::group::Pre task execution logs
[2024-04-15T02:06:09.200+0000] {taskinstance.py:2073} INFO - Dependencies all met for dep_context=non-requeueable deps ti=<TaskInstance: fetch_and_parse_weather_data.fetch_and_save_weather_data scheduled__2024-04-12T20:00:00+00:00 [queued]>
[2024-04-15T02:06:09.229+0000] {taskinstance.py:2073} INFO - Dependencies all met for dep_context=requeueable deps ti=<TaskInstance: fetch_and_parse_weather_data.fetch_and_save_weather_data scheduled__2024-04-12T20:00:00+00:00 [queued]>
[2024-04-15T02:06:09.234+0000] {taskinstance.py:2303} INFO - Starting attempt 1 of 2
[2024-04-15T02:06:09.283+0000] {taskinstance.py:2327} INFO - Executing <Task(PythonOperator): fetch_and_save_weather_data> on 2024-04-12 20:00:00+00:00
[2024-04-15T02:06:09.293+0000] {warnings.py:110} WARNING - /home/***/.local/lib/python3.12/site-packages/***/task/task_runner/standard_task_runner.py:61: DeprecationWarning: This process (pid=272) is multi-threaded, use of fork() may lead to deadlocks in the child.
  pid = os.fork()

[2024-04-15T02:06:09.295+0000] {standard_task_runner.py:63} INFO - Started process 295 to run task
[2024-04-15T02:06:09.300+0000] {standard_task_runner.py:90} INFO - Running: ['***', 'tasks', 'run', 'fetch_and_parse_weather_data', 'fetch_and_save_weather_data', 'scheduled__2024-04-12T20:00:00+00:00', '--job-id', '46', '--raw', '--subdir', 'DAGS_FOLDER/json_dag.py', '--cfg-path', '/tmp/tmprcyo6yo8']
[2024-04-15T02:06:09.306+0000] {standard_task_runner.py:91} INFO - Job 46: Subtask fetch_and_save_weather_data
[2024-04-15T02:06:09.386+0000] {task_command.py:426} INFO - Running <TaskInstance: fetch_and_parse_weather_data.fetch_and_save_weather_data scheduled__2024-04-12T20:00:00+00:00 [running]> on host 2c3c8df482d9
[2024-04-15T02:06:09.548+0000] {taskinstance.py:2644} INFO - Exporting env vars: AIRFLOW_CTX_DAG_OWNER='***' AIRFLOW_CTX_DAG_ID='fetch_and_parse_weather_data' AIRFLOW_CTX_TASK_ID='fetch_and_save_weather_data' AIRFLOW_CTX_EXECUTION_DATE='2024-04-12T20:00:00+00:00' AIRFLOW_CTX_TRY_NUMBER='1' AIRFLOW_CTX_DAG_RUN_ID='scheduled__2024-04-12T20:00:00+00:00'
[2024-04-15T02:06:09.553+0000] {taskinstance.py:430} INFO - ::endgroup::
[2024-04-15T02:06:10.802+0000] {taskinstance.py:441} INFO - ::group::Post task execution logs
[2024-04-15T02:06:10.803+0000] {taskinstance.py:2890} ERROR - Task failed with exception
Traceback (most recent call last):
  File "/home/airflow/.local/lib/python3.12/site-packages/airflow/models/taskinstance.py", line 465, in _execute_task
    result = _execute_callable(context=context, **execute_callable_kwargs)
             ^^^^^^^^^^^^^^^^^^^^^^^^^^^^^^^^^^^^^^^^^^^^^^^^^^^^^^^^^^^^^
  File "/home/airflow/.local/lib/python3.12/site-packages/airflow/models/taskinstance.py", line 432, in _execute_callable
    return execute_callable(context=context, **execute_callable_kwargs)
           ^^^^^^^^^^^^^^^^^^^^^^^^^^^^^^^^^^^^^^^^^^^^^^^^^^^^^^^^^^^^
  File "/home/airflow/.local/lib/python3.12/site-packages/airflow/models/baseoperator.py", line 400, in wrapper
    return func(self, *args, **kwargs)
           ^^^^^^^^^^^^^^^^^^^^^^^^^^^
  File "/home/airflow/.local/lib/python3.12/site-packages/airflow/operators/python.py", line 235, in execute
    return_value = self.execute_callable()
                   ^^^^^^^^^^^^^^^^^^^^^^^
  File "/home/airflow/.local/lib/python3.12/site-packages/airflow/operators/python.py", line 252, in execute_callable
    return self.python_callable(*self.op_args, **self.op_kwargs)
           ^^^^^^^^^^^^^^^^^^^^^^^^^^^^^^^^^^^^^^^^^^^^^^^^^^^^^
  File "/opt/airflow/dags/json_dag.py", line 24, in fetch_and_save_weather_data
    with open('C://Users/YtkaB/AppData/Roaming/JetBrains/PyCharm2024.1/scratches/output.json', 'w') as f:
         ^^^^^^^^^^^^^^^^^^^^^^^^^^^^^^^^^^^^^^^^^^^^^^^^^^^^^^^^^^^^^^^^^^^^^^^^^^^^^^^^^^^^^^^^^^
FileNotFoundError: [Errno 2] No such file or directory: 'C://Users/YtkaB/AppData/Roaming/JetBrains/PyCharm2024.1/scratches/output.json'
[2024-04-15T02:06:10.823+0000] {taskinstance.py:1205} INFO - Marking task as UP_FOR_RETRY. dag_id=fetch_and_parse_weather_data, task_id=fetch_and_save_weather_data, execution_date=20240412T200000, start_date=20240415T020609, end_date=20240415T020610
[2024-04-15T02:06:11.002+0000] {standard_task_runner.py:110} ERROR - Failed to execute job 46 for task fetch_and_save_weather_data ([Errno 2] No such file or directory: 'C://Users/YtkaB/AppData/Roaming/JetBrains/PyCharm2024.1/scratches/output.json'; 295)
[2024-04-15T02:06:11.045+0000] {local_task_job_runner.py:240} INFO - Task exited with return code 1
[2024-04-15T02:06:11.072+0000] {taskinstance.py:3482} INFO - 0 downstream tasks scheduled from follow-on schedule check
[2024-04-15T02:06:11.083+0000] {local_task_job_runner.py:222} INFO - ::endgroup::
[2024-04-16T01:26:22.002+0000] {local_task_job_runner.py:120} INFO - ::group::Pre task execution logs
[2024-04-16T01:26:22.051+0000] {taskinstance.py:2073} INFO - Dependencies all met for dep_context=non-requeueable deps ti=<TaskInstance: fetch_and_parse_weather_data.fetch_and_save_weather_data scheduled__2024-04-12T20:00:00+00:00 [queued]>
[2024-04-16T01:26:22.069+0000] {taskinstance.py:2073} INFO - Dependencies all met for dep_context=requeueable deps ti=<TaskInstance: fetch_and_parse_weather_data.fetch_and_save_weather_data scheduled__2024-04-12T20:00:00+00:00 [queued]>
[2024-04-16T01:26:22.070+0000] {taskinstance.py:2303} INFO - Starting attempt 1 of 2
[2024-04-16T01:26:22.097+0000] {taskinstance.py:2327} INFO - Executing <Task(PythonOperator): fetch_and_save_weather_data> on 2024-04-12 20:00:00+00:00
[2024-04-16T01:26:22.108+0000] {warnings.py:110} WARNING - /home/***/.local/lib/python3.12/site-packages/***/task/task_runner/standard_task_runner.py:61: DeprecationWarning: This process (pid=147) is multi-threaded, use of fork() may lead to deadlocks in the child.
  pid = os.fork()

[2024-04-16T01:26:22.112+0000] {standard_task_runner.py:63} INFO - Started process 186 to run task
[2024-04-16T01:26:22.110+0000] {standard_task_runner.py:90} INFO - Running: ['***', 'tasks', 'run', 'fetch_and_parse_weather_data', 'fetch_and_save_weather_data', 'scheduled__2024-04-12T20:00:00+00:00', '--job-id', '31', '--raw', '--subdir', 'DAGS_FOLDER/json_dag.py', '--cfg-path', '/tmp/tmpy40dacm3']
[2024-04-16T01:26:22.114+0000] {standard_task_runner.py:91} INFO - Job 31: Subtask fetch_and_save_weather_data
[2024-04-16T01:26:22.187+0000] {task_command.py:426} INFO - Running <TaskInstance: fetch_and_parse_weather_data.fetch_and_save_weather_data scheduled__2024-04-12T20:00:00+00:00 [running]> on host e8691f41e037
[2024-04-16T01:26:22.342+0000] {taskinstance.py:2644} INFO - Exporting env vars: AIRFLOW_CTX_DAG_OWNER='***' AIRFLOW_CTX_DAG_ID='fetch_and_parse_weather_data' AIRFLOW_CTX_TASK_ID='fetch_and_save_weather_data' AIRFLOW_CTX_EXECUTION_DATE='2024-04-12T20:00:00+00:00' AIRFLOW_CTX_TRY_NUMBER='1' AIRFLOW_CTX_DAG_RUN_ID='scheduled__2024-04-12T20:00:00+00:00'
[2024-04-16T01:26:22.346+0000] {taskinstance.py:430} INFO - ::endgroup::
[2024-04-16T01:26:24.677+0000] {logging_mixin.py:188} INFO - Data has been successfully saved to the JSON file
[2024-04-16T01:26:24.678+0000] {python.py:237} INFO - Done. Returned value was: None
[2024-04-16T01:26:24.681+0000] {taskinstance.py:441} INFO - ::group::Post task execution logs
[2024-04-16T01:26:24.702+0000] {taskinstance.py:1205} INFO - Marking task as SUCCESS. dag_id=fetch_and_parse_weather_data, task_id=fetch_and_save_weather_data, execution_date=20240412T200000, start_date=20240416T012622, end_date=20240416T012624
[2024-04-16T01:26:24.902+0000] {local_task_job_runner.py:240} INFO - Task exited with return code 0
[2024-04-16T01:26:24.938+0000] {taskinstance.py:3482} INFO - 0 downstream tasks scheduled from follow-on schedule check
[2024-04-16T01:26:24.941+0000] {local_task_job_runner.py:222} INFO - ::endgroup::
