[2024-05-29T02:48:48.882+0000] {local_task_job_runner.py:120} INFO - ::group::Pre task execution logs
[2024-05-29T02:48:48.905+0000] {taskinstance.py:2073} INFO - Dependencies all met for dep_context=non-requeueable deps ti=<TaskInstance: fetch_parse_store_report_weather_data.fetch_and_save_weather_data manual__2024-05-29T02:48:42.745329+00:00 [queued]>
[2024-05-29T02:48:48.912+0000] {taskinstance.py:2073} INFO - Dependencies all met for dep_context=requeueable deps ti=<TaskInstance: fetch_parse_store_report_weather_data.fetch_and_save_weather_data manual__2024-05-29T02:48:42.745329+00:00 [queued]>
[2024-05-29T02:48:48.912+0000] {taskinstance.py:2303} INFO - Starting attempt 1 of 2
[2024-05-29T02:48:48.927+0000] {taskinstance.py:2327} INFO - Executing <Task(PythonOperator): fetch_and_save_weather_data> on 2024-05-29 02:48:42.745329+00:00
[2024-05-29T02:48:48.941+0000] {standard_task_runner.py:90} INFO - Running: ['***', 'tasks', 'run', 'fetch_parse_store_report_weather_data', 'fetch_and_save_weather_data', 'manual__2024-05-29T02:48:42.745329+00:00', '--job-id', '12800', '--raw', '--subdir', 'DAGS_FOLDER/cris.py', '--cfg-path', '/tmp/tmpytn2ghp6']
[2024-05-29T02:48:48.940+0000] {warnings.py:110} WARNING - /home/***/.local/lib/python3.12/site-packages/***/task/task_runner/standard_task_runner.py:61: DeprecationWarning: This process (pid=328) is multi-threaded, use of fork() may lead to deadlocks in the child.
  pid = os.fork()

[2024-05-29T02:48:48.942+0000] {standard_task_runner.py:91} INFO - Job 12800: Subtask fetch_and_save_weather_data
[2024-05-29T02:48:48.942+0000] {standard_task_runner.py:63} INFO - Started process 342 to run task
[2024-05-29T02:48:48.989+0000] {task_command.py:426} INFO - Running <TaskInstance: fetch_parse_store_report_weather_data.fetch_and_save_weather_data manual__2024-05-29T02:48:42.745329+00:00 [running]> on host b151419bfa2a
[2024-05-29T02:48:49.090+0000] {taskinstance.py:2644} INFO - Exporting env vars: AIRFLOW_CTX_DAG_OWNER='***' AIRFLOW_CTX_DAG_ID='fetch_parse_store_report_weather_data' AIRFLOW_CTX_TASK_ID='fetch_and_save_weather_data' AIRFLOW_CTX_EXECUTION_DATE='2024-05-29T02:48:42.745329+00:00' AIRFLOW_CTX_TRY_NUMBER='1' AIRFLOW_CTX_DAG_RUN_ID='manual__2024-05-29T02:48:42.745329+00:00'
[2024-05-29T02:48:49.091+0000] {taskinstance.py:430} INFO - ::endgroup::
[2024-05-29T02:48:53.032+0000] {logging_mixin.py:188} INFO - Data has been successfully saved to the JSON file
[2024-05-29T02:48:53.033+0000] {python.py:237} INFO - Done. Returned value was: None
[2024-05-29T02:48:53.034+0000] {taskinstance.py:441} INFO - ::group::Post task execution logs
[2024-05-29T02:48:53.043+0000] {taskinstance.py:1205} INFO - Marking task as SUCCESS. dag_id=fetch_parse_store_report_weather_data, task_id=fetch_and_save_weather_data, execution_date=20240529T024842, start_date=20240529T024848, end_date=20240529T024853
[2024-05-29T02:48:53.091+0000] {local_task_job_runner.py:240} INFO - Task exited with return code 0
[2024-05-29T02:48:53.117+0000] {taskinstance.py:3482} INFO - 1 downstream tasks scheduled from follow-on schedule check
[2024-05-29T02:48:53.119+0000] {local_task_job_runner.py:222} INFO - ::endgroup::
