[2024-05-03T02:10:38.724+0000] {local_task_job_runner.py:120} INFO - ::group::Pre task execution logs
[2024-05-03T02:10:38.801+0000] {taskinstance.py:2073} INFO - Dependencies all met for dep_context=non-requeueable deps ti=<TaskInstance: fetch_and_parse_weather_data.fetch_and_save_weather_data scheduled__2024-04-24T16:00:00+00:00 [queued]>
[2024-05-03T02:10:38.828+0000] {taskinstance.py:2073} INFO - Dependencies all met for dep_context=requeueable deps ti=<TaskInstance: fetch_and_parse_weather_data.fetch_and_save_weather_data scheduled__2024-04-24T16:00:00+00:00 [queued]>
[2024-05-03T02:10:38.832+0000] {taskinstance.py:2303} INFO - Starting attempt 1 of 2
[2024-05-03T02:10:38.887+0000] {taskinstance.py:2327} INFO - Executing <Task(PythonOperator): fetch_and_save_weather_data> on 2024-04-24 16:00:00+00:00
[2024-05-03T02:10:38.905+0000] {warnings.py:110} WARNING - /home/***/.local/lib/python3.12/site-packages/***/task/task_runner/standard_task_runner.py:61: DeprecationWarning: This process (pid=676) is multi-threaded, use of fork() may lead to deadlocks in the child.
  pid = os.fork()

[2024-05-03T02:10:38.909+0000] {standard_task_runner.py:90} INFO - Running: ['***', 'tasks', 'run', 'fetch_and_parse_weather_data', 'fetch_and_save_weather_data', 'scheduled__2024-04-24T16:00:00+00:00', '--job-id', '326', '--raw', '--subdir', 'DAGS_FOLDER/json_dag.py', '--cfg-path', '/tmp/tmppcndw20s']
[2024-05-03T02:10:38.915+0000] {standard_task_runner.py:91} INFO - Job 326: Subtask fetch_and_save_weather_data
[2024-05-03T02:10:38.915+0000] {standard_task_runner.py:63} INFO - Started process 702 to run task
[2024-05-03T02:10:39.046+0000] {task_command.py:426} INFO - Running <TaskInstance: fetch_and_parse_weather_data.fetch_and_save_weather_data scheduled__2024-04-24T16:00:00+00:00 [running]> on host e8691f41e037
[2024-05-03T02:10:39.312+0000] {taskinstance.py:2644} INFO - Exporting env vars: AIRFLOW_CTX_DAG_OWNER='***' AIRFLOW_CTX_DAG_ID='fetch_and_parse_weather_data' AIRFLOW_CTX_TASK_ID='fetch_and_save_weather_data' AIRFLOW_CTX_EXECUTION_DATE='2024-04-24T16:00:00+00:00' AIRFLOW_CTX_TRY_NUMBER='1' AIRFLOW_CTX_DAG_RUN_ID='scheduled__2024-04-24T16:00:00+00:00'
[2024-05-03T02:10:39.318+0000] {taskinstance.py:430} INFO - ::endgroup::
[2024-05-03T02:10:50.467+0000] {logging_mixin.py:188} INFO - Data has been successfully saved to the JSON file
[2024-05-03T02:10:50.468+0000] {python.py:237} INFO - Done. Returned value was: None
[2024-05-03T02:10:50.470+0000] {taskinstance.py:441} INFO - ::group::Post task execution logs
[2024-05-03T02:10:50.485+0000] {taskinstance.py:1205} INFO - Marking task as SUCCESS. dag_id=fetch_and_parse_weather_data, task_id=fetch_and_save_weather_data, execution_date=20240424T160000, start_date=20240503T021038, end_date=20240503T021050
[2024-05-03T02:10:50.568+0000] {local_task_job_runner.py:240} INFO - Task exited with return code 0
[2024-05-03T02:10:50.619+0000] {taskinstance.py:3482} INFO - 0 downstream tasks scheduled from follow-on schedule check
[2024-05-03T02:10:50.628+0000] {local_task_job_runner.py:222} INFO - ::endgroup::
